10.03.2023 - 13:43:35 - [TAB v3.2.4] Something just tried to add player Michael into team Michael (expected team: 0MichaelA)
10.03.2023 - 13:43:54 - [TAB v3.2.4] Something just tried to add player 808 into team 808 (expected team: 7808A)
10.03.2023 - 13:43:54 - [TAB v3.2.4] Something just tried to add player Michael into team Michael (expected team: 0MichaelA)
10.03.2023 - 13:47:21 - [TAB v3.2.4] Something just tried to add player 808 into team 808 (expected team: 7808A)
10.03.2023 - 13:47:21 - [TAB v3.2.4] Something just tried to add player Michael into team Michael (expected team: 0MichaelA)
10.03.2023 - 13:49:06 - [TAB v3.2.4] Something just tried to add player 808 into team 808 (expected team: 7808A)
10.03.2023 - 13:49:06 - [TAB v3.2.4] Something just tried to add player Michael into team Michael (expected team: 0MichaelA)
10.03.2023 - 13:50:24 - [TAB v3.2.4] Something just tried to add player 808 into team 808 (expected team: 7808A)
10.03.2023 - 13:59:32 - [TAB v3.2.4] Something just tried to add player Bimtherobot into team Bimtherobot (expected team: 6BimtherobotA)
10.03.2023 - 13:59:32 - [TAB v3.2.4] Something just tried to add player 808 into team 808 (expected team: 7808A)
10.03.2023 - 14:00:27 - [TAB v3.2.4] Something just tried to add player Bimtherobot into team Bimtherobot (expected team: 6BimtherobotA)
10.03.2023 - 14:01:15 - [TAB v3.2.4] Something just tried to add player 808 into team 808 (expected team: 7808A)
10.03.2023 - 14:01:15 - [TAB v3.2.4] Something just tried to add player Bimtherobot into team Bimtherobot (expected team: 6BimtherobotA)
10.03.2023 - 14:01:21 - [TAB v3.2.4] Something just tried to add player 808 into team 808 (expected team: 7808A)
10.03.2023 - 14:01:21 - [TAB v3.2.4] Something just tried to add player Bimtherobot into team Bimtherobot (expected team: 6BimtherobotA)
10.03.2023 - 14:02:09 - [TAB v3.2.4] Something just tried to add player deathisupon into team deathisupon (expected team: 6deathisuponA)
10.03.2023 - 14:02:09 - [TAB v3.2.4] Something just tried to add player Bimtherobot into team Bimtherobot (expected team: 6BimtherobotA)
10.03.2023 - 14:02:09 - [TAB v3.2.4] Something just tried to add player 808 into team 808 (expected team: 7808A)
10.03.2023 - 14:02:36 - [TAB v3.2.4] Something just tried to add player Bimtherobot into team Bimtherobot (expected team: 6BimtherobotA)
10.03.2023 - 14:02:36 - [TAB v3.2.4] Something just tried to add player deathisupon into team deathisupon (expected team: 6deathisuponA)
10.03.2023 - 14:03:12 - [TAB v3.2.4] Something just tried to add player 808 into team 808 (expected team: 7808A)
10.03.2023 - 14:03:12 - [TAB v3.2.4] Something just tried to add player Bimtherobot into team Bimtherobot (expected team: 6BimtherobotA)
10.03.2023 - 14:03:12 - [TAB v3.2.4] Something just tried to add player deathisupon into team deathisupon (expected team: 6deathisuponA)
10.03.2023 - 14:03:45 - [TAB v3.2.4] Something just tried to add player 808 into team 808 (expected team: 7808A)
10.03.2023 - 14:03:45 - [TAB v3.2.4] Something just tried to add player Bimtherobot into team Bimtherobot (expected team: 6BimtherobotA)
10.03.2023 - 14:03:45 - [TAB v3.2.4] Something just tried to add player deathisupon into team deathisupon (expected team: 6deathisuponA)
10.03.2023 - 14:04:03 - [TAB v3.2.4] Something just tried to add player 808 into team 808 (expected team: 7808A)
10.03.2023 - 14:04:03 - [TAB v3.2.4] Something just tried to add player Bimtherobot into team Bimtherobot (expected team: 6BimtherobotA)
10.03.2023 - 14:04:03 - [TAB v3.2.4] Something just tried to add player deathisupon into team deathisupon (expected team: 6deathisuponA)
10.03.2023 - 14:05:40 - [TAB v3.2.4] Something just tried to add player 808 into team 808 (expected team: 7808A)
10.03.2023 - 14:05:40 - [TAB v3.2.4] Something just tried to add player Bimtherobot into team Bimtherobot (expected team: 6BimtherobotA)
10.03.2023 - 14:05:40 - [TAB v3.2.4] Something just tried to add player deathisupon into team deathisupon (expected team: 6deathisuponA)
10.03.2023 - 14:06:55 - [TAB v3.2.4] Something just tried to add player 808 into team 808 (expected team: 7808A)
10.03.2023 - 14:06:55 - [TAB v3.2.4] Something just tried to add player Bimtherobot into team Bimtherobot (expected team: 6BimtherobotA)
10.03.2023 - 14:06:55 - [TAB v3.2.4] Something just tried to add player deathisupon into team deathisupon (expected team: 6deathisuponA)
10.03.2023 - 14:07:37 - [TAB v3.2.4] Something just tried to add player 808 into team 808 (expected team: 7808A)
10.03.2023 - 14:07:37 - [TAB v3.2.4] Something just tried to add player Bimtherobot into team Bimtherobot (expected team: 6BimtherobotA)
10.03.2023 - 14:07:37 - [TAB v3.2.4] Something just tried to add player deathisupon into team deathisupon (expected team: 6deathisuponA)
10.03.2023 - 14:08:21 - [TAB v3.2.4] Something just tried to add player 808 into team 808 (expected team: 7808A)
10.03.2023 - 14:08:21 - [TAB v3.2.4] Something just tried to add player Bimtherobot into team Bimtherobot (expected team: 6BimtherobotA)
10.03.2023 - 14:08:21 - [TAB v3.2.4] Something just tried to add player deathisupon into team deathisupon (expected team: 6deathisuponA)
10.03.2023 - 14:08:40 - [TAB v3.2.4] Something just tried to add player JustShockz into team JustShockz (expected team: 6JustShockzA)
10.03.2023 - 14:08:40 - [TAB v3.2.4] Something just tried to add player Bimtherobot into team Bimtherobot (expected team: 6BimtherobotA)
10.03.2023 - 14:08:40 - [TAB v3.2.4] Something just tried to add player deathisupon into team deathisupon (expected team: 6deathisuponA)
10.03.2023 - 14:08:40 - [TAB v3.2.4] Something just tried to add player 808 into team 808 (expected team: 7808A)
10.03.2023 - 14:09:04 - [TAB v3.2.4] Something just tried to add player Bimtherobot into team Bimtherobot (expected team: 6BimtherobotA)
10.03.2023 - 14:09:04 - [TAB v3.2.4] Something just tried to add player deathisupon into team deathisupon (expected team: 6deathisuponA)
10.03.2023 - 14:09:04 - [TAB v3.2.4] Something just tried to add player JustShockz into team JustShockz (expected team: 6JustShockzA)
10.03.2023 - 14:10:25 - [TAB v3.2.4] Something just tried to add player 808 into team 808 (expected team: 7808A)
10.03.2023 - 14:10:25 - [TAB v3.2.4] Something just tried to add player Bimtherobot into team Bimtherobot (expected team: 6BimtherobotA)
10.03.2023 - 14:10:25 - [TAB v3.2.4] Something just tried to add player deathisupon into team deathisupon (expected team: 6deathisuponA)
10.03.2023 - 14:10:25 - [TAB v3.2.4] Something just tried to add player JustShockz into team JustShockz (expected team: 6JustShockzA)
10.03.2023 - 14:12:27 - [TAB v3.2.4] Something just tried to add player Opfire into team Opfire (expected team: 6OpfireA)
10.03.2023 - 14:12:27 - [TAB v3.2.4] Something just tried to add player 808 into team 808 (expected team: 7808A)
10.03.2023 - 14:12:27 - [TAB v3.2.4] Something just tried to add player Bimtherobot into team Bimtherobot (expected team: 6BimtherobotA)
10.03.2023 - 14:12:27 - [TAB v3.2.4] Something just tried to add player deathisupon into team deathisupon (expected team: 6deathisuponA)
10.03.2023 - 14:12:27 - [TAB v3.2.4] Something just tried to add player JustShockz into team JustShockz (expected team: 6JustShockzA)
10.03.2023 - 14:12:27 - [TAB v3.2.4] Something just tried to add player Opfire into team Opfire (expected team: 6OpfireA)
10.03.2023 - 14:12:27 - [TAB v3.2.4] Something just tried to add player Bimtherobot into team Bimtherobot (expected team: 6BimtherobotA)
10.03.2023 - 14:12:27 - [TAB v3.2.4] Something just tried to add player deathisupon into team deathisupon (expected team: 6deathisuponA)
10.03.2023 - 14:12:27 - [TAB v3.2.4] Something just tried to add player 808 into team 808 (expected team: 7808A)
10.03.2023 - 14:12:27 - [TAB v3.2.4] Something just tried to add player JustShockz into team JustShockz (expected team: 6JustShockzA)
10.03.2023 - 14:12:29 - [TAB v3.2.4] Something just tried to add player John into team John (expected team: 6JohnA)
10.03.2023 - 14:12:29 - [TAB v3.2.4] Something just tried to add player Bimtherobot into team Bimtherobot (expected team: 6BimtherobotA)
10.03.2023 - 14:12:29 - [TAB v3.2.4] Something just tried to add player deathisupon into team deathisupon (expected team: 6deathisuponA)
10.03.2023 - 14:12:29 - [TAB v3.2.4] Something just tried to add player 808 into team 808 (expected team: 7808A)
10.03.2023 - 14:12:29 - [TAB v3.2.4] Something just tried to add player JustShockz into team JustShockz (expected team: 6JustShockzA)
10.03.2023 - 14:12:29 - [TAB v3.2.4] Something just tried to add player Opfire into team Opfire (expected team: 6OpfireA)
10.03.2023 - 14:12:34 - [TAB v3.2.4] Something just tried to add player Michael into team Michael (expected team: 0MichaelA)
10.03.2023 - 14:12:34 - [TAB v3.2.4] Something just tried to add player Bimtherobot into team Bimtherobot (expected team: 6BimtherobotA)
10.03.2023 - 14:12:34 - [TAB v3.2.4] Something just tried to add player deathisupon into team deathisupon (expected team: 6deathisuponA)
10.03.2023 - 14:12:34 - [TAB v3.2.4] Something just tried to add player 808 into team 808 (expected team: 7808A)
10.03.2023 - 14:12:34 - [TAB v3.2.4] Something just tried to add player JustShockz into team JustShockz (expected team: 6JustShockzA)
10.03.2023 - 14:12:34 - [TAB v3.2.4] Something just tried to add player Opfire into team Opfire (expected team: 6OpfireA)
10.03.2023 - 14:12:34 - [TAB v3.2.4] Something just tried to add player John into team John (expected team: 6JohnA)
10.03.2023 - 14:13:20 - [TAB v3.2.4] Something just tried to add player 808 into team 808 (expected team: 7808A)
10.03.2023 - 14:13:20 - [TAB v3.2.4] Something just tried to add player Bimtherobot into team Bimtherobot (expected team: 6BimtherobotA)
10.03.2023 - 14:13:20 - [TAB v3.2.4] Something just tried to add player Michael into team Michael (expected team: 0MichaelA)
10.03.2023 - 14:13:20 - [TAB v3.2.4] Something just tried to add player 808 into team 808 (expected team: 7808A)
10.03.2023 - 14:13:20 - [TAB v3.2.4] Something just tried to add player Bimtherobot into team Bimtherobot (expected team: 6BimtherobotA)
10.03.2023 - 14:13:20 - [TAB v3.2.4] Something just tried to add player John into team John (expected team: 6JohnA)
10.03.2023 - 14:13:20 - [TAB v3.2.4] Something just tried to add player deathisupon into team deathisupon (expected team: 6deathisuponA)
10.03.2023 - 14:13:20 - [TAB v3.2.4] Something just tried to add player Michael into team Michael (expected team: 0MichaelA)
10.03.2023 - 14:13:20 - [TAB v3.2.4] Something just tried to add player Opfire into team Opfire (expected team: 6OpfireA)
10.03.2023 - 14:13:20 - [TAB v3.2.4] Something just tried to add player John into team John (expected team: 6JohnA)
10.03.2023 - 14:13:20 - [TAB v3.2.4] Something just tried to add player JustShockz into team JustShockz (expected team: 6JustShockzA)
10.03.2023 - 14:13:20 - [TAB v3.2.4] Something just tried to add player deathisupon into team deathisupon (expected team: 6deathisuponA)
10.03.2023 - 14:13:20 - [TAB v3.2.4] Something just tried to add player Opfire into team Opfire (expected team: 6OpfireA)
10.03.2023 - 14:13:20 - [TAB v3.2.4] Something just tried to add player JustShockz into team JustShockz (expected team: 6JustShockzA)
10.03.2023 - 14:13:29 - [TAB v3.2.4] Something just tried to add player 808 into team 808 (expected team: 7808A)
10.03.2023 - 14:13:29 - [TAB v3.2.4] Something just tried to add player Bimtherobot into team Bimtherobot (expected team: 6BimtherobotA)
10.03.2023 - 14:13:29 - [TAB v3.2.4] Something just tried to add player Michael into team Michael (expected team: 0MichaelA)
10.03.2023 - 14:13:29 - [TAB v3.2.4] Something just tried to add player John into team John (expected team: 6JohnA)
10.03.2023 - 14:13:29 - [TAB v3.2.4] Something just tried to add player deathisupon into team deathisupon (expected team: 6deathisuponA)
10.03.2023 - 14:13:29 - [TAB v3.2.4] Something just tried to add player Opfire into team Opfire (expected team: 6OpfireA)
10.03.2023 - 14:13:29 - [TAB v3.2.4] Something just tried to add player JustShockz into team JustShockz (expected team: 6JustShockzA)
