02.02.2023 - 19:13:59 - [TAB v3.2.4] Player placeholder %afk% generated an error when setting for player matt____
02.02.2023 - 19:14:20 - com.google.common.util.concurrent.ExecutionError: java.lang.OutOfMemoryError: Java heap space
02.02.2023 - 19:14:20 - 	at com.google.common.cache.LocalCache$Segment.get(LocalCache.java:2199)
02.02.2023 - 19:14:22 - 	at com.google.common.cache.LocalCache.get(LocalCache.java:3934)
02.02.2023 - 19:14:56 - 	at com.google.common.cache.LocalCache.getOrLoad(LocalCache.java:3938)
02.02.2023 - 19:14:56 - 	at com.google.common.cache.LocalCache$LocalLoadingCache.get(LocalCache.java:4821)
02.02.2023 - 19:14:59 - 	at com.earth2me.essentials.UserMap.getUser(UserMap.java:129)
02.02.2023 - 19:14:59 - 	at com.earth2me.essentials.Essentials.getUser(Essentials.java:945)
02.02.2023 - 19:14:59 - 	at me.neznamy.tab.platforms.bukkit.BukkitPlaceholderRegistry.lambda$registerPlaceholders$5(BukkitPlaceholderRegistry.java:103)
02.02.2023 - 19:14:59 - 	at me.neznamy.tab.shared.placeholders.PlayerPlaceholderImpl.request(PlayerPlaceholderImpl.java:130)
02.02.2023 - 19:14:59 - 	at me.neznamy.tab.shared.placeholders.PlayerPlaceholderImpl.update(PlayerPlaceholderImpl.java:53)
02.02.2023 - 19:14:59 - 	at me.neznamy.tab.shared.features.PlaceholderManagerImpl.updatePlayerPlaceholder(PlaceholderManagerImpl.java:117)
02.02.2023 - 19:14:59 - 	at me.neznamy.tab.shared.features.PlaceholderManagerImpl.refresh(PlaceholderManagerImpl.java:68)
02.02.2023 - 19:15:00 - 	at me.neznamy.tab.shared.CpuManager.lambda$runMeasuredTask$8(CpuManager.java:354)
02.02.2023 - 19:15:00 - 	at me.neznamy.tab.shared.CpuManager.lambda$submit$1(CpuManager.java:111)
02.02.2023 - 19:15:00 - 	at java.util.concurrent.Executors$RunnableAdapter.call(Executors.java:511)
02.02.2023 - 19:15:00 - 	at java.util.concurrent.FutureTask.run(FutureTask.java:266)
02.02.2023 - 19:15:00 - 	at java.util.concurrent.ThreadPoolExecutor.runWorker(ThreadPoolExecutor.java:1149)
02.02.2023 - 19:15:00 - 	at java.util.concurrent.ThreadPoolExecutor$Worker.run(ThreadPoolExecutor.java:624)
02.02.2023 - 19:15:00 - 	at java.lang.Thread.run(Thread.java:750)
06.02.2023 - 22:09:25 - [TAB v3.2.4] Player placeholder %afk% generated an error when setting for player fortnitekit6814
06.02.2023 - 22:13:12 - com.google.common.util.concurrent.ExecutionError: java.lang.OutOfMemoryError: Java heap space
06.02.2023 - 22:13:14 - 	at com.google.common.cache.LocalCache$Segment.get(LocalCache.java:2199)
06.02.2023 - 22:13:15 - 	at com.google.common.cache.LocalCache.get(LocalCache.java:3934)
06.02.2023 - 22:13:15 - 	at com.google.common.cache.LocalCache.getOrLoad(LocalCache.java:3938)
06.02.2023 - 22:13:47 - 	at com.google.common.cache.LocalCache$LocalLoadingCache.get(LocalCache.java:4821)
06.02.2023 - 22:13:47 - 	at com.earth2me.essentials.UserMap.getUser(UserMap.java:129)
06.02.2023 - 22:13:47 - 	at com.earth2me.essentials.Essentials.getUser(Essentials.java:945)
06.02.2023 - 22:13:47 - 	at me.neznamy.tab.platforms.bukkit.BukkitPlaceholderRegistry.lambda$registerPlaceholders$5(BukkitPlaceholderRegistry.java:103)
06.02.2023 - 22:13:47 - 	at me.neznamy.tab.shared.placeholders.PlayerPlaceholderImpl.request(PlayerPlaceholderImpl.java:130)
06.02.2023 - 22:14:40 - 	at me.neznamy.tab.shared.placeholders.PlayerPlaceholderImpl.update(PlayerPlaceholderImpl.java:53)
06.02.2023 - 22:14:41 - 	at me.neznamy.tab.shared.features.PlaceholderManagerImpl.updatePlayerPlaceholder(PlaceholderManagerImpl.java:117)
06.02.2023 - 22:14:44 - 	at me.neznamy.tab.shared.features.PlaceholderManagerImpl.refresh(PlaceholderManagerImpl.java:68)
06.02.2023 - 22:14:44 - 	at me.neznamy.tab.shared.CpuManager.lambda$runMeasuredTask$8(CpuManager.java:354)
06.02.2023 - 22:14:46 - 	at me.neznamy.tab.shared.CpuManager.lambda$submit$1(CpuManager.java:111)
06.02.2023 - 22:16:11 - 	at java.util.concurrent.Executors$RunnableAdapter.call(Executors.java:511)
06.02.2023 - 22:17:36 - 	at java.util.concurrent.FutureTask.run(FutureTask.java:266)
06.02.2023 - 22:20:26 - 	at java.util.concurrent.ThreadPoolExecutor.runWorker(ThreadPoolExecutor.java:1149)
06.02.2023 - 22:20:26 - 	at java.util.concurrent.ThreadPoolExecutor$Worker.run(ThreadPoolExecutor.java:624)
06.02.2023 - 22:20:27 - 	at java.lang.Thread.run(Thread.java:750)
13.02.2023 - 17:31:14 - [TAB v3.2.4] Player placeholder %afk% generated an error when setting for player monkey_fucker69
13.02.2023 - 17:35:44 - com.google.common.util.concurrent.ExecutionError: java.lang.OutOfMemoryError: Java heap space
13.02.2023 - 17:35:47 - 	at com.google.common.cache.LocalCache$Segment.get(LocalCache.java:2199)
13.02.2023 - 17:35:48 - 	at com.google.common.cache.LocalCache.get(LocalCache.java:3934)
13.02.2023 - 17:35:51 - 	at com.google.common.cache.LocalCache.getOrLoad(LocalCache.java:3938)
13.02.2023 - 17:35:56 - 	at com.google.common.cache.LocalCache$LocalLoadingCache.get(LocalCache.java:4821)
13.02.2023 - 17:35:57 - 	at com.earth2me.essentials.UserMap.getUser(UserMap.java:129)
13.02.2023 - 17:35:57 - 	at com.earth2me.essentials.Essentials.getUser(Essentials.java:945)
13.02.2023 - 17:35:59 - 	at me.neznamy.tab.platforms.bukkit.BukkitPlaceholderRegistry.lambda$registerPlaceholders$5(BukkitPlaceholderRegistry.java:103)
13.02.2023 - 17:35:59 - 	at me.neznamy.tab.shared.placeholders.PlayerPlaceholderImpl.request(PlayerPlaceholderImpl.java:130)
13.02.2023 - 17:36:04 - 	at me.neznamy.tab.shared.placeholders.PlayerPlaceholderImpl.update(PlayerPlaceholderImpl.java:53)
13.02.2023 - 17:36:04 - 	at me.neznamy.tab.shared.features.PlaceholderManagerImpl.updatePlayerPlaceholder(PlaceholderManagerImpl.java:117)
13.02.2023 - 17:36:11 - 	at me.neznamy.tab.shared.features.PlaceholderManagerImpl.refresh(PlaceholderManagerImpl.java:68)
13.02.2023 - 17:36:11 - 	at me.neznamy.tab.shared.CpuManager.lambda$runMeasuredTask$8(CpuManager.java:354)
13.02.2023 - 17:36:15 - 	at me.neznamy.tab.shared.CpuManager.lambda$submit$1(CpuManager.java:111)
13.02.2023 - 17:36:15 - 	at java.util.concurrent.Executors$RunnableAdapter.call(Executors.java:511)
13.02.2023 - 17:36:22 - 	at java.util.concurrent.FutureTask.run(FutureTask.java:266)
13.02.2023 - 17:38:50 - 	at java.util.concurrent.ThreadPoolExecutor.runWorker(ThreadPoolExecutor.java:1149)
13.02.2023 - 17:44:20 - 	at java.util.concurrent.ThreadPoolExecutor$Worker.run(ThreadPoolExecutor.java:624)
13.02.2023 - 17:44:21 - 	at java.lang.Thread.run(Thread.java:750)
19.02.2023 - 05:10:21 - [TAB v3.2.4] Player placeholder %afk% generated an error when setting for player 01000100_0100010
19.02.2023 - 05:10:29 - com.google.common.util.concurrent.ExecutionError: java.lang.OutOfMemoryError: Java heap space
19.02.2023 - 05:13:21 - 	at com.google.common.cache.LocalCache$Segment.get(LocalCache.java:2199)
19.02.2023 - 05:27:34 - [TAB v3.2.4] Player placeholder %luckperms-prefix% generated an error when setting for player 01000100_0100010
19.02.2023 - 05:27:35 - java.lang.OutOfMemoryError: Java heap space
23.02.2023 - 14:38:05 - [TAB v3.2.4] Player placeholder %luckperms-prefix% generated an error when setting for player IM_THE_GOAT
