[March 13, 2023 00:46:58.285AM GMT] EntityDamageByEntityEvent was triggered by damaged PLAYER joopy123, damager ZOMBIE Zombie and cancelled false.
[March 13, 2023 00:46:59.974AM GMT] EntityDamageByEntityEvent was triggered by damaged PLAYER joopy123, damager ZOMBIE Zombie and cancelled false.
[March 13, 2023 00:47:01.173AM GMT] EntityDamageByEntityEvent was triggered by damaged PLAYER joopy123, damager ZOMBIE Zombie and cancelled false.
[March 13, 2023 00:47:02.173AM GMT] EntityDamageByEntityEvent was triggered by damaged PLAYER joopy123, damager ZOMBIE Zombie and cancelled false.
[March 13, 2023 12:06:19.272PM GMT] EntityDamageByEntityEvent was triggered by damaged ZOMBIE §4❤❤❤❤❤❤❤❤❤§7❤, damager PLAYER deathisupon_ and cancelled false.
[March 13, 2023 12:06:20.654PM GMT] EntityDamageByEntityEvent was triggered by damaged PLAYER deathisupon_, damager ZOMBIE §4❤❤❤❤❤❤❤❤❤§7❤ and cancelled false.
[March 13, 2023 12:06:20.750PM GMT] EntityDamageByEntityEvent was triggered by damaged ZOMBIE §4❤❤❤❤❤❤❤§7❤❤❤, damager PLAYER deathisupon_ and cancelled false.
[March 13, 2023 12:06:22.450PM GMT] EntityDamageByEntityEvent was triggered by damaged ZOMBIE §4❤❤❤❤❤§7❤❤❤❤❤, damager PLAYER deathisupon_ and cancelled false.
[March 13, 2023 12:06:22.950PM GMT] EntityDamageByEntityEvent was triggered by damaged ZOMBIE §4❤❤❤§7❤❤❤❤❤❤❤, damager PLAYER deathisupon_ and cancelled false.
[March 13, 2023 12:06:53.954PM GMT] EntityDamageByEntityEvent was triggered by damaged PLAYER deathisupon_, damager ZOMBIE Zombie and cancelled false.
[March 13, 2023 12:06:54.953PM GMT] EntityDamageByEntityEvent was triggered by damaged PLAYER deathisupon_, damager ZOMBIE Zombie and cancelled false.
[March 13, 2023 12:06:56.752PM GMT] EntityDamageByEntityEvent was triggered by damaged PLAYER deathisupon_, damager ZOMBIE Zombie and cancelled false.
[March 13, 2023 12:06:57.150PM GMT] EntityDamageByEntityEvent was triggered by damaged ZOMBIE §4❤❤❤§7❤❤❤❤❤❤❤, damager PLAYER deathisupon_ and cancelled false.
[March 13, 2023 12:06:57.349PM GMT] EntityDamageByEntityEvent was triggered by damaged ZOMBIE §4❤❤❤§7❤❤❤❤❤❤❤, damager PLAYER deathisupon_ and cancelled false.
[March 13, 2023 12:06:57.949PM GMT] EntityDamageByEntityEvent was triggered by damaged ZOMBIE §4❤❤§7❤❤❤❤❤❤❤❤, damager PLAYER deathisupon_ and cancelled false.
[March 13, 2023 12:06:58.649PM GMT] EntityDamageByEntityEvent was triggered by damaged ZOMBIE §4❤❤§7❤❤❤❤❤❤❤❤, damager PLAYER deathisupon_ and cancelled false.
[March 13, 2023 12:06:59.449PM GMT] EntityDamageByEntityEvent was triggered by damaged ZOMBIE §4❤§7❤❤❤❤❤❤❤❤❤, damager PLAYER deathisupon_ and cancelled false.
[March 13, 2023 12:07:00.049PM GMT] EntityDamageByEntityEvent was triggered by damaged ZOMBIE §4❤§7❤❤❤❤❤❤❤❤❤, damager PLAYER deathisupon_ and cancelled false.
[March 13, 2023 12:07:00.549PM GMT] EntityDamageByEntityEvent was triggered by damaged ZOMBIE §4§7❤❤❤❤❤❤❤❤❤❤, damager PLAYER deathisupon_ and cancelled false.
[March 13, 2023 12:11:13.157PM GMT] EntityDamageByEntityEvent was triggered by damaged CREEPER §4❤❤❤❤❤❤❤❤§7❤❤, damager PLAYER 808 and cancelled false.
[March 13, 2023 12:11:14.465PM GMT] EntityDamageByEntityEvent was triggered by damaged PLAYER 808, damager CREEPER §4❤❤❤❤❤❤❤❤§7❤❤ and cancelled false.
[March 13, 2023 12:15:38.725PM GMT] EntityDamageByEntityEvent was triggered by damaged ZOMBIE §4❤❤❤❤❤❤❤❤❤§7❤, damager PLAYER deathisupon_ and cancelled false.
[March 13, 2023 12:15:39.224PM GMT] EntityDamageByEntityEvent was triggered by damaged ZOMBIE §4❤❤❤❤❤❤❤§7❤❤❤, damager PLAYER deathisupon_ and cancelled false.
[March 13, 2023 12:15:40.124PM GMT] EntityDamageByEntityEvent was triggered by damaged ZOMBIE §4❤❤❤❤❤§7❤❤❤❤❤, damager PLAYER deathisupon_ and cancelled false.
[March 13, 2023 12:15:40.624PM GMT] EntityDamageByEntityEvent was triggered by damaged ZOMBIE §4❤❤❤§7❤❤❤❤❤❤❤, damager PLAYER deathisupon_ and cancelled false.
[March 13, 2023 12:15:41.225PM GMT] EntityDamageByEntityEvent was triggered by damaged ZOMBIE §4❤§7❤❤❤❤❤❤❤❤❤, damager PLAYER deathisupon_ and cancelled false.
[March 13, 2023 12:15:41.825PM GMT] EntityDamageByEntityEvent was triggered by damaged ZOMBIE §4§7❤❤❤❤❤❤❤❤❤❤, damager PLAYER deathisupon_ and cancelled false.
[March 13, 2023 12:20:03.968PM GMT] EntityDamageByEntityEvent was triggered by damaged PLAYER deathisupon_, damager ZOMBIE Zombie and cancelled false.
[March 13, 2023 12:20:04.663PM GMT] EntityDamageByEntityEvent was triggered by damaged ZOMBIE §4❤❤❤❤❤❤❤§7❤❤❤, damager PLAYER deathisupon_ and cancelled false.
[March 13, 2023 12:20:05.164PM GMT] EntityDamageByEntityEvent was triggered by damaged ZOMBIE §4❤❤❤❤❤§7❤❤❤❤❤, damager PLAYER deathisupon_ and cancelled false.
[March 13, 2023 12:20:05.172PM GMT] EntityDamageByEntityEvent was triggered by damaged ZOMBIE §4❤❤❤❤❤§7❤❤❤❤❤, damager PLAYER deathisupon_ and cancelled false.
[March 13, 2023 12:20:06.965PM GMT] EntityDamageByEntityEvent was triggered by damaged ZOMBIE §4❤§7❤❤❤❤❤❤❤❤❤, damager PLAYER deathisupon_ and cancelled false.
[March 13, 2023 12:20:08.465PM GMT] EntityDamageByEntityEvent was triggered by damaged ZOMBIE §4§7❤❤❤❤❤❤❤❤❤❤, damager PLAYER deathisupon_ and cancelled false.
[March 13, 2023 12:20:11.166PM GMT] EntityDamageByEntityEvent was triggered by damaged PLAYER deathisupon_, damager ARROW Arrow and cancelled false.
[March 13, 2023 12:20:14.163PM GMT] EntityDamageByEntityEvent was triggered by damaged SKELETON §4❤❤❤❤❤❤❤❤§7❤❤, damager PLAYER deathisupon_ and cancelled false.
[March 13, 2023 12:20:14.167PM GMT] EntityDamageByEntityEvent was triggered by damaged PLAYER deathisupon_, damager ZOMBIE Zombie and cancelled false.
[March 13, 2023 12:20:15.166PM GMT] EntityDamageByEntityEvent was triggered by damaged PLAYER deathisupon_, damager ZOMBIE Zombie and cancelled false.
[March 13, 2023 12:20:15.264PM GMT] EntityDamageByEntityEvent was triggered by damaged ZOMBIE §4❤❤❤❤❤❤❤§7❤❤❤, damager PLAYER deathisupon_ and cancelled false.
[March 13, 2023 12:20:15.969PM GMT] EntityDamageByEntityEvent was triggered by damaged PLAYER deathisupon_, damager ARROW Arrow and cancelled false.
[March 13, 2023 12:20:18.647PM GMT] EntityDamageByEntityEvent was triggered by damaged ZOMBIE §4❤❤❤❤§7❤❤❤❤❤❤, damager PLAYER deathisupon_ and cancelled false.
[March 13, 2023 12:20:18.660PM GMT] EntityDamageByEntityEvent was triggered by damaged SKELETON §4❤❤❤❤❤§7❤❤❤❤❤, damager PLAYER deathisupon_ and cancelled false.
[March 13, 2023 12:20:18.964PM GMT] EntityDamageByEntityEvent was triggered by damaged ZOMBIE §4❤❤§7❤❤❤❤❤❤❤❤, damager PLAYER deathisupon_ and cancelled false.
[March 13, 2023 12:20:19.445PM GMT] EntityDamageByEntityEvent was triggered by damaged SKELETON §4❤❤❤§7❤❤❤❤❤❤❤, damager PLAYER deathisupon_ and cancelled false.
[March 13, 2023 12:20:20.046PM GMT] EntityDamageByEntityEvent was triggered by damaged SKELETON §4§7❤❤❤❤❤❤❤❤❤❤, damager PLAYER deathisupon_ and cancelled false.
[March 13, 2023 12:20:22.220PM GMT] EntityDamageByEntityEvent was triggered by damaged ZOMBIE §4§7❤❤❤❤❤❤❤❤❤❤, damager PLAYER deathisupon_ and cancelled false.
[March 13, 2023 12:20:41.488PM GMT] EntityDamageByEntityEvent was triggered by damaged PLAYER deathisupon_, damager ZOMBIE Zombie and cancelled false.
[March 13, 2023 12:20:42.125PM GMT] EntityDamageByEntityEvent was triggered by damaged PLAYER deathisupon_, damager ZOMBIE Zombie and cancelled false.
[March 13, 2023 12:20:43.528PM GMT] EntityDamageByEntityEvent was triggered by damaged ZOMBIE §4❤❤❤❤❤❤❤❤§7❤❤, damager PLAYER deathisupon_ and cancelled false.
[March 13, 2023 12:20:43.938PM GMT] EntityDamageByEntityEvent was triggered by damaged ZOMBIE §4❤❤❤❤❤❤❤❤§7❤❤, damager PLAYER deathisupon_ and cancelled false.
[March 13, 2023 12:20:45.471PM GMT] EntityDamageByEntityEvent was triggered by damaged ZOMBIE §4❤❤❤❤❤§7❤❤❤❤❤, damager PLAYER deathisupon_ and cancelled false.
[March 13, 2023 12:20:45.476PM GMT] EntityDamageByEntityEvent was triggered by damaged PLAYER deathisupon_, damager ZOMBIE §4❤❤❤❤❤§7❤❤❤❤❤ and cancelled false.
[March 13, 2023 12:20:45.670PM GMT] EntityDamageByEntityEvent was triggered by damaged ZOMBIE Zombie, damager PLAYER deathisupon_ and cancelled false.
[March 13, 2023 12:20:47.223PM GMT] EntityDamageByEntityEvent was triggered by damaged ZOMBIE §4❤❤§7❤❤❤❤❤❤❤❤, damager PLAYER deathisupon_ and cancelled false.
[March 13, 2023 12:20:47.823PM GMT] EntityDamageByEntityEvent was triggered by damaged ZOMBIE §4§7❤❤❤❤❤❤❤❤❤❤, damager PLAYER deathisupon_ and cancelled false.
[March 13, 2023 12:21:29.699PM GMT] EntityDamageByEntityEvent was triggered by damaged ZOMBIE §4❤❤❤❤❤❤❤❤§7❤❤, damager PLAYER deathisupon_ and cancelled false.
[March 13, 2023 12:21:30.132PM GMT] EntityDamageByEntityEvent was triggered by damaged ZOMBIE §4❤❤❤❤❤§7❤❤❤❤❤, damager PLAYER deathisupon_ and cancelled false.
[March 13, 2023 12:21:31.305PM GMT] EntityDamageByEntityEvent was triggered by damaged ZOMBIE §4❤❤❤§7❤❤❤❤❤❤❤, damager PLAYER deathisupon_ and cancelled false.
[March 13, 2023 12:21:31.308PM GMT] EntityDamageByEntityEvent was triggered by damaged ZOMBIE §4❤❤❤❤❤❤❤§7❤❤❤, damager PLAYER deathisupon_ and cancelled false.
[March 13, 2023 12:21:31.362PM GMT] EntityDamageByEntityEvent was triggered by damaged ZOMBIE §4❤§7❤❤❤❤❤❤❤❤❤, damager PLAYER deathisupon_ and cancelled false.
[March 13, 2023 12:21:32.534PM GMT] EntityDamageByEntityEvent was triggered by damaged ZOMBIE §4§7❤❤❤❤❤❤❤❤❤❤, damager PLAYER deathisupon_ and cancelled false.
[March 13, 2023 12:21:33.167PM GMT] EntityDamageByEntityEvent was triggered by damaged ZOMBIE §4❤❤❤❤§7❤❤❤❤❤❤, damager PLAYER deathisupon_ and cancelled false.
[March 13, 2023 12:21:35.586PM GMT] EntityDamageByEntityEvent was triggered by damaged ZOMBIE §4❤❤§7❤❤❤❤❤❤❤❤, damager PLAYER deathisupon_ and cancelled false.
[March 13, 2023 12:21:36.798PM GMT] EntityDamageByEntityEvent was triggered by damaged ZOMBIE §4§7❤❤❤❤❤❤❤❤❤❤, damager PLAYER deathisupon_ and cancelled false.
[March 13, 2023 12:22:24.565PM GMT] EntityDamageByEntityEvent was triggered by damaged CREEPER §4❤❤❤❤❤❤❤❤§7❤❤, damager PLAYER deathisupon_ and cancelled false.
[March 13, 2023 12:22:25.474PM GMT] EntityDamageByEntityEvent was triggered by damaged CREEPER Creeper, damager CREEPER §4❤❤❤❤❤❤❤❤§7❤❤ and cancelled false.
[March 13, 2023 12:22:25.476PM GMT] EntityDamageByEntityEvent was triggered by damaged PLAYER deathisupon_, damager CREEPER §4❤❤❤❤❤❤❤❤§7❤❤ and cancelled false.
[March 13, 2023 12:22:40.866PM GMT] EntityDamageByEntityEvent was triggered by damaged PLAYER deathisupon_, damager SPIDER Spider and cancelled false.
[March 13, 2023 12:22:41.869PM GMT] EntityDamageByEntityEvent was triggered by damaged PLAYER deathisupon_, damager SPIDER Spider and cancelled false.
[March 13, 2023 12:22:42.365PM GMT] EntityDamageByEntityEvent was triggered by damaged SPIDER §4❤❤❤❤❤❤§7❤❤, damager PLAYER deathisupon_ and cancelled false.
[March 13, 2023 12:22:43.665PM GMT] EntityDamageByEntityEvent was triggered by damaged SPIDER §4❤❤❤§7❤❤❤❤❤, damager PLAYER deathisupon_ and cancelled false.
[March 13, 2023 12:22:44.566PM GMT] EntityDamageByEntityEvent was triggered by damaged PLAYER deathisupon_, damager SPIDER §4❤❤❤§7❤❤❤❤❤ and cancelled false.
[March 13, 2023 12:22:44.665PM GMT] EntityDamageByEntityEvent was triggered by damaged SPIDER §4❤§7❤❤❤❤❤❤❤, damager PLAYER deathisupon_ and cancelled false.
[March 13, 2023 12:22:45.565PM GMT] EntityDamageByEntityEvent was triggered by damaged SPIDER §4§7❤❤❤❤❤❤❤❤, damager PLAYER deathisupon_ and cancelled false.
[March 13, 2023 12:25:55.950PM GMT] EntityDamageByEntityEvent was triggered by damaged PLAYER monkey_fucker69, damager ZOMBIE Zombie and cancelled false.
[March 13, 2023 12:25:56.949PM GMT] EntityDamageByEntityEvent was triggered by damaged PLAYER monkey_fucker69, damager ZOMBIE Zombie and cancelled false.
[March 13, 2023 12:25:58.247PM GMT] EntityDamageByEntityEvent was triggered by damaged PLAYER monkey_fucker69, damager ZOMBIE Zombie and cancelled false.
[March 13, 2023 12:25:59.746PM GMT] EntityDamageByEntityEvent was triggered by damaged PLAYER monkey_fucker69, damager ZOMBIE Zombie and cancelled false.
[March 13, 2023 12:26:01.551PM GMT] EntityDamageByEntityEvent was triggered by damaged PLAYER monkey_fucker69, damager ZOMBIE Zombie and cancelled false.
[March 13, 2023 12:28:02.619PM GMT] EntityDamageByEntityEvent was triggered by damaged PLAYER deathisupon_, damager ZOMBIE Zombie and cancelled false.
[March 13, 2023 12:28:04.118PM GMT] EntityDamageByEntityEvent was triggered by damaged PLAYER deathisupon_, damager ZOMBIE Zombie and cancelled false.
[March 13, 2023 12:28:04.617PM GMT] EntityDamageByEntityEvent was triggered by damaged ZOMBIE §4❤❤❤❤❤❤❤§7❤❤❤, damager PLAYER deathisupon_ and cancelled false.
[March 13, 2023 12:28:05.716PM GMT] EntityDamageByEntityEvent was triggered by damaged ZOMBIE §4❤❤❤❤❤§7❤❤❤❤❤, damager PLAYER deathisupon_ and cancelled false.
[March 13, 2023 12:28:07.075PM GMT] EntityDamageByEntityEvent was triggered by damaged PLAYER deathisupon_, damager ZOMBIE §4❤❤❤❤❤§7❤❤❤❤❤ and cancelled false.
[March 13, 2023 12:28:08.178PM GMT] EntityDamageByEntityEvent was triggered by damaged ZOMBIE §4❤❤❤§7❤❤❤❤❤❤❤, damager PLAYER deathisupon_ and cancelled false.
[March 13, 2023 12:28:08.779PM GMT] EntityDamageByEntityEvent was triggered by damaged ZOMBIE §4§7❤❤❤❤❤❤❤❤❤❤, damager PLAYER deathisupon_ and cancelled false.
[March 13, 2023 12:28:48.339PM GMT] PlayerPreTagEvent was triggered on {player_name} by {enemy_name} with type PLAYER, reason ATTACKER, and cancelled false.
[March 13, 2023 12:28:48.344PM GMT] PlayerTagEvent was triggered on {player_name} by {enemy_name} with type PLAYER and reason ATTACKER.
[March 13, 2023 12:28:48.352PM GMT] PlayerPreTagEvent was triggered on {player_name} by {enemy_name} with type PLAYER, reason ATTACKED, and cancelled false.
[March 13, 2023 12:28:48.353PM GMT] PlayerTagEvent was triggered on {player_name} by {enemy_name} with type PLAYER and reason ATTACKED.
[March 13, 2023 12:28:48.355PM GMT] EntityDamageByEntityEvent was triggered by damaged PLAYER joopy123, damager PLAYER 808 and cancelled false.
[March 13, 2023 12:28:58.373PM GMT] PlayerUntagEvent was triggered on {player_name} with reason {untag_reason} and expire set to {was_expire}.
[March 13, 2023 12:28:58.375PM GMT] PlayerUntagEvent was triggered on {player_name} with reason EXPIRE and expire set to true.
[March 13, 2023 12:28:58.376PM GMT] PlayerUntagEvent was triggered on {player_name} with reason {untag_reason} and expire set to {was_expire}.
[March 13, 2023 12:28:58.376PM GMT] PlayerUntagEvent was triggered on {player_name} with reason EXPIRE and expire set to true.
[March 13, 2023 12:39:37.196PM GMT] EntityDamageByEntityEvent was triggered by damaged PLAYER joopy123, damager SPIDER Spider and cancelled false.
[March 13, 2023 12:39:37.294PM GMT] EntityDamageByEntityEvent was triggered by damaged SPIDER §4❤❤❤❤❤§7❤❤❤, damager PLAYER joopy123 and cancelled false.
[March 13, 2023 12:39:38.093PM GMT] EntityDamageByEntityEvent was triggered by damaged SPIDER §4❤§7❤❤❤❤❤❤❤, damager PLAYER joopy123 and cancelled false.
[March 13, 2023 12:39:39.395PM GMT] EntityDamageByEntityEvent was triggered by damaged SPIDER §4§7❤❤❤❤❤❤❤❤, damager PLAYER joopy123 and cancelled false.
[March 13, 2023 12:39:51.997PM GMT] EntityDamageByEntityEvent was triggered by damaged PLAYER joopy123, damager ZOMBIE Zombie and cancelled false.
[March 13, 2023 12:39:52.713PM GMT] EntityDamageByEntityEvent was triggered by damaged PLAYER joopy123, damager ZOMBIE Zombie and cancelled false.
[March 13, 2023 12:39:53.817PM GMT] EntityDamageByEntityEvent was triggered by damaged PLAYER joopy123, damager ZOMBIE Zombie and cancelled false.
[March 13, 2023 12:39:55.515PM GMT] EntityDamageByEntityEvent was triggered by damaged PLAYER joopy123, damager ZOMBIE Zombie and cancelled false.
[March 13, 2023 12:39:56.614PM GMT] EntityDamageByEntityEvent was triggered by damaged PLAYER joopy123, damager ZOMBIE Zombie and cancelled false.
[March 13, 2023 12:39:56.811PM GMT] EntityDamageByEntityEvent was triggered by damaged ZOMBIE §4❤❤❤❤❤❤❤§7❤❤❤, damager PLAYER joopy123 and cancelled false.
[March 13, 2023 12:39:57.911PM GMT] EntityDamageByEntityEvent was triggered by damaged ZOMBIE §4❤❤❤❤§7❤❤❤❤❤❤, damager PLAYER joopy123 and cancelled false.
[March 13, 2023 12:39:59.011PM GMT] EntityDamageByEntityEvent was triggered by damaged ZOMBIE §4❤§7❤❤❤❤❤❤❤❤❤, damager PLAYER joopy123 and cancelled false.
[March 13, 2023 12:39:59.014PM GMT] EntityDamageByEntityEvent was triggered by damaged PLAYER joopy123, damager ZOMBIE §4❤§7❤❤❤❤❤❤❤❤❤ and cancelled false.
[March 13, 2023 12:40:00.211PM GMT] EntityDamageByEntityEvent was triggered by damaged ZOMBIE §4§7❤❤❤❤❤❤❤❤❤❤, damager PLAYER joopy123 and cancelled false.
[March 13, 2023 12:40:02.412PM GMT] EntityDamageByEntityEvent was triggered by damaged PLAYER joopy123, damager ZOMBIE Zombie and cancelled false.
[March 13, 2023 12:40:03.415PM GMT] EntityDamageByEntityEvent was triggered by damaged PLAYER joopy123, damager ZOMBIE Zombie and cancelled false.
[March 13, 2023 12:40:12.012PM GMT] EntityDamageByEntityEvent was triggered by damaged ZOMBIE §4❤❤❤❤❤❤❤§7❤❤❤, damager PLAYER joopy123 and cancelled false.
[March 13, 2023 12:40:14.511PM GMT] EntityDamageByEntityEvent was triggered by damaged ZOMBIE §4❤❤❤❤§7❤❤❤❤❤❤, damager PLAYER joopy123 and cancelled false.
[March 13, 2023 12:40:15.012PM GMT] EntityDamageByEntityEvent was triggered by damaged ZOMBIE §4❤§7❤❤❤❤❤❤❤❤❤, damager PLAYER joopy123 and cancelled false.
[March 13, 2023 12:40:18.161PM GMT] EntityDamageByEntityEvent was triggered by damaged ZOMBIE §4§7❤❤❤❤❤❤❤❤❤❤, damager PLAYER joopy123 and cancelled false.
[March 13, 2023 14:50:11.555PM GMT] EntityDamageByEntityEvent was triggered by damaged CHICKEN §4❤❤§7, damager PLAYER JayJayLaray and cancelled false.
[March 13, 2023 14:50:11.940PM GMT] EntityDamageByEntityEvent was triggered by damaged CHICKEN §4❤❤§7, damager PLAYER JayJayLaray and cancelled false.
[March 13, 2023 14:50:12.138PM GMT] EntityDamageByEntityEvent was triggered by damaged CHICKEN §4❤§7❤, damager PLAYER JayJayLaray and cancelled false.
[March 13, 2023 14:50:15.338PM GMT] EntityDamageByEntityEvent was triggered by damaged CHICKEN §4❤§7❤, damager PLAYER JayJayLaray and cancelled false.
[March 13, 2023 14:59:46.092PM GMT] EntityDamageByEntityEvent was triggered by damaged PLAYER deathisupon_, damager ZOMBIE Zombie and cancelled false.
[March 13, 2023 14:59:46.121PM GMT] EntityDamageByEntityEvent was triggered by damaged ZOMBIE §4❤❤❤❤❤❤❤❤§7❤❤, damager PLAYER deathisupon_ and cancelled false.
[March 13, 2023 14:59:46.688PM GMT] EntityDamageByEntityEvent was triggered by damaged ZOMBIE §4❤❤❤❤❤§7❤❤❤❤❤, damager PLAYER deathisupon_ and cancelled false.
[March 13, 2023 14:59:47.292PM GMT] EntityDamageByEntityEvent was triggered by damaged ZOMBIE §4❤❤§7❤❤❤❤❤❤❤❤, damager PLAYER deathisupon_ and cancelled false.
[March 13, 2023 14:59:48.787PM GMT] EntityDamageByEntityEvent was triggered by damaged ZOMBIE §4§7❤❤❤❤❤❤❤❤❤❤, damager PLAYER deathisupon_ and cancelled false.
[March 13, 2023 14:59:50.791PM GMT] EntityDamageByEntityEvent was triggered by damaged PLAYER deathisupon_, damager ZOMBIE Zombie and cancelled false.
[March 13, 2023 14:59:52.288PM GMT] EntityDamageByEntityEvent was triggered by damaged PLAYER deathisupon_, damager ZOMBIE Zombie and cancelled false.
[March 13, 2023 14:59:52.488PM GMT] EntityDamageByEntityEvent was triggered by damaged ZOMBIE §4❤❤❤❤❤❤❤❤§7❤❤, damager PLAYER deathisupon_ and cancelled false.
[March 13, 2023 14:59:53.488PM GMT] EntityDamageByEntityEvent was triggered by damaged CHICKEN §4§7❤❤, damager PLAYER deathisupon_ and cancelled false.
[March 13, 2023 14:59:53.887PM GMT] EntityDamageByEntityEvent was triggered by damaged ZOMBIE §4❤❤❤❤❤❤§7❤❤❤❤, damager PLAYER deathisupon_ and cancelled false.
[March 13, 2023 14:59:55.191PM GMT] EntityDamageByEntityEvent was triggered by damaged ZOMBIE §4❤❤❤❤§7❤❤❤❤❤❤, damager PLAYER deathisupon_ and cancelled false.
[March 13, 2023 14:59:56.599PM GMT] EntityDamageByEntityEvent was triggered by damaged PLAYER deathisupon_, damager ZOMBIE Zombie and cancelled false.
[March 13, 2023 14:59:56.888PM GMT] EntityDamageByEntityEvent was triggered by damaged ZOMBIE §4❤§7❤❤❤❤❤❤❤❤❤, damager PLAYER deathisupon_ and cancelled false.
[March 13, 2023 14:59:57.593PM GMT] EntityDamageByEntityEvent was triggered by damaged PLAYER deathisupon_, damager ZOMBIE §4❤§7❤❤❤❤❤❤❤❤❤ and cancelled false.
[March 13, 2023 14:59:57.687PM GMT] EntityDamageByEntityEvent was triggered by damaged ZOMBIE §4§7❤❤❤❤❤❤❤❤❤❤, damager PLAYER deathisupon_ and cancelled false.
[March 13, 2023 18:29:18.025PM GMT] EntityDamageByEntityEvent was triggered by damaged PLAYER deathisupon_, damager SPIDER Spider and cancelled false.
[March 13, 2023 18:29:19.606PM GMT] EntityDamageByEntityEvent was triggered by damaged PLAYER deathisupon_, damager SPIDER Spider and cancelled false.
[March 13, 2023 18:29:20.606PM GMT] EntityDamageByEntityEvent was triggered by damaged PLAYER deathisupon_, damager SPIDER Spider and cancelled false.
[March 13, 2023 18:29:21.609PM GMT] EntityDamageByEntityEvent was triggered by damaged PLAYER deathisupon_, damager SPIDER Spider and cancelled false.
[March 13, 2023 18:29:22.608PM GMT] EntityDamageByEntityEvent was triggered by damaged PLAYER deathisupon_, damager SPIDER Spider and cancelled false.
[March 13, 2023 18:29:42.005PM GMT] EntityDamageByEntityEvent was triggered by damaged PLAYER deathisupon_, damager SPIDER Spider and cancelled false.
[March 13, 2023 18:29:43.006PM GMT] EntityDamageByEntityEvent was triggered by damaged PLAYER deathisupon_, damager SPIDER Spider and cancelled false.
[March 13, 2023 18:29:44.005PM GMT] EntityDamageByEntityEvent was triggered by damaged PLAYER deathisupon_, damager SPIDER Spider and cancelled false.
[March 13, 2023 18:29:45.005PM GMT] EntityDamageByEntityEvent was triggered by damaged PLAYER deathisupon_, damager SPIDER Spider and cancelled false.
[March 13, 2023 18:29:46.006PM GMT] EntityDamageByEntityEvent was triggered by damaged PLAYER deathisupon_, damager SPIDER Spider and cancelled false.
[March 13, 2023 18:29:47.027PM GMT] EntityDamageByEntityEvent was triggered by damaged PLAYER deathisupon_, damager SPIDER Spider and cancelled false.
[March 13, 2023 18:29:48.005PM GMT] EntityDamageByEntityEvent was triggered by damaged PLAYER deathisupon_, damager SPIDER Spider and cancelled false.
[March 13, 2023 18:29:48.114PM GMT] EntityDamageByEntityEvent was triggered by damaged SPIDER Spider, damager CREEPER Creeper and cancelled false.
[March 13, 2023 18:29:49.006PM GMT] EntityDamageByEntityEvent was triggered by damaged PLAYER deathisupon_, damager SPIDER Spider and cancelled false.
[March 13, 2023 18:29:50.605PM GMT] EntityDamageByEntityEvent was triggered by damaged PLAYER deathisupon_, damager SPIDER Spider and cancelled false.
[March 13, 2023 18:29:52.215PM GMT] EntityDamageByEntityEvent was triggered by damaged PLAYER deathisupon_, damager SPIDER Spider and cancelled false.
[March 13, 2023 18:29:53.805PM GMT] EntityDamageByEntityEvent was triggered by damaged PLAYER deathisupon_, damager SPIDER Spider and cancelled false.
[March 13, 2023 18:29:54.805PM GMT] EntityDamageByEntityEvent was triggered by damaged PLAYER deathisupon_, damager SPIDER Spider and cancelled false.
[March 13, 2023 18:29:55.805PM GMT] EntityDamageByEntityEvent was triggered by damaged PLAYER deathisupon_, damager SPIDER Spider and cancelled false.
[March 13, 2023 18:29:56.805PM GMT] EntityDamageByEntityEvent was triggered by damaged PLAYER deathisupon_, damager SPIDER Spider and cancelled false.
[March 13, 2023 18:29:57.804PM GMT] EntityDamageByEntityEvent was triggered by damaged PLAYER deathisupon_, damager SPIDER Spider and cancelled false.
[March 13, 2023 18:29:58.806PM GMT] EntityDamageByEntityEvent was triggered by damaged PLAYER deathisupon_, damager SPIDER Spider and cancelled false.
[March 13, 2023 18:30:00.204PM GMT] EntityDamageByEntityEvent was triggered by damaged PLAYER deathisupon_, damager SPIDER Spider and cancelled false.
[March 13, 2023 18:30:01.905PM GMT] EntityDamageByEntityEvent was triggered by damaged PLAYER deathisupon_, damager SPIDER Spider and cancelled false.
[March 13, 2023 18:30:03.108PM GMT] EntityDamageByEntityEvent was triggered by damaged PLAYER deathisupon_, damager SPIDER Spider and cancelled false.
[March 13, 2023 18:30:05.306PM GMT] EntityDamageByEntityEvent was triggered by damaged PLAYER deathisupon_, damager SPIDER Spider and cancelled false.
[March 13, 2023 18:30:06.306PM GMT] EntityDamageByEntityEvent was triggered by damaged PLAYER deathisupon_, damager SPIDER Spider and cancelled false.
[March 13, 2023 18:30:07.906PM GMT] EntityDamageByEntityEvent was triggered by damaged PLAYER deathisupon_, damager SPIDER Spider and cancelled false.
[March 13, 2023 18:30:09.507PM GMT] EntityDamageByEntityEvent was triggered by damaged PLAYER deathisupon_, damager SPIDER Spider and cancelled false.
[March 13, 2023 18:30:10.507PM GMT] EntityDamageByEntityEvent was triggered by damaged PLAYER deathisupon_, damager SPIDER Spider and cancelled false.
[March 13, 2023 18:30:11.507PM GMT] EntityDamageByEntityEvent was triggered by damaged PLAYER deathisupon_, damager SPIDER Spider and cancelled false.
[March 13, 2023 18:30:12.507PM GMT] EntityDamageByEntityEvent was triggered by damaged PLAYER deathisupon_, damager SPIDER Spider and cancelled false.
[March 13, 2023 18:30:13.507PM GMT] EntityDamageByEntityEvent was triggered by damaged PLAYER deathisupon_, damager SPIDER Spider and cancelled false.
[March 13, 2023 18:31:19.362PM GMT] EntityDamageByEntityEvent was triggered by damaged ZOMBIE §4❤❤❤❤❤❤❤❤§7❤❤, damager PLAYER deathisupon_ and cancelled false.
[March 13, 2023 18:31:19.954PM GMT] EntityDamageByEntityEvent was triggered by damaged ZOMBIE §4❤❤❤❤❤❤§7❤❤❤❤, damager PLAYER deathisupon_ and cancelled false.
[March 13, 2023 18:31:21.054PM GMT] EntityDamageByEntityEvent was triggered by damaged ZOMBIE §4❤❤❤❤§7❤❤❤❤❤❤, damager PLAYER deathisupon_ and cancelled false.
[March 13, 2023 18:31:21.655PM GMT] EntityDamageByEntityEvent was triggered by damaged ZOMBIE §4§7❤❤❤❤❤❤❤❤❤❤, damager PLAYER deathisupon_ and cancelled false.
[March 13, 2023 18:37:37.918PM GMT] EntityDamageByEntityEvent was triggered by damaged SKELETON §4❤❤❤❤§7❤❤❤❤❤❤, damager PLAYER Dripz_ and cancelled false.
[March 13, 2023 18:37:38.506PM GMT] EntityDamageByEntityEvent was triggered by damaged SKELETON §4❤❤§7❤❤❤❤❤❤❤❤, damager PLAYER Dripz_ and cancelled false.
[March 13, 2023 18:37:39.005PM GMT] EntityDamageByEntityEvent was triggered by damaged SKELETON §4§7❤❤❤❤❤❤❤❤❤❤, damager PLAYER Dripz_ and cancelled false.
[March 13, 2023 18:39:56.612PM GMT] PlayerPreTagEvent was triggered on {player_name} by {enemy_name} with type PLAYER, reason ATTACKER, and cancelled false.
[March 13, 2023 18:39:56.619PM GMT] PlayerTagEvent was triggered on {player_name} by {enemy_name} with type PLAYER and reason ATTACKER.
[March 13, 2023 18:39:56.627PM GMT] PlayerPreTagEvent was triggered on {player_name} by {enemy_name} with type PLAYER, reason ATTACKED, and cancelled false.
[March 13, 2023 18:39:56.628PM GMT] PlayerTagEvent was triggered on {player_name} by {enemy_name} with type PLAYER and reason ATTACKED.
[March 13, 2023 18:39:56.632PM GMT] EntityDamageByEntityEvent was triggered by damaged PLAYER deathisupon_, damager PLAYER Dripz_ and cancelled false.
[March 13, 2023 18:39:59.696PM GMT] PlayerPreTagEvent was triggered on {player_name} by {enemy_name} with type PLAYER, reason ATTACKER, and cancelled false.
[March 13, 2023 18:39:59.696PM GMT] PlayerReTagEvent was triggered on {player_name} by {enemy_name} with type PLAYER and reason ATTACKER.
[March 13, 2023 18:39:59.697PM GMT] PlayerPreTagEvent was triggered on {player_name} by {enemy_name} with type PLAYER, reason ATTACKED, and cancelled false.
[March 13, 2023 18:39:59.697PM GMT] PlayerReTagEvent was triggered on {player_name} by {enemy_name} with type PLAYER and reason ATTACKED.
[March 13, 2023 18:39:59.698PM GMT] EntityDamageByEntityEvent was triggered by damaged PLAYER Dripz_, damager PLAYER deathisupon_ and cancelled false.
[March 13, 2023 18:40:10.004PM GMT] PlayerUntagEvent was triggered on {player_name} with reason {untag_reason} and expire set to {was_expire}.
[March 13, 2023 18:40:10.006PM GMT] PlayerUntagEvent was triggered on {player_name} with reason EXPIRE and expire set to true.
[March 13, 2023 18:40:10.008PM GMT] PlayerUntagEvent was triggered on {player_name} with reason {untag_reason} and expire set to {was_expire}.
[March 13, 2023 18:40:10.008PM GMT] PlayerUntagEvent was triggered on {player_name} with reason EXPIRE and expire set to true.
[March 13, 2023 18:45:10.173PM GMT] EntityDamageByEntityEvent was triggered by damaged PLAYER Dripz_, damager SPIDER Spider and cancelled false.
[March 13, 2023 18:45:11.174PM GMT] EntityDamageByEntityEvent was triggered by damaged PLAYER Dripz_, damager SPIDER Spider and cancelled false.
[March 13, 2023 18:45:11.970PM GMT] EntityDamageByEntityEvent was triggered by damaged SPIDER §4❤❤❤❤❤❤§7❤❤, damager PLAYER Dripz_ and cancelled false.
[March 13, 2023 18:45:12.570PM GMT] EntityDamageByEntityEvent was triggered by damaged SPIDER §4❤❤❤§7❤❤❤❤❤, damager PLAYER Dripz_ and cancelled false.
[March 13, 2023 18:45:13.571PM GMT] EntityDamageByEntityEvent was triggered by damaged PLAYER Dripz_, damager SPIDER §4❤❤❤§7❤❤❤❤❤ and cancelled false.
[March 13, 2023 18:45:13.771PM GMT] EntityDamageByEntityEvent was triggered by damaged SPIDER §4❤§7❤❤❤❤❤❤❤, damager PLAYER Dripz_ and cancelled false.
[March 13, 2023 18:45:14.171PM GMT] EntityDamageByEntityEvent was triggered by damaged SPIDER §4❤§7❤❤❤❤❤❤❤, damager PLAYER Dripz_ and cancelled false.
[March 13, 2023 18:47:25.253PM GMT] EntityDamageByEntityEvent was triggered by damaged SKELETON §4❤❤❤❤❤❤❤❤§7❤❤, damager PLAYER deathisupon_ and cancelled false.
[March 13, 2023 18:47:26.457PM GMT] EntityDamageByEntityEvent was triggered by damaged PLAYER deathisupon_, damager ARROW Arrow and cancelled false.
[March 13, 2023 18:47:27.853PM GMT] EntityDamageByEntityEvent was triggered by damaged SKELETON §4❤❤❤❤❤§7❤❤❤❤❤, damager PLAYER deathisupon_ and cancelled false.
[March 13, 2023 18:47:27.858PM GMT] EntityDamageByEntityEvent was triggered by damaged PLAYER deathisupon_, damager ARROW Arrow and cancelled false.
[March 13, 2023 18:47:27.953PM GMT] EntityDamageByEntityEvent was triggered by damaged SKELETON §4❤❤❤❤❤§7❤❤❤❤❤, damager PLAYER deathisupon_ and cancelled false.
[March 13, 2023 18:47:29.256PM GMT] EntityDamageByEntityEvent was triggered by damaged PLAYER deathisupon_, damager ARROW Arrow and cancelled false.
[March 13, 2023 18:47:30.956PM GMT] EntityDamageByEntityEvent was triggered by damaged PLAYER deathisupon_, damager ARROW Arrow and cancelled false.
[March 13, 2023 18:47:37.858PM GMT] EntityDamageByEntityEvent was triggered by damaged PLAYER deathisupon_, damager ARROW Arrow and cancelled false.
[March 13, 2023 18:47:50.858PM GMT] EntityDamageByEntityEvent was triggered by damaged PLAYER deathisupon_, damager ARROW Arrow and cancelled false.
[March 13, 2023 18:47:51.156PM GMT] EntityDamageByEntityEvent was triggered by damaged SKELETON §4❤§7❤❤❤❤❤❤❤❤❤, damager PLAYER deathisupon_ and cancelled false.
[March 13, 2023 18:47:52.255PM GMT] EntityDamageByEntityEvent was triggered by damaged PLAYER deathisupon_, damager ARROW Arrow and cancelled false.
[March 13, 2023 18:47:52.453PM GMT] EntityDamageByEntityEvent was triggered by damaged SKELETON §4§7❤❤❤❤❤❤❤❤❤❤, damager PLAYER deathisupon_ and cancelled false.
[March 13, 2023 18:53:57.571PM GMT] EntityDamageByEntityEvent was triggered by damaged PLAYER deathisupon_, damager SPIDER Spider and cancelled false.
[March 13, 2023 18:53:59.552PM GMT] EntityDamageByEntityEvent was triggered by damaged SPIDER §4❤❤❤❤❤❤§7❤❤, damager PLAYER deathisupon_ and cancelled false.
[March 13, 2023 18:54:00.449PM GMT] EntityDamageByEntityEvent was triggered by damaged PLAYER deathisupon_, damager ZOMBIE Zombie and cancelled false.
[March 13, 2023 18:54:00.749PM GMT] EntityDamageByEntityEvent was triggered by damaged ZOMBIE §4❤❤❤❤❤❤§7❤❤❤❤, damager PLAYER deathisupon_ and cancelled false.
[March 13, 2023 18:54:01.450PM GMT] EntityDamageByEntityEvent was triggered by damaged ZOMBIE §4❤❤§7❤❤❤❤❤❤❤❤, damager PLAYER deathisupon_ and cancelled false.
[March 13, 2023 18:54:02.547PM GMT] EntityDamageByEntityEvent was triggered by damaged ZOMBIE §4§7❤❤❤❤❤❤❤❤❤❤, damager PLAYER deathisupon_ and cancelled false.
[March 13, 2023 18:54:04.746PM GMT] EntityDamageByEntityEvent was triggered by damaged ZOMBIE §4❤❤❤❤❤❤❤§7❤❤❤, damager PLAYER deathisupon_ and cancelled false.
[March 13, 2023 18:54:05.446PM GMT] EntityDamageByEntityEvent was triggered by damaged SPIDER §4❤❤§7❤❤❤❤❤❤, damager PLAYER deathisupon_ and cancelled false.
[March 13, 2023 18:54:06.046PM GMT] EntityDamageByEntityEvent was triggered by damaged SPIDER §4§7❤❤❤❤❤❤❤❤, damager PLAYER deathisupon_ and cancelled false.
[March 13, 2023 18:54:06.848PM GMT] EntityDamageByEntityEvent was triggered by damaged PLAYER deathisupon_, damager ZOMBIE §4❤❤❤❤❤❤❤§7❤❤❤ and cancelled false.
[March 13, 2023 18:54:07.146PM GMT] EntityDamageByEntityEvent was triggered by damaged ZOMBIE §4❤❤❤❤§7❤❤❤❤❤❤, damager PLAYER deathisupon_ and cancelled false.
[March 13, 2023 18:54:07.746PM GMT] EntityDamageByEntityEvent was triggered by damaged ZOMBIE §4❤§7❤❤❤❤❤❤❤❤❤, damager PLAYER deathisupon_ and cancelled false.
[March 13, 2023 18:54:08.847PM GMT] EntityDamageByEntityEvent was triggered by damaged ZOMBIE §4§7❤❤❤❤❤❤❤❤❤❤, damager PLAYER deathisupon_ and cancelled false.
[March 13, 2023 20:49:57.874PM GMT] EntityDamageByEntityEvent was triggered by damaged ZOMBIE §4❤❤❤❤❤❤❤§7❤❤❤, damager PLAYER joopy123 and cancelled false.
[March 13, 2023 20:49:57.879PM GMT] EntityDamageByEntityEvent was triggered by damaged PLAYER joopy123, damager ZOMBIE §4❤❤❤❤❤❤❤§7❤❤❤ and cancelled false.
[March 13, 2023 20:50:00.365PM GMT] EntityDamageByEntityEvent was triggered by damaged ZOMBIE §4❤❤❤❤§7❤❤❤❤❤❤, damager PLAYER joopy123 and cancelled false.
[March 13, 2023 20:50:00.964PM GMT] EntityDamageByEntityEvent was triggered by damaged ZOMBIE §4❤§7❤❤❤❤❤❤❤❤❤, damager PLAYER joopy123 and cancelled false.
[March 13, 2023 20:50:01.564PM GMT] EntityDamageByEntityEvent was triggered by damaged ZOMBIE §4§7❤❤❤❤❤❤❤❤❤❤, damager PLAYER joopy123 and cancelled false.
[March 13, 2023 21:02:44.893PM GMT] EntityDamageByEntityEvent was triggered by damaged PLAYER joopy123, damager ZOMBIE Zombie and cancelled false.
[March 13, 2023 21:02:47.092PM GMT] EntityDamageByEntityEvent was triggered by damaged ZOMBIE §4❤❤❤❤❤❤§7❤❤❤❤, damager PLAYER joopy123 and cancelled false.
[March 13, 2023 21:02:47.692PM GMT] EntityDamageByEntityEvent was triggered by damaged ZOMBIE §4❤❤§7❤❤❤❤❤❤❤❤, damager PLAYER joopy123 and cancelled false.
[March 13, 2023 21:02:48.392PM GMT] EntityDamageByEntityEvent was triggered by damaged ZOMBIE §4§7❤❤❤❤❤❤❤❤❤❤, damager PLAYER joopy123 and cancelled false.
[March 13, 2023 21:23:56.524PM GMT] EntityDamageByEntityEvent was triggered by damaged CREEPER §4❤❤❤❤❤❤❤§7❤❤❤, damager PLAYER joopy123 and cancelled false.
[March 13, 2023 21:23:57.123PM GMT] EntityDamageByEntityEvent was triggered by damaged CREEPER §4❤❤❤§7❤❤❤❤❤❤❤, damager PLAYER joopy123 and cancelled false.
[March 13, 2023 21:23:57.724PM GMT] EntityDamageByEntityEvent was triggered by damaged CREEPER §4§7❤❤❤❤❤❤❤❤❤❤, damager PLAYER joopy123 and cancelled false.
[March 13, 2023 21:24:27.432PM GMT] EntityDamageByEntityEvent was triggered by damaged PLAYER joopy123, damager CREEPER Creeper and cancelled false.
[March 13, 2023 21:24:32.531PM GMT] EntityDamageByEntityEvent was triggered by damaged ZOMBIE Zombie, damager CREEPER Creeper and cancelled false.
[March 13, 2023 21:24:32.532PM GMT] EntityDamageByEntityEvent was triggered by damaged ZOMBIE Zombie, damager CREEPER Creeper and cancelled false.
[March 13, 2023 21:24:32.536PM GMT] EntityDamageByEntityEvent was triggered by damaged PLAYER joopy123, damager CREEPER Creeper and cancelled false.
[March 13, 2023 21:24:51.524PM GMT] EntityDamageByEntityEvent was triggered by damaged PLAYER joopy123, damager ZOMBIE Zombie and cancelled false.
[March 13, 2023 21:24:53.326PM GMT] EntityDamageByEntityEvent was triggered by damaged PLAYER joopy123, damager ZOMBIE Zombie and cancelled false.
[March 13, 2023 21:24:53.624PM GMT] EntityDamageByEntityEvent was triggered by damaged ZOMBIE §4❤❤❤❤❤§7❤❤❤❤❤, damager PLAYER joopy123 and cancelled false.
[March 13, 2023 21:24:53.924PM GMT] EntityDamageByEntityEvent was triggered by damaged ZOMBIE §4❤❤§7❤❤❤❤❤❤❤❤, damager PLAYER joopy123 and cancelled false.
[March 13, 2023 21:24:54.424PM GMT] EntityDamageByEntityEvent was triggered by damaged ZOMBIE §4§7❤❤❤❤❤❤❤❤❤❤, damager PLAYER joopy123 and cancelled false.
[March 13, 2023 21:25:31.725PM GMT] EntityDamageByEntityEvent was triggered by damaged ENDERMAN §4❤❤❤❤❤❤❤❤§7❤❤, damager PLAYER joopy123 and cancelled false.
[March 13, 2023 21:34:36.399PM GMT] EntityDamageByEntityEvent was triggered by damaged PLAYER joopy123, damager ARROW Arrow and cancelled false.
[March 13, 2023 21:34:38.698PM GMT] EntityDamageByEntityEvent was triggered by damaged PLAYER joopy123, damager ARROW Arrow and cancelled false.
[March 13, 2023 21:35:11.197PM GMT] EntityDamageByEntityEvent was triggered by damaged PIG §4§7❤❤❤❤❤, damager PLAYER joopy123 and cancelled false.
