[February 04, 2023 00:27:24.351AM GMT] EntityDamageByEntityEvent was triggered by damaged PLAYER joopy123, damager ENDER_PEARL entity.ThrownEnderpearl.name and cancelled false.
[February 04, 2023 00:28:09.748AM GMT] EntityDamageByEntityEvent was triggered by damaged PLAYER joopy123, damager ENDER_PEARL entity.ThrownEnderpearl.name and cancelled false.
[February 04, 2023 01:25:44.852AM GMT] EntityDamageByEntityEvent was triggered by damaged PLAYER agent, damager CREEPER Creeper and cancelled false.
[February 04, 2023 01:54:15.944AM GMT] EntityDamageByEntityEvent was triggered by damaged PLAYER Michael, damager ENDER_PEARL entity.ThrownEnderpearl.name and cancelled false.
[February 04, 2023 01:54:18.859AM GMT] EntityDamageByEntityEvent was triggered by damaged PLAYER Michael, damager ARROW Arrow and cancelled false.
[February 04, 2023 01:54:20.169AM GMT] EntityDamageByEntityEvent was triggered by damaged PLAYER Michael, damager ARROW Arrow and cancelled false.
[February 04, 2023 01:54:21.759AM GMT] EntityDamageByEntityEvent was triggered by damaged PLAYER Michael, damager ARROW Arrow and cancelled false.
[February 04, 2023 01:54:23.752AM GMT] EntityDamageByEntityEvent was triggered by damaged PLAYER Michael, damager ARROW Arrow and cancelled false.
[February 04, 2023 01:54:27.957AM GMT] EntityDamageByEntityEvent was triggered by damaged PLAYER Michael, damager ZOMBIE Zombie and cancelled true.
[February 04, 2023 01:54:28.361AM GMT] EntityDamageByEntityEvent was triggered by damaged ZOMBIE Zombie, damager ARROW Arrow and cancelled false.
[February 04, 2023 01:54:29.956AM GMT] EntityDamageByEntityEvent was triggered by damaged PLAYER Michael, damager ZOMBIE Zombie and cancelled true.
[February 04, 2023 09:26:00.352AM GMT] EntityDamageByEntityEvent was triggered by damaged PLAYER ERROR_101, damager ZOMBIE Zombie and cancelled true.
[February 04, 2023 09:26:03.253AM GMT] EntityDamageByEntityEvent was triggered by damaged PLAYER ERROR_101, damager ZOMBIE Zombie and cancelled true.
[February 04, 2023 09:26:04.952AM GMT] EntityDamageByEntityEvent was triggered by damaged PLAYER ERROR_101, damager ZOMBIE Zombie and cancelled true.
[February 04, 2023 09:26:06.152AM GMT] EntityDamageByEntityEvent was triggered by damaged PLAYER ERROR_101, damager ZOMBIE Zombie and cancelled true.
[February 04, 2023 09:26:07.152AM GMT] EntityDamageByEntityEvent was triggered by damaged PLAYER ERROR_101, damager ZOMBIE Zombie and cancelled true.
[February 04, 2023 09:26:08.151AM GMT] EntityDamageByEntityEvent was triggered by damaged PLAYER ERROR_101, damager ZOMBIE Zombie and cancelled true.
[February 04, 2023 09:26:09.157AM GMT] EntityDamageByEntityEvent was triggered by damaged PLAYER ERROR_101, damager ZOMBIE Zombie and cancelled true.
[February 04, 2023 09:26:10.153AM GMT] EntityDamageByEntityEvent was triggered by damaged PLAYER ERROR_101, damager ZOMBIE Zombie and cancelled true.
[February 04, 2023 09:26:11.153AM GMT] EntityDamageByEntityEvent was triggered by damaged PLAYER ERROR_101, damager ZOMBIE Zombie and cancelled true.
[February 04, 2023 09:26:11.355AM GMT] EntityDamageByEntityEvent was triggered by damaged ZOMBIE Zombie, damager PLAYER ERROR_101 and cancelled false.
[February 04, 2023 09:26:11.950AM GMT] EntityDamageByEntityEvent was triggered by damaged ZOMBIE Zombie, damager PLAYER ERROR_101 and cancelled false.
[February 04, 2023 09:26:12.653AM GMT] EntityDamageByEntityEvent was triggered by damaged ZOMBIE Zombie, damager PLAYER ERROR_101 and cancelled false.
[February 04, 2023 09:26:13.257AM GMT] EntityDamageByEntityEvent was triggered by damaged ZOMBIE Zombie, damager PLAYER ERROR_101 and cancelled false.
[February 04, 2023 09:26:27.053AM GMT] EntityDamageByEntityEvent was triggered by damaged PLAYER ERROR_101, damager ARROW Arrow and cancelled true.
[February 04, 2023 09:26:28.453AM GMT] EntityDamageByEntityEvent was triggered by damaged PLAYER ERROR_101, damager ARROW Arrow and cancelled true.
[February 04, 2023 09:26:29.756AM GMT] EntityDamageByEntityEvent was triggered by damaged PLAYER ERROR_101, damager ARROW Arrow and cancelled true.
[February 04, 2023 09:26:30.851AM GMT] EntityDamageByEntityEvent was triggered by damaged SKELETON Skeleton, damager PLAYER ERROR_101 and cancelled false.
[February 04, 2023 09:26:31.353AM GMT] EntityDamageByEntityEvent was triggered by damaged SKELETON Skeleton, damager PLAYER ERROR_101 and cancelled false.
[February 04, 2023 09:26:32.955AM GMT] EntityDamageByEntityEvent was triggered by damaged ZOMBIE Zombie, damager PLAYER ERROR_101 and cancelled false.
[February 04, 2023 09:26:33.057AM GMT] EntityDamageByEntityEvent was triggered by damaged PLAYER ERROR_101, damager ARROW Arrow and cancelled true.
[February 04, 2023 09:26:33.754AM GMT] EntityDamageByEntityEvent was triggered by damaged ZOMBIE Zombie, damager PLAYER ERROR_101 and cancelled false.
[February 04, 2023 09:26:34.353AM GMT] EntityDamageByEntityEvent was triggered by damaged ZOMBIE Zombie, damager PLAYER ERROR_101 and cancelled false.
[February 04, 2023 09:26:34.459AM GMT] EntityDamageByEntityEvent was triggered by damaged PLAYER ERROR_101, damager ARROW Arrow and cancelled true.
[February 04, 2023 09:26:35.462AM GMT] EntityDamageByEntityEvent was triggered by damaged PLAYER ERROR_101, damager ZOMBIE Zombie and cancelled true.
[February 04, 2023 09:26:35.654AM GMT] EntityDamageByEntityEvent was triggered by damaged ZOMBIE Zombie, damager PLAYER ERROR_101 and cancelled false.
[February 04, 2023 09:26:35.958AM GMT] EntityDamageByEntityEvent was triggered by damaged PLAYER ERROR_101, damager ARROW Arrow and cancelled true.
[February 04, 2023 09:26:37.452AM GMT] EntityDamageByEntityEvent was triggered by damaged PLAYER ERROR_101, damager ARROW Arrow and cancelled false.
[February 04, 2023 09:26:38.855AM GMT] EntityDamageByEntityEvent was triggered by damaged PLAYER ERROR_101, damager ARROW Arrow and cancelled true.
[February 04, 2023 09:26:38.951AM GMT] EntityDamageByEntityEvent was triggered by damaged SKELETON Skeleton, damager PLAYER ERROR_101 and cancelled false.
[February 04, 2023 09:26:38.959AM GMT] EntityDamageByEntityEvent was triggered by damaged PLAYER ERROR_101, damager ARROW Arrow and cancelled true.
[February 04, 2023 09:26:39.053AM GMT] EntityDamageByEntityEvent was triggered by damaged PLAYER ERROR_101, damager ARROW Arrow and cancelled true.
[February 04, 2023 09:26:39.152AM GMT] EntityDamageByEntityEvent was triggered by damaged PLAYER ERROR_101, damager ARROW Arrow and cancelled true.
[February 04, 2023 09:26:39.155AM GMT] EntityDamageByEntityEvent was triggered by damaged PLAYER ERROR_101, damager ARROW Arrow and cancelled true.
[February 04, 2023 09:26:39.251AM GMT] EntityDamageByEntityEvent was triggered by damaged PLAYER ERROR_101, damager ARROW Arrow and cancelled true.
[February 04, 2023 09:26:39.255AM GMT] EntityDamageByEntityEvent was triggered by damaged PLAYER ERROR_101, damager ARROW Arrow and cancelled true.
[February 04, 2023 09:26:39.352AM GMT] EntityDamageByEntityEvent was triggered by damaged PLAYER ERROR_101, damager ARROW Arrow and cancelled true.
[February 04, 2023 09:26:39.354AM GMT] EntityDamageByEntityEvent was triggered by damaged PLAYER ERROR_101, damager ARROW Arrow and cancelled true.
[February 04, 2023 09:26:39.456AM GMT] EntityDamageByEntityEvent was triggered by damaged PLAYER ERROR_101, damager ARROW Arrow and cancelled true.
[February 04, 2023 09:26:39.552AM GMT] EntityDamageByEntityEvent was triggered by damaged PLAYER ERROR_101, damager ARROW Arrow and cancelled true.
[February 04, 2023 09:26:39.553AM GMT] EntityDamageByEntityEvent was triggered by damaged PLAYER ERROR_101, damager ARROW Arrow and cancelled true.
[February 04, 2023 09:26:39.654AM GMT] EntityDamageByEntityEvent was triggered by damaged PLAYER ERROR_101, damager ARROW Arrow and cancelled true.
[February 04, 2023 09:26:39.656AM GMT] EntityDamageByEntityEvent was triggered by damaged PLAYER ERROR_101, damager ARROW Arrow and cancelled true.
[February 04, 2023 09:26:39.754AM GMT] EntityDamageByEntityEvent was triggered by damaged PLAYER ERROR_101, damager ARROW Arrow and cancelled true.
[February 04, 2023 09:26:39.756AM GMT] EntityDamageByEntityEvent was triggered by damaged PLAYER ERROR_101, damager ARROW Arrow and cancelled true.
[February 04, 2023 09:26:39.854AM GMT] EntityDamageByEntityEvent was triggered by damaged PLAYER ERROR_101, damager ARROW Arrow and cancelled true.
[February 04, 2023 09:26:39.856AM GMT] EntityDamageByEntityEvent was triggered by damaged PLAYER ERROR_101, damager ARROW Arrow and cancelled true.
[February 04, 2023 09:26:39.951AM GMT] EntityDamageByEntityEvent was triggered by damaged PLAYER ERROR_101, damager ARROW Arrow and cancelled true.
[February 04, 2023 09:26:40.051AM GMT] EntityDamageByEntityEvent was triggered by damaged PLAYER ERROR_101, damager ARROW Arrow and cancelled true.
[February 04, 2023 09:26:40.053AM GMT] EntityDamageByEntityEvent was triggered by damaged PLAYER ERROR_101, damager ARROW Arrow and cancelled true.
[February 04, 2023 09:26:40.156AM GMT] EntityDamageByEntityEvent was triggered by damaged PLAYER ERROR_101, damager ARROW Arrow and cancelled true.
[February 04, 2023 09:26:40.161AM GMT] EntityDamageByEntityEvent was triggered by damaged PLAYER ERROR_101, damager ARROW Arrow and cancelled true.
[February 04, 2023 09:26:40.259AM GMT] EntityDamageByEntityEvent was triggered by damaged PLAYER ERROR_101, damager ARROW Arrow and cancelled true.
[February 04, 2023 09:26:40.260AM GMT] EntityDamageByEntityEvent was triggered by damaged PLAYER ERROR_101, damager ARROW Arrow and cancelled true.
[February 04, 2023 09:26:40.263AM GMT] EntityDamageByEntityEvent was triggered by damaged PLAYER ERROR_101, damager ARROW Arrow and cancelled true.
[February 04, 2023 09:26:40.351AM GMT] EntityDamageByEntityEvent was triggered by damaged PLAYER ERROR_101, damager ARROW Arrow and cancelled true.
[February 04, 2023 09:26:40.353AM GMT] EntityDamageByEntityEvent was triggered by damaged PLAYER ERROR_101, damager ARROW Arrow and cancelled true.
[February 04, 2023 09:26:40.451AM GMT] EntityDamageByEntityEvent was triggered by damaged PLAYER ERROR_101, damager ARROW Arrow and cancelled true.
[February 04, 2023 09:26:40.552AM GMT] EntityDamageByEntityEvent was triggered by damaged PLAYER ERROR_101, damager ARROW Arrow and cancelled true.
[February 04, 2023 09:26:40.554AM GMT] EntityDamageByEntityEvent was triggered by damaged PLAYER ERROR_101, damager ARROW Arrow and cancelled true.
[February 04, 2023 09:26:40.652AM GMT] EntityDamageByEntityEvent was triggered by damaged PLAYER ERROR_101, damager ARROW Arrow and cancelled true.
[February 04, 2023 09:26:40.660AM GMT] EntityDamageByEntityEvent was triggered by damaged PLAYER ERROR_101, damager ARROW Arrow and cancelled true.
[February 04, 2023 09:26:40.757AM GMT] EntityDamageByEntityEvent was triggered by damaged PLAYER ERROR_101, damager ARROW Arrow and cancelled true.
[February 04, 2023 09:26:40.762AM GMT] EntityDamageByEntityEvent was triggered by damaged PLAYER ERROR_101, damager ARROW Arrow and cancelled true.
[February 04, 2023 09:26:40.858AM GMT] EntityDamageByEntityEvent was triggered by damaged PLAYER ERROR_101, damager ARROW Arrow and cancelled true.
[February 04, 2023 09:26:40.862AM GMT] EntityDamageByEntityEvent was triggered by damaged PLAYER ERROR_101, damager ARROW Arrow and cancelled true.
[February 04, 2023 09:26:40.951AM GMT] EntityDamageByEntityEvent was triggered by damaged PLAYER ERROR_101, damager ARROW Arrow and cancelled true.
[February 04, 2023 09:26:41.051AM GMT] EntityDamageByEntityEvent was triggered by damaged PLAYER ERROR_101, damager ARROW Arrow and cancelled true.
[February 04, 2023 09:26:41.053AM GMT] EntityDamageByEntityEvent was triggered by damaged PLAYER ERROR_101, damager ARROW Arrow and cancelled true.
[February 04, 2023 09:26:41.151AM GMT] EntityDamageByEntityEvent was triggered by damaged PLAYER ERROR_101, damager ARROW Arrow and cancelled true.
[February 04, 2023 09:26:41.153AM GMT] EntityDamageByEntityEvent was triggered by damaged PLAYER ERROR_101, damager ARROW Arrow and cancelled true.
[February 04, 2023 09:26:41.251AM GMT] EntityDamageByEntityEvent was triggered by damaged PLAYER ERROR_101, damager ARROW Arrow and cancelled true.
[February 04, 2023 09:26:41.256AM GMT] EntityDamageByEntityEvent was triggered by damaged PLAYER ERROR_101, damager ARROW Arrow and cancelled true.
[February 04, 2023 09:26:41.352AM GMT] EntityDamageByEntityEvent was triggered by damaged PLAYER ERROR_101, damager ARROW Arrow and cancelled true.
[February 04, 2023 09:26:41.354AM GMT] EntityDamageByEntityEvent was triggered by damaged PLAYER ERROR_101, damager ARROW Arrow and cancelled true.
[February 04, 2023 09:26:41.452AM GMT] EntityDamageByEntityEvent was triggered by damaged PLAYER ERROR_101, damager ARROW Arrow and cancelled true.
[February 04, 2023 09:26:41.552AM GMT] EntityDamageByEntityEvent was triggered by damaged PLAYER ERROR_101, damager ARROW Arrow and cancelled true.
[February 04, 2023 09:26:41.557AM GMT] EntityDamageByEntityEvent was triggered by damaged PLAYER ERROR_101, damager ARROW Arrow and cancelled true.
[February 04, 2023 09:26:41.652AM GMT] EntityDamageByEntityEvent was triggered by damaged PLAYER ERROR_101, damager ARROW Arrow and cancelled true.
[February 04, 2023 09:26:41.656AM GMT] EntityDamageByEntityEvent was triggered by damaged PLAYER ERROR_101, damager ARROW Arrow and cancelled true.
[February 04, 2023 09:26:41.753AM GMT] EntityDamageByEntityEvent was triggered by damaged PLAYER ERROR_101, damager ARROW Arrow and cancelled true.
[February 04, 2023 09:26:41.753AM GMT] EntityDamageByEntityEvent was triggered by damaged PLAYER ERROR_101, damager ARROW Arrow and cancelled true.
[February 04, 2023 09:26:41.756AM GMT] EntityDamageByEntityEvent was triggered by damaged PLAYER ERROR_101, damager ARROW Arrow and cancelled true.
[February 04, 2023 09:26:41.852AM GMT] EntityDamageByEntityEvent was triggered by damaged PLAYER ERROR_101, damager ARROW Arrow and cancelled true.
[February 04, 2023 09:26:41.858AM GMT] EntityDamageByEntityEvent was triggered by damaged PLAYER ERROR_101, damager ARROW Arrow and cancelled true.
[February 04, 2023 09:26:41.951AM GMT] EntityDamageByEntityEvent was triggered by damaged PLAYER ERROR_101, damager ARROW Arrow and cancelled true.
[February 04, 2023 09:26:42.052AM GMT] EntityDamageByEntityEvent was triggered by damaged PLAYER ERROR_101, damager ARROW Arrow and cancelled true.
[February 04, 2023 09:26:42.054AM GMT] EntityDamageByEntityEvent was triggered by damaged PLAYER ERROR_101, damager ARROW Arrow and cancelled true.
[February 04, 2023 09:26:42.152AM GMT] EntityDamageByEntityEvent was triggered by damaged PLAYER ERROR_101, damager ARROW Arrow and cancelled true.
[February 04, 2023 09:26:42.153AM GMT] EntityDamageByEntityEvent was triggered by damaged PLAYER ERROR_101, damager ARROW Arrow and cancelled true.
[February 04, 2023 09:26:42.252AM GMT] EntityDamageByEntityEvent was triggered by damaged PLAYER ERROR_101, damager ARROW Arrow and cancelled true.
[February 04, 2023 09:26:42.253AM GMT] EntityDamageByEntityEvent was triggered by damaged PLAYER ERROR_101, damager ARROW Arrow and cancelled true.
[February 04, 2023 09:26:42.351AM GMT] EntityDamageByEntityEvent was triggered by damaged PLAYER ERROR_101, damager ARROW Arrow and cancelled true.
[February 04, 2023 09:26:42.354AM GMT] EntityDamageByEntityEvent was triggered by damaged PLAYER ERROR_101, damager ARROW Arrow and cancelled true.
[February 04, 2023 09:26:42.451AM GMT] EntityDamageByEntityEvent was triggered by damaged PLAYER ERROR_101, damager ARROW Arrow and cancelled true.
[February 04, 2023 09:26:42.556AM GMT] EntityDamageByEntityEvent was triggered by damaged PLAYER ERROR_101, damager ARROW Arrow and cancelled true.
[February 04, 2023 09:26:42.559AM GMT] EntityDamageByEntityEvent was triggered by damaged PLAYER ERROR_101, damager ARROW Arrow and cancelled true.
[February 04, 2023 09:26:42.651AM GMT] EntityDamageByEntityEvent was triggered by damaged PLAYER ERROR_101, damager ARROW Arrow and cancelled true.
[February 04, 2023 09:26:42.653AM GMT] EntityDamageByEntityEvent was triggered by damaged PLAYER ERROR_101, damager ARROW Arrow and cancelled true.
[February 04, 2023 09:26:42.751AM GMT] EntityDamageByEntityEvent was triggered by damaged PLAYER ERROR_101, damager ARROW Arrow and cancelled true.
[February 04, 2023 09:26:42.752AM GMT] EntityDamageByEntityEvent was triggered by damaged PLAYER ERROR_101, damager ARROW Arrow and cancelled true.
[February 04, 2023 09:26:42.851AM GMT] EntityDamageByEntityEvent was triggered by damaged PLAYER ERROR_101, damager ARROW Arrow and cancelled true.
[February 04, 2023 09:26:42.853AM GMT] EntityDamageByEntityEvent was triggered by damaged PLAYER ERROR_101, damager ARROW Arrow and cancelled true.
[February 04, 2023 09:26:42.953AM GMT] EntityDamageByEntityEvent was triggered by damaged PLAYER ERROR_101, damager ARROW Arrow and cancelled true.
[February 04, 2023 09:26:43.051AM GMT] EntityDamageByEntityEvent was triggered by damaged PLAYER ERROR_101, damager ARROW Arrow and cancelled true.
[February 04, 2023 09:26:43.053AM GMT] EntityDamageByEntityEvent was triggered by damaged PLAYER ERROR_101, damager ARROW Arrow and cancelled true.
[February 04, 2023 09:26:43.155AM GMT] EntityDamageByEntityEvent was triggered by damaged PLAYER ERROR_101, damager ARROW Arrow and cancelled true.
[February 04, 2023 09:26:43.160AM GMT] EntityDamageByEntityEvent was triggered by damaged PLAYER ERROR_101, damager ARROW Arrow and cancelled true.
[February 04, 2023 09:26:43.251AM GMT] EntityDamageByEntityEvent was triggered by damaged PLAYER ERROR_101, damager ARROW Arrow and cancelled true.
[February 04, 2023 09:26:43.252AM GMT] EntityDamageByEntityEvent was triggered by damaged PLAYER ERROR_101, damager ARROW Arrow and cancelled true.
[February 04, 2023 09:26:43.254AM GMT] EntityDamageByEntityEvent was triggered by damaged PLAYER ERROR_101, damager ARROW Arrow and cancelled true.
[February 04, 2023 09:26:43.351AM GMT] EntityDamageByEntityEvent was triggered by damaged PLAYER ERROR_101, damager ARROW Arrow and cancelled true.
[February 04, 2023 09:26:43.356AM GMT] EntityDamageByEntityEvent was triggered by damaged PLAYER ERROR_101, damager ARROW Arrow and cancelled true.
[February 04, 2023 09:26:43.457AM GMT] EntityDamageByEntityEvent was triggered by damaged PLAYER ERROR_101, damager ARROW Arrow and cancelled true.
[February 04, 2023 09:26:43.552AM GMT] EntityDamageByEntityEvent was triggered by damaged PLAYER ERROR_101, damager ARROW Arrow and cancelled true.
[February 04, 2023 09:26:43.553AM GMT] EntityDamageByEntityEvent was triggered by damaged PLAYER ERROR_101, damager ARROW Arrow and cancelled true.
[February 04, 2023 09:26:43.651AM GMT] EntityDamageByEntityEvent was triggered by damaged PLAYER ERROR_101, damager ARROW Arrow and cancelled true.
[February 04, 2023 09:26:43.655AM GMT] EntityDamageByEntityEvent was triggered by damaged PLAYER ERROR_101, damager ARROW Arrow and cancelled true.
[February 04, 2023 09:26:43.751AM GMT] EntityDamageByEntityEvent was triggered by damaged PLAYER ERROR_101, damager ARROW Arrow and cancelled true.
[February 04, 2023 09:26:43.752AM GMT] EntityDamageByEntityEvent was triggered by damaged PLAYER ERROR_101, damager ARROW Arrow and cancelled true.
[February 04, 2023 09:26:43.851AM GMT] EntityDamageByEntityEvent was triggered by damaged PLAYER ERROR_101, damager ARROW Arrow and cancelled true.
[February 04, 2023 09:26:43.853AM GMT] EntityDamageByEntityEvent was triggered by damaged PLAYER ERROR_101, damager ARROW Arrow and cancelled true.
[February 04, 2023 09:26:43.953AM GMT] EntityDamageByEntityEvent was triggered by damaged PLAYER ERROR_101, damager ARROW Arrow and cancelled true.
[February 04, 2023 09:26:44.051AM GMT] EntityDamageByEntityEvent was triggered by damaged PLAYER ERROR_101, damager ARROW Arrow and cancelled true.
[February 04, 2023 09:26:44.053AM GMT] EntityDamageByEntityEvent was triggered by damaged PLAYER ERROR_101, damager ARROW Arrow and cancelled true.
[February 04, 2023 09:26:44.160AM GMT] EntityDamageByEntityEvent was triggered by damaged PLAYER ERROR_101, damager ARROW Arrow and cancelled true.
[February 04, 2023 09:26:44.166AM GMT] EntityDamageByEntityEvent was triggered by damaged PLAYER ERROR_101, damager ARROW Arrow and cancelled true.
[February 04, 2023 09:26:44.251AM GMT] EntityDamageByEntityEvent was triggered by damaged PLAYER ERROR_101, damager ARROW Arrow and cancelled true.
[February 04, 2023 09:26:44.253AM GMT] EntityDamageByEntityEvent was triggered by damaged PLAYER ERROR_101, damager ARROW Arrow and cancelled true.
[February 04, 2023 09:26:44.355AM GMT] EntityDamageByEntityEvent was triggered by damaged PLAYER ERROR_101, damager ARROW Arrow and cancelled true.
[February 04, 2023 09:26:44.356AM GMT] EntityDamageByEntityEvent was triggered by damaged PLAYER ERROR_101, damager ARROW Arrow and cancelled true.
[February 04, 2023 09:26:44.451AM GMT] EntityDamageByEntityEvent was triggered by damaged PLAYER ERROR_101, damager ARROW Arrow and cancelled true.
[February 04, 2023 09:26:44.552AM GMT] EntityDamageByEntityEvent was triggered by damaged PLAYER ERROR_101, damager ARROW Arrow and cancelled true.
[February 04, 2023 09:26:44.554AM GMT] EntityDamageByEntityEvent was triggered by damaged PLAYER ERROR_101, damager ARROW Arrow and cancelled true.
[February 04, 2023 09:26:44.651AM GMT] EntityDamageByEntityEvent was triggered by damaged PLAYER ERROR_101, damager ARROW Arrow and cancelled true.
[February 04, 2023 09:26:44.653AM GMT] EntityDamageByEntityEvent was triggered by damaged PLAYER ERROR_101, damager ARROW Arrow and cancelled true.
[February 04, 2023 09:26:44.752AM GMT] EntityDamageByEntityEvent was triggered by damaged PLAYER ERROR_101, damager ARROW Arrow and cancelled true.
[February 04, 2023 09:26:44.754AM GMT] EntityDamageByEntityEvent was triggered by damaged PLAYER ERROR_101, damager ARROW Arrow and cancelled true.
[February 04, 2023 09:26:44.754AM GMT] EntityDamageByEntityEvent was triggered by damaged PLAYER ERROR_101, damager ARROW Arrow and cancelled true.
[February 04, 2023 09:26:44.853AM GMT] EntityDamageByEntityEvent was triggered by damaged PLAYER ERROR_101, damager ARROW Arrow and cancelled true.
[February 04, 2023 09:26:44.857AM GMT] EntityDamageByEntityEvent was triggered by damaged PLAYER ERROR_101, damager ARROW Arrow and cancelled true.
[February 04, 2023 09:26:44.952AM GMT] EntityDamageByEntityEvent was triggered by damaged PLAYER ERROR_101, damager ARROW Arrow and cancelled true.
[February 04, 2023 09:26:45.053AM GMT] EntityDamageByEntityEvent was triggered by damaged PLAYER ERROR_101, damager ARROW Arrow and cancelled true.
[February 04, 2023 09:26:45.054AM GMT] EntityDamageByEntityEvent was triggered by damaged PLAYER ERROR_101, damager ARROW Arrow and cancelled true.
[February 04, 2023 09:26:45.154AM GMT] EntityDamageByEntityEvent was triggered by damaged PLAYER ERROR_101, damager ARROW Arrow and cancelled true.
[February 04, 2023 09:26:45.157AM GMT] EntityDamageByEntityEvent was triggered by damaged PLAYER ERROR_101, damager ARROW Arrow and cancelled true.
[February 04, 2023 09:26:45.252AM GMT] EntityDamageByEntityEvent was triggered by damaged PLAYER ERROR_101, damager ARROW Arrow and cancelled true.
[February 04, 2023 09:26:45.254AM GMT] EntityDamageByEntityEvent was triggered by damaged PLAYER ERROR_101, damager ARROW Arrow and cancelled true.
[February 04, 2023 09:26:45.352AM GMT] EntityDamageByEntityEvent was triggered by damaged PLAYER ERROR_101, damager ARROW Arrow and cancelled true.
[February 04, 2023 09:26:45.413AM GMT] EntityDamageByEntityEvent was triggered by damaged PLAYER ERROR_101, damager ARROW Arrow and cancelled true.
[February 04, 2023 09:26:45.422AM GMT] EntityDamageByEntityEvent was triggered by damaged PLAYER ERROR_101, damager ARROW Arrow and cancelled true.
[February 04, 2023 09:26:45.514AM GMT] EntityDamageByEntityEvent was triggered by damaged PLAYER ERROR_101, damager ARROW Arrow and cancelled true.
[February 04, 2023 09:26:45.601AM GMT] EntityDamageByEntityEvent was triggered by damaged PLAYER ERROR_101, damager ARROW Arrow and cancelled true.
[February 04, 2023 09:26:45.604AM GMT] EntityDamageByEntityEvent was triggered by damaged PLAYER ERROR_101, damager ARROW Arrow and cancelled true.
[February 04, 2023 09:26:46.306AM GMT] EntityDamageByEntityEvent was triggered by damaged PLAYER ERROR_101, damager ARROW Arrow and cancelled false.
[February 04, 2023 09:26:46.602AM GMT] EntityDamageByEntityEvent was triggered by damaged SKELETON Skeleton, damager PLAYER ERROR_101 and cancelled false.
[February 04, 2023 09:29:00.354AM GMT] EntityDamageByEntityEvent was triggered by damaged VILLAGER §aMisc, damager PLAYER ERROR_101 and cancelled true.
[February 04, 2023 09:29:01.566AM GMT] EntityDamageByEntityEvent was triggered by damaged VILLAGER §aMisc, damager PLAYER ERROR_101 and cancelled true.
[February 04, 2023 17:00:42.332PM GMT] EntityDamageByEntityEvent was triggered by damaged PLAYER agent, damager CREEPER Creeper and cancelled true.
[February 04, 2023 17:01:11.847PM GMT] EntityDamageByEntityEvent was triggered by damaged PLAYER agent, damager SPIDER Spider and cancelled false.
[February 04, 2023 17:01:11.908PM GMT] EntityDamageByEntityEvent was triggered by damaged SPIDER Spider, damager PLAYER agent and cancelled false.
[February 04, 2023 17:01:11.927PM GMT] EntityDamageByEntityEvent was triggered by damaged SPIDER Spider, damager PLAYER agent and cancelled false.
[February 04, 2023 17:09:23.400PM GMT] EntityDamageByEntityEvent was triggered by damaged PLAYER joopy123, damager ZOMBIE Zombie and cancelled false.
[February 04, 2023 17:09:24.605PM GMT] EntityDamageByEntityEvent was triggered by damaged PLAYER joopy123, damager ZOMBIE Zombie and cancelled false.
[February 04, 2023 17:09:24.607PM GMT] EntityDamageByEntityEvent was triggered by damaged ZOMBIE Zombie, damager PLAYER joopy123 and cancelled false.
[February 04, 2023 17:09:26.405PM GMT] EntityDamageByEntityEvent was triggered by damaged PLAYER joopy123, damager ZOMBIE Zombie and cancelled false.
[February 04, 2023 17:09:26.598PM GMT] EntityDamageByEntityEvent was triggered by damaged ZOMBIE Zombie, damager PLAYER joopy123 and cancelled false.
[February 04, 2023 17:09:27.499PM GMT] EntityDamageByEntityEvent was triggered by damaged ZOMBIE Zombie, damager PLAYER joopy123 and cancelled false.
[February 04, 2023 17:10:27.300PM GMT] EntityDamageByEntityEvent was triggered by damaged DROPPED_ITEM item.item.rottenFlesh, damager CREEPER Creeper and cancelled false.
[February 04, 2023 17:10:27.304PM GMT] EntityDamageByEntityEvent was triggered by damaged PLAYER joopy123, damager CREEPER Creeper and cancelled false.
[February 04, 2023 17:10:27.313PM GMT] EntityDamageByEntityEvent was triggered by damaged CREEPER Creeper, damager CREEPER Creeper and cancelled false.
[February 04, 2023 21:51:44.246PM GMT] EntityDamageByEntityEvent was triggered by damaged PLAYER agent, damager ZOMBIE Zombie and cancelled true.
[February 04, 2023 21:51:45.635PM GMT] EntityDamageByEntityEvent was triggered by damaged PLAYER agent, damager ZOMBIE Zombie and cancelled true.
[February 04, 2023 21:51:47.334PM GMT] EntityDamageByEntityEvent was triggered by damaged PLAYER agent, damager ZOMBIE Zombie and cancelled true.
[February 04, 2023 21:51:49.033PM GMT] EntityDamageByEntityEvent was triggered by damaged PLAYER agent, damager ZOMBIE Zombie and cancelled true.
[February 04, 2023 21:51:50.632PM GMT] EntityDamageByEntityEvent was triggered by damaged PLAYER agent, damager ZOMBIE Zombie and cancelled true.
[February 04, 2023 21:51:52.132PM GMT] EntityDamageByEntityEvent was triggered by damaged PLAYER agent, damager ZOMBIE Zombie and cancelled true.
[February 04, 2023 21:51:53.632PM GMT] EntityDamageByEntityEvent was triggered by damaged PLAYER agent, damager ZOMBIE Zombie and cancelled true.
[February 04, 2023 21:51:55.132PM GMT] EntityDamageByEntityEvent was triggered by damaged PLAYER agent, damager ZOMBIE Zombie and cancelled true.
[February 04, 2023 21:51:56.533PM GMT] EntityDamageByEntityEvent was triggered by damaged PLAYER agent, damager ZOMBIE Zombie and cancelled true.
[February 04, 2023 21:51:58.233PM GMT] EntityDamageByEntityEvent was triggered by damaged PLAYER agent, damager ZOMBIE Zombie and cancelled true.
[February 04, 2023 21:51:59.833PM GMT] EntityDamageByEntityEvent was triggered by damaged PLAYER agent, damager ZOMBIE Zombie and cancelled true.
[February 04, 2023 21:52:01.434PM GMT] EntityDamageByEntityEvent was triggered by damaged PLAYER agent, damager ZOMBIE Zombie and cancelled true.
[February 04, 2023 21:52:03.033PM GMT] EntityDamageByEntityEvent was triggered by damaged PLAYER agent, damager ZOMBIE Zombie and cancelled true.
[February 04, 2023 21:52:04.432PM GMT] EntityDamageByEntityEvent was triggered by damaged PLAYER agent, damager ZOMBIE Zombie and cancelled true.
[February 04, 2023 21:52:05.932PM GMT] EntityDamageByEntityEvent was triggered by damaged PLAYER agent, damager ZOMBIE Zombie and cancelled true.
[February 04, 2023 21:52:07.640PM GMT] EntityDamageByEntityEvent was triggered by damaged PLAYER agent, damager ZOMBIE Zombie and cancelled true.
[February 04, 2023 21:52:09.033PM GMT] EntityDamageByEntityEvent was triggered by damaged PLAYER agent, damager ZOMBIE Zombie and cancelled true.
[February 04, 2023 21:52:10.636PM GMT] EntityDamageByEntityEvent was triggered by damaged PLAYER agent, damager ZOMBIE Zombie and cancelled true.
[February 04, 2023 21:52:12.232PM GMT] EntityDamageByEntityEvent was triggered by damaged PLAYER agent, damager ZOMBIE Zombie and cancelled true.
[February 04, 2023 21:52:13.633PM GMT] EntityDamageByEntityEvent was triggered by damaged PLAYER agent, damager ZOMBIE Zombie and cancelled true.
[February 04, 2023 21:52:15.232PM GMT] EntityDamageByEntityEvent was triggered by damaged PLAYER agent, damager ZOMBIE Zombie and cancelled true.
[February 04, 2023 21:52:16.632PM GMT] EntityDamageByEntityEvent was triggered by damaged PLAYER agent, damager ZOMBIE Zombie and cancelled true.
[February 04, 2023 21:52:18.234PM GMT] EntityDamageByEntityEvent was triggered by damaged PLAYER agent, damager ZOMBIE Zombie and cancelled true.
[February 04, 2023 21:52:19.732PM GMT] EntityDamageByEntityEvent was triggered by damaged PLAYER agent, damager ZOMBIE Zombie and cancelled true.
[February 04, 2023 21:52:21.333PM GMT] EntityDamageByEntityEvent was triggered by damaged PLAYER agent, damager ZOMBIE Zombie and cancelled true.
[February 04, 2023 21:52:22.834PM GMT] EntityDamageByEntityEvent was triggered by damaged PLAYER agent, damager ZOMBIE Zombie and cancelled true.
[February 04, 2023 21:52:24.432PM GMT] EntityDamageByEntityEvent was triggered by damaged PLAYER agent, damager ZOMBIE Zombie and cancelled true.
[February 04, 2023 21:52:26.032PM GMT] EntityDamageByEntityEvent was triggered by damaged PLAYER agent, damager ZOMBIE Zombie and cancelled true.
[February 04, 2023 21:52:27.532PM GMT] EntityDamageByEntityEvent was triggered by damaged PLAYER agent, damager ZOMBIE Zombie and cancelled true.
[February 04, 2023 21:52:29.033PM GMT] EntityDamageByEntityEvent was triggered by damaged PLAYER agent, damager ZOMBIE Zombie and cancelled true.
[February 04, 2023 21:52:30.534PM GMT] EntityDamageByEntityEvent was triggered by damaged PLAYER agent, damager ZOMBIE Zombie and cancelled true.
[February 04, 2023 21:52:31.933PM GMT] EntityDamageByEntityEvent was triggered by damaged PLAYER agent, damager ZOMBIE Zombie and cancelled true.
[February 04, 2023 21:52:33.633PM GMT] EntityDamageByEntityEvent was triggered by damaged PLAYER agent, damager ZOMBIE Zombie and cancelled true.
[February 04, 2023 21:52:35.133PM GMT] EntityDamageByEntityEvent was triggered by damaged PLAYER agent, damager ZOMBIE Zombie and cancelled true.
[February 04, 2023 21:52:36.633PM GMT] EntityDamageByEntityEvent was triggered by damaged PLAYER agent, damager ZOMBIE Zombie and cancelled true.
[February 04, 2023 21:52:38.134PM GMT] EntityDamageByEntityEvent was triggered by damaged PLAYER agent, damager ZOMBIE Zombie and cancelled true.
[February 04, 2023 21:52:39.634PM GMT] EntityDamageByEntityEvent was triggered by damaged PLAYER agent, damager ZOMBIE Zombie and cancelled true.
[February 04, 2023 21:52:41.133PM GMT] EntityDamageByEntityEvent was triggered by damaged PLAYER agent, damager ZOMBIE Zombie and cancelled true.
[February 04, 2023 21:52:42.733PM GMT] EntityDamageByEntityEvent was triggered by damaged PLAYER agent, damager ZOMBIE Zombie and cancelled true.
[February 04, 2023 21:52:44.133PM GMT] EntityDamageByEntityEvent was triggered by damaged PLAYER agent, damager ZOMBIE Zombie and cancelled true.
[February 04, 2023 21:52:45.632PM GMT] EntityDamageByEntityEvent was triggered by damaged PLAYER agent, damager ZOMBIE Zombie and cancelled true.
[February 04, 2023 21:52:47.133PM GMT] EntityDamageByEntityEvent was triggered by damaged PLAYER agent, damager ZOMBIE Zombie and cancelled true.
[February 04, 2023 21:52:48.636PM GMT] EntityDamageByEntityEvent was triggered by damaged PLAYER agent, damager ZOMBIE Zombie and cancelled true.
[February 04, 2023 21:52:50.232PM GMT] EntityDamageByEntityEvent was triggered by damaged PLAYER agent, damager ZOMBIE Zombie and cancelled true.
[February 04, 2023 21:52:51.733PM GMT] EntityDamageByEntityEvent was triggered by damaged PLAYER agent, damager ZOMBIE Zombie and cancelled true.
[February 04, 2023 21:52:53.333PM GMT] EntityDamageByEntityEvent was triggered by damaged PLAYER agent, damager ZOMBIE Zombie and cancelled true.
[February 04, 2023 21:52:54.733PM GMT] EntityDamageByEntityEvent was triggered by damaged PLAYER agent, damager ZOMBIE Zombie and cancelled true.
[February 04, 2023 21:52:56.332PM GMT] EntityDamageByEntityEvent was triggered by damaged PLAYER agent, damager ZOMBIE Zombie and cancelled true.
[February 04, 2023 21:52:57.633PM GMT] EntityDamageByEntityEvent was triggered by damaged PLAYER agent, damager ZOMBIE Zombie and cancelled true.
[February 04, 2023 21:52:59.433PM GMT] EntityDamageByEntityEvent was triggered by damaged PLAYER agent, damager ZOMBIE Zombie and cancelled true.
[February 04, 2023 21:53:00.833PM GMT] EntityDamageByEntityEvent was triggered by damaged PLAYER agent, damager ZOMBIE Zombie and cancelled true.
[February 04, 2023 21:53:02.434PM GMT] EntityDamageByEntityEvent was triggered by damaged PLAYER agent, damager ZOMBIE Zombie and cancelled true.
[February 04, 2023 21:53:04.032PM GMT] EntityDamageByEntityEvent was triggered by damaged PLAYER agent, damager ZOMBIE Zombie and cancelled true.
[February 04, 2023 21:53:05.633PM GMT] EntityDamageByEntityEvent was triggered by damaged PLAYER agent, damager ZOMBIE Zombie and cancelled true.
[February 04, 2023 21:53:07.133PM GMT] EntityDamageByEntityEvent was triggered by damaged PLAYER agent, damager ZOMBIE Zombie and cancelled true.
[February 04, 2023 21:53:08.633PM GMT] EntityDamageByEntityEvent was triggered by damaged PLAYER agent, damager ZOMBIE Zombie and cancelled true.
[February 04, 2023 21:53:10.132PM GMT] EntityDamageByEntityEvent was triggered by damaged PLAYER agent, damager ZOMBIE Zombie and cancelled true.
[February 04, 2023 21:53:11.623PM GMT] EntityDamageByEntityEvent was triggered by damaged PLAYER agent, damager ZOMBIE Zombie and cancelled true.
[February 04, 2023 21:53:13.027PM GMT] EntityDamageByEntityEvent was triggered by damaged PLAYER agent, damager ZOMBIE Zombie and cancelled true.
[February 04, 2023 21:53:14.523PM GMT] EntityDamageByEntityEvent was triggered by damaged PLAYER agent, damager ZOMBIE Zombie and cancelled true.
[February 04, 2023 21:53:16.125PM GMT] EntityDamageByEntityEvent was triggered by damaged PLAYER agent, damager ZOMBIE Zombie and cancelled true.
[February 04, 2023 21:53:17.623PM GMT] EntityDamageByEntityEvent was triggered by damaged PLAYER agent, damager ZOMBIE Zombie and cancelled true.
[February 04, 2023 21:53:19.124PM GMT] EntityDamageByEntityEvent was triggered by damaged PLAYER agent, damager ZOMBIE Zombie and cancelled true.
[February 04, 2023 21:53:20.524PM GMT] EntityDamageByEntityEvent was triggered by damaged PLAYER agent, damager ZOMBIE Zombie and cancelled true.
[February 04, 2023 21:53:22.023PM GMT] EntityDamageByEntityEvent was triggered by damaged PLAYER agent, damager ZOMBIE Zombie and cancelled true.
[February 04, 2023 21:53:23.523PM GMT] EntityDamageByEntityEvent was triggered by damaged PLAYER agent, damager ZOMBIE Zombie and cancelled true.
[February 04, 2023 21:53:25.024PM GMT] EntityDamageByEntityEvent was triggered by damaged PLAYER agent, damager ZOMBIE Zombie and cancelled true.
[February 04, 2023 21:53:26.624PM GMT] EntityDamageByEntityEvent was triggered by damaged PLAYER agent, damager ZOMBIE Zombie and cancelled true.
[February 04, 2023 21:53:28.124PM GMT] EntityDamageByEntityEvent was triggered by damaged PLAYER agent, damager ZOMBIE Zombie and cancelled true.
[February 04, 2023 21:53:29.723PM GMT] EntityDamageByEntityEvent was triggered by damaged PLAYER agent, damager ZOMBIE Zombie and cancelled true.
[February 04, 2023 21:53:31.224PM GMT] EntityDamageByEntityEvent was triggered by damaged PLAYER agent, damager ZOMBIE Zombie and cancelled true.
[February 04, 2023 21:53:32.923PM GMT] EntityDamageByEntityEvent was triggered by damaged PLAYER agent, damager ZOMBIE Zombie and cancelled true.
[February 04, 2023 21:53:34.423PM GMT] EntityDamageByEntityEvent was triggered by damaged PLAYER agent, damager ZOMBIE Zombie and cancelled true.
[February 04, 2023 21:53:35.923PM GMT] EntityDamageByEntityEvent was triggered by damaged PLAYER agent, damager ZOMBIE Zombie and cancelled true.
[February 04, 2023 21:53:37.422PM GMT] EntityDamageByEntityEvent was triggered by damaged PLAYER agent, damager ZOMBIE Zombie and cancelled true.
[February 04, 2023 21:53:39.023PM GMT] EntityDamageByEntityEvent was triggered by damaged PLAYER agent, damager ZOMBIE Zombie and cancelled true.
[February 04, 2023 21:53:40.440PM GMT] EntityDamageByEntityEvent was triggered by damaged PLAYER agent, damager ZOMBIE Zombie and cancelled true.
[February 04, 2023 21:53:41.736PM GMT] EntityDamageByEntityEvent was triggered by damaged PLAYER agent, damager ZOMBIE Zombie and cancelled true.
[February 04, 2023 21:53:43.140PM GMT] EntityDamageByEntityEvent was triggered by damaged PLAYER agent, damager ZOMBIE Zombie and cancelled true.
[February 04, 2023 21:53:44.634PM GMT] EntityDamageByEntityEvent was triggered by damaged PLAYER agent, damager ZOMBIE Zombie and cancelled true.
[February 04, 2023 21:53:46.034PM GMT] EntityDamageByEntityEvent was triggered by damaged PLAYER agent, damager ZOMBIE Zombie and cancelled true.
[February 04, 2023 21:53:47.435PM GMT] EntityDamageByEntityEvent was triggered by damaged PLAYER agent, damager ZOMBIE Zombie and cancelled true.
[February 04, 2023 21:53:48.835PM GMT] EntityDamageByEntityEvent was triggered by damaged PLAYER agent, damager ZOMBIE Zombie and cancelled true.
[February 04, 2023 21:53:50.334PM GMT] EntityDamageByEntityEvent was triggered by damaged PLAYER agent, damager ZOMBIE Zombie and cancelled true.
[February 04, 2023 21:53:51.734PM GMT] EntityDamageByEntityEvent was triggered by damaged PLAYER agent, damager ZOMBIE Zombie and cancelled true.
[February 04, 2023 21:53:53.050PM GMT] EntityDamageByEntityEvent was triggered by damaged PLAYER agent, damager ZOMBIE Zombie and cancelled true.
[February 04, 2023 21:53:54.434PM GMT] EntityDamageByEntityEvent was triggered by damaged PLAYER agent, damager ZOMBIE Zombie and cancelled true.
[February 04, 2023 21:58:05.151PM GMT] EntityDamageByEntityEvent was triggered by damaged PLAYER Michael, damager ZOMBIE Zombie and cancelled true.
[February 04, 2023 21:58:06.443PM GMT] EntityDamageByEntityEvent was triggered by damaged PLAYER Michael, damager ZOMBIE Zombie and cancelled true.
[February 04, 2023 21:58:07.742PM GMT] EntityDamageByEntityEvent was triggered by damaged PLAYER Michael, damager ZOMBIE Zombie and cancelled true.
[February 04, 2023 21:58:09.142PM GMT] EntityDamageByEntityEvent was triggered by damaged PLAYER Michael, damager ZOMBIE Zombie and cancelled true.
[February 04, 2023 21:58:10.741PM GMT] EntityDamageByEntityEvent was triggered by damaged PLAYER Michael, damager ZOMBIE Zombie and cancelled true.
[February 04, 2023 21:58:20.748PM GMT] EntityDamageByEntityEvent was triggered by damaged ZOMBIE Zombie, damager PLAYER Michael and cancelled false.
[February 04, 2023 21:58:20.754PM GMT] EntityDamageByEntityEvent was triggered by damaged PLAYER Michael, damager ZOMBIE Zombie and cancelled false.
[February 04, 2023 21:58:21.642PM GMT] EntityDamageByEntityEvent was triggered by damaged PLAYER Michael, damager ARROW Arrow and cancelled false.
[February 04, 2023 21:58:22.343PM GMT] EntityDamageByEntityEvent was triggered by damaged SKELETON Skeleton, damager PLAYER Michael and cancelled false.
[February 04, 2023 21:58:22.742PM GMT] EntityDamageByEntityEvent was triggered by damaged PLAYER Michael, damager ZOMBIE Zombie and cancelled false.
[February 04, 2023 21:58:23.744PM GMT] EntityDamageByEntityEvent was triggered by damaged PLAYER Michael, damager ZOMBIE Zombie and cancelled false.
[February 04, 2023 21:58:23.942PM GMT] EntityDamageByEntityEvent was triggered by damaged SKELETON Skeleton, damager ARROW Arrow and cancelled false.
[February 04, 2023 21:58:24.443PM GMT] EntityDamageByEntityEvent was triggered by damaged PLAYER Michael, damager ZOMBIE Zombie and cancelled false.
[February 04, 2023 21:58:25.241PM GMT] EntityDamageByEntityEvent was triggered by damaged ZOMBIE Zombie, damager ARROW Arrow and cancelled false.
[February 04, 2023 21:58:26.144PM GMT] EntityDamageByEntityEvent was triggered by damaged PLAYER Michael, damager ZOMBIE Zombie and cancelled false.
[February 04, 2023 21:58:26.345PM GMT] EntityDamageByEntityEvent was triggered by damaged ZOMBIE Zombie, damager ARROW Arrow and cancelled false.
[February 04, 2023 21:58:27.443PM GMT] EntityDamageByEntityEvent was triggered by damaged PLAYER Michael, damager ARROW Arrow and cancelled false.
[February 04, 2023 21:58:27.644PM GMT] EntityDamageByEntityEvent was triggered by damaged SKELETON Skeleton, damager ARROW Arrow and cancelled false.
[February 04, 2023 21:58:29.041PM GMT] EntityDamageByEntityEvent was triggered by damaged SKELETON Skeleton, damager ARROW Arrow and cancelled false.
[February 04, 2023 21:58:29.145PM GMT] EntityDamageByEntityEvent was triggered by damaged PLAYER Michael, damager ZOMBIE Zombie and cancelled false.
[February 04, 2023 21:58:30.243PM GMT] EntityDamageByEntityEvent was triggered by damaged PLAYER Michael, damager ZOMBIE Zombie and cancelled false.
[February 04, 2023 21:58:30.441PM GMT] EntityDamageByEntityEvent was triggered by damaged SKELETON Skeleton, damager ARROW Arrow and cancelled false.
[February 04, 2023 21:58:31.241PM GMT] EntityDamageByEntityEvent was triggered by damaged PLAYER Michael, damager ZOMBIE Zombie and cancelled false.
[February 04, 2023 21:58:31.744PM GMT] EntityDamageByEntityEvent was triggered by damaged ZOMBIE Zombie, damager ARROW Arrow and cancelled false.
[February 04, 2023 21:58:32.042PM GMT] EntityDamageByEntityEvent was triggered by damaged PLAYER Michael, damager ZOMBIE Zombie and cancelled false.
[February 04, 2023 21:58:32.941PM GMT] EntityDamageByEntityEvent was triggered by damaged PLAYER Michael, damager ARROW Arrow and cancelled false.
[February 04, 2023 21:58:33.043PM GMT] EntityDamageByEntityEvent was triggered by damaged PLAYER Michael, damager ZOMBIE Zombie and cancelled false.
[February 04, 2023 21:58:33.050PM GMT] EntityDamageByEntityEvent was triggered by damaged ZOMBIE Zombie, damager CREEPER Creeper and cancelled false.
[February 04, 2023 21:58:33.054PM GMT] EntityDamageByEntityEvent was triggered by damaged SKELETON Skeleton, damager CREEPER Creeper and cancelled false.
[February 04, 2023 21:58:33.055PM GMT] EntityDamageByEntityEvent was triggered by damaged ZOMBIE Zombie, damager CREEPER Creeper and cancelled false.
[February 04, 2023 21:58:33.056PM GMT] EntityDamageByEntityEvent was triggered by damaged SKELETON Skeleton, damager CREEPER Creeper and cancelled false.
[February 04, 2023 21:58:33.058PM GMT] EntityDamageByEntityEvent was triggered by damaged PLAYER Michael, damager CREEPER Creeper and cancelled false.
[February 04, 2023 21:58:33.059PM GMT] EntityDamageByEntityEvent was triggered by damaged ZOMBIE Zombie, damager CREEPER Creeper and cancelled false.
[February 04, 2023 21:58:33.061PM GMT] EntityDamageByEntityEvent was triggered by damaged WITCH Witch, damager CREEPER Creeper and cancelled false.
[February 04, 2023 21:58:35.841PM GMT] EntityDamageByEntityEvent was triggered by damaged PLAYER Michael, damager ZOMBIE Zombie and cancelled false.
[February 04, 2023 21:58:37.376PM GMT] EntityDamageByEntityEvent was triggered by damaged PLAYER Michael, damager ZOMBIE Zombie and cancelled false.
[February 04, 2023 21:58:38.342PM GMT] EntityDamageByEntityEvent was triggered by damaged PLAYER Michael, damager ZOMBIE Zombie and cancelled false.
[February 04, 2023 21:58:38.641PM GMT] EntityDamageByEntityEvent was triggered by damaged PLAYER Michael, damager SPLASH_POTION Potion and cancelled false.
[February 04, 2023 21:58:38.642PM GMT] EntityDamageByEntityEvent was triggered by damaged WITCH Witch, damager SPLASH_POTION Potion and cancelled false.
[February 04, 2023 21:58:39.443PM GMT] EntityDamageByEntityEvent was triggered by damaged PLAYER Michael, damager ZOMBIE Zombie and cancelled false.
[February 04, 2023 21:58:41.841PM GMT] EntityDamageByEntityEvent was triggered by damaged PLAYER Michael, damager ZOMBIE Zombie and cancelled false.
[February 04, 2023 21:58:47.940PM GMT] EntityDamageByEntityEvent was triggered by damaged WITCH Witch, damager PLAYER Michael and cancelled false.
[February 04, 2023 21:58:50.041PM GMT] EntityDamageByEntityEvent was triggered by damaged WITCH Witch, damager PLAYER Michael and cancelled false.
[February 04, 2023 21:58:53.441PM GMT] EntityDamageByEntityEvent was triggered by damaged ENDERMAN Enderman, damager PLAYER Michael and cancelled false.
[February 04, 2023 21:58:53.942PM GMT] EntityDamageByEntityEvent was triggered by damaged PLAYER Michael, damager ENDERMAN Enderman and cancelled false.
[February 04, 2023 21:58:54.239PM GMT] EntityDamageByEntityEvent was triggered by damaged ENDERMAN Enderman, damager PLAYER Michael and cancelled false.
[February 04, 2023 21:58:54.740PM GMT] EntityDamageByEntityEvent was triggered by damaged ZOMBIE Zombie, damager PLAYER Michael and cancelled false.
[February 04, 2023 21:58:55.340PM GMT] EntityDamageByEntityEvent was triggered by damaged PLAYER Michael, damager ENDERMAN Enderman and cancelled false.
[February 04, 2023 21:58:55.842PM GMT] EntityDamageByEntityEvent was triggered by damaged PLAYER Michael, damager ZOMBIE Zombie and cancelled false.
[February 04, 2023 21:58:56.040PM GMT] EntityDamageByEntityEvent was triggered by damaged ENDERMAN Enderman, damager PLAYER Michael and cancelled false.
[February 04, 2023 21:58:56.940PM GMT] EntityDamageByEntityEvent was triggered by damaged ZOMBIE Zombie, damager PLAYER Michael and cancelled false.
[February 04, 2023 22:01:25.342PM GMT] EntityDamageByEntityEvent was triggered by damaged PLAYER Michael, damager ZOMBIE Zombie and cancelled true.
[February 04, 2023 22:04:52.101PM GMT] EntityDamageByEntityEvent was triggered by damaged ZOMBIE Zombie, damager ARROW Arrow and cancelled false.
[February 04, 2023 22:04:52.196PM GMT] EntityDamageByEntityEvent was triggered by damaged PLAYER Michael, damager ZOMBIE Zombie and cancelled true.
[February 04, 2023 22:04:53.697PM GMT] EntityDamageByEntityEvent was triggered by damaged PLAYER Michael, damager ARROW Arrow and cancelled true.
[February 04, 2023 22:04:54.295PM GMT] EntityDamageByEntityEvent was triggered by damaged PLAYER Michael, damager ZOMBIE Zombie and cancelled true.
[February 04, 2023 22:04:55.199PM GMT] EntityDamageByEntityEvent was triggered by damaged PLAYER Michael, damager ARROW Arrow and cancelled true.
[February 04, 2023 22:04:56.894PM GMT] EntityDamageByEntityEvent was triggered by damaged ZOMBIE Zombie, damager ARROW Arrow and cancelled false.
[February 04, 2023 22:04:58.497PM GMT] EntityDamageByEntityEvent was triggered by damaged PLAYER Michael, damager ARROW Arrow and cancelled true.
[February 04, 2023 22:04:58.597PM GMT] EntityDamageByEntityEvent was triggered by damaged PLAYER Michael, damager ZOMBIE Zombie and cancelled true.
[February 04, 2023 22:05:00.096PM GMT] EntityDamageByEntityEvent was triggered by damaged PLAYER Michael, damager ARROW Arrow and cancelled true.
[February 04, 2023 22:05:00.295PM GMT] EntityDamageByEntityEvent was triggered by damaged PLAYER Michael, damager ZOMBIE Zombie and cancelled true.
[February 04, 2023 22:05:01.695PM GMT] EntityDamageByEntityEvent was triggered by damaged PLAYER Michael, damager ARROW Arrow and cancelled true.
[February 04, 2023 22:05:03.296PM GMT] EntityDamageByEntityEvent was triggered by damaged PLAYER Michael, damager ZOMBIE Zombie and cancelled true.
[February 04, 2023 22:05:03.297PM GMT] EntityDamageByEntityEvent was triggered by damaged ZOMBIE Zombie, damager ARROW Arrow and cancelled false.
[February 04, 2023 22:05:04.894PM GMT] EntityDamageByEntityEvent was triggered by damaged ZOMBIE Zombie, damager ARROW Arrow and cancelled false.
[February 04, 2023 22:05:06.495PM GMT] EntityDamageByEntityEvent was triggered by damaged PLAYER Michael, damager ARROW Arrow and cancelled true.
[February 04, 2023 22:05:08.099PM GMT] EntityDamageByEntityEvent was triggered by damaged PLAYER Michael, damager ARROW Arrow and cancelled true.
[February 04, 2023 22:05:08.896PM GMT] EntityDamageByEntityEvent was triggered by damaged PLAYER Michael, damager ZOMBIE Zombie and cancelled true.
[February 04, 2023 22:05:09.694PM GMT] EntityDamageByEntityEvent was triggered by damaged PLAYER Michael, damager ARROW Arrow and cancelled true.
[February 04, 2023 22:05:10.995PM GMT] EntityDamageByEntityEvent was triggered by damaged PLAYER Michael, damager ZOMBIE Zombie and cancelled true.
[February 04, 2023 22:05:11.197PM GMT] EntityDamageByEntityEvent was triggered by damaged PLAYER Michael, damager ARROW Arrow and cancelled true.
[February 04, 2023 22:05:13.697PM GMT] EntityDamageByEntityEvent was triggered by damaged PLAYER Michael, damager SPIDER Spider and cancelled false.
[February 04, 2023 22:08:18.782PM GMT] EntityDamageByEntityEvent was triggered by damaged PLAYER Michael, damager ZOMBIE Zombie and cancelled true.
[February 04, 2023 22:08:22.584PM GMT] EntityDamageByEntityEvent was triggered by damaged ZOMBIE Zombie, damager CREEPER Creeper and cancelled false.
[February 04, 2023 22:08:22.590PM GMT] EntityDamageByEntityEvent was triggered by damaged ZOMBIE Zombie, damager CREEPER Creeper and cancelled false.
