[February 24, 2023 13:13:51.015PM GMT] EntityDamageByEntityEvent was triggered by damaged PLAYER IM_THE_GOAT1, damager ZOMBIE Zombie and cancelled true.
[February 24, 2023 13:14:03.930PM GMT] EntityDamageByEntityEvent was triggered by damaged PLAYER IM_THE_GOAT1, damager CREEPER Creeper and cancelled false.
[February 24, 2023 13:14:37.641PM GMT] PlayerPreTagEvent was triggered on {player_name} by {enemy_name} with type PLAYER, reason ATTACKER, and cancelled false.
[February 24, 2023 13:14:37.661PM GMT] PlayerTagEvent was triggered on {player_name} by {enemy_name} with type PLAYER and reason ATTACKER.
[February 24, 2023 13:14:37.745PM GMT] PlayerPreTagEvent was triggered on {player_name} by {enemy_name} with type PLAYER, reason ATTACKED, and cancelled false.
[February 24, 2023 13:14:37.753PM GMT] PlayerTagEvent was triggered on {player_name} by {enemy_name} with type PLAYER and reason ATTACKED.
[February 24, 2023 13:14:37.763PM GMT] EntityDamageByEntityEvent was triggered by damaged PLAYER monkey_fucker69, damager PLAYER matt____ and cancelled false.
[February 24, 2023 13:14:47.828PM GMT] PlayerUntagEvent was triggered on {player_name} with reason {untag_reason} and expire set to {was_expire}.
[February 24, 2023 13:14:47.835PM GMT] PlayerUntagEvent was triggered on {player_name} with reason EXPIRE and expire set to true.
[February 24, 2023 13:14:47.855PM GMT] PlayerUntagEvent was triggered on {player_name} with reason {untag_reason} and expire set to {was_expire}.
[February 24, 2023 13:14:47.856PM GMT] PlayerUntagEvent was triggered on {player_name} with reason EXPIRE and expire set to true.
[February 24, 2023 13:14:51.858PM GMT] EntityDamageByEntityEvent was triggered by damaged PLAYER monkey_fucker69, damager ARROW Arrow and cancelled false.
[February 24, 2023 13:14:56.142PM GMT] EntityDamageByEntityEvent was triggered by damaged PLAYER monkey_fucker69, damager ARROW Arrow and cancelled false.
[February 24, 2023 13:14:57.904PM GMT] EntityDamageByEntityEvent was triggered by damaged PLAYER monkey_fucker69, damager ARROW Arrow and cancelled false.
[February 24, 2023 13:14:59.572PM GMT] EntityDamageByEntityEvent was triggered by damaged SKELETON Skeleton, damager PLAYER matt____ and cancelled false.
[February 24, 2023 13:15:00.972PM GMT] EntityDamageByEntityEvent was triggered by damaged SKELETON Skeleton, damager PLAYER matt____ and cancelled false.
[February 24, 2023 13:15:01.573PM GMT] EntityDamageByEntityEvent was triggered by damaged SKELETON Skeleton, damager PLAYER matt____ and cancelled false.
[February 24, 2023 13:15:01.678PM GMT] EntityDamageByEntityEvent was triggered by damaged PLAYER matt____, damager ARROW Arrow and cancelled false.
[February 24, 2023 13:15:03.143PM GMT] EntityDamageByEntityEvent was triggered by damaged PLAYER matt____, damager ARROW Arrow and cancelled false.
[February 24, 2023 13:15:04.428PM GMT] EntityDamageByEntityEvent was triggered by damaged SKELETON Skeleton, damager PLAYER matt____ and cancelled false.
[February 24, 2023 13:15:04.561PM GMT] EntityDamageByEntityEvent was triggered by damaged PLAYER matt____, damager ARROW Arrow and cancelled false.
[February 24, 2023 13:15:05.729PM GMT] EntityDamageByEntityEvent was triggered by damaged PLAYER matt____, damager ARROW Arrow and cancelled false.
[February 24, 2023 13:15:07.277PM GMT] EntityDamageByEntityEvent was triggered by damaged PLAYER matt____, damager ARROW Arrow and cancelled false.
[February 24, 2023 13:15:07.478PM GMT] EntityDamageByEntityEvent was triggered by damaged SKELETON Skeleton, damager PLAYER matt____ and cancelled false.
[February 24, 2023 13:15:13.868PM GMT] EntityDamageByEntityEvent was triggered by damaged PLAYER monkey_fucker69, damager ZOMBIE Zombie and cancelled true.
[February 24, 2023 13:15:15.144PM GMT] EntityDamageByEntityEvent was triggered by damaged PLAYER monkey_fucker69, damager ZOMBIE Zombie and cancelled true.
[February 24, 2023 13:15:16.293PM GMT] EntityDamageByEntityEvent was triggered by damaged PLAYER monkey_fucker69, damager ZOMBIE Zombie and cancelled true.
[February 24, 2023 13:15:16.805PM GMT] EntityDamageByEntityEvent was triggered by damaged PLAYER monkey_fucker69, damager ZOMBIE Zombie and cancelled true.
[February 24, 2023 13:15:17.936PM GMT] EntityDamageByEntityEvent was triggered by damaged PLAYER monkey_fucker69, damager ZOMBIE Zombie and cancelled true.
[February 24, 2023 13:15:18.003PM GMT] EntityDamageByEntityEvent was triggered by damaged PLAYER monkey_fucker69, damager ZOMBIE Zombie and cancelled true.
[February 24, 2023 13:15:19.438PM GMT] EntityDamageByEntityEvent was triggered by damaged PLAYER monkey_fucker69, damager ZOMBIE Zombie and cancelled true.
[February 24, 2023 13:15:19.533PM GMT] EntityDamageByEntityEvent was triggered by damaged PLAYER monkey_fucker69, damager ZOMBIE Zombie and cancelled true.
[February 24, 2023 13:15:20.833PM GMT] EntityDamageByEntityEvent was triggered by damaged PLAYER monkey_fucker69, damager ZOMBIE Zombie and cancelled true.
[February 24, 2023 13:15:20.941PM GMT] EntityDamageByEntityEvent was triggered by damaged PLAYER monkey_fucker69, damager ZOMBIE Zombie and cancelled true.
[February 24, 2023 13:15:21.458PM GMT] EntityDamageByEntityEvent was triggered by damaged PLAYER IM_THE_GOAT1, damager ARROW Arrow and cancelled false.
[February 24, 2023 13:15:22.331PM GMT] EntityDamageByEntityEvent was triggered by damaged PLAYER monkey_fucker69, damager ZOMBIE Zombie and cancelled true.
[February 24, 2023 13:15:22.636PM GMT] EntityDamageByEntityEvent was triggered by damaged PLAYER monkey_fucker69, damager ZOMBIE Zombie and cancelled true.
[February 24, 2023 13:15:23.310PM GMT] EntityDamageByEntityEvent was triggered by damaged PLAYER monkey_fucker69, damager ZOMBIE Zombie and cancelled true.
[February 24, 2023 13:15:23.706PM GMT] EntityDamageByEntityEvent was triggered by damaged PLAYER monkey_fucker69, damager ZOMBIE Zombie and cancelled true.
[February 24, 2023 13:15:24.605PM GMT] EntityDamageByEntityEvent was triggered by damaged PLAYER monkey_fucker69, damager ZOMBIE Zombie and cancelled true.
[February 24, 2023 13:15:24.713PM GMT] EntityDamageByEntityEvent was triggered by damaged PLAYER monkey_fucker69, damager ZOMBIE Zombie and cancelled true.
[February 24, 2023 13:16:14.489PM GMT] EntityDamageByEntityEvent was triggered by damaged PLAYER IM_THE_GOAT1, damager ZOMBIE Zombie and cancelled false.
[February 24, 2023 13:16:17.843PM GMT] EntityDamageByEntityEvent was triggered by damaged PLAYER IM_THE_GOAT1, damager ZOMBIE Zombie and cancelled true.
[February 24, 2023 13:16:18.440PM GMT] EntityDamageByEntityEvent was triggered by damaged PLAYER IM_THE_GOAT1, damager ZOMBIE Zombie and cancelled true.
[February 24, 2023 13:16:19.451PM GMT] EntityDamageByEntityEvent was triggered by damaged PLAYER IM_THE_GOAT1, damager ZOMBIE Zombie and cancelled true.
[February 24, 2023 13:16:20.045PM GMT] EntityDamageByEntityEvent was triggered by damaged PLAYER IM_THE_GOAT1, damager ZOMBIE Zombie and cancelled true.
[February 24, 2023 13:16:20.240PM GMT] EntityDamageByEntityEvent was triggered by damaged PLAYER IM_THE_GOAT1, damager ZOMBIE Zombie and cancelled true.
[February 24, 2023 13:16:20.746PM GMT] EntityDamageByEntityEvent was triggered by damaged PLAYER IM_THE_GOAT1, damager ZOMBIE Zombie and cancelled true.
[February 24, 2023 13:16:21.042PM GMT] EntityDamageByEntityEvent was triggered by damaged PLAYER IM_THE_GOAT1, damager ZOMBIE Zombie and cancelled true.
[February 24, 2023 13:16:21.240PM GMT] EntityDamageByEntityEvent was triggered by damaged PLAYER IM_THE_GOAT1, damager ZOMBIE Zombie and cancelled true.
[February 24, 2023 13:16:21.789PM GMT] EntityDamageByEntityEvent was triggered by damaged PLAYER IM_THE_GOAT1, damager ZOMBIE Zombie and cancelled true.
[February 24, 2023 13:16:22.283PM GMT] EntityDamageByEntityEvent was triggered by damaged PLAYER IM_THE_GOAT1, damager ZOMBIE Zombie and cancelled true.
[February 24, 2023 13:16:22.391PM GMT] EntityDamageByEntityEvent was triggered by damaged PLAYER IM_THE_GOAT1, damager ZOMBIE Zombie and cancelled true.
[February 24, 2023 13:16:22.786PM GMT] EntityDamageByEntityEvent was triggered by damaged PLAYER IM_THE_GOAT1, damager ZOMBIE Zombie and cancelled true.
[February 24, 2023 13:16:23.287PM GMT] EntityDamageByEntityEvent was triggered by damaged PLAYER IM_THE_GOAT1, damager ZOMBIE Zombie and cancelled true.
[February 24, 2023 13:16:23.794PM GMT] EntityDamageByEntityEvent was triggered by damaged PLAYER IM_THE_GOAT1, damager ZOMBIE Zombie and cancelled true.
[February 24, 2023 13:16:23.802PM GMT] EntityDamageByEntityEvent was triggered by damaged PLAYER IM_THE_GOAT1, damager ZOMBIE Zombie and cancelled true.
[February 24, 2023 13:17:00.087PM GMT] EntityDamageByEntityEvent was triggered by damaged PLAYER IM_THE_GOAT1, damager ARROW Arrow and cancelled false.
[February 24, 2023 13:17:06.997PM GMT] EntityDamageByEntityEvent was triggered by damaged PLAYER IM_THE_GOAT1, damager ARROW Arrow and cancelled false.
[February 24, 2023 13:17:08.687PM GMT] EntityDamageByEntityEvent was triggered by damaged PLAYER IM_THE_GOAT1, damager ARROW Arrow and cancelled false.
[February 24, 2023 13:17:11.527PM GMT] EntityDamageByEntityEvent was triggered by damaged PLAYER IM_THE_GOAT1, damager ARROW Arrow and cancelled false.
[February 24, 2023 13:17:13.519PM GMT] EntityDamageByEntityEvent was triggered by damaged PLAYER IM_THE_GOAT1, damager ARROW Arrow and cancelled false.
[February 24, 2023 13:17:55.734PM GMT] EntityDamageByEntityEvent was triggered by damaged ZOMBIE Zombie, damager PLAYER monkey_fucker69 and cancelled false.
[February 24, 2023 13:17:56.432PM GMT] EntityDamageByEntityEvent was triggered by damaged ZOMBIE Zombie, damager PLAYER monkey_fucker69 and cancelled false.
[February 24, 2023 13:17:56.932PM GMT] EntityDamageByEntityEvent was triggered by damaged ZOMBIE Zombie, damager PLAYER monkey_fucker69 and cancelled false.
[February 24, 2023 13:17:57.433PM GMT] EntityDamageByEntityEvent was triggered by damaged ZOMBIE Zombie, damager PLAYER monkey_fucker69 and cancelled false.
[February 24, 2023 13:17:57.933PM GMT] EntityDamageByEntityEvent was triggered by damaged ZOMBIE Zombie, damager PLAYER monkey_fucker69 and cancelled false.
[February 24, 2023 13:17:58.717PM GMT] EntityDamageByEntityEvent was triggered by damaged ZOMBIE Zombie, damager PLAYER monkey_fucker69 and cancelled false.
[February 24, 2023 13:17:59.249PM GMT] EntityDamageByEntityEvent was triggered by damaged ZOMBIE Zombie, damager PLAYER monkey_fucker69 and cancelled false.
[February 24, 2023 13:17:59.818PM GMT] EntityDamageByEntityEvent was triggered by damaged ZOMBIE Zombie, damager PLAYER monkey_fucker69 and cancelled false.
[February 24, 2023 13:18:00.417PM GMT] EntityDamageByEntityEvent was triggered by damaged ZOMBIE Zombie, damager PLAYER monkey_fucker69 and cancelled false.
[February 24, 2023 13:18:00.918PM GMT] EntityDamageByEntityEvent was triggered by damaged ZOMBIE Zombie, damager PLAYER monkey_fucker69 and cancelled false.
[February 24, 2023 13:18:01.422PM GMT] EntityDamageByEntityEvent was triggered by damaged ZOMBIE Zombie, damager PLAYER monkey_fucker69 and cancelled false.
[February 24, 2023 13:18:02.167PM GMT] EntityDamageByEntityEvent was triggered by damaged ZOMBIE Zombie, damager PLAYER monkey_fucker69 and cancelled false.
[February 24, 2023 13:18:02.667PM GMT] EntityDamageByEntityEvent was triggered by damaged ZOMBIE Zombie, damager PLAYER monkey_fucker69 and cancelled false.
[February 24, 2023 13:18:03.173PM GMT] EntityDamageByEntityEvent was triggered by damaged ZOMBIE Zombie, damager PLAYER monkey_fucker69 and cancelled false.
[February 24, 2023 13:18:03.667PM GMT] EntityDamageByEntityEvent was triggered by damaged ZOMBIE Zombie, damager PLAYER monkey_fucker69 and cancelled false.
[February 24, 2023 13:18:04.155PM GMT] EntityDamageByEntityEvent was triggered by damaged ZOMBIE Zombie, damager PLAYER monkey_fucker69 and cancelled false.
[February 24, 2023 13:18:04.822PM GMT] EntityDamageByEntityEvent was triggered by damaged ZOMBIE Zombie, damager PLAYER monkey_fucker69 and cancelled false.
[February 24, 2023 13:18:05.320PM GMT] EntityDamageByEntityEvent was triggered by damaged ZOMBIE Zombie, damager PLAYER monkey_fucker69 and cancelled false.
[February 24, 2023 13:18:05.920PM GMT] EntityDamageByEntityEvent was triggered by damaged ZOMBIE Zombie, damager PLAYER monkey_fucker69 and cancelled false.
[February 24, 2023 13:18:06.420PM GMT] EntityDamageByEntityEvent was triggered by damaged ZOMBIE Zombie, damager PLAYER monkey_fucker69 and cancelled false.
[February 24, 2023 13:18:06.923PM GMT] EntityDamageByEntityEvent was triggered by damaged ZOMBIE Zombie, damager PLAYER monkey_fucker69 and cancelled false.
[February 24, 2023 13:18:07.483PM GMT] EntityDamageByEntityEvent was triggered by damaged ZOMBIE Zombie, damager PLAYER monkey_fucker69 and cancelled false.
[February 24, 2023 13:19:19.042PM GMT] EntityDamageByEntityEvent was triggered by damaged CHICKEN Chicken, damager PLAYER IM_THE_GOAT1 and cancelled false.
[February 24, 2023 13:19:22.490PM GMT] EntityDamageByEntityEvent was triggered by damaged CHICKEN Chicken, damager PLAYER IM_THE_GOAT1 and cancelled false.
[February 24, 2023 13:19:33.714PM GMT] EntityDamageByEntityEvent was triggered by damaged CHICKEN Chicken, damager PLAYER IM_THE_GOAT1 and cancelled false.
[February 24, 2023 13:19:41.169PM GMT] EntityDamageByEntityEvent was triggered by damaged CHICKEN Chicken, damager PLAYER IM_THE_GOAT1 and cancelled false.
[February 24, 2023 13:22:46.772PM GMT] EntityDamageByEntityEvent was triggered by damaged PLAYER IM_THE_GOAT1, damager ZOMBIE Zombie and cancelled false.
[February 24, 2023 13:22:48.772PM GMT] EntityDamageByEntityEvent was triggered by damaged PLAYER IM_THE_GOAT1, damager ZOMBIE Zombie and cancelled false.
[February 24, 2023 13:22:50.011PM GMT] EntityDamageByEntityEvent was triggered by damaged PLAYER IM_THE_GOAT1, damager ZOMBIE Zombie and cancelled false.
[February 24, 2023 13:22:51.108PM GMT] EntityDamageByEntityEvent was triggered by damaged PLAYER IM_THE_GOAT1, damager ZOMBIE Zombie and cancelled false.
[February 24, 2023 13:22:52.208PM GMT] EntityDamageByEntityEvent was triggered by damaged PLAYER IM_THE_GOAT1, damager ZOMBIE Zombie and cancelled false.
[February 24, 2023 13:22:53.210PM GMT] EntityDamageByEntityEvent was triggered by damaged PLAYER IM_THE_GOAT1, damager ZOMBIE Zombie and cancelled false.
[February 24, 2023 13:24:14.758PM GMT] EntityDamageByEntityEvent was triggered by damaged WOLF Wolf, damager PLAYER matt____ and cancelled false.
[February 24, 2023 13:24:18.556PM GMT] EntityDamageByEntityEvent was triggered by damaged PLAYER matt____, damager WOLF Wolf and cancelled false.
[February 24, 2023 13:24:18.580PM GMT] EntityDamageByEntityEvent was triggered by damaged WOLF Wolf, damager PLAYER matt____ and cancelled false.
[February 24, 2023 13:37:58.898PM GMT] EntityDamageByEntityEvent was triggered by damaged CREEPER Creeper, damager PLAYER matt____ and cancelled false.
[February 24, 2023 13:38:02.299PM GMT] EntityDamageByEntityEvent was triggered by damaged CREEPER Creeper, damager PLAYER matt____ and cancelled false.
[February 24, 2023 13:38:03.213PM GMT] EntityDamageByEntityEvent was triggered by damaged PLAYER matt____, damager CREEPER Creeper and cancelled false.
[February 24, 2023 13:39:07.327PM GMT] EntityDamageByEntityEvent was triggered by damaged PLAYER matt____, damager CREEPER Creeper and cancelled false.
[February 24, 2023 13:39:26.898PM GMT] EntityDamageByEntityEvent was triggered by damaged ZOMBIE Zombie, damager PLAYER matt____ and cancelled false.
[February 24, 2023 13:39:27.498PM GMT] EntityDamageByEntityEvent was triggered by damaged ZOMBIE Zombie, damager PLAYER matt____ and cancelled false.
[February 24, 2023 13:39:30.098PM GMT] EntityDamageByEntityEvent was triggered by damaged ZOMBIE Zombie, damager PLAYER matt____ and cancelled false.
[February 24, 2023 13:39:30.598PM GMT] EntityDamageByEntityEvent was triggered by damaged ZOMBIE Zombie, damager PLAYER matt____ and cancelled false.
[February 24, 2023 13:39:31.199PM GMT] EntityDamageByEntityEvent was triggered by damaged ZOMBIE Zombie, damager PLAYER matt____ and cancelled false.
[February 24, 2023 13:39:31.798PM GMT] EntityDamageByEntityEvent was triggered by damaged ZOMBIE Zombie, damager PLAYER matt____ and cancelled false.
[February 24, 2023 13:41:25.434PM GMT] EntityDamageByEntityEvent was triggered by damaged PLAYER matt____, damager ZOMBIE Zombie and cancelled false.
[February 24, 2023 13:41:27.033PM GMT] EntityDamageByEntityEvent was triggered by damaged PLAYER matt____, damager ZOMBIE Zombie and cancelled false.
[February 24, 2023 13:41:40.380PM GMT] EntityDamageByEntityEvent was triggered by damaged PLAYER matt____, damager ZOMBIE Zombie and cancelled false.
[February 24, 2023 13:41:41.678PM GMT] EntityDamageByEntityEvent was triggered by damaged PLAYER matt____, damager ZOMBIE Zombie and cancelled false.
