[February 28, 2023 00:15:00.394AM GMT] EntityDamageByEntityEvent was triggered by damaged SHEEP Sheep, damager PLAYER IM_THE_GOAT1 and cancelled false.
[February 28, 2023 00:15:01.095AM GMT] EntityDamageByEntityEvent was triggered by damaged SHEEP Sheep, damager PLAYER IM_THE_GOAT1 and cancelled false.
[February 28, 2023 00:15:01.499AM GMT] EntityDamageByEntityEvent was triggered by damaged SHEEP Sheep, damager PLAYER IM_THE_GOAT1 and cancelled false.
[February 28, 2023 00:15:02.195AM GMT] EntityDamageByEntityEvent was triggered by damaged SHEEP Sheep, damager PLAYER IM_THE_GOAT1 and cancelled false.
[February 28, 2023 00:15:03.001AM GMT] EntityDamageByEntityEvent was triggered by damaged SHEEP Sheep, damager PLAYER IM_THE_GOAT1 and cancelled false.
[February 28, 2023 00:15:03.798AM GMT] EntityDamageByEntityEvent was triggered by damaged SHEEP Sheep, damager PLAYER IM_THE_GOAT1 and cancelled false.
[February 28, 2023 00:15:04.793AM GMT] EntityDamageByEntityEvent was triggered by damaged SHEEP Sheep, damager PLAYER IM_THE_GOAT1 and cancelled false.
[February 28, 2023 00:15:05.795AM GMT] EntityDamageByEntityEvent was triggered by damaged SHEEP Sheep, damager PLAYER IM_THE_GOAT1 and cancelled false.
[February 28, 2023 00:15:06.493AM GMT] EntityDamageByEntityEvent was triggered by damaged SHEEP Sheep, damager PLAYER IM_THE_GOAT1 and cancelled false.
[February 28, 2023 00:15:33.805AM GMT] EntityDamageByEntityEvent was triggered by damaged PLAYER IM_THE_GOAT1, damager SPLASH_POTION Potion and cancelled false.
[February 28, 2023 00:16:31.791AM GMT] EntityDamageByEntityEvent was triggered by damaged PLAYER IM_THE_GOAT1, damager ZOMBIE Zombie and cancelled false.
[February 28, 2023 00:16:33.787AM GMT] EntityDamageByEntityEvent was triggered by damaged ZOMBIE Zombie, damager PLAYER IM_THE_GOAT1 and cancelled false.
[February 28, 2023 00:16:34.386AM GMT] EntityDamageByEntityEvent was triggered by damaged ZOMBIE Zombie, damager PLAYER IM_THE_GOAT1 and cancelled false.
[February 28, 2023 00:16:35.389AM GMT] EntityDamageByEntityEvent was triggered by damaged ZOMBIE Zombie, damager PLAYER IM_THE_GOAT1 and cancelled false.
[February 28, 2023 00:16:36.336AM GMT] EntityDamageByEntityEvent was triggered by damaged ZOMBIE Zombie, damager PLAYER IM_THE_GOAT1 and cancelled false.
[February 28, 2023 00:16:36.345AM GMT] EntityDamageByEntityEvent was triggered by damaged PLAYER IM_THE_GOAT1, damager ZOMBIE Zombie and cancelled false.
[February 28, 2023 00:16:37.736AM GMT] EntityDamageByEntityEvent was triggered by damaged ZOMBIE Zombie, damager PLAYER IM_THE_GOAT1 and cancelled false.
[February 28, 2023 00:16:38.443AM GMT] EntityDamageByEntityEvent was triggered by damaged PLAYER IM_THE_GOAT1, damager ZOMBIE Zombie and cancelled false.
[February 28, 2023 00:16:39.437AM GMT] EntityDamageByEntityEvent was triggered by damaged PLAYER IM_THE_GOAT1, damager ZOMBIE Zombie and cancelled false.
[February 28, 2023 00:16:39.536AM GMT] EntityDamageByEntityEvent was triggered by damaged ZOMBIE Zombie, damager PLAYER IM_THE_GOAT1 and cancelled false.
[February 28, 2023 00:16:40.637AM GMT] EntityDamageByEntityEvent was triggered by damaged ZOMBIE Zombie, damager PLAYER IM_THE_GOAT1 and cancelled false.
[February 28, 2023 00:16:41.136AM GMT] EntityDamageByEntityEvent was triggered by damaged ZOMBIE Zombie, damager PLAYER IM_THE_GOAT1 and cancelled false.
[February 28, 2023 00:16:42.039AM GMT] EntityDamageByEntityEvent was triggered by damaged PLAYER IM_THE_GOAT1, damager ZOMBIE Zombie and cancelled false.
[February 28, 2023 00:16:42.127AM GMT] EntityDamageByEntityEvent was triggered by damaged ZOMBIE Zombie, damager PLAYER IM_THE_GOAT1 and cancelled false.
[February 28, 2023 00:24:37.243AM GMT] EntityDamageByEntityEvent was triggered by damaged PLAYER IM_THE_GOAT1, damager ARROW Arrow and cancelled false.
[February 28, 2023 00:24:38.639AM GMT] EntityDamageByEntityEvent was triggered by damaged PLAYER IM_THE_GOAT1, damager ARROW Arrow and cancelled false.
[February 28, 2023 00:25:17.503AM GMT] EntityDamageByEntityEvent was triggered by damaged PLAYER IM_THE_GOAT1, damager ARROW Arrow and cancelled false.
[February 28, 2023 14:39:46.397PM GMT] EntityDamageByEntityEvent was triggered by damaged PLAYER IM_THE_GOAT1, damager CREEPER Creeper and cancelled false.
[February 28, 2023 14:39:46.402PM GMT] EntityDamageByEntityEvent was triggered by damaged CREEPER Creeper, damager CREEPER Creeper and cancelled false.
[February 28, 2023 14:41:28.985PM GMT] EntityDamageByEntityEvent was triggered by damaged SKELETON Skeleton, damager PLAYER IM_THE_GOAT1 and cancelled false.
[February 28, 2023 14:41:29.883PM GMT] EntityDamageByEntityEvent was triggered by damaged SKELETON Skeleton, damager PLAYER IM_THE_GOAT1 and cancelled false.
[February 28, 2023 14:41:31.082PM GMT] EntityDamageByEntityEvent was triggered by damaged PLAYER IM_THE_GOAT1, damager ARROW Arrow and cancelled false.
[February 28, 2023 14:41:32.887PM GMT] EntityDamageByEntityEvent was triggered by damaged PLAYER IM_THE_GOAT1, damager ARROW Arrow and cancelled false.
[February 28, 2023 14:42:37.991PM GMT] EntityDamageByEntityEvent was triggered by damaged PLAYER IM_THE_GOAT1, damager SPIDER Spider and cancelled false.
[February 28, 2023 14:42:39.604PM GMT] EntityDamageByEntityEvent was triggered by damaged PLAYER IM_THE_GOAT1, damager SPIDER Spider and cancelled false.
[February 28, 2023 14:45:26.532PM GMT] EntityDamageByEntityEvent was triggered by damaged WITCH Witch, damager SPLASH_POTION Potion and cancelled false.
[February 28, 2023 14:45:38.932PM GMT] EntityDamageByEntityEvent was triggered by damaged PLAYER IM_THE_GOAT1, damager SPLASH_POTION Potion and cancelled false.
[February 28, 2023 16:49:42.281PM GMT] EntityDamageByEntityEvent was triggered by damaged HORSE Horse, damager PLAYER IM_THE_GOAT1 and cancelled false.
[February 28, 2023 16:49:42.882PM GMT] EntityDamageByEntityEvent was triggered by damaged HORSE Horse, damager PLAYER IM_THE_GOAT1 and cancelled false.
[February 28, 2023 16:49:43.482PM GMT] EntityDamageByEntityEvent was triggered by damaged HORSE Horse, damager PLAYER IM_THE_GOAT1 and cancelled false.
[February 28, 2023 16:49:43.982PM GMT] EntityDamageByEntityEvent was triggered by damaged HORSE Horse, damager PLAYER IM_THE_GOAT1 and cancelled false.
[February 28, 2023 16:51:02.243PM GMT] EntityDamageByEntityEvent was triggered by damaged CHICKEN Chicken, damager PLAYER IM_THE_GOAT1 and cancelled false.
