[February 12, 2023 01:36:06.155AM GMT] EntityDamageByEntityEvent was triggered by damaged ZOMBIE Zombie, damager PLAYER 01000100_0100010 and cancelled false.
[February 12, 2023 01:36:08.349AM GMT] EntityDamageByEntityEvent was triggered by damaged PLAYER 01000100_0100010, damager ZOMBIE Zombie and cancelled true.
[February 12, 2023 01:36:08.449AM GMT] EntityDamageByEntityEvent was triggered by damaged ZOMBIE Zombie, damager PLAYER 01000100_0100010 and cancelled false.
[February 12, 2023 01:36:17.948AM GMT] EntityDamageByEntityEvent was triggered by damaged PLAYER 01000100_0100010, damager ZOMBIE Zombie and cancelled true.
[February 12, 2023 01:36:18.448AM GMT] EntityDamageByEntityEvent was triggered by damaged ZOMBIE Zombie, damager PLAYER 01000100_0100010 and cancelled false.
[February 12, 2023 01:36:20.949AM GMT] EntityDamageByEntityEvent was triggered by damaged ZOMBIE Zombie, damager PLAYER 01000100_0100010 and cancelled false.
[February 12, 2023 01:36:34.349AM GMT] EntityDamageByEntityEvent was triggered by damaged ZOMBIE Zombie, damager PLAYER 01000100_0100010 and cancelled false.
[February 12, 2023 01:36:35.350AM GMT] EntityDamageByEntityEvent was triggered by damaged ZOMBIE Zombie, damager PLAYER 01000100_0100010 and cancelled false.
[February 12, 2023 01:36:57.548AM GMT] EntityDamageByEntityEvent was triggered by damaged ZOMBIE Zombie, damager PLAYER 01000100_0100010 and cancelled false.
[February 12, 2023 01:36:58.856AM GMT] EntityDamageByEntityEvent was triggered by damaged PLAYER 01000100_0100010, damager ARROW Arrow and cancelled true.
[February 12, 2023 01:37:00.949AM GMT] EntityDamageByEntityEvent was triggered by damaged PLAYER 01000100_0100010, damager ARROW Arrow and cancelled true.
[February 12, 2023 01:37:01.449AM GMT] EntityDamageByEntityEvent was triggered by damaged ZOMBIE Zombie, damager ARROW Arrow and cancelled false.
[February 12, 2023 01:37:03.148AM GMT] EntityDamageByEntityEvent was triggered by damaged PLAYER 01000100_0100010, damager ARROW Arrow and cancelled true.
[February 12, 2023 01:37:03.648AM GMT] EntityDamageByEntityEvent was triggered by damaged ZOMBIE Zombie, damager PLAYER 01000100_0100010 and cancelled false.
[February 12, 2023 01:37:05.151AM GMT] EntityDamageByEntityEvent was triggered by damaged ZOMBIE Zombie, damager ARROW Arrow and cancelled false.
[February 12, 2023 01:37:07.448AM GMT] EntityDamageByEntityEvent was triggered by damaged PLAYER 01000100_0100010, damager ARROW Arrow and cancelled true.
[February 12, 2023 01:37:11.347AM GMT] EntityDamageByEntityEvent was triggered by damaged ZOMBIE Zombie, damager PLAYER 01000100_0100010 and cancelled false.
[February 12, 2023 01:37:11.648AM GMT] EntityDamageByEntityEvent was triggered by damaged PLAYER 01000100_0100010, damager ARROW Arrow and cancelled true.
[February 12, 2023 01:37:13.848AM GMT] EntityDamageByEntityEvent was triggered by damaged ZOMBIE Zombie, damager PLAYER 01000100_0100010 and cancelled false.
[February 12, 2023 01:37:13.850AM GMT] EntityDamageByEntityEvent was triggered by damaged PLAYER 01000100_0100010, damager ARROW Arrow and cancelled true.
[February 12, 2023 01:37:15.956AM GMT] EntityDamageByEntityEvent was triggered by damaged PLAYER 01000100_0100010, damager ARROW Arrow and cancelled true.
[February 12, 2023 01:37:16.149AM GMT] EntityDamageByEntityEvent was triggered by damaged ZOMBIE Zombie, damager PLAYER 01000100_0100010 and cancelled false.
[February 12, 2023 01:37:18.152AM GMT] EntityDamageByEntityEvent was triggered by damaged PLAYER 01000100_0100010, damager ARROW Arrow and cancelled true.
[February 12, 2023 01:37:19.348AM GMT] EntityDamageByEntityEvent was triggered by damaged ZOMBIE Zombie, damager PLAYER 01000100_0100010 and cancelled false.
[February 12, 2023 01:37:22.448AM GMT] EntityDamageByEntityEvent was triggered by damaged PLAYER 01000100_0100010, damager ARROW Arrow and cancelled true.
[February 12, 2023 01:37:25.249AM GMT] EntityDamageByEntityEvent was triggered by damaged ZOMBIE Zombie, damager PLAYER 01000100_0100010 and cancelled false.
[February 12, 2023 01:37:28.851AM GMT] EntityDamageByEntityEvent was triggered by damaged PLAYER 01000100_0100010, damager ARROW Arrow and cancelled true.
[February 12, 2023 01:37:31.050AM GMT] EntityDamageByEntityEvent was triggered by damaged PLAYER 01000100_0100010, damager ARROW Arrow and cancelled true.
[February 12, 2023 01:37:32.448AM GMT] EntityDamageByEntityEvent was triggered by damaged SKELETON Skeleton, damager ARROW Arrow and cancelled false.
[February 12, 2023 01:37:56.780AM GMT] EntityDamageByEntityEvent was triggered by damaged ZOMBIE Zombie, damager PLAYER 01000100_0100010 and cancelled false.
[February 12, 2023 01:37:59.380AM GMT] EntityDamageByEntityEvent was triggered by damaged ZOMBIE Zombie, damager PLAYER 01000100_0100010 and cancelled false.
[February 12, 2023 01:38:13.601AM GMT] EntityDamageByEntityEvent was triggered by damaged CREEPER Creeper, damager PLAYER 01000100_0100010 and cancelled false.
[February 12, 2023 01:38:14.825AM GMT] EntityDamageByEntityEvent was triggered by damaged CREEPER Creeper, damager CREEPER Creeper and cancelled false.
[February 12, 2023 01:38:14.831AM GMT] EntityDamageByEntityEvent was triggered by damaged SKELETON Skeleton, damager CREEPER Creeper and cancelled false.
[February 12, 2023 01:38:14.832AM GMT] EntityDamageByEntityEvent was triggered by damaged CREEPER Creeper, damager CREEPER Creeper and cancelled false.
[February 12, 2023 01:38:17.301AM GMT] EntityDamageByEntityEvent was triggered by damaged PLAYER 01000100_0100010, damager ARROW Arrow and cancelled false.
[February 12, 2023 01:38:17.901AM GMT] EntityDamageByEntityEvent was triggered by damaged PLAYER 01000100_0100010, damager ZOMBIE Zombie and cancelled false.
[February 12, 2023 01:38:18.603AM GMT] EntityDamageByEntityEvent was triggered by damaged SKELETON Skeleton, damager PLAYER 01000100_0100010 and cancelled false.
[February 12, 2023 01:38:19.203AM GMT] EntityDamageByEntityEvent was triggered by damaged PLAYER 01000100_0100010, damager ZOMBIE Zombie and cancelled false.
[February 12, 2023 01:38:20.201AM GMT] EntityDamageByEntityEvent was triggered by damaged SKELETON Skeleton, damager PLAYER 01000100_0100010 and cancelled false.
[February 12, 2023 01:38:20.213AM GMT] EntityDamageByEntityEvent was triggered by damaged PLAYER 01000100_0100010, damager ZOMBIE Zombie and cancelled false.
[February 12, 2023 01:38:21.203AM GMT] EntityDamageByEntityEvent was triggered by damaged PLAYER 01000100_0100010, damager ZOMBIE Zombie and cancelled false.
[February 12, 2023 01:38:21.701AM GMT] EntityDamageByEntityEvent was triggered by damaged ZOMBIE Zombie, damager PLAYER 01000100_0100010 and cancelled false.
[February 12, 2023 01:38:22.602AM GMT] EntityDamageByEntityEvent was triggered by damaged ZOMBIE Zombie, damager PLAYER 01000100_0100010 and cancelled false.
[February 12, 2023 01:38:23.401AM GMT] EntityDamageByEntityEvent was triggered by damaged CREEPER Creeper, damager PLAYER 01000100_0100010 and cancelled false.
[February 12, 2023 01:45:49.666AM GMT] EntityDamageByEntityEvent was triggered by damaged PLAYER joopy123, damager ZOMBIE Zombie and cancelled true.
[February 12, 2023 01:45:51.766AM GMT] EntityDamageByEntityEvent was triggered by damaged VILLAGER §a§6§lMr. Fisher, damager CREEPER Creeper and cancelled true.
[February 12, 2023 01:45:51.766AM GMT] EntityDamageByEntityEvent was triggered by damaged ZOMBIE Zombie, damager CREEPER Creeper and cancelled false.
[February 12, 2023 01:45:51.771AM GMT] EntityDamageByEntityEvent was triggered by damaged PLAYER joopy123, damager CREEPER Creeper and cancelled true.
[February 12, 2023 01:46:02.285AM GMT] EntityDamageByEntityEvent was triggered by damaged PLAYER joopy123, damager ENDER_PEARL entity.ThrownEnderpearl.name and cancelled true.
[February 12, 2023 01:46:05.364AM GMT] EntityDamageByEntityEvent was triggered by damaged PLAYER joopy123, damager ENDER_PEARL entity.ThrownEnderpearl.name and cancelled true.
[February 12, 2023 01:46:30.374AM GMT] EntityDamageByEntityEvent was triggered by damaged PLAYER joopy123, damager ENDER_PEARL entity.ThrownEnderpearl.name and cancelled true.
[February 12, 2023 01:46:30.573AM GMT] EntityDamageByEntityEvent was triggered by damaged PLAYER joopy123, damager ENDER_PEARL entity.ThrownEnderpearl.name and cancelled true.
[February 12, 2023 01:46:30.968AM GMT] EntityDamageByEntityEvent was triggered by damaged PLAYER joopy123, damager ENDER_PEARL entity.ThrownEnderpearl.name and cancelled true.
[February 12, 2023 01:46:35.164AM GMT] EntityDamageByEntityEvent was triggered by damaged PLAYER joopy123, damager ENDER_PEARL entity.ThrownEnderpearl.name and cancelled true.
[February 12, 2023 01:46:49.963AM GMT] EntityDamageByEntityEvent was triggered by damaged PLAYER joopy123, damager ENDER_PEARL entity.ThrownEnderpearl.name and cancelled true.
[February 12, 2023 01:46:57.764AM GMT] EntityDamageByEntityEvent was triggered by damaged PLAYER joopy123, damager ENDER_PEARL entity.ThrownEnderpearl.name and cancelled false.
[February 12, 2023 01:47:01.664AM GMT] EntityDamageByEntityEvent was triggered by damaged PLAYER joopy123, damager ARROW Arrow and cancelled false.
[February 12, 2023 01:47:03.564AM GMT] EntityDamageByEntityEvent was triggered by damaged PLAYER joopy123, damager ARROW Arrow and cancelled false.
[February 12, 2023 01:47:04.664AM GMT] EntityDamageByEntityEvent was triggered by damaged SKELETON Skeleton, damager PLAYER joopy123 and cancelled false.
