[February 19, 2023 02:08:55.143AM GMT] EntityDamageByEntityEvent was triggered by damaged HORSE Horse, damager PLAYER joopy123 and cancelled false.
[February 19, 2023 04:42:05.636AM GMT] EntityDamageByEntityEvent was triggered by damaged COW Cow, damager PLAYER JayJayLaray and cancelled false.
[February 19, 2023 04:42:06.320AM GMT] EntityDamageByEntityEvent was triggered by damaged COW Cow, damager PLAYER JayJayLaray and cancelled false.
[February 19, 2023 04:42:07.420AM GMT] EntityDamageByEntityEvent was triggered by damaged COW Cow, damager PLAYER JayJayLaray and cancelled false.
[February 19, 2023 04:42:13.221AM GMT] EntityDamageByEntityEvent was triggered by damaged COW Cow, damager PLAYER JayJayLaray and cancelled false.
[February 19, 2023 04:42:21.520AM GMT] EntityDamageByEntityEvent was triggered by damaged COW Cow, damager PLAYER JayJayLaray and cancelled false.
[February 19, 2023 04:42:29.220AM GMT] EntityDamageByEntityEvent was triggered by damaged COW Cow, damager PLAYER JayJayLaray and cancelled false.
[February 19, 2023 04:42:29.822AM GMT] EntityDamageByEntityEvent was triggered by damaged COW Cow, damager PLAYER JayJayLaray and cancelled false.
[February 19, 2023 04:42:33.220AM GMT] EntityDamageByEntityEvent was triggered by damaged COW Cow, damager PLAYER JayJayLaray and cancelled false.
[February 19, 2023 04:42:36.421AM GMT] EntityDamageByEntityEvent was triggered by damaged COW Cow, damager PLAYER JayJayLaray and cancelled false.
[February 19, 2023 04:42:42.022AM GMT] EntityDamageByEntityEvent was triggered by damaged COW Cow, damager PLAYER JayJayLaray and cancelled false.
[February 19, 2023 04:42:42.720AM GMT] EntityDamageByEntityEvent was triggered by damaged COW Cow, damager PLAYER JayJayLaray and cancelled false.
[February 19, 2023 04:42:43.220AM GMT] EntityDamageByEntityEvent was triggered by damaged COW Cow, damager PLAYER JayJayLaray and cancelled false.
[February 19, 2023 04:42:45.120AM GMT] EntityDamageByEntityEvent was triggered by damaged COW Cow, damager PLAYER JayJayLaray and cancelled false.
[February 19, 2023 04:42:53.121AM GMT] EntityDamageByEntityEvent was triggered by damaged COW Cow, damager PLAYER JayJayLaray and cancelled false.
[February 19, 2023 04:42:53.721AM GMT] EntityDamageByEntityEvent was triggered by damaged COW Cow, damager PLAYER JayJayLaray and cancelled false.
[February 19, 2023 04:42:54.426AM GMT] EntityDamageByEntityEvent was triggered by damaged COW Cow, damager PLAYER JayJayLaray and cancelled false.
[February 19, 2023 04:42:57.020AM GMT] EntityDamageByEntityEvent was triggered by damaged COW Cow, damager PLAYER JayJayLaray and cancelled false.
[February 19, 2023 04:42:59.620AM GMT] EntityDamageByEntityEvent was triggered by damaged COW Cow, damager PLAYER JayJayLaray and cancelled false.
[February 19, 2023 04:43:00.721AM GMT] EntityDamageByEntityEvent was triggered by damaged COW Cow, damager PLAYER JayJayLaray and cancelled false.
[February 19, 2023 04:45:17.400AM GMT] EntityDamageByEntityEvent was triggered by damaged PLAYER JayJayLaray, damager SPIDER Spider and cancelled false.
[February 19, 2023 04:45:18.399AM GMT] EntityDamageByEntityEvent was triggered by damaged PLAYER JayJayLaray, damager SPIDER Spider and cancelled false.
[February 19, 2023 04:45:19.400AM GMT] EntityDamageByEntityEvent was triggered by damaged PLAYER JayJayLaray, damager SPIDER Spider and cancelled false.
[February 19, 2023 04:45:20.399AM GMT] EntityDamageByEntityEvent was triggered by damaged PLAYER JayJayLaray, damager SPIDER Spider and cancelled false.
[February 19, 2023 04:45:22.046AM GMT] EntityDamageByEntityEvent was triggered by damaged PLAYER JayJayLaray, damager SPIDER Spider and cancelled false.
[February 19, 2023 04:45:22.644AM GMT] EntityDamageByEntityEvent was triggered by damaged SPIDER Spider, damager PLAYER JayJayLaray and cancelled false.
[February 19, 2023 04:45:25.946AM GMT] EntityDamageByEntityEvent was triggered by damaged SPIDER Spider, damager PLAYER JayJayLaray and cancelled false.
[February 19, 2023 04:45:26.549AM GMT] EntityDamageByEntityEvent was triggered by damaged SPIDER Spider, damager PLAYER JayJayLaray and cancelled false.
[February 19, 2023 04:45:27.244AM GMT] EntityDamageByEntityEvent was triggered by damaged SPIDER Spider, damager PLAYER JayJayLaray and cancelled false.
[February 19, 2023 04:45:27.845AM GMT] EntityDamageByEntityEvent was triggered by damaged SPIDER Spider, damager PLAYER JayJayLaray and cancelled false.
[February 19, 2023 04:45:28.445AM GMT] EntityDamageByEntityEvent was triggered by damaged SPIDER Spider, damager PLAYER JayJayLaray and cancelled false.
[February 19, 2023 04:45:29.645AM GMT] EntityDamageByEntityEvent was triggered by damaged SPIDER Spider, damager PLAYER JayJayLaray and cancelled false.
[February 19, 2023 04:45:30.145AM GMT] EntityDamageByEntityEvent was triggered by damaged SPIDER Spider, damager PLAYER JayJayLaray and cancelled false.
[February 19, 2023 04:45:31.246AM GMT] EntityDamageByEntityEvent was triggered by damaged SPIDER Spider, damager PLAYER JayJayLaray and cancelled false.
[February 19, 2023 04:45:32.146AM GMT] EntityDamageByEntityEvent was triggered by damaged SPIDER Spider, damager PLAYER JayJayLaray and cancelled false.
[February 19, 2023 04:45:32.845AM GMT] EntityDamageByEntityEvent was triggered by damaged SPIDER Spider, damager PLAYER JayJayLaray and cancelled false.
[February 19, 2023 04:45:33.747AM GMT] EntityDamageByEntityEvent was triggered by damaged SPIDER Spider, damager PLAYER JayJayLaray and cancelled false.
[February 19, 2023 04:45:34.345AM GMT] EntityDamageByEntityEvent was triggered by damaged SPIDER Spider, damager PLAYER JayJayLaray and cancelled false.
[February 19, 2023 04:45:35.645AM GMT] EntityDamageByEntityEvent was triggered by damaged SPIDER Spider, damager PLAYER JayJayLaray and cancelled false.
[February 19, 2023 04:45:36.945AM GMT] EntityDamageByEntityEvent was triggered by damaged SPIDER Spider, damager PLAYER JayJayLaray and cancelled false.
[February 19, 2023 04:45:36.949AM GMT] EntityDamageByEntityEvent was triggered by damaged PLAYER JayJayLaray, damager SPIDER Spider and cancelled false.
[February 19, 2023 04:45:38.345AM GMT] EntityDamageByEntityEvent was triggered by damaged SPIDER Spider, damager PLAYER JayJayLaray and cancelled false.
[February 19, 2023 04:46:16.964AM GMT] EntityDamageByEntityEvent was triggered by damaged PLAYER JayJayLaray, damager CREEPER Creeper and cancelled false.
[February 19, 2023 04:46:43.188AM GMT] EntityDamageByEntityEvent was triggered by damaged PLAYER JayJayLaray, damager ARROW Arrow and cancelled false.
[February 19, 2023 04:46:43.289AM GMT] EntityDamageByEntityEvent was triggered by damaged PLAYER JayJayLaray, damager ZOMBIE Zombie and cancelled false.
[February 19, 2023 04:46:45.290AM GMT] EntityDamageByEntityEvent was triggered by damaged PLAYER JayJayLaray, damager ARROW Arrow and cancelled false.
[February 19, 2023 04:47:26.912AM GMT] EntityDamageByEntityEvent was triggered by damaged PLAYER JayJayLaray, damager ZOMBIE Zombie and cancelled false.
[February 19, 2023 04:47:29.711AM GMT] EntityDamageByEntityEvent was triggered by damaged ZOMBIE Zombie, damager PLAYER JayJayLaray and cancelled false.
[February 19, 2023 04:47:30.210AM GMT] EntityDamageByEntityEvent was triggered by damaged ZOMBIE Zombie, damager PLAYER JayJayLaray and cancelled false.
[February 19, 2023 04:47:30.812AM GMT] EntityDamageByEntityEvent was triggered by damaged PLAYER JayJayLaray, damager ZOMBIE Zombie and cancelled false.
[February 19, 2023 04:47:30.911AM GMT] EntityDamageByEntityEvent was triggered by damaged ZOMBIE Zombie, damager PLAYER JayJayLaray and cancelled false.
[February 19, 2023 04:47:31.411AM GMT] EntityDamageByEntityEvent was triggered by damaged ZOMBIE Zombie, damager PLAYER JayJayLaray and cancelled false.
[February 19, 2023 04:47:32.011AM GMT] EntityDamageByEntityEvent was triggered by damaged ZOMBIE Zombie, damager PLAYER JayJayLaray and cancelled false.
[February 19, 2023 04:47:32.511AM GMT] EntityDamageByEntityEvent was triggered by damaged ZOMBIE Zombie, damager PLAYER JayJayLaray and cancelled false.
[February 19, 2023 04:47:33.111AM GMT] EntityDamageByEntityEvent was triggered by damaged ZOMBIE Zombie, damager PLAYER JayJayLaray and cancelled false.
[February 19, 2023 04:47:33.710AM GMT] EntityDamageByEntityEvent was triggered by damaged ZOMBIE Zombie, damager PLAYER JayJayLaray and cancelled false.
[February 19, 2023 04:47:34.211AM GMT] EntityDamageByEntityEvent was triggered by damaged ZOMBIE Zombie, damager PLAYER JayJayLaray and cancelled false.
[February 19, 2023 04:47:34.910AM GMT] EntityDamageByEntityEvent was triggered by damaged ZOMBIE Zombie, damager PLAYER JayJayLaray and cancelled false.
[February 19, 2023 04:47:35.810AM GMT] EntityDamageByEntityEvent was triggered by damaged ZOMBIE Zombie, damager PLAYER JayJayLaray and cancelled false.
[February 19, 2023 04:47:36.510AM GMT] EntityDamageByEntityEvent was triggered by damaged ZOMBIE Zombie, damager PLAYER JayJayLaray and cancelled false.
[February 19, 2023 04:47:37.111AM GMT] EntityDamageByEntityEvent was triggered by damaged ZOMBIE Zombie, damager PLAYER JayJayLaray and cancelled false.
[February 19, 2023 04:47:37.611AM GMT] EntityDamageByEntityEvent was triggered by damaged ZOMBIE Zombie, damager PLAYER JayJayLaray and cancelled false.
[February 19, 2023 04:47:38.111AM GMT] EntityDamageByEntityEvent was triggered by damaged ZOMBIE Zombie, damager PLAYER JayJayLaray and cancelled false.
[February 19, 2023 04:47:38.715AM GMT] EntityDamageByEntityEvent was triggered by damaged ZOMBIE Zombie, damager PLAYER JayJayLaray and cancelled false.
[February 19, 2023 04:47:39.211AM GMT] EntityDamageByEntityEvent was triggered by damaged ZOMBIE Zombie, damager PLAYER JayJayLaray and cancelled false.
[February 19, 2023 04:47:39.710AM GMT] EntityDamageByEntityEvent was triggered by damaged ZOMBIE Zombie, damager PLAYER JayJayLaray and cancelled false.
[February 19, 2023 04:47:40.311AM GMT] EntityDamageByEntityEvent was triggered by damaged ZOMBIE Zombie, damager PLAYER JayJayLaray and cancelled false.
[February 19, 2023 04:47:41.011AM GMT] EntityDamageByEntityEvent was triggered by damaged ZOMBIE Zombie, damager PLAYER JayJayLaray and cancelled false.
[February 19, 2023 04:47:41.911AM GMT] EntityDamageByEntityEvent was triggered by damaged ZOMBIE Zombie, damager PLAYER JayJayLaray and cancelled false.
[February 19, 2023 04:47:41.913AM GMT] EntityDamageByEntityEvent was triggered by damaged PLAYER JayJayLaray, damager ZOMBIE Zombie and cancelled false.
[February 19, 2023 04:47:42.411AM GMT] EntityDamageByEntityEvent was triggered by damaged ZOMBIE Zombie, damager PLAYER JayJayLaray and cancelled false.
[February 19, 2023 04:47:50.011AM GMT] EntityDamageByEntityEvent was triggered by damaged PLAYER JayJayLaray, damager ZOMBIE Zombie and cancelled false.
[February 19, 2023 04:47:51.513AM GMT] EntityDamageByEntityEvent was triggered by damaged PLAYER JayJayLaray, damager ZOMBIE Zombie and cancelled false.
[February 19, 2023 04:47:54.512AM GMT] EntityDamageByEntityEvent was triggered by damaged PLAYER JayJayLaray, damager ZOMBIE Zombie and cancelled false.
[February 19, 2023 04:47:57.311AM GMT] EntityDamageByEntityEvent was triggered by damaged ZOMBIE Zombie, damager PLAYER JayJayLaray and cancelled false.
[February 19, 2023 04:47:57.911AM GMT] EntityDamageByEntityEvent was triggered by damaged ZOMBIE Zombie, damager PLAYER JayJayLaray and cancelled false.
[February 19, 2023 04:47:58.511AM GMT] EntityDamageByEntityEvent was triggered by damaged PLAYER JayJayLaray, damager ZOMBIE Zombie and cancelled false.
[February 19, 2023 04:47:58.611AM GMT] EntityDamageByEntityEvent was triggered by damaged ZOMBIE Zombie, damager PLAYER JayJayLaray and cancelled false.
[February 19, 2023 04:47:59.211AM GMT] EntityDamageByEntityEvent was triggered by damaged ZOMBIE Zombie, damager PLAYER JayJayLaray and cancelled false.
[February 19, 2023 04:47:59.710AM GMT] EntityDamageByEntityEvent was triggered by damaged ZOMBIE Zombie, damager PLAYER JayJayLaray and cancelled false.
[February 19, 2023 04:48:00.210AM GMT] EntityDamageByEntityEvent was triggered by damaged ZOMBIE Zombie, damager PLAYER JayJayLaray and cancelled false.
[February 19, 2023 04:48:00.711AM GMT] EntityDamageByEntityEvent was triggered by damaged ZOMBIE Zombie, damager PLAYER JayJayLaray and cancelled false.
[February 19, 2023 04:48:01.212AM GMT] EntityDamageByEntityEvent was triggered by damaged ZOMBIE Zombie, damager PLAYER JayJayLaray and cancelled false.
[February 19, 2023 04:48:01.911AM GMT] EntityDamageByEntityEvent was triggered by damaged ZOMBIE Zombie, damager PLAYER JayJayLaray and cancelled false.
[February 19, 2023 04:48:02.411AM GMT] EntityDamageByEntityEvent was triggered by damaged ZOMBIE Zombie, damager PLAYER JayJayLaray and cancelled false.
[February 19, 2023 04:48:02.911AM GMT] EntityDamageByEntityEvent was triggered by damaged ZOMBIE Zombie, damager PLAYER JayJayLaray and cancelled false.
[February 19, 2023 04:48:03.511AM GMT] EntityDamageByEntityEvent was triggered by damaged ZOMBIE Zombie, damager PLAYER JayJayLaray and cancelled false.
[February 19, 2023 04:48:04.011AM GMT] EntityDamageByEntityEvent was triggered by damaged ZOMBIE Zombie, damager PLAYER JayJayLaray and cancelled false.
[February 19, 2023 04:48:04.610AM GMT] EntityDamageByEntityEvent was triggered by damaged ZOMBIE Zombie, damager PLAYER JayJayLaray and cancelled false.
[February 19, 2023 04:48:05.110AM GMT] EntityDamageByEntityEvent was triggered by damaged ZOMBIE Zombie, damager PLAYER JayJayLaray and cancelled false.
[February 19, 2023 04:48:05.711AM GMT] EntityDamageByEntityEvent was triggered by damaged ZOMBIE Zombie, damager PLAYER JayJayLaray and cancelled false.
[February 19, 2023 04:48:06.211AM GMT] EntityDamageByEntityEvent was triggered by damaged ZOMBIE Zombie, damager PLAYER JayJayLaray and cancelled false.
[February 19, 2023 04:48:06.810AM GMT] EntityDamageByEntityEvent was triggered by damaged ZOMBIE Zombie, damager PLAYER JayJayLaray and cancelled false.
[February 19, 2023 04:48:07.511AM GMT] EntityDamageByEntityEvent was triggered by damaged ZOMBIE Zombie, damager PLAYER JayJayLaray and cancelled false.
[February 19, 2023 04:48:08.110AM GMT] EntityDamageByEntityEvent was triggered by damaged ZOMBIE Zombie, damager PLAYER JayJayLaray and cancelled false.
[February 19, 2023 04:53:53.879AM GMT] EntityDamageByEntityEvent was triggered by damaged PLAYER JayJayLaray, damager ARROW Arrow and cancelled false.
[February 19, 2023 04:53:55.586AM GMT] EntityDamageByEntityEvent was triggered by damaged PLAYER JayJayLaray, damager CREEPER Creeper and cancelled false.
[February 19, 2023 04:53:56.179AM GMT] EntityDamageByEntityEvent was triggered by damaged PLAYER JayJayLaray, damager ARROW Arrow and cancelled false.
[February 19, 2023 04:54:07.681AM GMT] EntityDamageByEntityEvent was triggered by damaged PLAYER JayJayLaray, damager ARROW Arrow and cancelled false.
[February 19, 2023 04:54:10.077AM GMT] EntityDamageByEntityEvent was triggered by damaged PLAYER JayJayLaray, damager ARROW Arrow and cancelled false.
[February 19, 2023 04:54:12.378AM GMT] EntityDamageByEntityEvent was triggered by damaged PLAYER JayJayLaray, damager ARROW Arrow and cancelled false.
[February 19, 2023 04:59:54.141AM GMT] EntityDamageByEntityEvent was triggered by damaged COW Cow, damager PLAYER JayJayLaray and cancelled false.
[February 19, 2023 05:00:05.195AM GMT] EntityDamageByEntityEvent was triggered by damaged COW Cow, damager PLAYER JayJayLaray and cancelled false.
[February 19, 2023 05:00:05.795AM GMT] EntityDamageByEntityEvent was triggered by damaged COW Cow, damager PLAYER JayJayLaray and cancelled false.
[February 19, 2023 05:00:06.395AM GMT] EntityDamageByEntityEvent was triggered by damaged COW Cow, damager PLAYER JayJayLaray and cancelled false.
[February 19, 2023 05:00:06.995AM GMT] EntityDamageByEntityEvent was triggered by damaged COW Cow, damager PLAYER JayJayLaray and cancelled false.
[February 19, 2023 05:00:07.495AM GMT] EntityDamageByEntityEvent was triggered by damaged COW Cow, damager PLAYER JayJayLaray and cancelled false.
[February 19, 2023 05:00:08.095AM GMT] EntityDamageByEntityEvent was triggered by damaged COW Cow, damager PLAYER JayJayLaray and cancelled false.
[February 19, 2023 05:00:09.195AM GMT] EntityDamageByEntityEvent was triggered by damaged COW Cow, damager PLAYER JayJayLaray and cancelled false.
[February 19, 2023 05:00:11.895AM GMT] EntityDamageByEntityEvent was triggered by damaged COW Cow, damager PLAYER JayJayLaray and cancelled false.
[February 19, 2023 05:00:12.595AM GMT] EntityDamageByEntityEvent was triggered by damaged COW Cow, damager PLAYER JayJayLaray and cancelled false.
[February 19, 2023 05:00:27.595AM GMT] EntityDamageByEntityEvent was triggered by damaged COW Cow, damager PLAYER JayJayLaray and cancelled false.
[February 19, 2023 05:00:28.195AM GMT] EntityDamageByEntityEvent was triggered by damaged COW Cow, damager PLAYER JayJayLaray and cancelled false.
[February 19, 2023 05:00:32.065AM GMT] EntityDamageByEntityEvent was triggered by damaged COW Cow, damager PLAYER JayJayLaray and cancelled false.
[February 19, 2023 05:00:39.818AM GMT] EntityDamageByEntityEvent was triggered by damaged COW Cow, damager PLAYER JayJayLaray and cancelled false.
[February 19, 2023 05:00:40.515AM GMT] EntityDamageByEntityEvent was triggered by damaged COW Cow, damager PLAYER JayJayLaray and cancelled false.
[February 19, 2023 05:01:14.284AM GMT] EntityDamageByEntityEvent was triggered by damaged COW Cow, damager PLAYER JayJayLaray and cancelled false.
[February 19, 2023 05:01:18.085AM GMT] EntityDamageByEntityEvent was triggered by damaged COW Cow, damager PLAYER JayJayLaray and cancelled false.
[February 19, 2023 05:01:20.885AM GMT] EntityDamageByEntityEvent was triggered by damaged COW Cow, damager PLAYER JayJayLaray and cancelled false.
[February 19, 2023 05:01:21.887AM GMT] EntityDamageByEntityEvent was triggered by damaged COW Cow, damager PLAYER JayJayLaray and cancelled false.
[February 19, 2023 05:01:22.684AM GMT] EntityDamageByEntityEvent was triggered by damaged COW Cow, damager PLAYER JayJayLaray and cancelled false.
[February 19, 2023 05:01:23.384AM GMT] EntityDamageByEntityEvent was triggered by damaged COW Cow, damager PLAYER JayJayLaray and cancelled false.
[February 19, 2023 05:01:54.557AM GMT] EntityDamageByEntityEvent was triggered by damaged CREEPER Creeper, damager PLAYER 01000100_0100010 and cancelled false.
[February 19, 2023 05:01:55.460AM GMT] EntityDamageByEntityEvent was triggered by damaged PLAYER 01000100_0100010, damager SPIDER Spider and cancelled false.
[February 19, 2023 05:01:57.372AM GMT] EntityDamageByEntityEvent was triggered by damaged SPIDER Spider, damager PLAYER 01000100_0100010 and cancelled false.
[February 19, 2023 05:01:59.772AM GMT] EntityDamageByEntityEvent was triggered by damaged CREEPER Creeper, damager PLAYER 01000100_0100010 and cancelled false.
[February 19, 2023 05:02:02.473AM GMT] EntityDamageByEntityEvent was triggered by damaged CREEPER Creeper, damager PLAYER 01000100_0100010 and cancelled false.
[February 19, 2023 05:02:02.774AM GMT] EntityDamageByEntityEvent was triggered by damaged PLAYER 01000100_0100010, damager ARROW Arrow and cancelled false.
[February 19, 2023 05:02:04.053AM GMT] EntityDamageByEntityEvent was triggered by damaged PLAYER 01000100_0100010, damager CREEPER Creeper and cancelled false.
[February 19, 2023 05:02:04.054AM GMT] EntityDamageByEntityEvent was triggered by damaged SKELETON Skeleton, damager CREEPER Creeper and cancelled false.
[February 19, 2023 05:02:04.055AM GMT] EntityDamageByEntityEvent was triggered by damaged SPIDER Spider, damager CREEPER Creeper and cancelled false.
[February 19, 2023 05:02:04.055AM GMT] EntityDamageByEntityEvent was triggered by damaged COW Cow, damager CREEPER Creeper and cancelled false.
[February 19, 2023 05:02:07.141AM GMT] EntityDamageByEntityEvent was triggered by damaged SPIDER Spider, damager PLAYER 01000100_0100010 and cancelled false.
[February 19, 2023 05:02:10.445AM GMT] EntityDamageByEntityEvent was triggered by damaged PLAYER 01000100_0100010, damager SPIDER Spider and cancelled false.
[February 19, 2023 05:02:11.942AM GMT] EntityDamageByEntityEvent was triggered by damaged PLAYER 01000100_0100010, damager ARROW Arrow and cancelled false.
[February 19, 2023 05:02:12.643AM GMT] EntityDamageByEntityEvent was triggered by damaged PLAYER 01000100_0100010, damager SPIDER Spider and cancelled false.
[February 19, 2023 05:02:13.543AM GMT] EntityDamageByEntityEvent was triggered by damaged PLAYER 01000100_0100010, damager ARROW Arrow and cancelled false.
[February 19, 2023 05:02:14.240AM GMT] EntityDamageByEntityEvent was triggered by damaged SKELETON Skeleton, damager PLAYER 01000100_0100010 and cancelled false.
[February 19, 2023 05:02:14.641AM GMT] EntityDamageByEntityEvent was triggered by damaged PLAYER 01000100_0100010, damager SPIDER Spider and cancelled false.
[February 19, 2023 05:02:14.741AM GMT] EntityDamageByEntityEvent was triggered by damaged SKELETON Skeleton, damager PLAYER 01000100_0100010 and cancelled false.
[February 19, 2023 05:02:15.442AM GMT] EntityDamageByEntityEvent was triggered by damaged SKELETON Skeleton, damager PLAYER 01000100_0100010 and cancelled false.
[February 19, 2023 05:02:16.244AM GMT] EntityDamageByEntityEvent was triggered by damaged PLAYER 01000100_0100010, damager ARROW Arrow and cancelled false.
[February 19, 2023 05:02:17.645AM GMT] EntityDamageByEntityEvent was triggered by damaged PLAYER 01000100_0100010, damager SPIDER Spider and cancelled false.
[February 19, 2023 05:03:12.655AM GMT] EntityDamageByEntityEvent was triggered by damaged SHEEP Sheep, damager PLAYER 01000100_0100010 and cancelled false.
[February 19, 2023 05:03:13.256AM GMT] EntityDamageByEntityEvent was triggered by damaged SHEEP Sheep, damager PLAYER 01000100_0100010 and cancelled false.
[February 19, 2023 05:03:20.561AM GMT] EntityDamageByEntityEvent was triggered by damaged COW Cow, damager PLAYER 01000100_0100010 and cancelled false.
[February 19, 2023 05:03:34.797AM GMT] EntityDamageByEntityEvent was triggered by damaged PLAYER 01000100_0100010, damager SPIDER Spider and cancelled false.
[February 19, 2023 05:03:36.757AM GMT] EntityDamageByEntityEvent was triggered by damaged SPIDER Spider, damager PLAYER 01000100_0100010 and cancelled false.
[February 19, 2023 05:03:37.556AM GMT] EntityDamageByEntityEvent was triggered by damaged SPIDER Spider, damager PLAYER 01000100_0100010 and cancelled false.
[February 19, 2023 05:03:37.559AM GMT] EntityDamageByEntityEvent was triggered by damaged PLAYER 01000100_0100010, damager SPIDER Spider and cancelled false.
[February 19, 2023 05:03:39.070AM GMT] EntityDamageByEntityEvent was triggered by damaged PLAYER 01000100_0100010, damager SPIDER Spider and cancelled false.
[February 19, 2023 05:03:39.769AM GMT] EntityDamageByEntityEvent was triggered by damaged SPIDER Spider, damager PLAYER 01000100_0100010 and cancelled false.
