[March 12, 2023 14:22:41.813PM GMT] EntityDamageByEntityEvent was triggered by damaged PLAYER Michael, damager ZOMBIE Zombie and cancelled false.
[March 12, 2023 14:22:43.527PM GMT] EntityDamageByEntityEvent was triggered by damaged PLAYER Michael, damager ZOMBIE Zombie and cancelled false.
[March 12, 2023 14:23:17.296PM GMT] EntityDamageByEntityEvent was triggered by damaged PLAYER Michael, damager ZOMBIE Zombie and cancelled false.
[March 12, 2023 14:23:27.997PM GMT] EntityDamageByEntityEvent was triggered by damaged PLAYER Michael, damager SPIDER Spider and cancelled false.
[March 12, 2023 14:23:28.997PM GMT] EntityDamageByEntityEvent was triggered by damaged PLAYER Michael, damager SPIDER Spider and cancelled false.
[March 12, 2023 14:23:29.200PM GMT] EntityDamageByEntityEvent was triggered by damaged SPIDER §4❤❤❤❤❤§7❤❤❤, damager PLAYER Michael and cancelled false.
[March 12, 2023 14:23:30.310PM GMT] EntityDamageByEntityEvent was triggered by damaged SPIDER §4❤❤§7❤❤❤❤❤❤, damager PLAYER Michael and cancelled false.
[March 12, 2023 14:23:30.902PM GMT] EntityDamageByEntityEvent was triggered by damaged SPIDER §4§7❤❤❤❤❤❤❤❤, damager PLAYER Michael and cancelled false.
[March 12, 2023 14:23:36.994PM GMT] EntityDamageByEntityEvent was triggered by damaged ZOMBIE §4❤❤❤§7❤❤❤❤❤❤❤, damager PLAYER Michael and cancelled false.
[March 12, 2023 14:23:37.017PM GMT] EntityDamageByEntityEvent was triggered by damaged PLAYER Michael, damager ZOMBIE §4❤❤❤§7❤❤❤❤❤❤❤ and cancelled false.
[March 12, 2023 14:23:39.694PM GMT] EntityDamageByEntityEvent was triggered by damaged ZOMBIE §4❤❤❤❤❤❤❤❤§7❤❤, damager PLAYER Michael and cancelled false.
[March 12, 2023 14:23:39.894PM GMT] EntityDamageByEntityEvent was triggered by damaged ZOMBIE §4❤❤❤❤❤❤❤❤§7❤❤, damager PLAYER Michael and cancelled false.
[March 12, 2023 14:23:40.101PM GMT] EntityDamageByEntityEvent was triggered by damaged ZOMBIE §4§7❤❤❤❤❤❤❤❤❤❤, damager PLAYER Michael and cancelled false.
[March 12, 2023 14:23:40.493PM GMT] EntityDamageByEntityEvent was triggered by damaged ZOMBIE §4❤❤❤❤§7❤❤❤❤❤❤, damager PLAYER Michael and cancelled false.
[March 12, 2023 14:23:42.994PM GMT] EntityDamageByEntityEvent was triggered by damaged ZOMBIE §4❤§7❤❤❤❤❤❤❤❤❤, damager PLAYER Michael and cancelled false.
[March 12, 2023 14:23:44.199PM GMT] EntityDamageByEntityEvent was triggered by damaged ZOMBIE §4§7❤❤❤❤❤❤❤❤❤❤, damager PLAYER Michael and cancelled false.
[March 12, 2023 14:27:27.954PM GMT] EntityDamageByEntityEvent was triggered by damaged PLAYER Michael, damager ENDER_PEARL entity.ThrownEnderpearl.name and cancelled false.
[March 12, 2023 14:45:30.702PM GMT] EntityDamageByEntityEvent was triggered by damaged ENDERMAN §4❤❤❤❤❤❤❤❤§7❤❤, damager PLAYER Michael and cancelled false.
[March 12, 2023 14:45:31.803PM GMT] EntityDamageByEntityEvent was triggered by damaged ENDERMAN §4❤❤❤❤❤❤❤§7❤❤❤, damager PLAYER Michael and cancelled false.
[March 12, 2023 14:45:33.402PM GMT] EntityDamageByEntityEvent was triggered by damaged ENDERMAN §4❤❤❤❤§7❤❤❤❤❤❤, damager PLAYER Michael and cancelled false.
[March 12, 2023 14:45:34.001PM GMT] EntityDamageByEntityEvent was triggered by damaged ENDERMAN §4❤❤§7❤❤❤❤❤❤❤❤, damager PLAYER Michael and cancelled false.
[March 12, 2023 14:45:34.601PM GMT] EntityDamageByEntityEvent was triggered by damaged ENDERMAN §4§7❤❤❤❤❤❤❤❤❤❤, damager PLAYER Michael and cancelled false.
[March 12, 2023 14:55:06.950PM GMT] EntityDamageByEntityEvent was triggered by damaged ZOMBIE §4❤❤❤❤❤❤❤❤§7❤❤, damager PLAYER Michael and cancelled false.
[March 12, 2023 14:55:08.136PM GMT] EntityDamageByEntityEvent was triggered by damaged ZOMBIE §4❤❤❤❤❤❤§7❤❤❤❤, damager PLAYER Michael and cancelled false.
[March 12, 2023 14:55:08.643PM GMT] EntityDamageByEntityEvent was triggered by damaged ZOMBIE §4❤❤❤❤❤§7❤❤❤❤❤, damager PLAYER Michael and cancelled false.
[March 12, 2023 14:55:08.735PM GMT] EntityDamageByEntityEvent was triggered by damaged ZOMBIE §4❤❤❤❤❤§7❤❤❤❤❤, damager PLAYER Michael and cancelled false.
[March 12, 2023 14:55:09.247PM GMT] EntityDamageByEntityEvent was triggered by damaged ZOMBIE §4❤❤❤❤❤§7❤❤❤❤❤, damager PLAYER Michael and cancelled false.
[March 12, 2023 14:55:09.850PM GMT] EntityDamageByEntityEvent was triggered by damaged ZOMBIE §4❤❤❤❤§7❤❤❤❤❤❤, damager PLAYER Michael and cancelled false.
[March 12, 2023 14:55:10.235PM GMT] EntityDamageByEntityEvent was triggered by damaged ZOMBIE Zombie, damager PLAYER Michael and cancelled false.
[March 12, 2023 14:55:13.423PM GMT] EntityDamageByEntityEvent was triggered by damaged ZOMBIE §4§7❤❤❤❤❤❤❤❤❤❤, damager PLAYER Michael and cancelled false.
[March 12, 2023 14:55:19.724PM GMT] EntityDamageByEntityEvent was triggered by damaged ZOMBIE §4❤❤❤❤❤❤❤❤§7❤❤, damager PLAYER Michael and cancelled false.
[March 12, 2023 14:55:20.221PM GMT] EntityDamageByEntityEvent was triggered by damaged ZOMBIE §4❤❤❤❤❤❤❤§7❤❤❤, damager PLAYER Michael and cancelled false.
[March 12, 2023 14:55:20.721PM GMT] EntityDamageByEntityEvent was triggered by damaged ZOMBIE §4❤❤❤❤❤❤§7❤❤❤❤, damager PLAYER Michael and cancelled false.
[March 12, 2023 14:55:21.233PM GMT] EntityDamageByEntityEvent was triggered by damaged ZOMBIE §4❤❤❤❤❤❤§7❤❤❤❤, damager PLAYER Michael and cancelled false.
[March 12, 2023 14:55:21.822PM GMT] EntityDamageByEntityEvent was triggered by damaged ZOMBIE §4❤❤❤❤❤§7❤❤❤❤❤, damager PLAYER Michael and cancelled false.
[March 12, 2023 14:55:22.926PM GMT] EntityDamageByEntityEvent was triggered by damaged PLAYER Michael, damager ZOMBIE Zombie and cancelled false.
[March 12, 2023 14:55:23.021PM GMT] EntityDamageByEntityEvent was triggered by damaged ZOMBIE §4❤❤§7❤❤❤❤❤❤❤❤, damager PLAYER Michael and cancelled false.
[March 12, 2023 14:55:24.834PM GMT] EntityDamageByEntityEvent was triggered by damaged PLAYER Michael, damager ZOMBIE Zombie and cancelled false.
[March 12, 2023 14:55:25.021PM GMT] EntityDamageByEntityEvent was triggered by damaged ZOMBIE §4§7❤❤❤❤❤❤❤❤❤❤, damager PLAYER Michael and cancelled false.
[March 12, 2023 14:55:38.824PM GMT] EntityDamageByEntityEvent was triggered by damaged PLAYER Michael, damager ZOMBIE Zombie and cancelled false.
[March 12, 2023 14:55:40.174PM GMT] EntityDamageByEntityEvent was triggered by damaged PLAYER Michael, damager ZOMBIE Zombie and cancelled false.
[March 12, 2023 14:55:42.074PM GMT] EntityDamageByEntityEvent was triggered by damaged PLAYER Michael, damager ZOMBIE Zombie and cancelled false.
[March 12, 2023 14:55:44.671PM GMT] EntityDamageByEntityEvent was triggered by damaged PLAYER Michael, damager ZOMBIE Zombie and cancelled true.
[March 12, 2023 14:55:44.872PM GMT] EntityDamageByEntityEvent was triggered by damaged ZOMBIE §4❤❤❤❤❤❤❤§7❤❤❤, damager PLAYER Michael and cancelled false.
[March 12, 2023 14:55:45.173PM GMT] EntityDamageByEntityEvent was triggered by damaged PLAYER Michael, damager ZOMBIE Zombie and cancelled true.
[March 12, 2023 14:55:45.770PM GMT] EntityDamageByEntityEvent was triggered by damaged PLAYER Michael, damager ZOMBIE Zombie and cancelled true.
[March 12, 2023 14:55:45.872PM GMT] EntityDamageByEntityEvent was triggered by damaged ZOMBIE §4❤❤❤❤❤❤❤§7❤❤❤, damager PLAYER Michael and cancelled false.
[March 12, 2023 14:55:45.875PM GMT] EntityDamageByEntityEvent was triggered by damaged PLAYER Michael, damager ZOMBIE Zombie and cancelled true.
[March 12, 2023 14:55:46.279PM GMT] EntityDamageByEntityEvent was triggered by damaged PLAYER Michael, damager ZOMBIE §4❤❤❤❤❤❤❤§7❤❤❤ and cancelled true.
[March 12, 2023 14:55:46.472PM GMT] EntityDamageByEntityEvent was triggered by damaged ZOMBIE §4❤❤❤❤❤❤❤❤§7❤❤, damager PLAYER Michael and cancelled false.
[March 12, 2023 14:55:46.476PM GMT] EntityDamageByEntityEvent was triggered by damaged PLAYER Michael, damager ZOMBIE Zombie and cancelled true.
[March 12, 2023 14:55:46.872PM GMT] EntityDamageByEntityEvent was triggered by damaged PLAYER Michael, damager ZOMBIE Zombie and cancelled true.
[March 12, 2023 14:55:46.971PM GMT] EntityDamageByEntityEvent was triggered by damaged PLAYER Michael, damager ZOMBIE Zombie and cancelled true.
[March 12, 2023 14:55:47.071PM GMT] EntityDamageByEntityEvent was triggered by damaged ZOMBIE §4❤❤❤❤❤❤❤§7❤❤❤, damager PLAYER Michael and cancelled false.
[March 12, 2023 14:55:47.589PM GMT] EntityDamageByEntityEvent was triggered by damaged PLAYER Michael, damager ZOMBIE Zombie and cancelled true.
[March 12, 2023 14:55:47.590PM GMT] EntityDamageByEntityEvent was triggered by damaged PLAYER Michael, damager ZOMBIE §4❤❤❤❤❤❤❤§7❤❤❤ and cancelled true.
[March 12, 2023 14:55:47.671PM GMT] EntityDamageByEntityEvent was triggered by damaged PLAYER Michael, damager ZOMBIE Zombie and cancelled true.
[March 12, 2023 14:55:47.971PM GMT] EntityDamageByEntityEvent was triggered by damaged ZOMBIE §4❤❤❤❤❤❤❤❤❤§7❤, damager PLAYER Michael and cancelled false.
[March 12, 2023 14:55:48.570PM GMT] EntityDamageByEntityEvent was triggered by damaged PLAYER Michael, damager ZOMBIE §4❤❤❤❤❤❤❤§7❤❤❤ and cancelled true.
[March 12, 2023 14:55:48.770PM GMT] EntityDamageByEntityEvent was triggered by damaged PLAYER Michael, damager ZOMBIE Zombie and cancelled true.
[March 12, 2023 14:55:49.070PM GMT] EntityDamageByEntityEvent was triggered by damaged PLAYER Michael, damager ZOMBIE Zombie and cancelled true.
[March 12, 2023 14:55:49.570PM GMT] EntityDamageByEntityEvent was triggered by damaged PLAYER Michael, damager ZOMBIE Zombie and cancelled true.
[March 12, 2023 14:55:49.969PM GMT] EntityDamageByEntityEvent was triggered by damaged PLAYER Michael, damager ZOMBIE Zombie and cancelled true.
[March 12, 2023 14:55:50.271PM GMT] EntityDamageByEntityEvent was triggered by damaged ZOMBIE §4❤❤§7❤❤❤❤❤❤❤❤, damager PLAYER Michael and cancelled false.
[March 12, 2023 14:55:50.274PM GMT] EntityDamageByEntityEvent was triggered by damaged PLAYER Michael, damager ZOMBIE §4❤❤❤❤❤❤❤❤❤§7❤ and cancelled true.
[March 12, 2023 14:55:50.276PM GMT] EntityDamageByEntityEvent was triggered by damaged PLAYER Michael, damager ZOMBIE Zombie and cancelled true.
[March 12, 2023 14:55:50.971PM GMT] EntityDamageByEntityEvent was triggered by damaged ZOMBIE §4❤§7❤❤❤❤❤❤❤❤❤, damager PLAYER Michael and cancelled false.
[March 12, 2023 14:55:51.279PM GMT] EntityDamageByEntityEvent was triggered by damaged PLAYER Michael, damager ZOMBIE §4❤§7❤❤❤❤❤❤❤❤❤ and cancelled true.
[March 12, 2023 14:55:51.471PM GMT] EntityDamageByEntityEvent was triggered by damaged PLAYER Michael, damager ZOMBIE Zombie and cancelled true.
[March 12, 2023 14:55:51.573PM GMT] EntityDamageByEntityEvent was triggered by damaged ZOMBIE §4§7❤❤❤❤❤❤❤❤❤❤, damager PLAYER Michael and cancelled false.
[March 12, 2023 14:55:52.173PM GMT] EntityDamageByEntityEvent was triggered by damaged PLAYER Michael, damager ZOMBIE Zombie and cancelled true.
[March 12, 2023 14:55:52.472PM GMT] EntityDamageByEntityEvent was triggered by damaged PLAYER Michael, damager ZOMBIE Zombie and cancelled true.
[March 12, 2023 14:55:53.072PM GMT] EntityDamageByEntityEvent was triggered by damaged ZOMBIE §4❤❤❤❤❤§7❤❤❤❤❤, damager PLAYER Michael and cancelled false.
[March 12, 2023 14:55:53.170PM GMT] EntityDamageByEntityEvent was triggered by damaged PLAYER Michael, damager ZOMBIE Zombie and cancelled true.
[March 12, 2023 14:55:53.571PM GMT] EntityDamageByEntityEvent was triggered by damaged PLAYER Michael, damager ZOMBIE Zombie and cancelled true.
[March 12, 2023 14:55:53.671PM GMT] EntityDamageByEntityEvent was triggered by damaged ZOMBIE §4❤❤❤❤❤§7❤❤❤❤❤, damager PLAYER Michael and cancelled false.
[March 12, 2023 14:55:54.371PM GMT] EntityDamageByEntityEvent was triggered by damaged ZOMBIE §4❤❤❤❤❤§7❤❤❤❤❤, damager PLAYER Michael and cancelled false.
[March 12, 2023 14:55:55.271PM GMT] EntityDamageByEntityEvent was triggered by damaged PLAYER Michael, damager ZOMBIE §4❤❤❤❤❤§7❤❤❤❤❤ and cancelled true.
[March 12, 2023 14:55:55.472PM GMT] EntityDamageByEntityEvent was triggered by damaged ZOMBIE §4❤❤§7❤❤❤❤❤❤❤❤, damager PLAYER Michael and cancelled false.
[March 12, 2023 14:55:55.972PM GMT] EntityDamageByEntityEvent was triggered by damaged PLAYER Michael, damager ZOMBIE Zombie and cancelled true.
[March 12, 2023 14:55:56.070PM GMT] EntityDamageByEntityEvent was triggered by damaged PLAYER Michael, damager ZOMBIE §4❤❤❤❤❤§7❤❤❤❤❤ and cancelled true.
[March 12, 2023 14:55:56.671PM GMT] EntityDamageByEntityEvent was triggered by damaged ZOMBIE §4❤❤§7❤❤❤❤❤❤❤❤, damager PLAYER Michael and cancelled false.
[March 12, 2023 14:55:57.172PM GMT] EntityDamageByEntityEvent was triggered by damaged PLAYER Michael, damager ZOMBIE Zombie and cancelled true.
[March 12, 2023 14:55:57.271PM GMT] EntityDamageByEntityEvent was triggered by damaged ZOMBIE §4§7❤❤❤❤❤❤❤❤❤❤, damager PLAYER Michael and cancelled false.
[March 12, 2023 14:55:57.372PM GMT] EntityDamageByEntityEvent was triggered by damaged PLAYER Michael, damager ZOMBIE Zombie and cancelled true.
[March 12, 2023 14:55:57.871PM GMT] EntityDamageByEntityEvent was triggered by damaged ZOMBIE §4§7❤❤❤❤❤❤❤❤❤❤, damager PLAYER Michael and cancelled false.
[March 12, 2023 14:55:58.871PM GMT] EntityDamageByEntityEvent was triggered by damaged ZOMBIE §4❤❤❤❤❤❤❤❤❤§7❤, damager PLAYER Michael and cancelled false.
[March 12, 2023 14:55:59.871PM GMT] EntityDamageByEntityEvent was triggered by damaged ZOMBIE §4❤❤❤❤❤❤❤❤§7❤❤, damager PLAYER Michael and cancelled false.
[March 12, 2023 14:56:00.070PM GMT] EntityDamageByEntityEvent was triggered by damaged PLAYER Michael, damager ZOMBIE Zombie and cancelled true.
[March 12, 2023 14:56:00.472PM GMT] EntityDamageByEntityEvent was triggered by damaged PLAYER Michael, damager ZOMBIE Zombie and cancelled true.
[March 12, 2023 14:56:01.271PM GMT] EntityDamageByEntityEvent was triggered by damaged ZOMBIE §4❤❤❤❤❤❤❤§7❤❤❤, damager PLAYER Michael and cancelled false.
[March 12, 2023 14:56:01.771PM GMT] EntityDamageByEntityEvent was triggered by damaged PLAYER Michael, damager ZOMBIE Zombie and cancelled true.
[March 12, 2023 14:56:03.574PM GMT] EntityDamageByEntityEvent was triggered by damaged ZOMBIE §4❤❤§7❤❤❤❤❤❤❤❤, damager PLAYER Michael and cancelled false.
[March 12, 2023 14:56:05.271PM GMT] EntityDamageByEntityEvent was triggered by damaged ZOMBIE §4§7❤❤❤❤❤❤❤❤❤❤, damager PLAYER Michael and cancelled false.
[March 12, 2023 14:56:06.272PM GMT] EntityDamageByEntityEvent was triggered by damaged ZOMBIE §4❤❤❤❤❤§7❤❤❤❤❤, damager PLAYER Michael and cancelled false.
[March 12, 2023 14:56:06.275PM GMT] EntityDamageByEntityEvent was triggered by damaged PLAYER Michael, damager ZOMBIE §4❤❤❤❤❤§7❤❤❤❤❤ and cancelled true.
[March 12, 2023 14:56:07.072PM GMT] EntityDamageByEntityEvent was triggered by damaged ZOMBIE §4❤❤❤§7❤❤❤❤❤❤❤, damager PLAYER Michael and cancelled false.
[March 12, 2023 14:56:07.076PM GMT] EntityDamageByEntityEvent was triggered by damaged PLAYER Michael, damager ZOMBIE Zombie and cancelled true.
[March 12, 2023 14:56:07.674PM GMT] EntityDamageByEntityEvent was triggered by damaged ZOMBIE §4❤❤❤❤❤§7❤❤❤❤❤, damager PLAYER Michael and cancelled false.
[March 12, 2023 14:56:08.870PM GMT] EntityDamageByEntityEvent was triggered by damaged PLAYER Michael, damager ZOMBIE §4❤❤❤❤❤§7❤❤❤❤❤ and cancelled true.
[March 12, 2023 14:56:09.571PM GMT] EntityDamageByEntityEvent was triggered by damaged ZOMBIE §4❤❤§7❤❤❤❤❤❤❤❤, damager PLAYER Michael and cancelled false.
[March 12, 2023 14:56:10.171PM GMT] EntityDamageByEntityEvent was triggered by damaged ZOMBIE §4❤§7❤❤❤❤❤❤❤❤❤, damager PLAYER Michael and cancelled false.
[March 12, 2023 14:56:10.670PM GMT] EntityDamageByEntityEvent was triggered by damaged PLAYER Michael, damager ZOMBIE Zombie and cancelled true.
[March 12, 2023 14:56:11.069PM GMT] EntityDamageByEntityEvent was triggered by damaged PLAYER Michael, damager ZOMBIE Zombie and cancelled true.
[March 12, 2023 14:56:12.474PM GMT] EntityDamageByEntityEvent was triggered by damaged PLAYER Michael, damager ZOMBIE Zombie and cancelled true.
[March 12, 2023 14:56:13.071PM GMT] EntityDamageByEntityEvent was triggered by damaged ZOMBIE §4❤❤❤❤§7❤❤❤❤❤❤, damager PLAYER Michael and cancelled false.
[March 12, 2023 14:56:14.171PM GMT] EntityDamageByEntityEvent was triggered by damaged ZOMBIE §4❤❤§7❤❤❤❤❤❤❤❤, damager PLAYER Michael and cancelled false.
[March 12, 2023 14:56:14.570PM GMT] EntityDamageByEntityEvent was triggered by damaged PLAYER Michael, damager ZOMBIE Zombie and cancelled true.
[March 12, 2023 14:56:14.972PM GMT] EntityDamageByEntityEvent was triggered by damaged ZOMBIE §4§7❤❤❤❤❤❤❤❤❤❤, damager PLAYER Michael and cancelled false.
[March 12, 2023 14:56:15.678PM GMT] EntityDamageByEntityEvent was triggered by damaged PLAYER Michael, damager ZOMBIE Zombie and cancelled true.
[March 12, 2023 14:56:15.971PM GMT] EntityDamageByEntityEvent was triggered by damaged ZOMBIE §4❤❤❤❤❤❤❤§7❤❤❤, damager PLAYER Michael and cancelled false.
[March 12, 2023 14:56:16.571PM GMT] EntityDamageByEntityEvent was triggered by damaged ZOMBIE §4❤❤❤❤❤❤§7❤❤❤❤, damager PLAYER Michael and cancelled false.
[March 12, 2023 14:56:17.672PM GMT] EntityDamageByEntityEvent was triggered by damaged PLAYER Michael, damager ZOMBIE §4❤❤❤❤❤❤§7❤❤❤❤ and cancelled true.
[March 12, 2023 14:56:17.871PM GMT] EntityDamageByEntityEvent was triggered by damaged ZOMBIE §4❤❤❤§7❤❤❤❤❤❤❤, damager PLAYER Michael and cancelled false.
[March 12, 2023 14:56:18.373PM GMT] EntityDamageByEntityEvent was triggered by damaged ZOMBIE §4❤§7❤❤❤❤❤❤❤❤❤, damager PLAYER Michael and cancelled false.
[March 12, 2023 14:56:19.773PM GMT] EntityDamageByEntityEvent was triggered by damaged ZOMBIE §4❤❤❤❤❤❤§7❤❤❤❤, damager PLAYER Michael and cancelled false.
[March 12, 2023 14:56:20.472PM GMT] EntityDamageByEntityEvent was triggered by damaged ZOMBIE §4❤§7❤❤❤❤❤❤❤❤❤, damager PLAYER Michael and cancelled false.
[March 12, 2023 14:56:21.372PM GMT] EntityDamageByEntityEvent was triggered by damaged ZOMBIE §4§7❤❤❤❤❤❤❤❤❤❤, damager PLAYER Michael and cancelled false.
[March 12, 2023 14:56:21.973PM GMT] EntityDamageByEntityEvent was triggered by damaged ZOMBIE §4❤§7❤❤❤❤❤❤❤❤❤, damager PLAYER Michael and cancelled false.
[March 12, 2023 14:56:24.971PM GMT] EntityDamageByEntityEvent was triggered by damaged ZOMBIE §4§7❤❤❤❤❤❤❤❤❤❤, damager PLAYER Michael and cancelled false.
[March 12, 2023 14:56:25.773PM GMT] EntityDamageByEntityEvent was triggered by damaged ZOMBIE §4§7❤❤❤❤❤❤❤❤❤❤, damager PLAYER Michael and cancelled false.
[March 12, 2023 14:56:30.672PM GMT] EntityDamageByEntityEvent was triggered by damaged ZOMBIE §4§7❤❤❤❤❤❤❤❤❤❤, damager PLAYER Michael and cancelled false.
[March 12, 2023 14:56:50.570PM GMT] EntityDamageByEntityEvent was triggered by damaged PLAYER Michael, damager ARROW Arrow and cancelled true.
[March 12, 2023 14:56:53.170PM GMT] EntityDamageByEntityEvent was triggered by damaged PLAYER Michael, damager ARROW Arrow and cancelled true.
[March 12, 2023 14:56:55.770PM GMT] EntityDamageByEntityEvent was triggered by damaged PLAYER Michael, damager ARROW Arrow and cancelled true.
[March 12, 2023 14:56:58.470PM GMT] EntityDamageByEntityEvent was triggered by damaged PLAYER Michael, damager ARROW Arrow and cancelled true.
[March 12, 2023 14:57:03.821PM GMT] EntityDamageByEntityEvent was triggered by damaged PLAYER Michael, damager ARROW Arrow and cancelled true.
[March 12, 2023 14:57:06.421PM GMT] EntityDamageByEntityEvent was triggered by damaged PLAYER Michael, damager ARROW Arrow and cancelled true.
[March 12, 2023 14:57:09.219PM GMT] EntityDamageByEntityEvent was triggered by damaged PLAYER Michael, damager ARROW Arrow and cancelled true.
[March 12, 2023 14:57:14.520PM GMT] EntityDamageByEntityEvent was triggered by damaged PLAYER Michael, damager ARROW Arrow and cancelled true.
[March 12, 2023 14:57:17.220PM GMT] EntityDamageByEntityEvent was triggered by damaged PLAYER Michael, damager ARROW Arrow and cancelled true.
[March 12, 2023 14:57:33.220PM GMT] EntityDamageByEntityEvent was triggered by damaged PLAYER Michael, damager ARROW Arrow and cancelled true.
[March 12, 2023 14:57:38.619PM GMT] EntityDamageByEntityEvent was triggered by damaged PLAYER Michael, damager ARROW Arrow and cancelled true.
[March 12, 2023 14:57:41.220PM GMT] EntityDamageByEntityEvent was triggered by damaged PLAYER Michael, damager ARROW Arrow and cancelled true.
[March 12, 2023 14:57:43.920PM GMT] EntityDamageByEntityEvent was triggered by damaged PLAYER Michael, damager ARROW Arrow and cancelled true.
[March 12, 2023 14:57:54.520PM GMT] EntityDamageByEntityEvent was triggered by damaged PLAYER Michael, damager ARROW Arrow and cancelled true.
[March 12, 2023 14:57:57.219PM GMT] EntityDamageByEntityEvent was triggered by damaged PLAYER Michael, damager ARROW Arrow and cancelled true.
[March 12, 2023 14:58:10.719PM GMT] EntityDamageByEntityEvent was triggered by damaged PLAYER Michael, damager ARROW Arrow and cancelled true.
[March 12, 2023 14:58:13.320PM GMT] EntityDamageByEntityEvent was triggered by damaged PLAYER Michael, damager ARROW Arrow and cancelled true.
[March 12, 2023 14:58:16.019PM GMT] EntityDamageByEntityEvent was triggered by damaged PLAYER Michael, damager ARROW Arrow and cancelled true.
[March 12, 2023 14:58:31.920PM GMT] EntityDamageByEntityEvent was triggered by damaged PLAYER Michael, damager ARROW Arrow and cancelled true.
[March 12, 2023 14:58:39.920PM GMT] EntityDamageByEntityEvent was triggered by damaged PLAYER Michael, damager ARROW Arrow and cancelled true.
[March 12, 2023 14:58:42.620PM GMT] EntityDamageByEntityEvent was triggered by damaged PLAYER Michael, damager ARROW Arrow and cancelled true.
[March 12, 2023 14:59:01.420PM GMT] EntityDamageByEntityEvent was triggered by damaged PLAYER Michael, damager ARROW Arrow and cancelled true.
[March 12, 2023 14:59:17.320PM GMT] EntityDamageByEntityEvent was triggered by damaged PLAYER Michael, damager ARROW Arrow and cancelled true.
[March 12, 2023 14:59:22.720PM GMT] EntityDamageByEntityEvent was triggered by damaged PLAYER Michael, damager ARROW Arrow and cancelled true.
[March 12, 2023 14:59:28.121PM GMT] EntityDamageByEntityEvent was triggered by damaged PLAYER Michael, damager ARROW Arrow and cancelled true.
[March 12, 2023 14:59:33.322PM GMT] EntityDamageByEntityEvent was triggered by damaged PLAYER Michael, damager ARROW Arrow and cancelled true.
[March 12, 2023 14:59:38.720PM GMT] EntityDamageByEntityEvent was triggered by damaged PLAYER Michael, damager ARROW Arrow and cancelled true.
[March 12, 2023 14:59:44.120PM GMT] EntityDamageByEntityEvent was triggered by damaged PLAYER Michael, damager ARROW Arrow and cancelled true.
[March 12, 2023 14:59:52.219PM GMT] EntityDamageByEntityEvent was triggered by damaged PLAYER Michael, damager ARROW Arrow and cancelled true.
[March 12, 2023 15:28:44.905PM GMT] EntityDamageByEntityEvent was triggered by damaged PLAYER Michael, damager ZOMBIE Zombie and cancelled true.
[March 12, 2023 15:28:45.905PM GMT] EntityDamageByEntityEvent was triggered by damaged PLAYER Michael, damager ZOMBIE Zombie and cancelled true.
[March 12, 2023 15:28:48.006PM GMT] EntityDamageByEntityEvent was triggered by damaged PLAYER Michael, damager ZOMBIE Zombie and cancelled true.
[March 12, 2023 15:28:49.406PM GMT] EntityDamageByEntityEvent was triggered by damaged PLAYER Michael, damager ZOMBIE Zombie and cancelled true.
[March 12, 2023 16:02:05.027PM GMT] EntityDamageByEntityEvent was triggered by damaged PLAYER joopy123, damager ARROW Arrow and cancelled false.
[March 12, 2023 16:26:35.639PM GMT] EntityDamageByEntityEvent was triggered by damaged CREEPER §4❤❤❤§7❤❤❤❤❤❤❤, damager PLAYER 808 and cancelled false.
[March 12, 2023 16:26:38.038PM GMT] EntityDamageByEntityEvent was triggered by damaged CREEPER §4§7❤❤❤❤❤❤❤❤❤❤, damager PLAYER 808 and cancelled false.
[March 12, 2023 16:27:09.090PM GMT] EntityDamageByEntityEvent was triggered by damaged SKELETON §4❤❤❤§7❤❤❤❤❤❤❤, damager PLAYER 808 and cancelled false.
[March 12, 2023 16:27:09.489PM GMT] EntityDamageByEntityEvent was triggered by damaged SKELETON §4❤❤❤§7❤❤❤❤❤❤❤, damager PLAYER 808 and cancelled false.
[March 12, 2023 16:27:09.588PM GMT] EntityDamageByEntityEvent was triggered by damaged SKELETON §4❤❤❤§7❤❤❤❤❤❤❤, damager PLAYER 808 and cancelled false.
[March 12, 2023 16:27:10.488PM GMT] EntityDamageByEntityEvent was triggered by damaged SKELETON §4§7❤❤❤❤❤❤❤❤❤❤, damager PLAYER 808 and cancelled false.
[March 12, 2023 16:27:33.489PM GMT] EntityDamageByEntityEvent was triggered by damaged ZOMBIE §4❤❤§7❤❤❤❤❤❤❤❤, damager PLAYER 808 and cancelled false.
[March 12, 2023 16:27:34.889PM GMT] EntityDamageByEntityEvent was triggered by damaged ZOMBIE §4§7❤❤❤❤❤❤❤❤❤❤, damager PLAYER 808 and cancelled false.
[March 12, 2023 16:27:40.488PM GMT] EntityDamageByEntityEvent was triggered by damaged PIG §4§7❤❤❤❤❤, damager PLAYER 808 and cancelled false.
[March 12, 2023 16:27:53.788PM GMT] EntityDamageByEntityEvent was triggered by damaged SKELETON §4❤❤❤§7❤❤❤❤❤❤❤, damager PLAYER 808 and cancelled false.
[March 12, 2023 16:27:54.289PM GMT] EntityDamageByEntityEvent was triggered by damaged SKELETON §4❤❤§7❤❤❤❤❤❤❤❤, damager PLAYER 808 and cancelled false.
[March 12, 2023 16:27:54.889PM GMT] EntityDamageByEntityEvent was triggered by damaged SKELETON §4§7❤❤❤❤❤❤❤❤❤❤, damager PLAYER 808 and cancelled false.
[March 12, 2023 16:27:57.490PM GMT] EntityDamageByEntityEvent was triggered by damaged PLAYER 808, damager ZOMBIE Zombie and cancelled false.
[March 12, 2023 16:27:57.588PM GMT] EntityDamageByEntityEvent was triggered by damaged ZOMBIE §4❤❤§7❤❤❤❤❤❤❤❤, damager PLAYER 808 and cancelled false.
[March 12, 2023 16:27:58.689PM GMT] EntityDamageByEntityEvent was triggered by damaged ZOMBIE §4§7❤❤❤❤❤❤❤❤❤❤, damager PLAYER 808 and cancelled false.
[March 12, 2023 16:28:34.689PM GMT] EntityDamageByEntityEvent was triggered by damaged ZOMBIE §4❤❤§7❤❤❤❤❤❤❤❤, damager PLAYER 808 and cancelled false.
[March 12, 2023 16:28:36.689PM GMT] EntityDamageByEntityEvent was triggered by damaged PLAYER 808, damager ZOMBIE §4❤❤§7❤❤❤❤❤❤❤❤ and cancelled false.
[March 12, 2023 16:28:38.494PM GMT] EntityDamageByEntityEvent was triggered by damaged ZOMBIE §4§7❤❤❤❤❤❤❤❤❤❤, damager PLAYER 808 and cancelled false.
[March 12, 2023 16:28:46.846PM GMT] EntityDamageByEntityEvent was triggered by damaged PLAYER 808, damager ZOMBIE Zombie and cancelled false.
[March 12, 2023 16:28:48.943PM GMT] EntityDamageByEntityEvent was triggered by damaged ZOMBIE §4❤❤❤❤§7❤❤❤❤❤❤, damager PLAYER 808 and cancelled false.
[March 12, 2023 16:28:50.042PM GMT] EntityDamageByEntityEvent was triggered by damaged ZOMBIE §4§7❤❤❤❤❤❤❤❤❤❤, damager PLAYER 808 and cancelled false.
[March 12, 2023 16:28:50.843PM GMT] EntityDamageByEntityEvent was triggered by damaged ZOMBIE §4❤❤❤❤❤❤❤❤§7❤❤, damager PLAYER 808 and cancelled false.
[March 12, 2023 16:28:52.243PM GMT] EntityDamageByEntityEvent was triggered by damaged ZOMBIE §4❤❤❤§7❤❤❤❤❤❤❤, damager PLAYER 808 and cancelled false.
[March 12, 2023 16:28:52.342PM GMT] EntityDamageByEntityEvent was triggered by damaged ZOMBIE §4❤❤❤§7❤❤❤❤❤❤❤, damager PLAYER 808 and cancelled false.
[March 12, 2023 16:28:53.043PM GMT] EntityDamageByEntityEvent was triggered by damaged ZOMBIE §4§7❤❤❤❤❤❤❤❤❤❤, damager PLAYER 808 and cancelled false.
[March 12, 2023 16:30:00.895PM GMT] EntityDamageByEntityEvent was triggered by damaged PLAYER 808, damager ZOMBIE Zombie and cancelled false.
[March 12, 2023 16:30:00.993PM GMT] EntityDamageByEntityEvent was triggered by damaged ZOMBIE §4❤❤❤❤§7❤❤❤❤❤❤, damager PLAYER 808 and cancelled false.
[March 12, 2023 16:30:02.092PM GMT] EntityDamageByEntityEvent was triggered by damaged ZOMBIE §4§7❤❤❤❤❤❤❤❤❤❤, damager PLAYER 808 and cancelled false.
[March 12, 2023 16:31:52.497PM GMT] EntityDamageByEntityEvent was triggered by damaged PLAYER 808, damager ZOMBIE Zombie and cancelled false.
[March 12, 2023 16:31:52.893PM GMT] EntityDamageByEntityEvent was triggered by damaged ZOMBIE §4❤❤❤❤§7❤❤❤❤❤❤, damager PLAYER 808 and cancelled false.
[March 12, 2023 16:31:54.692PM GMT] EntityDamageByEntityEvent was triggered by damaged ZOMBIE §4§7❤❤❤❤❤❤❤❤❤❤, damager PLAYER 808 and cancelled false.
[March 12, 2023 16:32:14.026PM GMT] EntityDamageByEntityEvent was triggered by damaged ZOMBIE §4❤❤❤❤§7❤❤❤❤❤❤, damager PLAYER 808 and cancelled false.
[March 12, 2023 16:32:18.524PM GMT] EntityDamageByEntityEvent was triggered by damaged ZOMBIE §4§7❤❤❤❤❤❤❤❤❤❤, damager PLAYER 808 and cancelled false.
[March 12, 2023 16:32:35.925PM GMT] EntityDamageByEntityEvent was triggered by damaged CREEPER §4❤❤❤§7❤❤❤❤❤❤❤, damager PLAYER 808 and cancelled false.
[March 12, 2023 16:32:38.931PM GMT] EntityDamageByEntityEvent was triggered by damaged CREEPER §4§7❤❤❤❤❤❤❤❤❤❤, damager PLAYER 808 and cancelled false.
[March 12, 2023 20:33:31.599PM GMT] EntityDamageByEntityEvent was triggered by damaged PLAYER azpen_trees, damager ENDERMAN Enderman and cancelled false.
[March 12, 2023 20:33:43.816PM GMT] EntityDamageByEntityEvent was triggered by damaged SPIDER §4❤§7❤❤❤❤❤❤❤, damager PLAYER azpen_trees and cancelled false.
[March 12, 2023 20:33:44.810PM GMT] EntityDamageByEntityEvent was triggered by damaged SPIDER §4§7❤❤❤❤❤❤❤❤, damager PLAYER azpen_trees and cancelled false.
[March 12, 2023 20:34:14.960PM GMT] EntityDamageByEntityEvent was triggered by damaged PLAYER azpen_trees, damager ARROW Arrow and cancelled false.
[March 12, 2023 20:34:16.260PM GMT] EntityDamageByEntityEvent was triggered by damaged SPIDER §4❤§7❤❤❤❤❤❤❤, damager PLAYER azpen_trees and cancelled false.
[March 12, 2023 20:34:16.460PM GMT] EntityDamageByEntityEvent was triggered by damaged PLAYER azpen_trees, damager ARROW Arrow and cancelled false.
[March 12, 2023 20:34:17.562PM GMT] EntityDamageByEntityEvent was triggered by damaged SPIDER §4§7❤❤❤❤❤❤❤❤, damager PLAYER azpen_trees and cancelled false.
[March 12, 2023 20:34:18.557PM GMT] EntityDamageByEntityEvent was triggered by damaged SKELETON §4❤❤❤§7❤❤❤❤❤❤❤, damager PLAYER azpen_trees and cancelled false.
[March 12, 2023 20:34:19.157PM GMT] EntityDamageByEntityEvent was triggered by damaged SKELETON §4§7❤❤❤❤❤❤❤❤❤❤, damager PLAYER azpen_trees and cancelled false.
[March 12, 2023 20:35:51.628PM GMT] EntityDamageByEntityEvent was triggered by damaged SKELETON §4❤❤❤§7❤❤❤❤❤❤❤, damager PLAYER azpen_trees and cancelled false.
[March 12, 2023 20:35:52.129PM GMT] EntityDamageByEntityEvent was triggered by damaged SKELETON §4§7❤❤❤❤❤❤❤❤❤❤, damager PLAYER azpen_trees and cancelled false.
[March 12, 2023 20:35:59.328PM GMT] EntityDamageByEntityEvent was triggered by damaged SLIME §4§7, damager PLAYER azpen_trees and cancelled false.
[March 12, 2023 20:36:03.230PM GMT] EntityDamageByEntityEvent was triggered by damaged CREEPER §4❤❤❤§7❤❤❤❤❤❤❤, damager PLAYER azpen_trees and cancelled false.
[March 12, 2023 20:36:03.928PM GMT] EntityDamageByEntityEvent was triggered by damaged CREEPER §4§7❤❤❤❤❤❤❤❤❤❤, damager PLAYER azpen_trees and cancelled false.
[March 12, 2023 20:36:11.828PM GMT] EntityDamageByEntityEvent was triggered by damaged ENDERMAN §4❤❤❤❤❤❤❤§7❤❤❤, damager PLAYER azpen_trees and cancelled false.
[March 12, 2023 20:36:12.134PM GMT] EntityDamageByEntityEvent was triggered by damaged ENDERMAN §4❤❤❤❤❤❤❤§7❤❤❤, damager PLAYER azpen_trees and cancelled false.
[March 12, 2023 20:36:12.328PM GMT] EntityDamageByEntityEvent was triggered by damaged ENDERMAN §4❤❤§7❤❤❤❤❤❤❤❤, damager PLAYER azpen_trees and cancelled false.
[March 12, 2023 20:36:13.327PM GMT] EntityDamageByEntityEvent was triggered by damaged ENDERMAN §4§7❤❤❤❤❤❤❤❤❤❤, damager PLAYER azpen_trees and cancelled false.
[March 12, 2023 20:36:33.730PM GMT] EntityDamageByEntityEvent was triggered by damaged SKELETON §4❤❤❤§7❤❤❤❤❤❤❤, damager PLAYER azpen_trees and cancelled false.
[March 12, 2023 20:36:34.328PM GMT] EntityDamageByEntityEvent was triggered by damaged SKELETON §4§7❤❤❤❤❤❤❤❤❤❤, damager PLAYER azpen_trees and cancelled false.
[March 12, 2023 20:36:35.728PM GMT] EntityDamageByEntityEvent was triggered by damaged WITCH §4❤❤❤❤❤§7❤❤❤❤❤, damager PLAYER azpen_trees and cancelled false.
[March 12, 2023 20:36:35.828PM GMT] EntityDamageByEntityEvent was triggered by damaged WITCH §4❤❤❤❤❤§7❤❤❤❤❤, damager PLAYER azpen_trees and cancelled false.
[March 12, 2023 20:36:36.227PM GMT] EntityDamageByEntityEvent was triggered by damaged WITCH §4§7❤❤❤❤❤❤❤❤❤❤, damager PLAYER azpen_trees and cancelled false.
[March 12, 2023 20:36:55.539PM GMT] EntityDamageByEntityEvent was triggered by damaged PLAYER azpen_trees, damager ARROW Arrow and cancelled false.
[March 12, 2023 20:36:58.631PM GMT] EntityDamageByEntityEvent was triggered by damaged PLAYER azpen_trees, damager ARROW Arrow and cancelled false.
[March 12, 2023 20:36:59.628PM GMT] EntityDamageByEntityEvent was triggered by damaged SKELETON §4❤❤❤§7❤❤❤❤❤❤❤, damager PLAYER azpen_trees and cancelled false.
[March 12, 2023 20:37:00.127PM GMT] EntityDamageByEntityEvent was triggered by damaged SKELETON §4§7❤❤❤❤❤❤❤❤❤❤, damager PLAYER azpen_trees and cancelled false.
[March 12, 2023 20:37:12.729PM GMT] EntityDamageByEntityEvent was triggered by damaged SKELETON §4❤❤❤§7❤❤❤❤❤❤❤, damager PLAYER azpen_trees and cancelled false.
[March 12, 2023 20:37:12.928PM GMT] EntityDamageByEntityEvent was triggered by damaged SKELETON §4❤❤❤§7❤❤❤❤❤❤❤, damager PLAYER azpen_trees and cancelled false.
[March 12, 2023 20:37:13.630PM GMT] EntityDamageByEntityEvent was triggered by damaged SKELETON §4§7❤❤❤❤❤❤❤❤❤❤, damager PLAYER azpen_trees and cancelled false.
[March 12, 2023 20:37:14.827PM GMT] EntityDamageByEntityEvent was triggered by damaged SKELETON §4§7❤❤❤❤❤❤❤❤❤❤, damager PLAYER azpen_trees and cancelled false.
[March 12, 2023 20:37:21.328PM GMT] EntityDamageByEntityEvent was triggered by damaged CREEPER §4❤❤❤§7❤❤❤❤❤❤❤, damager PLAYER azpen_trees and cancelled false.
[March 12, 2023 20:37:21.827PM GMT] EntityDamageByEntityEvent was triggered by damaged CREEPER §4§7❤❤❤❤❤❤❤❤❤❤, damager PLAYER azpen_trees and cancelled false.
[March 12, 2023 20:39:32.228PM GMT] EntityDamageByEntityEvent was triggered by damaged SKELETON §4❤❤❤§7❤❤❤❤❤❤❤, damager PLAYER azpen_trees and cancelled false.
[March 12, 2023 20:39:32.827PM GMT] EntityDamageByEntityEvent was triggered by damaged SKELETON §4§7❤❤❤❤❤❤❤❤❤❤, damager PLAYER azpen_trees and cancelled false.
[March 12, 2023 20:39:33.730PM GMT] EntityDamageByEntityEvent was triggered by damaged SKELETON §4❤❤❤§7❤❤❤❤❤❤❤, damager PLAYER azpen_trees and cancelled false.
[March 12, 2023 20:39:34.329PM GMT] EntityDamageByEntityEvent was triggered by damaged SKELETON §4§7❤❤❤❤❤❤❤❤❤❤, damager PLAYER azpen_trees and cancelled false.
[March 12, 2023 20:39:34.431PM GMT] EntityDamageByEntityEvent was triggered by damaged PLAYER azpen_trees, damager ARROW Arrow and cancelled false.
[March 12, 2023 20:39:35.127PM GMT] EntityDamageByEntityEvent was triggered by damaged SKELETON §4❤❤❤§7❤❤❤❤❤❤❤, damager PLAYER azpen_trees and cancelled false.
[March 12, 2023 20:39:35.627PM GMT] EntityDamageByEntityEvent was triggered by damaged SKELETON §4§7❤❤❤❤❤❤❤❤❤❤, damager PLAYER azpen_trees and cancelled false.
[March 12, 2023 20:39:46.029PM GMT] EntityDamageByEntityEvent was triggered by damaged SKELETON §4❤❤❤§7❤❤❤❤❤❤❤, damager PLAYER azpen_trees and cancelled false.
[March 12, 2023 20:39:46.627PM GMT] EntityDamageByEntityEvent was triggered by damaged SKELETON §4§7❤❤❤❤❤❤❤❤❤❤, damager PLAYER azpen_trees and cancelled false.
[March 12, 2023 20:39:47.830PM GMT] EntityDamageByEntityEvent was triggered by damaged PLAYER azpen_trees, damager ARROW Arrow and cancelled false.
[March 12, 2023 20:39:49.030PM GMT] EntityDamageByEntityEvent was triggered by damaged SKELETON §4❤❤❤§7❤❤❤❤❤❤❤, damager PLAYER azpen_trees and cancelled false.
[March 12, 2023 20:39:49.528PM GMT] EntityDamageByEntityEvent was triggered by damaged SKELETON §4§7❤❤❤❤❤❤❤❤❤❤, damager PLAYER azpen_trees and cancelled false.
[March 12, 2023 20:40:08.227PM GMT] EntityDamageByEntityEvent was triggered by damaged SKELETON §4❤❤❤§7❤❤❤❤❤❤❤, damager PLAYER azpen_trees and cancelled false.
[March 12, 2023 20:40:08.727PM GMT] EntityDamageByEntityEvent was triggered by damaged SKELETON §4§7❤❤❤❤❤❤❤❤❤❤, damager PLAYER azpen_trees and cancelled false.
[March 12, 2023 20:40:09.029PM GMT] EntityDamageByEntityEvent was triggered by damaged SKELETON §4❤❤❤§7❤❤❤❤❤❤❤, damager PLAYER azpen_trees and cancelled false.
[March 12, 2023 20:40:09.927PM GMT] EntityDamageByEntityEvent was triggered by damaged SKELETON §4§7❤❤❤❤❤❤❤❤❤❤, damager PLAYER azpen_trees and cancelled false.
[March 12, 2023 20:40:36.679PM GMT] EntityDamageByEntityEvent was triggered by damaged PLAYER azpen_trees, damager ARROW Arrow and cancelled false.
[March 12, 2023 20:40:37.979PM GMT] EntityDamageByEntityEvent was triggered by damaged SKELETON §4❤❤❤§7❤❤❤❤❤❤❤, damager PLAYER azpen_trees and cancelled false.
[March 12, 2023 20:40:38.479PM GMT] EntityDamageByEntityEvent was triggered by damaged SKELETON §4§7❤❤❤❤❤❤❤❤❤❤, damager PLAYER azpen_trees and cancelled false.
[March 12, 2023 20:40:46.982PM GMT] EntityDamageByEntityEvent was triggered by damaged PLAYER azpen_trees, damager ARROW Arrow and cancelled false.
[March 12, 2023 20:40:48.381PM GMT] EntityDamageByEntityEvent was triggered by damaged PLAYER azpen_trees, damager ARROW Arrow and cancelled false.
[March 12, 2023 20:40:49.780PM GMT] EntityDamageByEntityEvent was triggered by damaged PLAYER azpen_trees, damager ARROW Arrow and cancelled false.
[March 12, 2023 20:40:51.181PM GMT] EntityDamageByEntityEvent was triggered by damaged PLAYER azpen_trees, damager ARROW Arrow and cancelled false.
[March 12, 2023 20:40:52.079PM GMT] EntityDamageByEntityEvent was triggered by damaged SKELETON §4❤❤❤§7❤❤❤❤❤❤❤, damager PLAYER azpen_trees and cancelled false.
[March 12, 2023 20:40:52.579PM GMT] EntityDamageByEntityEvent was triggered by damaged SKELETON §4§7❤❤❤❤❤❤❤❤❤❤, damager PLAYER azpen_trees and cancelled false.
[March 12, 2023 20:43:50.978PM GMT] EntityDamageByEntityEvent was triggered by damaged PLAYER azpen_trees, damager ARROW Arrow and cancelled false.
[March 12, 2023 20:43:51.379PM GMT] EntityDamageByEntityEvent was triggered by damaged SKELETON Skeleton, damager ARROW Arrow and cancelled false.
[March 12, 2023 20:43:51.877PM GMT] EntityDamageByEntityEvent was triggered by damaged PLAYER azpen_trees, damager ARROW Arrow and cancelled false.
[March 12, 2023 20:43:52.179PM GMT] EntityDamageByEntityEvent was triggered by damaged SKELETON Skeleton, damager ARROW Arrow and cancelled false.
[March 12, 2023 20:43:52.378PM GMT] EntityDamageByEntityEvent was triggered by damaged SKELETON Skeleton, damager ARROW Arrow and cancelled false.
[March 12, 2023 20:43:53.579PM GMT] EntityDamageByEntityEvent was triggered by damaged SKELETON Skeleton, damager ARROW Arrow and cancelled false.
[March 12, 2023 20:43:53.779PM GMT] EntityDamageByEntityEvent was triggered by damaged SKELETON Skeleton, damager ARROW Arrow and cancelled false.
[March 12, 2023 20:43:53.880PM GMT] EntityDamageByEntityEvent was triggered by damaged SKELETON Skeleton, damager ARROW Arrow and cancelled false.
[March 12, 2023 20:43:55.178PM GMT] EntityDamageByEntityEvent was triggered by damaged SKELETON §4❤❤§7❤❤❤❤❤❤❤❤, damager PLAYER azpen_trees and cancelled false.
[March 12, 2023 20:43:55.180PM GMT] EntityDamageByEntityEvent was triggered by damaged SKELETON Skeleton, damager ARROW Arrow and cancelled false.
[March 12, 2023 20:43:55.182PM GMT] EntityDamageByEntityEvent was triggered by damaged PLAYER azpen_trees, damager ARROW Arrow and cancelled false.
[March 12, 2023 20:43:56.177PM GMT] EntityDamageByEntityEvent was triggered by damaged SKELETON §4§7❤❤❤❤❤❤❤❤❤❤, damager PLAYER azpen_trees and cancelled false.
[March 12, 2023 20:43:56.577PM GMT] EntityDamageByEntityEvent was triggered by damaged SKELETON Skeleton, damager ARROW Arrow and cancelled false.
[March 12, 2023 20:43:56.679PM GMT] EntityDamageByEntityEvent was triggered by damaged PLAYER azpen_trees, damager ARROW Arrow and cancelled false.
[March 12, 2023 20:43:56.778PM GMT] EntityDamageByEntityEvent was triggered by damaged SKELETON §4❤❤❤§7❤❤❤❤❤❤❤, damager PLAYER azpen_trees and cancelled false.
[March 12, 2023 20:43:57.077PM GMT] EntityDamageByEntityEvent was triggered by damaged PLAYER azpen_trees, damager ARROW Arrow and cancelled false.
[March 12, 2023 20:43:57.677PM GMT] EntityDamageByEntityEvent was triggered by damaged SKELETON §4❤§7❤❤❤❤❤❤❤❤❤, damager PLAYER azpen_trees and cancelled false.
[March 12, 2023 20:43:57.978PM GMT] EntityDamageByEntityEvent was triggered by damaged SKELETON Skeleton, damager ARROW Arrow and cancelled false.
[March 12, 2023 20:43:58.176PM GMT] EntityDamageByEntityEvent was triggered by damaged SKELETON §4§7❤❤❤❤❤❤❤❤❤❤, damager PLAYER azpen_trees and cancelled false.
[March 12, 2023 20:43:58.578PM GMT] EntityDamageByEntityEvent was triggered by damaged PLAYER azpen_trees, damager ARROW Arrow and cancelled false.
[March 12, 2023 20:43:59.677PM GMT] EntityDamageByEntityEvent was triggered by damaged SKELETON §4❤❤❤§7❤❤❤❤❤❤❤, damager PLAYER azpen_trees and cancelled false.
[March 12, 2023 20:44:00.677PM GMT] EntityDamageByEntityEvent was triggered by damaged SKELETON §4§7❤❤❤❤❤❤❤❤❤❤, damager PLAYER azpen_trees and cancelled false.
[March 12, 2023 20:44:00.682PM GMT] EntityDamageByEntityEvent was triggered by damaged PLAYER azpen_trees, damager ARROW Arrow and cancelled false.
[March 12, 2023 20:44:00.977PM GMT] EntityDamageByEntityEvent was triggered by damaged SKELETON §4§7❤❤❤❤❤❤❤❤❤❤, damager PLAYER azpen_trees and cancelled false.
[March 12, 2023 20:44:01.678PM GMT] EntityDamageByEntityEvent was triggered by damaged SKELETON §4§7❤❤❤❤❤❤❤❤❤❤, damager PLAYER azpen_trees and cancelled false.
[March 12, 2023 20:44:02.278PM GMT] EntityDamageByEntityEvent was triggered by damaged SKELETON §4❤❤❤§7❤❤❤❤❤❤❤, damager PLAYER azpen_trees and cancelled false.
[March 12, 2023 20:44:03.479PM GMT] EntityDamageByEntityEvent was triggered by damaged PLAYER azpen_trees, damager ARROW Arrow and cancelled false.
[March 12, 2023 20:44:03.676PM GMT] EntityDamageByEntityEvent was triggered by damaged SKELETON §4§7❤❤❤❤❤❤❤❤❤❤, damager PLAYER azpen_trees and cancelled false.
