[February 17, 2023 00:43:15.353AM GMT] EntityDamageByEntityEvent was triggered by damaged SPIDER Spider, damager PLAYER Michael and cancelled false.
[February 17, 2023 00:43:17.013AM GMT] EntityDamageByEntityEvent was triggered by damaged SPIDER Spider, damager PLAYER Michael and cancelled false.
[February 17, 2023 00:43:17.614AM GMT] EntityDamageByEntityEvent was triggered by damaged SPIDER Spider, damager PLAYER Michael and cancelled false.
[February 17, 2023 00:50:26.016AM GMT] EntityDamageByEntityEvent was triggered by damaged SHEEP Sheep, damager WOLF Wolf and cancelled false.
[February 17, 2023 00:50:29.508AM GMT] EntityDamageByEntityEvent was triggered by damaged SHEEP Sheep, damager WOLF Wolf and cancelled false.
[February 17, 2023 17:34:55.172PM GMT] EntityDamageByEntityEvent was triggered by damaged HORSE Horse, damager PLAYER kevin992 and cancelled false.
[February 17, 2023 17:34:55.949PM GMT] EntityDamageByEntityEvent was triggered by damaged HORSE Horse, damager PLAYER kevin992 and cancelled false.
[February 17, 2023 17:34:56.649PM GMT] EntityDamageByEntityEvent was triggered by damaged HORSE Horse, damager PLAYER kevin992 and cancelled false.
[February 17, 2023 17:35:01.949PM GMT] EntityDamageByEntityEvent was triggered by damaged HORSE Horse, damager PLAYER kevin992 and cancelled false.
[February 17, 2023 17:35:02.649PM GMT] EntityDamageByEntityEvent was triggered by damaged HORSE Horse, damager PLAYER kevin992 and cancelled false.
[February 17, 2023 17:35:03.148PM GMT] EntityDamageByEntityEvent was triggered by damaged HORSE Horse, damager PLAYER kevin992 and cancelled false.
[February 17, 2023 17:35:03.749PM GMT] EntityDamageByEntityEvent was triggered by damaged HORSE Horse, damager PLAYER kevin992 and cancelled false.
[February 17, 2023 17:35:04.249PM GMT] EntityDamageByEntityEvent was triggered by damaged HORSE Horse, damager PLAYER kevin992 and cancelled false.
[February 17, 2023 17:35:05.149PM GMT] EntityDamageByEntityEvent was triggered by damaged HORSE Horse, damager PLAYER kevin992 and cancelled false.
[February 17, 2023 17:35:05.848PM GMT] EntityDamageByEntityEvent was triggered by damaged HORSE Horse, damager PLAYER kevin992 and cancelled false.
[February 17, 2023 17:35:06.650PM GMT] EntityDamageByEntityEvent was triggered by damaged HORSE Horse, damager PLAYER kevin992 and cancelled false.
[February 17, 2023 17:35:07.149PM GMT] EntityDamageByEntityEvent was triggered by damaged HORSE Horse, damager PLAYER kevin992 and cancelled false.
[February 17, 2023 17:35:08.249PM GMT] EntityDamageByEntityEvent was triggered by damaged HORSE Horse, damager PLAYER kevin992 and cancelled false.
[February 17, 2023 17:35:09.548PM GMT] EntityDamageByEntityEvent was triggered by damaged HORSE Horse, damager PLAYER kevin992 and cancelled false.
[February 17, 2023 17:35:10.251PM GMT] EntityDamageByEntityEvent was triggered by damaged HORSE Horse, damager PLAYER kevin992 and cancelled false.
[February 17, 2023 17:35:10.906PM GMT] EntityDamageByEntityEvent was triggered by damaged HORSE Horse, damager PLAYER kevin992 and cancelled false.
[February 17, 2023 17:35:11.699PM GMT] EntityDamageByEntityEvent was triggered by damaged HORSE Horse, damager PLAYER kevin992 and cancelled false.
[February 17, 2023 17:35:12.598PM GMT] EntityDamageByEntityEvent was triggered by damaged HORSE Horse, damager PLAYER kevin992 and cancelled false.
[February 17, 2023 17:35:13.200PM GMT] EntityDamageByEntityEvent was triggered by damaged HORSE Horse, damager PLAYER kevin992 and cancelled false.
[February 17, 2023 17:35:13.699PM GMT] EntityDamageByEntityEvent was triggered by damaged HORSE Horse, damager PLAYER kevin992 and cancelled false.
[February 17, 2023 17:35:14.600PM GMT] EntityDamageByEntityEvent was triggered by damaged HORSE Horse, damager PLAYER kevin992 and cancelled false.
[February 17, 2023 17:35:15.300PM GMT] EntityDamageByEntityEvent was triggered by damaged HORSE Horse, damager PLAYER kevin992 and cancelled false.
[February 17, 2023 17:35:16.200PM GMT] EntityDamageByEntityEvent was triggered by damaged HORSE Horse, damager PLAYER kevin992 and cancelled false.
[February 17, 2023 17:35:21.999PM GMT] EntityDamageByEntityEvent was triggered by damaged HORSE Horse, damager PLAYER kevin992 and cancelled false.
[February 17, 2023 17:35:25.402PM GMT] EntityDamageByEntityEvent was triggered by damaged HORSE Horse, damager PLAYER kevin992 and cancelled false.
[February 17, 2023 17:35:29.699PM GMT] EntityDamageByEntityEvent was triggered by damaged HORSE Horse, damager PLAYER kevin992 and cancelled false.
[February 17, 2023 17:35:33.202PM GMT] EntityDamageByEntityEvent was triggered by damaged HORSE Horse, damager PLAYER kevin992 and cancelled false.
[February 17, 2023 18:48:47.078PM GMT] EntityDamageByEntityEvent was triggered by damaged PLAYER EPIKSONIC10, damager CREEPER Creeper and cancelled false.
[February 17, 2023 19:07:22.712PM GMT] EntityDamageByEntityEvent was triggered by damaged COW Cow, damager PLAYER 01000100_0100010 and cancelled false.
[February 17, 2023 19:09:12.431PM GMT] EntityDamageByEntityEvent was triggered by damaged COW Cow, damager PLAYER 01000100_0100010 and cancelled false.
[February 17, 2023 19:09:47.196PM GMT] EntityDamageByEntityEvent was triggered by damaged SHEEP Sheep, damager PLAYER 01000100_0100010 and cancelled false.
[February 17, 2023 19:19:53.113PM GMT] EntityDamageByEntityEvent was triggered by damaged VILLAGER Villager, damager ZOMBIE Zombie and cancelled false.
[February 17, 2023 19:19:58.915PM GMT] EntityDamageByEntityEvent was triggered by damaged VILLAGER Villager, damager ZOMBIE Zombie and cancelled false.
[February 17, 2023 19:20:02.862PM GMT] EntityDamageByEntityEvent was triggered by damaged VILLAGER Villager, damager ZOMBIE Zombie and cancelled false.
[February 17, 2023 19:34:35.698PM GMT] EntityDamageByEntityEvent was triggered by damaged PLAYER moo, damager CREEPER Creeper and cancelled false.
[February 17, 2023 19:34:48.049PM GMT] EntityDamageByEntityEvent was triggered by damaged CHICKEN Chicken, damager PLAYER Dripz_ and cancelled false.
[February 17, 2023 19:35:35.955PM GMT] EntityDamageByEntityEvent was triggered by damaged COW Cow, damager PLAYER joopy123 and cancelled false.
[February 17, 2023 19:35:36.056PM GMT] EntityDamageByEntityEvent was triggered by damaged COW Cow, damager PLAYER joopy123 and cancelled false.
[February 17, 2023 19:36:26.973PM GMT] EntityDamageByEntityEvent was triggered by damaged COW Cow, damager PLAYER joopy123 and cancelled false.
[February 17, 2023 19:39:24.299PM GMT] EntityDamageByEntityEvent was triggered by damaged COW Cow, damager PLAYER joopy123 and cancelled false.
[February 17, 2023 19:39:30.168PM GMT] EntityDamageByEntityEvent was triggered by damaged COW Cow, damager PLAYER joopy123 and cancelled false.
[February 17, 2023 19:41:12.336PM GMT] EntityDamageByEntityEvent was triggered by damaged COW Cow, damager PLAYER joopy123 and cancelled false.
