[March 15, 2023 12:14:12.016PM GMT] EntityDamageByEntityEvent was triggered by damaged ZOMBIE §4❤❤❤❤❤❤§7❤❤❤❤, damager PLAYER 808 and cancelled false.
[March 15, 2023 12:14:14.328PM GMT] EntityDamageByEntityEvent was triggered by damaged ZOMBIE §4❤❤❤❤❤❤§7❤❤❤❤, damager PLAYER 808 and cancelled false.
[March 15, 2023 12:14:15.327PM GMT] EntityDamageByEntityEvent was triggered by damaged ZOMBIE §4❤❤❤❤❤§7❤❤❤❤❤, damager PLAYER 808 and cancelled false.
[March 15, 2023 12:14:16.429PM GMT] EntityDamageByEntityEvent was triggered by damaged ZOMBIE §4❤❤❤❤❤§7❤❤❤❤❤, damager PLAYER 808 and cancelled false.
[March 15, 2023 12:14:17.128PM GMT] EntityDamageByEntityEvent was triggered by damaged ZOMBIE §4❤❤❤❤❤§7❤❤❤❤❤, damager PLAYER 808 and cancelled false.
[March 15, 2023 12:14:17.628PM GMT] EntityDamageByEntityEvent was triggered by damaged ZOMBIE §4❤❤❤❤§7❤❤❤❤❤❤, damager PLAYER 808 and cancelled false.
[March 15, 2023 12:14:18.228PM GMT] EntityDamageByEntityEvent was triggered by damaged ZOMBIE §4❤❤❤§7❤❤❤❤❤❤❤, damager PLAYER 808 and cancelled false.
[March 15, 2023 12:14:18.234PM GMT] EntityDamageByEntityEvent was triggered by damaged PLAYER 808, damager ZOMBIE Zombie and cancelled false.
[March 15, 2023 12:14:19.530PM GMT] EntityDamageByEntityEvent was triggered by damaged PLAYER 808, damager ZOMBIE Zombie and cancelled false.
[March 15, 2023 12:14:19.629PM GMT] EntityDamageByEntityEvent was triggered by damaged ZOMBIE §4❤❤❤§7❤❤❤❤❤❤❤, damager PLAYER 808 and cancelled false.
[March 15, 2023 12:14:20.028PM GMT] EntityDamageByEntityEvent was triggered by damaged ZOMBIE §4❤❤❤§7❤❤❤❤❤❤❤, damager PLAYER 808 and cancelled false.
[March 15, 2023 12:14:20.628PM GMT] EntityDamageByEntityEvent was triggered by damaged ZOMBIE §4❤❤§7❤❤❤❤❤❤❤❤, damager PLAYER 808 and cancelled false.
[March 15, 2023 12:14:21.226PM GMT] EntityDamageByEntityEvent was triggered by damaged ZOMBIE §4❤❤§7❤❤❤❤❤❤❤❤, damager PLAYER 808 and cancelled false.
[March 15, 2023 12:14:21.726PM GMT] EntityDamageByEntityEvent was triggered by damaged ZOMBIE §4❤§7❤❤❤❤❤❤❤❤❤, damager PLAYER 808 and cancelled false.
[March 15, 2023 12:14:22.128PM GMT] EntityDamageByEntityEvent was triggered by damaged ZOMBIE §4❤§7❤❤❤❤❤❤❤❤❤, damager PLAYER 808 and cancelled false.
[March 15, 2023 12:14:22.332PM GMT] EntityDamageByEntityEvent was triggered by damaged ZOMBIE §4❤§7❤❤❤❤❤❤❤❤❤, damager PLAYER 808 and cancelled false.
[March 15, 2023 12:14:23.028PM GMT] EntityDamageByEntityEvent was triggered by damaged ZOMBIE §4§7❤❤❤❤❤❤❤❤❤❤, damager PLAYER 808 and cancelled false.
[March 15, 2023 12:14:25.494PM GMT] EntityDamageByEntityEvent was triggered by damaged SKELETON Skeleton, damager WOLF Wolf and cancelled false.
[March 15, 2023 12:14:34.092PM GMT] EntityDamageByEntityEvent was triggered by damaged PLAYER 808, damager ZOMBIE Zombie and cancelled false.
[March 15, 2023 12:14:35.693PM GMT] EntityDamageByEntityEvent was triggered by damaged PLAYER 808, damager ZOMBIE Zombie and cancelled false.
[March 15, 2023 12:14:36.794PM GMT] EntityDamageByEntityEvent was triggered by damaged PLAYER 808, damager ZOMBIE Zombie and cancelled false.
[March 15, 2023 12:14:39.697PM GMT] EntityDamageByEntityEvent was triggered by damaged PLAYER 808, damager ZOMBIE Zombie and cancelled false.
[March 15, 2023 12:14:39.791PM GMT] EntityDamageByEntityEvent was triggered by damaged ZOMBIE §4❤❤❤❤❤❤❤❤❤❤§7, damager PLAYER 808 and cancelled false.
[March 15, 2023 12:14:41.891PM GMT] EntityDamageByEntityEvent was triggered by damaged ZOMBIE §4❤❤❤❤❤❤❤❤❤❤§7, damager PLAYER 808 and cancelled false.
[March 15, 2023 12:14:42.492PM GMT] EntityDamageByEntityEvent was triggered by damaged ZOMBIE §4❤❤❤❤❤❤❤❤❤§7❤, damager PLAYER 808 and cancelled false.
[March 15, 2023 12:14:43.095PM GMT] EntityDamageByEntityEvent was triggered by damaged ZOMBIE §4❤❤❤❤❤❤❤❤§7❤❤, damager PLAYER 808 and cancelled false.
[March 15, 2023 12:14:43.691PM GMT] EntityDamageByEntityEvent was triggered by damaged ZOMBIE §4❤❤❤❤❤❤❤❤§7❤❤, damager PLAYER 808 and cancelled false.
[March 15, 2023 12:14:44.199PM GMT] EntityDamageByEntityEvent was triggered by damaged ZOMBIE §4❤❤❤❤❤❤❤❤§7❤❤, damager PLAYER 808 and cancelled false.
[March 15, 2023 12:14:44.793PM GMT] EntityDamageByEntityEvent was triggered by damaged ZOMBIE §4❤❤❤❤❤❤❤§7❤❤❤, damager PLAYER 808 and cancelled false.
[March 15, 2023 12:14:44.800PM GMT] EntityDamageByEntityEvent was triggered by damaged PLAYER 808, damager ZOMBIE §4❤❤❤❤❤❤❤§7❤❤❤ and cancelled false.
[March 15, 2023 12:14:45.392PM GMT] EntityDamageByEntityEvent was triggered by damaged ZOMBIE §4❤❤❤❤❤❤§7❤❤❤❤, damager PLAYER 808 and cancelled false.
[March 15, 2023 12:14:45.891PM GMT] EntityDamageByEntityEvent was triggered by damaged ZOMBIE §4❤❤❤❤❤❤§7❤❤❤❤, damager PLAYER 808 and cancelled false.
[March 15, 2023 12:14:46.391PM GMT] EntityDamageByEntityEvent was triggered by damaged ZOMBIE §4❤❤❤❤❤§7❤❤❤❤❤, damager PLAYER 808 and cancelled false.
[March 15, 2023 12:14:46.991PM GMT] EntityDamageByEntityEvent was triggered by damaged ZOMBIE §4❤❤❤❤❤§7❤❤❤❤❤, damager PLAYER 808 and cancelled false.
[March 15, 2023 12:14:46.994PM GMT] EntityDamageByEntityEvent was triggered by damaged PLAYER 808, damager ZOMBIE §4❤❤❤❤❤§7❤❤❤❤❤ and cancelled false.
[March 15, 2023 12:14:47.491PM GMT] EntityDamageByEntityEvent was triggered by damaged ZOMBIE §4❤❤❤❤§7❤❤❤❤❤❤, damager PLAYER 808 and cancelled false.
[March 15, 2023 12:14:48.291PM GMT] EntityDamageByEntityEvent was triggered by damaged ZOMBIE §4❤❤❤❤§7❤❤❤❤❤❤, damager PLAYER 808 and cancelled false.
[March 15, 2023 12:14:48.893PM GMT] EntityDamageByEntityEvent was triggered by damaged ZOMBIE §4❤❤❤§7❤❤❤❤❤❤❤, damager PLAYER 808 and cancelled false.
[March 15, 2023 12:14:49.491PM GMT] EntityDamageByEntityEvent was triggered by damaged ZOMBIE §4❤❤❤§7❤❤❤❤❤❤❤, damager PLAYER 808 and cancelled false.
[March 15, 2023 12:14:50.361PM GMT] EntityDamageByEntityEvent was triggered by damaged ZOMBIE §4❤❤§7❤❤❤❤❤❤❤❤, damager PLAYER 808 and cancelled false.
[March 15, 2023 12:14:50.861PM GMT] EntityDamageByEntityEvent was triggered by damaged ZOMBIE §4❤❤§7❤❤❤❤❤❤❤❤, damager PLAYER 808 and cancelled false.
[March 15, 2023 12:14:51.461PM GMT] EntityDamageByEntityEvent was triggered by damaged ZOMBIE §4❤❤§7❤❤❤❤❤❤❤❤, damager PLAYER 808 and cancelled false.
[March 15, 2023 12:14:51.960PM GMT] EntityDamageByEntityEvent was triggered by damaged ZOMBIE §4❤§7❤❤❤❤❤❤❤❤❤, damager PLAYER 808 and cancelled false.
[March 15, 2023 12:14:52.460PM GMT] EntityDamageByEntityEvent was triggered by damaged ZOMBIE §4❤§7❤❤❤❤❤❤❤❤❤, damager PLAYER 808 and cancelled false.
[March 15, 2023 12:14:53.175PM GMT] EntityDamageByEntityEvent was triggered by damaged ZOMBIE §4§7❤❤❤❤❤❤❤❤❤❤, damager PLAYER 808 and cancelled false.
[March 15, 2023 12:17:30.402PM GMT] EntityDamageByEntityEvent was triggered by damaged ZOMBIE §4❤❤❤❤❤❤❤❤❤§7❤, damager PLAYER 808 and cancelled false.
[March 15, 2023 12:17:30.897PM GMT] EntityDamageByEntityEvent was triggered by damaged ZOMBIE §4❤❤❤❤❤❤❤§7❤❤❤, damager PLAYER 808 and cancelled false.
[March 15, 2023 12:17:32.996PM GMT] EntityDamageByEntityEvent was triggered by damaged ZOMBIE §4❤❤❤❤❤§7❤❤❤❤❤, damager PLAYER 808 and cancelled false.
[March 15, 2023 12:17:33.596PM GMT] EntityDamageByEntityEvent was triggered by damaged ZOMBIE §4❤❤❤§7❤❤❤❤❤❤❤, damager PLAYER 808 and cancelled false.
[March 15, 2023 12:17:34.196PM GMT] EntityDamageByEntityEvent was triggered by damaged ZOMBIE §4❤§7❤❤❤❤❤❤❤❤❤, damager PLAYER 808 and cancelled false.
[March 15, 2023 12:17:34.996PM GMT] EntityDamageByEntityEvent was triggered by damaged ZOMBIE §4§7❤❤❤❤❤❤❤❤❤❤, damager PLAYER 808 and cancelled false.
[March 15, 2023 12:17:58.507PM GMT] EntityDamageByEntityEvent was triggered by damaged PLAYER 808, damager CREEPER Creeper and cancelled false.
[March 15, 2023 12:17:58.514PM GMT] EntityDamageByEntityEvent was triggered by damaged PIG Pig, damager CREEPER Creeper and cancelled false.
[March 15, 2023 12:18:18.052PM GMT] EntityDamageByEntityEvent was triggered by damaged PLAYER 808, damager ZOMBIE Zombie and cancelled false.
[March 15, 2023 12:18:18.152PM GMT] EntityDamageByEntityEvent was triggered by damaged ZOMBIE §4❤❤❤❤❤❤❤❤❤§7❤, damager PLAYER 808 and cancelled false.
[March 15, 2023 12:18:18.616PM GMT] EntityDamageByEntityEvent was triggered by damaged ZOMBIE §4❤❤❤❤❤❤❤§7❤❤❤, damager PLAYER 808 and cancelled false.
[March 15, 2023 12:18:20.610PM GMT] EntityDamageByEntityEvent was triggered by damaged ZOMBIE §4❤❤❤❤❤§7❤❤❤❤❤, damager PLAYER 808 and cancelled false.
[March 15, 2023 12:18:22.713PM GMT] EntityDamageByEntityEvent was triggered by damaged ZOMBIE §4❤❤❤§7❤❤❤❤❤❤❤, damager PLAYER 808 and cancelled false.
[March 15, 2023 12:18:22.728PM GMT] EntityDamageByEntityEvent was triggered by damaged PLAYER 808, damager ZOMBIE §4❤❤❤§7❤❤❤❤❤❤❤ and cancelled false.
[March 15, 2023 12:18:28.010PM GMT] EntityDamageByEntityEvent was triggered by damaged ZOMBIE §4❤§7❤❤❤❤❤❤❤❤❤, damager PLAYER 808 and cancelled false.
[March 15, 2023 12:18:29.412PM GMT] EntityDamageByEntityEvent was triggered by damaged PLAYER 808, damager ZOMBIE §4❤§7❤❤❤❤❤❤❤❤❤ and cancelled false.
[March 15, 2023 12:18:29.513PM GMT] EntityDamageByEntityEvent was triggered by damaged ZOMBIE §4§7❤❤❤❤❤❤❤❤❤❤, damager PLAYER 808 and cancelled false.
[March 15, 2023 13:46:00.469PM GMT] EntityDamageByEntityEvent was triggered by damaged PLAYER Funky, damager CREEPER Creeper and cancelled false.
[March 15, 2023 13:49:35.289PM GMT] EntityDamageByEntityEvent was triggered by damaged PLAYER Funky, damager ZOMBIE Zombie and cancelled false.
[March 15, 2023 13:49:36.683PM GMT] EntityDamageByEntityEvent was triggered by damaged PLAYER Funky, damager ZOMBIE Zombie and cancelled false.
[March 15, 2023 13:49:42.540PM GMT] EntityDamageByEntityEvent was triggered by damaged PLAYER Funky, damager ARROW Arrow and cancelled false.
[March 15, 2023 13:49:44.343PM GMT] EntityDamageByEntityEvent was triggered by damaged PLAYER Funky, damager ARROW Arrow and cancelled false.
[March 15, 2023 14:18:20.632PM GMT] EntityDamageByEntityEvent was triggered by damaged SHEEP §4❤§7❤❤❤, damager PLAYER deathisupon_ and cancelled false.
[March 15, 2023 14:18:21.304PM GMT] EntityDamageByEntityEvent was triggered by damaged SHEEP §4§7❤❤❤❤, damager PLAYER deathisupon_ and cancelled false.
[March 15, 2023 14:18:23.915PM GMT] EntityDamageByEntityEvent was triggered by damaged SHEEP §4❤§7❤❤❤, damager PLAYER deathisupon_ and cancelled false.
[March 15, 2023 14:18:25.514PM GMT] EntityDamageByEntityEvent was triggered by damaged SHEEP §4§7❤❤❤❤, damager PLAYER deathisupon_ and cancelled false.
[March 15, 2023 14:18:28.414PM GMT] EntityDamageByEntityEvent was triggered by damaged SHEEP §4§7❤❤❤❤, damager PLAYER deathisupon_ and cancelled false.
[March 15, 2023 14:18:29.714PM GMT] EntityDamageByEntityEvent was triggered by damaged SHEEP §4❤§7❤❤❤, damager PLAYER deathisupon_ and cancelled false.
[March 15, 2023 14:18:30.914PM GMT] EntityDamageByEntityEvent was triggered by damaged SHEEP §4§7❤❤❤❤, damager PLAYER deathisupon_ and cancelled false.
[March 15, 2023 14:18:38.234PM GMT] EntityDamageByEntityEvent was triggered by damaged COW §4❤❤§7❤❤❤, damager PLAYER deathisupon_ and cancelled false.
[March 15, 2023 14:18:39.734PM GMT] EntityDamageByEntityEvent was triggered by damaged COW §4❤❤§7❤❤❤, damager PLAYER deathisupon_ and cancelled false.
[March 15, 2023 14:18:40.834PM GMT] EntityDamageByEntityEvent was triggered by damaged COW §4§7❤❤❤❤❤, damager PLAYER deathisupon_ and cancelled false.
[March 15, 2023 14:18:46.233PM GMT] EntityDamageByEntityEvent was triggered by damaged COW §4§7❤❤❤❤❤, damager PLAYER deathisupon_ and cancelled false.
[March 15, 2023 14:18:49.250PM GMT] EntityDamageByEntityEvent was triggered by damaged COW §4❤❤§7❤❤❤, damager PLAYER deathisupon_ and cancelled false.
[March 15, 2023 14:18:50.450PM GMT] EntityDamageByEntityEvent was triggered by damaged COW §4§7❤❤❤❤❤, damager PLAYER deathisupon_ and cancelled false.
[March 15, 2023 14:20:10.809PM GMT] EntityDamageByEntityEvent was triggered by damaged COW §4❤❤§7❤❤❤, damager PLAYER deathisupon_ and cancelled false.
[March 15, 2023 14:20:11.509PM GMT] EntityDamageByEntityEvent was triggered by damaged COW §4§7❤❤❤❤❤, damager PLAYER deathisupon_ and cancelled false.
[March 15, 2023 14:20:37.613PM GMT] EntityDamageByEntityEvent was triggered by damaged COW §4❤❤§7❤❤❤, damager PLAYER deathisupon_ and cancelled false.
[March 15, 2023 14:20:39.909PM GMT] EntityDamageByEntityEvent was triggered by damaged COW §4§7❤❤❤❤❤, damager PLAYER deathisupon_ and cancelled false.
[March 15, 2023 14:20:41.209PM GMT] EntityDamageByEntityEvent was triggered by damaged COW §4❤❤§7❤❤❤, damager PLAYER deathisupon_ and cancelled false.
[March 15, 2023 14:20:41.709PM GMT] EntityDamageByEntityEvent was triggered by damaged COW §4§7❤❤❤❤❤, damager PLAYER deathisupon_ and cancelled false.
[March 15, 2023 14:20:46.245PM GMT] EntityDamageByEntityEvent was triggered by damaged COW §4❤❤§7❤❤❤, damager PLAYER deathisupon_ and cancelled false.
[March 15, 2023 14:20:51.444PM GMT] EntityDamageByEntityEvent was triggered by damaged COW §4§7❤❤❤❤❤, damager PLAYER deathisupon_ and cancelled false.
[March 15, 2023 14:25:11.395PM GMT] EntityDamageByEntityEvent was triggered by damaged SPIDER §4❤❤❤❤❤§7❤❤❤, damager PLAYER deathisupon_ and cancelled false.
[March 15, 2023 14:25:11.399PM GMT] EntityDamageByEntityEvent was triggered by damaged PLAYER deathisupon_, damager SPIDER §4❤❤❤❤❤§7❤❤❤ and cancelled false.
[March 15, 2023 14:25:12.992PM GMT] EntityDamageByEntityEvent was triggered by damaged SPIDER §4❤§7❤❤❤❤❤❤❤, damager PLAYER deathisupon_ and cancelled false.
[March 15, 2023 14:25:13.492PM GMT] EntityDamageByEntityEvent was triggered by damaged SPIDER §4§7❤❤❤❤❤❤❤❤, damager PLAYER deathisupon_ and cancelled false.
[March 15, 2023 14:25:52.156PM GMT] EntityDamageByEntityEvent was triggered by damaged SKELETON §4❤❤❤❤❤❤❤§7❤❤❤, damager PLAYER deathisupon_ and cancelled false.
[March 15, 2023 14:25:52.758PM GMT] EntityDamageByEntityEvent was triggered by damaged SKELETON §4❤❤❤§7❤❤❤❤❤❤❤, damager PLAYER deathisupon_ and cancelled false.
[March 15, 2023 14:25:53.255PM GMT] EntityDamageByEntityEvent was triggered by damaged SKELETON §4§7❤❤❤❤❤❤❤❤❤❤, damager PLAYER deathisupon_ and cancelled false.
[March 15, 2023 14:32:55.988PM GMT] EntityDamageByEntityEvent was triggered by damaged DROPPED_ITEM item.tile.stonebricksmooth.default, damager PRIMED_TNT Block of TNT and cancelled false.
[March 15, 2023 14:32:55.989PM GMT] EntityDamageByEntityEvent was triggered by damaged DROPPED_ITEM item.tile.stonebrick, damager PRIMED_TNT Block of TNT and cancelled false.
[March 15, 2023 14:32:55.989PM GMT] EntityDamageByEntityEvent was triggered by damaged DROPPED_ITEM item.tile.ladder, damager PRIMED_TNT Block of TNT and cancelled false.
[March 15, 2023 14:32:55.990PM GMT] EntityDamageByEntityEvent was triggered by damaged DROPPED_ITEM item.tile.stonebricksmooth.cracked, damager PRIMED_TNT Block of TNT and cancelled false.
[March 15, 2023 14:32:55.990PM GMT] EntityDamageByEntityEvent was triggered by damaged DROPPED_ITEM item.tile.stoneSlab.smoothStoneBrick, damager PRIMED_TNT Block of TNT and cancelled false.
[March 15, 2023 14:32:55.991PM GMT] EntityDamageByEntityEvent was triggered by damaged DROPPED_ITEM item.tile.stonebricksmooth.default, damager PRIMED_TNT Block of TNT and cancelled false.
[March 15, 2023 14:32:55.991PM GMT] EntityDamageByEntityEvent was triggered by damaged DROPPED_ITEM item.tile.ladder, damager PRIMED_TNT Block of TNT and cancelled false.
[March 15, 2023 14:32:55.991PM GMT] EntityDamageByEntityEvent was triggered by damaged DROPPED_ITEM item.tile.stoneSlab.smoothStoneBrick, damager PRIMED_TNT Block of TNT and cancelled false.
[March 15, 2023 14:32:55.992PM GMT] EntityDamageByEntityEvent was triggered by damaged DROPPED_ITEM item.tile.stonebricksmooth.default, damager PRIMED_TNT Block of TNT and cancelled false.
[March 15, 2023 14:32:55.992PM GMT] EntityDamageByEntityEvent was triggered by damaged DROPPED_ITEM item.tile.stonebricksmooth.cracked, damager PRIMED_TNT Block of TNT and cancelled false.
[March 15, 2023 14:32:56.490PM GMT] PlayerPreTagEvent was triggered on {player_name} by {enemy_name} with type PLAYER, reason ATTACKER, and cancelled true.
[March 15, 2023 14:32:56.491PM GMT] PlayerPreTagEvent was triggered on {player_name} by {enemy_name} with type PLAYER, reason ATTACKED, and cancelled true.
[March 15, 2023 14:32:56.491PM GMT] EntityDamageByEntityEvent was triggered by damaged PLAYER joopy123, damager PRIMED_TNT Block of TNT and cancelled false.
[March 15, 2023 14:32:56.492PM GMT] EntityDamageByEntityEvent was triggered by damaged DROPPED_ITEM item.tile.stonebrick, damager PRIMED_TNT Block of TNT and cancelled false.
[March 15, 2023 14:32:56.492PM GMT] EntityDamageByEntityEvent was triggered by damaged DROPPED_ITEM item.tile.fence, damager PRIMED_TNT Block of TNT and cancelled false.
[March 15, 2023 14:32:56.493PM GMT] EntityDamageByEntityEvent was triggered by damaged DROPPED_ITEM item.tile.stonebricksmooth.default, damager PRIMED_TNT Block of TNT and cancelled false.
[March 15, 2023 14:32:56.493PM GMT] EntityDamageByEntityEvent was triggered by damaged DROPPED_ITEM item.tile.stonebricksmooth.default, damager PRIMED_TNT Block of TNT and cancelled false.
[March 15, 2023 14:32:56.494PM GMT] EntityDamageByEntityEvent was triggered by damaged DROPPED_ITEM item.tile.stoneSlab.smoothStoneBrick, damager PRIMED_TNT Block of TNT and cancelled false.
[March 15, 2023 14:32:56.494PM GMT] EntityDamageByEntityEvent was triggered by damaged DROPPED_ITEM item.tile.cobbleWall.normal, damager PRIMED_TNT Block of TNT and cancelled false.
[March 15, 2023 14:32:56.495PM GMT] EntityDamageByEntityEvent was triggered by damaged DROPPED_ITEM item.tile.stonebrick, damager PRIMED_TNT Block of TNT and cancelled false.
[March 15, 2023 14:32:56.495PM GMT] EntityDamageByEntityEvent was triggered by damaged DROPPED_ITEM item.tile.stonebricksmooth.cracked, damager PRIMED_TNT Block of TNT and cancelled false.
[March 15, 2023 14:32:56.496PM GMT] EntityDamageByEntityEvent was triggered by damaged DROPPED_ITEM item.tile.stonebrick, damager PRIMED_TNT Block of TNT and cancelled false.
[March 15, 2023 14:32:56.496PM GMT] EntityDamageByEntityEvent was triggered by damaged DROPPED_ITEM item.tile.fence, damager PRIMED_TNT Block of TNT and cancelled false.
[March 15, 2023 14:32:56.583PM GMT] EntityDamageByEntityEvent was triggered by damaged DROPPED_ITEM item.tile.dirt.default, damager PRIMED_TNT Block of TNT and cancelled false.
[March 15, 2023 14:32:56.584PM GMT] EntityDamageByEntityEvent was triggered by damaged DROPPED_ITEM item.tile.dirt.default, damager PRIMED_TNT Block of TNT and cancelled false.
[March 15, 2023 14:32:56.584PM GMT] EntityDamageByEntityEvent was triggered by damaged DROPPED_ITEM item.tile.dirt.default, damager PRIMED_TNT Block of TNT and cancelled false.
[March 15, 2023 14:32:56.585PM GMT] EntityDamageByEntityEvent was triggered by damaged DROPPED_ITEM item.tile.dirt.default, damager PRIMED_TNT Block of TNT and cancelled false.
[March 15, 2023 14:32:56.585PM GMT] EntityDamageByEntityEvent was triggered by damaged DROPPED_ITEM item.tile.dirt.default, damager PRIMED_TNT Block of TNT and cancelled false.
[March 15, 2023 14:32:56.586PM GMT] EntityDamageByEntityEvent was triggered by damaged DROPPED_ITEM item.tile.dirt.default, damager PRIMED_TNT Block of TNT and cancelled false.
[March 15, 2023 14:32:56.586PM GMT] EntityDamageByEntityEvent was triggered by damaged DROPPED_ITEM item.tile.dirt.default, damager PRIMED_TNT Block of TNT and cancelled false.
[March 15, 2023 14:32:56.586PM GMT] EntityDamageByEntityEvent was triggered by damaged DROPPED_ITEM item.tile.dirt.default, damager PRIMED_TNT Block of TNT and cancelled false.
[March 15, 2023 14:32:56.587PM GMT] EntityDamageByEntityEvent was triggered by damaged DROPPED_ITEM item.tile.dirt.default, damager PRIMED_TNT Block of TNT and cancelled false.
[March 15, 2023 14:32:56.587PM GMT] EntityDamageByEntityEvent was triggered by damaged DROPPED_ITEM item.tile.dirt.default, damager PRIMED_TNT Block of TNT and cancelled false.
[March 15, 2023 14:32:56.588PM GMT] EntityDamageByEntityEvent was triggered by damaged DROPPED_ITEM item.tile.dirt.default, damager PRIMED_TNT Block of TNT and cancelled false.
[March 15, 2023 14:32:56.588PM GMT] EntityDamageByEntityEvent was triggered by damaged DROPPED_ITEM item.tile.dirt.default, damager PRIMED_TNT Block of TNT and cancelled false.
[March 15, 2023 14:32:56.589PM GMT] EntityDamageByEntityEvent was triggered by damaged DROPPED_ITEM item.tile.dirt.default, damager PRIMED_TNT Block of TNT and cancelled false.
[March 15, 2023 14:32:56.589PM GMT] EntityDamageByEntityEvent was triggered by damaged DROPPED_ITEM item.tile.dirt.default, damager PRIMED_TNT Block of TNT and cancelled false.
[March 15, 2023 14:32:56.590PM GMT] EntityDamageByEntityEvent was triggered by damaged DROPPED_ITEM item.tile.dirt.default, damager PRIMED_TNT Block of TNT and cancelled false.
[March 15, 2023 14:32:56.590PM GMT] EntityDamageByEntityEvent was triggered by damaged DROPPED_ITEM item.tile.dirt.default, damager PRIMED_TNT Block of TNT and cancelled false.
[March 15, 2023 14:32:56.591PM GMT] EntityDamageByEntityEvent was triggered by damaged DROPPED_ITEM item.tile.dirt.default, damager PRIMED_TNT Block of TNT and cancelled false.
[March 15, 2023 14:32:56.591PM GMT] EntityDamageByEntityEvent was triggered by damaged DROPPED_ITEM item.tile.stoneSlab.smoothStoneBrick, damager PRIMED_TNT Block of TNT and cancelled false.
[March 15, 2023 14:32:56.591PM GMT] EntityDamageByEntityEvent was triggered by damaged DROPPED_ITEM item.tile.stonebrick, damager PRIMED_TNT Block of TNT and cancelled false.
[March 15, 2023 14:32:56.592PM GMT] EntityDamageByEntityEvent was triggered by damaged DROPPED_ITEM item.tile.fence, damager PRIMED_TNT Block of TNT and cancelled false.
[March 15, 2023 14:32:56.592PM GMT] EntityDamageByEntityEvent was triggered by damaged DROPPED_ITEM item.tile.dirt.default, damager PRIMED_TNT Block of TNT and cancelled false.
[March 15, 2023 14:32:56.592PM GMT] EntityDamageByEntityEvent was triggered by damaged DROPPED_ITEM item.tile.dirt.default, damager PRIMED_TNT Block of TNT and cancelled false.
[March 15, 2023 14:32:56.614PM GMT] EntityDamageByEntityEvent was triggered by damaged DROPPED_ITEM item.tile.dirt.default, damager PRIMED_TNT Block of TNT and cancelled false.
[March 15, 2023 14:32:56.615PM GMT] EntityDamageByEntityEvent was triggered by damaged DROPPED_ITEM item.tile.dirt.default, damager PRIMED_TNT Block of TNT and cancelled false.
[March 15, 2023 14:32:56.615PM GMT] EntityDamageByEntityEvent was triggered by damaged DROPPED_ITEM item.tile.dirt.default, damager PRIMED_TNT Block of TNT and cancelled false.
[March 15, 2023 14:32:56.615PM GMT] EntityDamageByEntityEvent was triggered by damaged DROPPED_ITEM item.tile.dirt.default, damager PRIMED_TNT Block of TNT and cancelled false.
[March 15, 2023 14:32:56.616PM GMT] EntityDamageByEntityEvent was triggered by damaged DROPPED_ITEM item.tile.dirt.default, damager PRIMED_TNT Block of TNT and cancelled false.
[March 15, 2023 14:32:56.616PM GMT] EntityDamageByEntityEvent was triggered by damaged DROPPED_ITEM item.tile.dirt.default, damager PRIMED_TNT Block of TNT and cancelled false.
[March 15, 2023 14:32:56.617PM GMT] EntityDamageByEntityEvent was triggered by damaged DROPPED_ITEM item.tile.dirt.default, damager PRIMED_TNT Block of TNT and cancelled false.
[March 15, 2023 14:32:56.617PM GMT] EntityDamageByEntityEvent was triggered by damaged DROPPED_ITEM item.tile.stonebricksmooth.default, damager PRIMED_TNT Block of TNT and cancelled false.
[March 15, 2023 14:32:56.617PM GMT] EntityDamageByEntityEvent was triggered by damaged DROPPED_ITEM item.item.seeds, damager PRIMED_TNT Block of TNT and cancelled false.
[March 15, 2023 14:32:56.618PM GMT] EntityDamageByEntityEvent was triggered by damaged DROPPED_ITEM item.tile.dirt.default, damager PRIMED_TNT Block of TNT and cancelled false.
[March 15, 2023 14:32:56.618PM GMT] EntityDamageByEntityEvent was triggered by damaged DROPPED_ITEM item.tile.fence, damager PRIMED_TNT Block of TNT and cancelled false.
[March 15, 2023 14:32:56.618PM GMT] EntityDamageByEntityEvent was triggered by damaged DROPPED_ITEM item.tile.fence, damager PRIMED_TNT Block of TNT and cancelled false.
[March 15, 2023 14:32:56.619PM GMT] EntityDamageByEntityEvent was triggered by damaged DROPPED_ITEM item.tile.fence, damager PRIMED_TNT Block of TNT and cancelled false.
[March 15, 2023 14:32:56.619PM GMT] EntityDamageByEntityEvent was triggered by damaged DROPPED_ITEM item.item.seeds, damager PRIMED_TNT Block of TNT and cancelled false.
[March 15, 2023 14:32:56.619PM GMT] EntityDamageByEntityEvent was triggered by damaged DROPPED_ITEM item.tile.dirt.default, damager PRIMED_TNT Block of TNT and cancelled false.
[March 15, 2023 14:33:48.180PM GMT] EntityDamageByEntityEvent was triggered by damaged DROPPED_ITEM item.tile.stonebricksmooth.default, damager PRIMED_TNT Block of TNT and cancelled false.
[March 15, 2023 14:33:48.180PM GMT] EntityDamageByEntityEvent was triggered by damaged DROPPED_ITEM item.tile.stonebricksmooth.cracked, damager PRIMED_TNT Block of TNT and cancelled false.
[March 15, 2023 14:33:48.181PM GMT] EntityDamageByEntityEvent was triggered by damaged DROPPED_ITEM item.tile.stairsWood, damager PRIMED_TNT Block of TNT and cancelled false.
[March 15, 2023 14:33:48.181PM GMT] EntityDamageByEntityEvent was triggered by damaged DROPPED_ITEM item.tile.ladder, damager PRIMED_TNT Block of TNT and cancelled false.
[March 15, 2023 14:33:48.181PM GMT] EntityDamageByEntityEvent was triggered by damaged DROPPED_ITEM item.tile.stonebricksmooth.default, damager PRIMED_TNT Block of TNT and cancelled false.
[March 15, 2023 14:34:44.052PM GMT] EntityDamageByEntityEvent was triggered by damaged ZOMBIE §4❤❤❤❤❤❤§7❤❤❤❤, damager PLAYER joopy123 and cancelled false.
[March 15, 2023 14:34:45.352PM GMT] EntityDamageByEntityEvent was triggered by damaged ZOMBIE §4❤❤§7❤❤❤❤❤❤❤❤, damager PLAYER joopy123 and cancelled false.
[March 15, 2023 14:34:45.653PM GMT] EntityDamageByEntityEvent was triggered by damaged ZOMBIE §4❤❤§7❤❤❤❤❤❤❤❤, damager PLAYER joopy123 and cancelled false.
[March 15, 2023 14:35:07.556PM GMT] EntityDamageByEntityEvent was triggered by damaged PLAYER joopy123, damager ZOMBIE Zombie and cancelled false.
[March 15, 2023 14:35:08.557PM GMT] EntityDamageByEntityEvent was triggered by damaged PLAYER joopy123, damager ZOMBIE Zombie and cancelled false.
[March 15, 2023 14:35:08.852PM GMT] EntityDamageByEntityEvent was triggered by damaged ZOMBIE §4❤❤❤❤❤❤❤❤❤❤§7, damager PLAYER joopy123 and cancelled false.
[March 15, 2023 14:35:09.652PM GMT] EntityDamageByEntityEvent was triggered by damaged ZOMBIE §4❤❤❤❤❤❤§7❤❤❤❤, damager PLAYER joopy123 and cancelled false.
[March 15, 2023 14:35:10.152PM GMT] EntityDamageByEntityEvent was triggered by damaged ZOMBIE §4❤❤§7❤❤❤❤❤❤❤❤, damager PLAYER joopy123 and cancelled false.
[March 15, 2023 14:35:10.654PM GMT] EntityDamageByEntityEvent was triggered by damaged PLAYER joopy123, damager ZOMBIE §4❤❤§7❤❤❤❤❤❤❤❤ and cancelled false.
[March 15, 2023 14:35:11.351PM GMT] EntityDamageByEntityEvent was triggered by damaged ZOMBIE §4§7❤❤❤❤❤❤❤❤❤❤, damager PLAYER joopy123 and cancelled false.
[March 15, 2023 14:35:34.454PM GMT] EntityDamageByEntityEvent was triggered by damaged PLAYER deathisupon_, damager ZOMBIE Zombie and cancelled false.
[March 15, 2023 14:35:35.453PM GMT] EntityDamageByEntityEvent was triggered by damaged PLAYER deathisupon_, damager ZOMBIE Zombie and cancelled false.
[March 15, 2023 14:35:36.954PM GMT] EntityDamageByEntityEvent was triggered by damaged PLAYER deathisupon_, damager ZOMBIE Zombie and cancelled false.
[March 15, 2023 14:35:38.154PM GMT] EntityDamageByEntityEvent was triggered by damaged PLAYER deathisupon_, damager ZOMBIE Zombie and cancelled false.
[March 15, 2023 14:35:38.551PM GMT] EntityDamageByEntityEvent was triggered by damaged ZOMBIE §4❤❤❤❤❤❤❤§7❤❤❤, damager PLAYER deathisupon_ and cancelled false.
[March 15, 2023 14:35:40.152PM GMT] EntityDamageByEntityEvent was triggered by damaged ZOMBIE §4❤❤❤❤§7❤❤❤❤❤❤, damager PLAYER deathisupon_ and cancelled false.
[March 15, 2023 14:35:44.251PM GMT] EntityDamageByEntityEvent was triggered by damaged BAT §4§7❤❤❤, damager PLAYER deathisupon_ and cancelled false.
[March 15, 2023 14:35:44.753PM GMT] EntityDamageByEntityEvent was triggered by damaged ZOMBIE §4❤§7❤❤❤❤❤❤❤❤❤, damager PLAYER deathisupon_ and cancelled false.
[March 15, 2023 14:35:45.453PM GMT] EntityDamageByEntityEvent was triggered by damaged ZOMBIE §4§7❤❤❤❤❤❤❤❤❤❤, damager PLAYER deathisupon_ and cancelled false.
[March 15, 2023 14:35:53.552PM GMT] EntityDamageByEntityEvent was triggered by damaged CREEPER §4❤❤❤❤§7❤❤❤❤❤❤, damager PLAYER joopy123 and cancelled false.
[March 15, 2023 14:35:53.961PM GMT] EntityDamageByEntityEvent was triggered by damaged DROPPED_ITEM item.tile.stonebricksmooth.default, damager CREEPER §4❤❤❤❤§7❤❤❤❤❤❤ and cancelled false.
[March 15, 2023 14:35:53.962PM GMT] EntityDamageByEntityEvent was triggered by damaged DROPPED_ITEM item.tile.stoneSlab.smoothStoneBrick, damager CREEPER §4❤❤❤❤§7❤❤❤❤❤❤ and cancelled false.
[March 15, 2023 14:35:53.962PM GMT] EntityDamageByEntityEvent was triggered by damaged DROPPED_ITEM item.tile.dirt.default, damager CREEPER §4❤❤❤❤§7❤❤❤❤❤❤ and cancelled false.
[March 15, 2023 14:35:53.963PM GMT] EntityDamageByEntityEvent was triggered by damaged PLAYER joopy123, damager CREEPER §4❤❤❤❤§7❤❤❤❤❤❤ and cancelled false.
[March 15, 2023 14:36:21.552PM GMT] EntityDamageByEntityEvent was triggered by damaged CREEPER §4❤❤❤❤❤❤❤§7❤❤❤, damager PLAYER deathisupon_ and cancelled false.
[March 15, 2023 14:36:22.766PM GMT] EntityDamageByEntityEvent was triggered by damaged DROPPED_ITEM item.item.seeds, damager CREEPER §4❤❤❤❤❤❤❤§7❤❤❤ and cancelled false.
[March 15, 2023 14:36:22.767PM GMT] EntityDamageByEntityEvent was triggered by damaged PLAYER deathisupon_, damager CREEPER §4❤❤❤❤❤❤❤§7❤❤❤ and cancelled false.
[March 15, 2023 14:37:59.702PM GMT] EntityDamageByEntityEvent was triggered by damaged ENDERMAN §4❤❤❤❤❤❤❤❤§7❤❤, damager PLAYER joopy123 and cancelled false.
[March 15, 2023 14:38:00.402PM GMT] EntityDamageByEntityEvent was triggered by damaged ENDERMAN §4❤❤❤❤§7❤❤❤❤❤❤, damager PLAYER joopy123 and cancelled false.
[March 15, 2023 14:38:12.304PM GMT] EntityDamageByEntityEvent was triggered by damaged PLAYER joopy123, damager ENDERMAN Enderman and cancelled false.
[March 15, 2023 14:38:13.502PM GMT] EntityDamageByEntityEvent was triggered by damaged ENDERMAN §4❤❤§7❤❤❤❤❤❤❤❤, damager PLAYER joopy123 and cancelled false.
[March 15, 2023 14:38:14.003PM GMT] EntityDamageByEntityEvent was triggered by damaged ENDERMAN §4§7❤❤❤❤❤❤❤❤❤❤, damager PLAYER joopy123 and cancelled false.
[March 15, 2023 15:12:15.105PM GMT] EntityDamageByEntityEvent was triggered by damaged PLAYER Funky, damager ARROW Arrow and cancelled false.
[March 15, 2023 15:12:27.803PM GMT] EntityDamageByEntityEvent was triggered by damaged SKELETON §4❤❤❤❤❤❤❤§7❤❤❤, damager PLAYER Funky and cancelled false.
[March 15, 2023 15:12:28.398PM GMT] EntityDamageByEntityEvent was triggered by damaged SKELETON §4❤❤❤❤§7❤❤❤❤❤❤, damager PLAYER Funky and cancelled false.
[March 15, 2023 15:12:29.097PM GMT] EntityDamageByEntityEvent was triggered by damaged SKELETON §4❤§7❤❤❤❤❤❤❤❤❤, damager PLAYER Funky and cancelled false.
[March 15, 2023 15:12:29.200PM GMT] EntityDamageByEntityEvent was triggered by damaged PLAYER Funky, damager ARROW Arrow and cancelled false.
[March 15, 2023 15:12:29.998PM GMT] EntityDamageByEntityEvent was triggered by damaged SKELETON §4§7❤❤❤❤❤❤❤❤❤❤, damager PLAYER Funky and cancelled false.
[March 15, 2023 15:15:29.954PM GMT] EntityDamageByEntityEvent was triggered by damaged ZOMBIE §4❤❤❤❤❤❤§7❤❤❤❤, damager PLAYER Funky and cancelled false.
[March 15, 2023 15:15:31.368PM GMT] EntityDamageByEntityEvent was triggered by damaged ZOMBIE §4❤❤❤§7❤❤❤❤❤❤❤, damager PLAYER Funky and cancelled false.
[March 15, 2023 15:15:31.553PM GMT] EntityDamageByEntityEvent was triggered by damaged ZOMBIE §4❤❤❤§7❤❤❤❤❤❤❤, damager PLAYER Funky and cancelled false.
[March 15, 2023 15:15:32.053PM GMT] EntityDamageByEntityEvent was triggered by damaged ZOMBIE §4§7❤❤❤❤❤❤❤❤❤❤, damager PLAYER Funky and cancelled false.
[March 15, 2023 15:15:40.953PM GMT] EntityDamageByEntityEvent was triggered by damaged SKELETON §4❤❤❤❤❤❤❤§7❤❤❤, damager PLAYER Funky and cancelled false.
[March 15, 2023 15:15:41.353PM GMT] EntityDamageByEntityEvent was triggered by damaged SKELETON §4❤❤❤❤❤❤❤§7❤❤❤, damager PLAYER Funky and cancelled false.
[March 15, 2023 15:15:41.554PM GMT] EntityDamageByEntityEvent was triggered by damaged SKELETON §4❤❤❤§7❤❤❤❤❤❤❤, damager PLAYER Funky and cancelled false.
[March 15, 2023 15:15:41.953PM GMT] EntityDamageByEntityEvent was triggered by damaged SKELETON §4❤❤❤§7❤❤❤❤❤❤❤, damager PLAYER Funky and cancelled false.
[March 15, 2023 15:15:42.153PM GMT] EntityDamageByEntityEvent was triggered by damaged SKELETON §4§7❤❤❤❤❤❤❤❤❤❤, damager PLAYER Funky and cancelled false.
[March 15, 2023 15:15:46.759PM GMT] EntityDamageByEntityEvent was triggered by damaged PLAYER Funky, damager ZOMBIE Zombie and cancelled false.
[March 15, 2023 15:15:50.555PM GMT] EntityDamageByEntityEvent was triggered by damaged PLAYER Funky, damager ZOMBIE Zombie and cancelled false.
[March 15, 2023 15:15:51.253PM GMT] EntityDamageByEntityEvent was triggered by damaged ZOMBIE §4❤❤❤❤❤❤❤❤§7❤❤, damager PLAYER Funky and cancelled false.
[March 15, 2023 15:15:51.753PM GMT] EntityDamageByEntityEvent was triggered by damaged ZOMBIE §4❤❤❤❤❤§7❤❤❤❤❤, damager PLAYER Funky and cancelled false.
[March 15, 2023 15:15:52.354PM GMT] EntityDamageByEntityEvent was triggered by damaged ZOMBIE §4❤❤§7❤❤❤❤❤❤❤❤, damager PLAYER Funky and cancelled false.
[March 15, 2023 15:15:52.854PM GMT] EntityDamageByEntityEvent was triggered by damaged ZOMBIE §4§7❤❤❤❤❤❤❤❤❤❤, damager PLAYER Funky and cancelled false.
[March 15, 2023 15:15:53.953PM GMT] EntityDamageByEntityEvent was triggered by damaged PLAYER Funky, damager ZOMBIE Zombie and cancelled false.
[March 15, 2023 15:15:54.154PM GMT] EntityDamageByEntityEvent was triggered by damaged ZOMBIE §4❤❤❤❤❤❤❤❤§7❤❤, damager PLAYER Funky and cancelled false.
[March 15, 2023 15:15:54.654PM GMT] EntityDamageByEntityEvent was triggered by damaged ZOMBIE §4❤❤❤❤§7❤❤❤❤❤❤, damager PLAYER Funky and cancelled false.
[March 15, 2023 15:15:55.655PM GMT] EntityDamageByEntityEvent was triggered by damaged PLAYER Funky, damager ZOMBIE §4❤❤❤❤§7❤❤❤❤❤❤ and cancelled false.
[March 15, 2023 15:15:55.854PM GMT] EntityDamageByEntityEvent was triggered by damaged ZOMBIE §4❤§7❤❤❤❤❤❤❤❤❤, damager PLAYER Funky and cancelled false.
[March 15, 2023 15:15:57.155PM GMT] EntityDamageByEntityEvent was triggered by damaged PLAYER Funky, damager ZOMBIE Zombie and cancelled false.
[March 15, 2023 15:15:57.254PM GMT] EntityDamageByEntityEvent was triggered by damaged ZOMBIE §4§7❤❤❤❤❤❤❤❤❤❤, damager PLAYER Funky and cancelled false.
[March 15, 2023 15:21:50.703PM GMT] EntityDamageByEntityEvent was triggered by damaged PIG §4❤❤❤§7❤❤, damager PLAYER Dripz_ and cancelled false.
[March 15, 2023 15:21:51.202PM GMT] EntityDamageByEntityEvent was triggered by damaged PIG §4§7❤❤❤❤❤, damager PLAYER Dripz_ and cancelled false.
[March 15, 2023 15:21:56.903PM GMT] EntityDamageByEntityEvent was triggered by damaged PIG §4❤❤❤§7❤❤, damager PLAYER Dripz_ and cancelled false.
[March 15, 2023 15:21:57.802PM GMT] EntityDamageByEntityEvent was triggered by damaged PIG §4§7❤❤❤❤❤, damager PLAYER Dripz_ and cancelled false.
