[February 18, 2023 03:08:44.835AM GMT] EntityDamageByEntityEvent was triggered by damaged COW Cow, damager PLAYER joopy123 and cancelled false.
[February 18, 2023 03:08:45.626AM GMT] EntityDamageByEntityEvent was triggered by damaged COW Cow, damager PLAYER joopy123 and cancelled false.
[February 18, 2023 03:15:51.692AM GMT] EntityDamageByEntityEvent was triggered by damaged PLAYER joopy123, damager CREEPER Creeper and cancelled false.
[February 18, 2023 03:16:57.485AM GMT] EntityDamageByEntityEvent was triggered by damaged VILLAGER Villager, damager ZOMBIE Zombie and cancelled false.
[February 18, 2023 03:17:05.785AM GMT] EntityDamageByEntityEvent was triggered by damaged VILLAGER Villager, damager ZOMBIE Zombie and cancelled false.
[February 18, 2023 03:17:06.785AM GMT] EntityDamageByEntityEvent was triggered by damaged VILLAGER Villager, damager ZOMBIE Zombie and cancelled false.
[February 18, 2023 03:19:26.341AM GMT] EntityDamageByEntityEvent was triggered by damaged ZOMBIE Zombie, damager PLAYER joopy123 and cancelled false.
[February 18, 2023 03:19:29.775AM GMT] EntityDamageByEntityEvent was triggered by damaged COW Cow, damager PLAYER joopy123 and cancelled false.
[February 18, 2023 03:19:30.175AM GMT] EntityDamageByEntityEvent was triggered by damaged COW Cow, damager PLAYER joopy123 and cancelled false.
[February 18, 2023 03:19:35.875AM GMT] EntityDamageByEntityEvent was triggered by damaged COW Cow, damager PLAYER joopy123 and cancelled false.
[February 18, 2023 03:19:40.175AM GMT] EntityDamageByEntityEvent was triggered by damaged COW Cow, damager PLAYER joopy123 and cancelled false.
[February 18, 2023 03:19:41.275AM GMT] EntityDamageByEntityEvent was triggered by damaged COW Cow, damager PLAYER joopy123 and cancelled false.
[February 18, 2023 03:20:10.915AM GMT] EntityDamageByEntityEvent was triggered by damaged COW Cow, damager PLAYER joopy123 and cancelled false.
[February 18, 2023 03:20:12.015AM GMT] EntityDamageByEntityEvent was triggered by damaged COW Cow, damager PLAYER joopy123 and cancelled false.
[February 18, 2023 03:20:12.215AM GMT] EntityDamageByEntityEvent was triggered by damaged COW Cow, damager PLAYER joopy123 and cancelled false.
[February 18, 2023 03:20:21.025AM GMT] EntityDamageByEntityEvent was triggered by damaged COW Cow, damager PLAYER joopy123 and cancelled false.
[February 18, 2023 03:20:29.853AM GMT] EntityDamageByEntityEvent was triggered by damaged COW Cow, damager PLAYER joopy123 and cancelled false.
[February 18, 2023 03:20:30.053AM GMT] EntityDamageByEntityEvent was triggered by damaged COW Cow, damager PLAYER joopy123 and cancelled false.
[February 18, 2023 03:20:42.154AM GMT] EntityDamageByEntityEvent was triggered by damaged COW Cow, damager PLAYER joopy123 and cancelled false.
[February 18, 2023 03:20:42.653AM GMT] EntityDamageByEntityEvent was triggered by damaged COW Cow, damager PLAYER joopy123 and cancelled false.
[February 18, 2023 03:20:46.953AM GMT] EntityDamageByEntityEvent was triggered by damaged COW Cow, damager PLAYER joopy123 and cancelled false.
[February 18, 2023 03:20:53.554AM GMT] EntityDamageByEntityEvent was triggered by damaged COW Cow, damager PLAYER joopy123 and cancelled false.
[February 18, 2023 03:21:01.908AM GMT] EntityDamageByEntityEvent was triggered by damaged COW Cow, damager PLAYER joopy123 and cancelled false.
[February 18, 2023 03:21:02.108AM GMT] EntityDamageByEntityEvent was triggered by damaged COW Cow, damager PLAYER joopy123 and cancelled false.
[February 18, 2023 03:21:27.107AM GMT] EntityDamageByEntityEvent was triggered by damaged COW Cow, damager PLAYER joopy123 and cancelled false.
[February 18, 2023 03:21:33.908AM GMT] EntityDamageByEntityEvent was triggered by damaged COW Cow, damager PLAYER joopy123 and cancelled false.
[February 18, 2023 03:21:36.307AM GMT] EntityDamageByEntityEvent was triggered by damaged COW Cow, damager PLAYER joopy123 and cancelled false.
[February 18, 2023 03:22:25.965AM GMT] EntityDamageByEntityEvent was triggered by damaged COW Cow, damager PLAYER joopy123 and cancelled false.
[February 18, 2023 03:22:30.865AM GMT] EntityDamageByEntityEvent was triggered by damaged COW Cow, damager PLAYER joopy123 and cancelled false.
[February 18, 2023 03:24:18.563AM GMT] EntityDamageByEntityEvent was triggered by damaged PLAYER joopy123, damager ARROW Arrow and cancelled false.
[February 18, 2023 03:24:40.499AM GMT] EntityDamageByEntityEvent was triggered by damaged COW Cow, damager PLAYER joopy123 and cancelled false.
[February 18, 2023 03:24:41.399AM GMT] EntityDamageByEntityEvent was triggered by damaged COW Cow, damager PLAYER joopy123 and cancelled false.
[February 18, 2023 03:32:44.661AM GMT] EntityDamageByEntityEvent was triggered by damaged PLAYER joopy123, damager ARROW Arrow and cancelled false.
[February 18, 2023 03:38:41.236AM GMT] EntityDamageByEntityEvent was triggered by damaged CREEPER Creeper, damager PLAYER joopy123 and cancelled false.
[February 18, 2023 03:38:41.443AM GMT] EntityDamageByEntityEvent was triggered by damaged PLAYER joopy123, damager CREEPER Creeper and cancelled false.
[February 18, 2023 11:19:30.813AM GMT] EntityDamageByEntityEvent was triggered by damaged PIG Pig, damager PLAYER joopy123 and cancelled false.
[February 18, 2023 11:21:35.501AM GMT] EntityDamageByEntityEvent was triggered by damaged PLAYER joopy123, damager SNOWBALL Snowball and cancelled false.
[February 18, 2023 12:26:46.294PM GMT] EntityDamageByEntityEvent was triggered by damaged HORSE Horse, damager LIGHTNING unknown and cancelled false.
[February 18, 2023 12:26:46.893PM GMT] EntityDamageByEntityEvent was triggered by damaged HORSE Horse, damager LIGHTNING unknown and cancelled false.
[February 18, 2023 12:29:59.494PM GMT] EntityDamageByEntityEvent was triggered by damaged HORSE Horse, damager LIGHTNING unknown and cancelled false.
[February 18, 2023 16:55:58.468PM GMT] EntityDamageByEntityEvent was triggered by damaged PLAYER ZamadrA, damager ARROW Arrow and cancelled false.
[February 18, 2023 16:55:59.650PM GMT] EntityDamageByEntityEvent was triggered by damaged PLAYER ZamadrA, damager ARROW Arrow and cancelled false.
[February 18, 2023 16:56:01.148PM GMT] EntityDamageByEntityEvent was triggered by damaged PLAYER ZamadrA, damager ARROW Arrow and cancelled false.
[February 18, 2023 16:56:02.751PM GMT] EntityDamageByEntityEvent was triggered by damaged PLAYER ZamadrA, damager ARROW Arrow and cancelled false.
[February 18, 2023 16:56:04.448PM GMT] EntityDamageByEntityEvent was triggered by damaged PLAYER ZamadrA, damager ARROW Arrow and cancelled false.
[February 18, 2023 16:56:04.648PM GMT] EntityDamageByEntityEvent was triggered by damaged SKELETON Skeleton, damager PLAYER ZamadrA and cancelled false.
[February 18, 2023 16:56:06.347PM GMT] EntityDamageByEntityEvent was triggered by damaged SKELETON Skeleton, damager PLAYER ZamadrA and cancelled false.
[February 18, 2023 16:56:06.846PM GMT] EntityDamageByEntityEvent was triggered by damaged SKELETON Skeleton, damager PLAYER ZamadrA and cancelled false.
[February 18, 2023 16:56:07.951PM GMT] EntityDamageByEntityEvent was triggered by damaged PLAYER ZamadrA, damager ARROW Arrow and cancelled false.
[February 18, 2023 16:56:08.147PM GMT] EntityDamageByEntityEvent was triggered by damaged SKELETON Skeleton, damager PLAYER ZamadrA and cancelled false.
[February 18, 2023 16:56:08.449PM GMT] EntityDamageByEntityEvent was triggered by damaged PLAYER ZamadrA, damager ZOMBIE Zombie and cancelled false.
[February 18, 2023 16:56:09.051PM GMT] EntityDamageByEntityEvent was triggered by damaged PLAYER ZamadrA, damager ARROW Arrow and cancelled false.
[February 18, 2023 16:56:10.447PM GMT] EntityDamageByEntityEvent was triggered by damaged SKELETON Skeleton, damager PLAYER ZamadrA and cancelled false.
[February 18, 2023 16:56:10.452PM GMT] EntityDamageByEntityEvent was triggered by damaged PLAYER ZamadrA, damager ARROW Arrow and cancelled false.
[February 18, 2023 16:56:11.549PM GMT] EntityDamageByEntityEvent was triggered by damaged PLAYER ZamadrA, damager ARROW Arrow and cancelled false.
[February 18, 2023 16:56:12.851PM GMT] EntityDamageByEntityEvent was triggered by damaged PLAYER ZamadrA, damager ARROW Arrow and cancelled false.
[February 18, 2023 16:56:13.051PM GMT] EntityDamageByEntityEvent was triggered by damaged PLAYER ZamadrA, damager ZOMBIE Zombie and cancelled false.
[February 18, 2023 16:56:14.050PM GMT] EntityDamageByEntityEvent was triggered by damaged PLAYER ZamadrA, damager ZOMBIE Zombie and cancelled false.
[February 18, 2023 16:56:15.348PM GMT] EntityDamageByEntityEvent was triggered by damaged PLAYER ZamadrA, damager ARROW Arrow and cancelled false.
[February 18, 2023 16:56:16.747PM GMT] EntityDamageByEntityEvent was triggered by damaged ZOMBIE Zombie, damager ARROW Arrow and cancelled false.
[February 18, 2023 16:56:18.352PM GMT] EntityDamageByEntityEvent was triggered by damaged CREEPER Creeper, damager ARROW Arrow and cancelled false.
[February 18, 2023 16:56:24.892PM GMT] EntityDamageByEntityEvent was triggered by damaged SKELETON Skeleton, damager CREEPER Creeper and cancelled false.
[February 18, 2023 16:56:59.231PM GMT] EntityDamageByEntityEvent was triggered by damaged PLAYER ZamadrA, damager ARROW Arrow and cancelled false.
[February 18, 2023 16:57:00.633PM GMT] EntityDamageByEntityEvent was triggered by damaged PLAYER ZamadrA, damager ARROW Arrow and cancelled false.
