[March 03, 2023 12:58:25.620PM GMT] EntityDamageByEntityEvent was triggered by damaged CHICKEN Chicken, damager PLAYER IM_THE_GOAT1 and cancelled false.
[March 03, 2023 12:58:33.007PM GMT] EntityDamageByEntityEvent was triggered by damaged CHICKEN Chicken, damager PLAYER IM_THE_GOAT1 and cancelled false.
[March 03, 2023 12:58:43.007PM GMT] EntityDamageByEntityEvent was triggered by damaged CHICKEN Chicken, damager PLAYER IM_THE_GOAT1 and cancelled false.
[March 03, 2023 12:58:44.407PM GMT] EntityDamageByEntityEvent was triggered by damaged CHICKEN Chicken, damager PLAYER IM_THE_GOAT1 and cancelled false.
[March 03, 2023 13:06:15.987PM GMT] EntityDamageByEntityEvent was triggered by damaged PLAYER IM_THE_GOAT1, damager CREEPER Creeper and cancelled false.
[March 03, 2023 13:12:16.385PM GMT] EntityDamageByEntityEvent was triggered by damaged SKELETON Skeleton, damager WOLF Wolf and cancelled false.
[March 03, 2023 13:12:17.386PM GMT] EntityDamageByEntityEvent was triggered by damaged SKELETON Skeleton, damager WOLF Wolf and cancelled false.
[March 03, 2023 13:12:18.286PM GMT] EntityDamageByEntityEvent was triggered by damaged WOLF Wolf, damager ARROW Arrow and cancelled false.
[March 03, 2023 13:12:36.787PM GMT] EntityDamageByEntityEvent was triggered by damaged SKELETON Skeleton, damager WOLF Wolf and cancelled false.
[March 03, 2023 13:12:37.784PM GMT] EntityDamageByEntityEvent was triggered by damaged SKELETON Skeleton, damager WOLF Wolf and cancelled false.
[March 03, 2023 13:12:39.286PM GMT] EntityDamageByEntityEvent was triggered by damaged WOLF Wolf, damager ARROW Arrow and cancelled false.
[March 03, 2023 13:12:40.985PM GMT] EntityDamageByEntityEvent was triggered by damaged SKELETON Skeleton, damager WOLF Wolf and cancelled false.
[March 03, 2023 14:05:59.849PM GMT] EntityDamageByEntityEvent was triggered by damaged PLAYER IM_THE_GOAT1, damager CREEPER Creeper and cancelled false.
[March 03, 2023 15:03:57.410PM GMT] PlayerPreTagEvent was triggered on {player_name} by {enemy_name} with type PLAYER, reason ATTACKER, and cancelled false.
[March 03, 2023 15:03:57.414PM GMT] PlayerTagEvent was triggered on {player_name} by {enemy_name} with type PLAYER and reason ATTACKER.
[March 03, 2023 15:03:57.427PM GMT] PlayerPreTagEvent was triggered on {player_name} by {enemy_name} with type PLAYER, reason ATTACKED, and cancelled false.
[March 03, 2023 15:03:57.428PM GMT] PlayerTagEvent was triggered on {player_name} by {enemy_name} with type PLAYER and reason ATTACKED.
[March 03, 2023 15:03:57.430PM GMT] EntityDamageByEntityEvent was triggered by damaged PLAYER IM_THE_GOAT1, damager PLAYER matt____ and cancelled false.
[March 03, 2023 15:04:07.611PM GMT] PlayerUntagEvent was triggered on {player_name} with reason {untag_reason} and expire set to {was_expire}.
[March 03, 2023 15:04:07.613PM GMT] PlayerUntagEvent was triggered on {player_name} with reason EXPIRE and expire set to true.
[March 03, 2023 15:04:07.614PM GMT] PlayerUntagEvent was triggered on {player_name} with reason {untag_reason} and expire set to {was_expire}.
[March 03, 2023 15:04:07.614PM GMT] PlayerUntagEvent was triggered on {player_name} with reason EXPIRE and expire set to true.
[March 03, 2023 15:26:23.392PM GMT] EntityDamageByEntityEvent was triggered by damaged PLAYER IM_THE_GOAT1, damager ZOMBIE Zombie and cancelled false.
[March 03, 2023 15:26:25.495PM GMT] EntityDamageByEntityEvent was triggered by damaged PLAYER IM_THE_GOAT1, damager ZOMBIE Zombie and cancelled false.
[March 03, 2023 15:26:26.691PM GMT] EntityDamageByEntityEvent was triggered by damaged PLAYER IM_THE_GOAT1, damager ZOMBIE Zombie and cancelled false.
[March 03, 2023 15:26:27.992PM GMT] EntityDamageByEntityEvent was triggered by damaged PLAYER IM_THE_GOAT1, damager ZOMBIE Zombie and cancelled false.
[March 03, 2023 15:26:29.092PM GMT] EntityDamageByEntityEvent was triggered by damaged PLAYER IM_THE_GOAT1, damager ZOMBIE Zombie and cancelled false.
[March 03, 2023 15:26:30.192PM GMT] EntityDamageByEntityEvent was triggered by damaged PLAYER IM_THE_GOAT1, damager ZOMBIE Zombie and cancelled false.
[March 03, 2023 15:26:31.292PM GMT] EntityDamageByEntityEvent was triggered by damaged PLAYER IM_THE_GOAT1, damager ZOMBIE Zombie and cancelled false.
[March 03, 2023 15:26:32.394PM GMT] EntityDamageByEntityEvent was triggered by damaged PLAYER IM_THE_GOAT1, damager ZOMBIE Zombie and cancelled false.
[March 03, 2023 15:26:33.693PM GMT] EntityDamageByEntityEvent was triggered by damaged PLAYER IM_THE_GOAT1, damager ZOMBIE Zombie and cancelled false.
[March 03, 2023 15:26:46.041PM GMT] EntityDamageByEntityEvent was triggered by damaged PLAYER matt____, damager ZOMBIE Zombie and cancelled false.
[March 03, 2023 15:26:52.340PM GMT] EntityDamageByEntityEvent was triggered by damaged ZOMBIE Zombie, damager PLAYER matt____ and cancelled false.
[March 03, 2023 15:26:52.941PM GMT] EntityDamageByEntityEvent was triggered by damaged ZOMBIE Zombie, damager PLAYER matt____ and cancelled false.
[March 03, 2023 15:26:55.142PM GMT] EntityDamageByEntityEvent was triggered by damaged PLAYER matt____, damager ZOMBIE Zombie and cancelled false.
[March 03, 2023 15:26:55.241PM GMT] EntityDamageByEntityEvent was triggered by damaged ZOMBIE Zombie, damager PLAYER matt____ and cancelled false.
[March 03, 2023 15:26:55.843PM GMT] EntityDamageByEntityEvent was triggered by damaged ZOMBIE Zombie, damager PLAYER matt____ and cancelled false.
[March 03, 2023 15:26:56.341PM GMT] EntityDamageByEntityEvent was triggered by damaged ZOMBIE Zombie, damager PLAYER matt____ and cancelled false.
[March 03, 2023 15:26:56.840PM GMT] EntityDamageByEntityEvent was triggered by damaged ZOMBIE Zombie, damager PLAYER matt____ and cancelled false.
[March 03, 2023 15:26:57.440PM GMT] EntityDamageByEntityEvent was triggered by damaged ZOMBIE Zombie, damager PLAYER matt____ and cancelled false.
[March 03, 2023 15:31:07.855PM GMT] EntityDamageByEntityEvent was triggered by damaged PLAYER matt____, damager ZOMBIE Zombie and cancelled false.
[March 03, 2023 15:31:09.458PM GMT] EntityDamageByEntityEvent was triggered by damaged PLAYER matt____, damager ZOMBIE Zombie and cancelled false.
[March 03, 2023 15:31:10.458PM GMT] EntityDamageByEntityEvent was triggered by damaged PLAYER matt____, damager ZOMBIE Zombie and cancelled false.
[March 03, 2023 15:31:11.354PM GMT] EntityDamageByEntityEvent was triggered by damaged ZOMBIE Zombie, damager PLAYER matt____ and cancelled false.
[March 03, 2023 15:31:12.455PM GMT] EntityDamageByEntityEvent was triggered by damaged PLAYER matt____, damager ZOMBIE Zombie and cancelled false.
[March 03, 2023 15:31:12.754PM GMT] EntityDamageByEntityEvent was triggered by damaged ZOMBIE Zombie, damager PLAYER matt____ and cancelled false.
[March 03, 2023 15:31:12.954PM GMT] EntityDamageByEntityEvent was triggered by damaged ZOMBIE Zombie, damager PLAYER matt____ and cancelled false.
[March 03, 2023 15:31:13.354PM GMT] EntityDamageByEntityEvent was triggered by damaged ZOMBIE Zombie, damager PLAYER matt____ and cancelled false.
[March 03, 2023 15:31:13.655PM GMT] EntityDamageByEntityEvent was triggered by damaged PLAYER matt____, damager ZOMBIE Zombie and cancelled false.
[March 03, 2023 15:31:13.954PM GMT] EntityDamageByEntityEvent was triggered by damaged ZOMBIE Zombie, damager PLAYER matt____ and cancelled false.
[March 03, 2023 15:31:14.254PM GMT] EntityDamageByEntityEvent was triggered by damaged ZOMBIE Zombie, damager PLAYER matt____ and cancelled false.
[March 03, 2023 15:31:14.454PM GMT] EntityDamageByEntityEvent was triggered by damaged ZOMBIE Zombie, damager PLAYER matt____ and cancelled false.
[March 03, 2023 15:31:15.055PM GMT] EntityDamageByEntityEvent was triggered by damaged ZOMBIE Zombie, damager PLAYER matt____ and cancelled false.
[March 03, 2023 15:31:15.869PM GMT] EntityDamageByEntityEvent was triggered by damaged ZOMBIE Zombie, damager PLAYER matt____ and cancelled false.
[March 03, 2023 15:31:26.856PM GMT] EntityDamageByEntityEvent was triggered by damaged PLAYER matt____, damager ZOMBIE Zombie and cancelled false.
[March 03, 2023 15:31:35.358PM GMT] EntityDamageByEntityEvent was triggered by damaged PLAYER matt____, damager ZOMBIE Zombie and cancelled false.
[March 03, 2023 15:31:36.456PM GMT] EntityDamageByEntityEvent was triggered by damaged PLAYER matt____, damager ZOMBIE Zombie and cancelled false.
[March 03, 2023 15:31:37.460PM GMT] EntityDamageByEntityEvent was triggered by damaged PLAYER matt____, damager ZOMBIE Zombie and cancelled false.
[March 03, 2023 15:31:38.557PM GMT] EntityDamageByEntityEvent was triggered by damaged PLAYER matt____, damager ZOMBIE Zombie and cancelled false.
[March 03, 2023 15:31:39.558PM GMT] EntityDamageByEntityEvent was triggered by damaged PLAYER matt____, damager ZOMBIE Zombie and cancelled false.
[March 03, 2023 15:31:40.757PM GMT] EntityDamageByEntityEvent was triggered by damaged PLAYER matt____, damager ZOMBIE Zombie and cancelled false.
[March 03, 2023 15:31:41.858PM GMT] EntityDamageByEntityEvent was triggered by damaged PLAYER matt____, damager ZOMBIE Zombie and cancelled false.
[March 03, 2023 15:31:45.855PM GMT] EntityDamageByEntityEvent was triggered by damaged ZOMBIE Zombie, damager PLAYER IM_THE_GOAT1 and cancelled false.
[March 03, 2023 15:31:47.557PM GMT] EntityDamageByEntityEvent was triggered by damaged PLAYER IM_THE_GOAT1, damager ZOMBIE Zombie and cancelled false.
[March 03, 2023 15:31:47.754PM GMT] EntityDamageByEntityEvent was triggered by damaged ZOMBIE Zombie, damager PLAYER IM_THE_GOAT1 and cancelled false.
[March 03, 2023 15:31:52.657PM GMT] EntityDamageByEntityEvent was triggered by damaged PLAYER IM_THE_GOAT1, damager ZOMBIE Zombie and cancelled false.
[March 03, 2023 15:31:53.655PM GMT] EntityDamageByEntityEvent was triggered by damaged PLAYER IM_THE_GOAT1, damager ZOMBIE Zombie and cancelled false.
[March 03, 2023 15:31:55.854PM GMT] EntityDamageByEntityEvent was triggered by damaged ZOMBIE Zombie, damager PLAYER matt____ and cancelled false.
[March 03, 2023 15:31:57.454PM GMT] EntityDamageByEntityEvent was triggered by damaged ZOMBIE Zombie, damager PLAYER matt____ and cancelled false.
[March 03, 2023 15:31:58.055PM GMT] EntityDamageByEntityEvent was triggered by damaged ZOMBIE Zombie, damager PLAYER matt____ and cancelled false.
[March 03, 2023 15:31:59.662PM GMT] EntityDamageByEntityEvent was triggered by damaged ZOMBIE Zombie, damager PLAYER matt____ and cancelled false.
[March 03, 2023 15:32:00.155PM GMT] EntityDamageByEntityEvent was triggered by damaged ZOMBIE Zombie, damager PLAYER matt____ and cancelled false.
[March 03, 2023 15:33:41.114PM GMT] EntityDamageByEntityEvent was triggered by damaged HORSE Horse, damager PLAYER IM_THE_GOAT1 and cancelled false.
[March 03, 2023 15:33:41.315PM GMT] EntityDamageByEntityEvent was triggered by damaged HORSE Horse, damager PLAYER IM_THE_GOAT1 and cancelled false.
[March 03, 2023 15:35:56.036PM GMT] EntityDamageByEntityEvent was triggered by damaged HORSE Horse, damager PLAYER IM_THE_GOAT1 and cancelled false.
[March 03, 2023 15:35:56.435PM GMT] EntityDamageByEntityEvent was triggered by damaged HORSE Horse, damager PLAYER IM_THE_GOAT1 and cancelled false.
[March 03, 2023 15:35:56.536PM GMT] EntityDamageByEntityEvent was triggered by damaged HORSE Horse, damager PLAYER IM_THE_GOAT1 and cancelled false.
[March 03, 2023 18:37:20.511PM GMT] EntityDamageByEntityEvent was triggered by damaged CREEPER Creeper, damager PLAYER monkey_fucker69 and cancelled false.
[March 03, 2023 18:37:20.702PM GMT] EntityDamageByEntityEvent was triggered by damaged PLAYER monkey_fucker69, damager ARROW Arrow and cancelled false.
[March 03, 2023 18:37:21.498PM GMT] EntityDamageByEntityEvent was triggered by damaged CREEPER Creeper, damager PLAYER monkey_fucker69 and cancelled false.
[March 03, 2023 18:37:21.818PM GMT] EntityDamageByEntityEvent was triggered by damaged PLAYER monkey_fucker69, damager CREEPER Creeper and cancelled false.
[March 03, 2023 18:37:22.283PM GMT] EntityDamageByEntityEvent was triggered by damaged PLAYER monkey_fucker69, damager ARROW Arrow and cancelled false.
[March 03, 2023 18:37:23.784PM GMT] EntityDamageByEntityEvent was triggered by damaged PLAYER monkey_fucker69, damager ARROW Arrow and cancelled false.
[March 03, 2023 18:37:27.284PM GMT] EntityDamageByEntityEvent was triggered by damaged PLAYER monkey_fucker69, damager ARROW Arrow and cancelled false.
[March 03, 2023 18:37:36.266PM GMT] EntityDamageByEntityEvent was triggered by damaged PLAYER monkey_fucker69, damager ARROW Arrow and cancelled false.
[March 03, 2023 18:37:37.767PM GMT] EntityDamageByEntityEvent was triggered by damaged PLAYER monkey_fucker69, damager ARROW Arrow and cancelled false.
[March 03, 2023 18:37:39.366PM GMT] EntityDamageByEntityEvent was triggered by damaged PLAYER monkey_fucker69, damager ARROW Arrow and cancelled false.
[March 03, 2023 18:37:42.667PM GMT] EntityDamageByEntityEvent was triggered by damaged PLAYER monkey_fucker69, damager ARROW Arrow and cancelled false.
[March 03, 2023 18:37:44.569PM GMT] EntityDamageByEntityEvent was triggered by damaged PLAYER monkey_fucker69, damager ARROW Arrow and cancelled false.
[March 03, 2023 18:46:50.583PM GMT] EntityDamageByEntityEvent was triggered by damaged HORSE Donkey, damager PLAYER IM_THE_GOAT1 and cancelled false.
[March 03, 2023 18:46:51.882PM GMT] EntityDamageByEntityEvent was triggered by damaged HORSE Donkey, damager PLAYER IM_THE_GOAT1 and cancelled false.
[March 03, 2023 18:46:52.786PM GMT] EntityDamageByEntityEvent was triggered by damaged HORSE Donkey, damager PLAYER IM_THE_GOAT1 and cancelled false.
[March 03, 2023 18:46:54.891PM GMT] EntityDamageByEntityEvent was triggered by damaged HORSE Donkey, damager PLAYER IM_THE_GOAT1 and cancelled false.
[March 03, 2023 18:47:00.884PM GMT] EntityDamageByEntityEvent was triggered by damaged HORSE Donkey, damager PLAYER IM_THE_GOAT1 and cancelled false.
[March 03, 2023 18:52:12.928PM GMT] EntityDamageByEntityEvent was triggered by damaged ZOMBIE Zombie, damager PLAYER IM_THE_GOAT1 and cancelled false.
[March 03, 2023 18:52:13.528PM GMT] EntityDamageByEntityEvent was triggered by damaged ZOMBIE Zombie, damager PLAYER IM_THE_GOAT1 and cancelled false.
[March 03, 2023 18:52:16.028PM GMT] EntityDamageByEntityEvent was triggered by damaged ZOMBIE Zombie, damager PLAYER IM_THE_GOAT1 and cancelled false.
[March 03, 2023 18:52:16.734PM GMT] EntityDamageByEntityEvent was triggered by damaged ZOMBIE Zombie, damager PLAYER IM_THE_GOAT1 and cancelled false.
[March 03, 2023 18:52:17.412PM GMT] EntityDamageByEntityEvent was triggered by damaged ZOMBIE Zombie, damager PLAYER IM_THE_GOAT1 and cancelled false.
[March 03, 2023 18:52:17.913PM GMT] EntityDamageByEntityEvent was triggered by damaged ZOMBIE Zombie, damager PLAYER IM_THE_GOAT1 and cancelled false.
[March 03, 2023 18:53:03.290PM GMT] EntityDamageByEntityEvent was triggered by damaged ZOMBIE Zombie, damager PLAYER matt____ and cancelled false.
[March 03, 2023 18:53:03.594PM GMT] EntityDamageByEntityEvent was triggered by damaged PLAYER matt____, damager ZOMBIE Zombie and cancelled false.
[March 03, 2023 18:53:03.789PM GMT] EntityDamageByEntityEvent was triggered by damaged ZOMBIE Zombie, damager PLAYER matt____ and cancelled false.
[March 03, 2023 18:53:05.989PM GMT] EntityDamageByEntityEvent was triggered by damaged ZOMBIE Zombie, damager PLAYER matt____ and cancelled false.
[March 03, 2023 18:53:06.488PM GMT] EntityDamageByEntityEvent was triggered by damaged ZOMBIE Zombie, damager PLAYER matt____ and cancelled false.
[March 03, 2023 18:53:08.390PM GMT] EntityDamageByEntityEvent was triggered by damaged PLAYER matt____, damager ZOMBIE Zombie and cancelled false.
[March 03, 2023 18:53:08.589PM GMT] EntityDamageByEntityEvent was triggered by damaged ZOMBIE Zombie, damager PLAYER matt____ and cancelled false.
[March 03, 2023 18:53:09.439PM GMT] EntityDamageByEntityEvent was triggered by damaged ZOMBIE Zombie, damager PLAYER matt____ and cancelled false.
[March 03, 2023 18:53:45.816PM GMT] PlayerPreTagEvent was triggered on {player_name} by {enemy_name} with type PLAYER, reason ATTACKER, and cancelled false.
[March 03, 2023 18:53:45.827PM GMT] PlayerTagEvent was triggered on {player_name} by {enemy_name} with type PLAYER and reason ATTACKER.
[March 03, 2023 18:53:45.886PM GMT] PlayerPreTagEvent was triggered on {player_name} by {enemy_name} with type PLAYER, reason ATTACKED, and cancelled false.
[March 03, 2023 18:53:45.887PM GMT] PlayerTagEvent was triggered on {player_name} by {enemy_name} with type PLAYER and reason ATTACKED.
[March 03, 2023 18:53:45.939PM GMT] EntityDamageByEntityEvent was triggered by damaged PLAYER IM_THE_GOAT1, damager PLAYER matt____ and cancelled false.
[March 03, 2023 18:53:50.320PM GMT] PlayerPreTagEvent was triggered on {player_name} by {enemy_name} with type PLAYER, reason ATTACKER, and cancelled false.
[March 03, 2023 18:53:50.321PM GMT] PlayerReTagEvent was triggered on {player_name} by {enemy_name} with type PLAYER and reason ATTACKER.
[March 03, 2023 18:53:50.321PM GMT] PlayerPreTagEvent was triggered on {player_name} by {enemy_name} with type PLAYER, reason ATTACKED, and cancelled false.
[March 03, 2023 18:53:50.321PM GMT] PlayerReTagEvent was triggered on {player_name} by {enemy_name} with type PLAYER and reason ATTACKED.
[March 03, 2023 18:53:50.322PM GMT] EntityDamageByEntityEvent was triggered by damaged PLAYER IM_THE_GOAT1, damager PLAYER matt____ and cancelled false.
[March 03, 2023 18:53:50.926PM GMT] PlayerPreTagEvent was triggered on {player_name} by {enemy_name} with type PLAYER, reason ATTACKER, and cancelled false.
[March 03, 2023 18:53:50.926PM GMT] PlayerReTagEvent was triggered on {player_name} by {enemy_name} with type PLAYER and reason ATTACKER.
[March 03, 2023 18:53:50.932PM GMT] PlayerPreTagEvent was triggered on {player_name} by {enemy_name} with type PLAYER, reason ATTACKED, and cancelled false.
[March 03, 2023 18:53:50.932PM GMT] PlayerReTagEvent was triggered on {player_name} by {enemy_name} with type PLAYER and reason ATTACKED.
[March 03, 2023 18:53:50.932PM GMT] EntityDamageByEntityEvent was triggered by damaged PLAYER IM_THE_GOAT1, damager PLAYER matt____ and cancelled false.
[March 03, 2023 18:53:50.975PM GMT] PlayerUntagEvent was triggered on {player_name} with reason {untag_reason} and expire set to {was_expire}.
[March 03, 2023 18:53:50.976PM GMT] PlayerUntagEvent was triggered on {player_name} with reason ENEMY_DEATH and expire set to true.
[March 03, 2023 18:53:50.981PM GMT] PlayerUntagEvent was triggered on {player_name} with reason {untag_reason} and expire set to {was_expire}.
[March 03, 2023 18:53:50.981PM GMT] PlayerUntagEvent was triggered on {player_name} with reason SELF_DEATH and expire set to true.
[March 03, 2023 18:58:30.925PM GMT] EntityDamageByEntityEvent was triggered by damaged SHEEP Sheep, damager PLAYER IM_THE_GOAT1 and cancelled false.
[March 03, 2023 18:58:32.025PM GMT] EntityDamageByEntityEvent was triggered by damaged SHEEP Sheep, damager PLAYER IM_THE_GOAT1 and cancelled false.
[March 03, 2023 19:00:20.503PM GMT] EntityDamageByEntityEvent was triggered by damaged ENDERMAN Enderman, damager PLAYER IM_THE_GOAT1 and cancelled false.
[March 03, 2023 19:00:35.300PM GMT] EntityDamageByEntityEvent was triggered by damaged ENDERMAN Enderman, damager PLAYER IM_THE_GOAT1 and cancelled false.
[March 03, 2023 19:00:45.204PM GMT] EntityDamageByEntityEvent was triggered by damaged ENDERMAN Enderman, damager PLAYER IM_THE_GOAT1 and cancelled false.
[March 03, 2023 19:00:51.401PM GMT] EntityDamageByEntityEvent was triggered by damaged ENDERMAN Enderman, damager PLAYER IM_THE_GOAT1 and cancelled false.
[March 03, 2023 19:00:54.464PM GMT] EntityDamageByEntityEvent was triggered by damaged PLAYER IM_THE_GOAT1, damager ENDERMAN Enderman and cancelled false.
[March 03, 2023 19:00:59.709PM GMT] EntityDamageByEntityEvent was triggered by damaged ENDERMAN Enderman, damager PLAYER matt____ and cancelled false.
[March 03, 2023 19:01:01.109PM GMT] EntityDamageByEntityEvent was triggered by damaged ENDERMAN Enderman, damager PLAYER matt____ and cancelled false.
[March 03, 2023 19:01:02.309PM GMT] EntityDamageByEntityEvent was triggered by damaged ENDERMAN Enderman, damager PLAYER matt____ and cancelled false.
[March 03, 2023 19:01:03.560PM GMT] EntityDamageByEntityEvent was triggered by damaged ENDERMAN Enderman, damager PLAYER matt____ and cancelled false.
[March 03, 2023 19:29:25.172PM GMT] EntityDamageByEntityEvent was triggered by damaged PLAYER monkey_fucker69, damager SPIDER Spider and cancelled false.
[March 03, 2023 19:29:25.968PM GMT] EntityDamageByEntityEvent was triggered by damaged SPIDER Spider, damager PLAYER monkey_fucker69 and cancelled false.
[March 03, 2023 19:29:49.782PM GMT] EntityDamageByEntityEvent was triggered by damaged CREEPER Creeper, damager PLAYER monkey_fucker69 and cancelled false.
[March 03, 2023 19:29:50.794PM GMT] EntityDamageByEntityEvent was triggered by damaged DROPPED_ITEM item.item.flint, damager CREEPER Creeper and cancelled false.
[March 03, 2023 19:29:50.795PM GMT] EntityDamageByEntityEvent was triggered by damaged DROPPED_ITEM item.tile.stone.granite, damager CREEPER Creeper and cancelled false.
[March 03, 2023 19:29:50.795PM GMT] EntityDamageByEntityEvent was triggered by damaged PLAYER monkey_fucker69, damager CREEPER Creeper and cancelled false.
[March 03, 2023 19:29:52.682PM GMT] PlayerPreTagEvent was triggered on {player_name} by {enemy_name} with type PLAYER, reason ATTACKER, and cancelled false.
[March 03, 2023 19:29:52.683PM GMT] PlayerTagEvent was triggered on {player_name} by {enemy_name} with type PLAYER and reason ATTACKER.
[March 03, 2023 19:29:52.684PM GMT] PlayerPreTagEvent was triggered on {player_name} by {enemy_name} with type PLAYER, reason ATTACKED, and cancelled false.
[March 03, 2023 19:29:52.684PM GMT] PlayerTagEvent was triggered on {player_name} by {enemy_name} with type PLAYER and reason ATTACKED.
[March 03, 2023 19:29:52.699PM GMT] EntityDamageByEntityEvent was triggered by damaged PLAYER matt____, damager PLAYER IM_THE_GOAT1 and cancelled false.
[March 03, 2023 19:30:03.164PM GMT] PlayerUntagEvent was triggered on {player_name} with reason {untag_reason} and expire set to {was_expire}.
[March 03, 2023 19:30:03.165PM GMT] PlayerUntagEvent was triggered on {player_name} with reason EXPIRE and expire set to true.
[March 03, 2023 19:30:03.166PM GMT] PlayerUntagEvent was triggered on {player_name} with reason {untag_reason} and expire set to {was_expire}.
[March 03, 2023 19:30:03.169PM GMT] PlayerUntagEvent was triggered on {player_name} with reason EXPIRE and expire set to true.
[March 03, 2023 19:30:33.869PM GMT] EntityDamageByEntityEvent was triggered by damaged PLAYER monkey_fucker69, damager SPIDER Spider and cancelled false.
[March 03, 2023 19:30:35.670PM GMT] EntityDamageByEntityEvent was triggered by damaged PLAYER monkey_fucker69, damager SPIDER Spider and cancelled false.
[March 03, 2023 19:30:36.566PM GMT] EntityDamageByEntityEvent was triggered by damaged SPIDER Spider, damager PLAYER monkey_fucker69 and cancelled false.
[March 03, 2023 19:30:37.465PM GMT] EntityDamageByEntityEvent was triggered by damaged SPIDER Spider, damager PLAYER monkey_fucker69 and cancelled false.
[March 03, 2023 19:30:38.266PM GMT] EntityDamageByEntityEvent was triggered by damaged SPIDER Spider, damager PLAYER monkey_fucker69 and cancelled false.
[March 03, 2023 19:30:38.765PM GMT] EntityDamageByEntityEvent was triggered by damaged SPIDER Spider, damager PLAYER monkey_fucker69 and cancelled false.
[March 03, 2023 19:30:44.919PM GMT] EntityDamageByEntityEvent was triggered by damaged PIG Pig, damager PLAYER IM_THE_GOAT1 and cancelled false.
[March 03, 2023 19:30:48.515PM GMT] EntityDamageByEntityEvent was triggered by damaged SPIDER Spider, damager PLAYER monkey_fucker69 and cancelled false.
[March 03, 2023 19:30:51.016PM GMT] EntityDamageByEntityEvent was triggered by damaged PLAYER monkey_fucker69, damager SPIDER Spider and cancelled false.
[March 03, 2023 19:30:51.216PM GMT] EntityDamageByEntityEvent was triggered by damaged SPIDER Spider, damager PLAYER monkey_fucker69 and cancelled false.
[March 03, 2023 19:31:15.430PM GMT] EntityDamageByEntityEvent was triggered by damaged RABBIT Rabbit, damager PLAYER monkey_fucker69 and cancelled false.
[March 03, 2023 19:31:45.894PM GMT] EntityDamageByEntityEvent was triggered by damaged HORSE Horse, damager PLAYER IM_THE_GOAT1 and cancelled false.
[March 03, 2023 19:35:18.278PM GMT] EntityDamageByEntityEvent was triggered by damaged SKELETON Skeleton, damager PLAYER monkey_fucker69 and cancelled false.
[March 03, 2023 19:35:18.971PM GMT] EntityDamageByEntityEvent was triggered by damaged SKELETON Skeleton, damager PLAYER monkey_fucker69 and cancelled false.
[March 03, 2023 19:35:19.571PM GMT] EntityDamageByEntityEvent was triggered by damaged SKELETON Skeleton, damager PLAYER monkey_fucker69 and cancelled false.
[March 03, 2023 19:35:20.071PM GMT] EntityDamageByEntityEvent was triggered by damaged SKELETON Skeleton, damager PLAYER monkey_fucker69 and cancelled false.
[March 03, 2023 19:35:22.587PM GMT] EntityDamageByEntityEvent was triggered by damaged PLAYER monkey_fucker69, damager CREEPER Creeper and cancelled false.
[March 03, 2023 19:35:41.938PM GMT] EntityDamageByEntityEvent was triggered by damaged PLAYER IM_THE_GOAT1, damager ZOMBIE Zombie and cancelled false.
[March 03, 2023 19:35:42.036PM GMT] EntityDamageByEntityEvent was triggered by damaged ZOMBIE Zombie, damager PLAYER IM_THE_GOAT1 and cancelled false.
[March 03, 2023 19:35:44.536PM GMT] EntityDamageByEntityEvent was triggered by damaged ZOMBIE Zombie, damager PLAYER IM_THE_GOAT1 and cancelled false.
[March 03, 2023 19:36:24.689PM GMT] EntityDamageByEntityEvent was triggered by damaged CREEPER Creeper, damager CREEPER Creeper and cancelled false.
[March 03, 2023 19:36:32.032PM GMT] EntityDamageByEntityEvent was triggered by damaged PLAYER monkey_fucker69, damager ARROW Arrow and cancelled false.
[March 03, 2023 19:36:33.683PM GMT] EntityDamageByEntityEvent was triggered by damaged PLAYER monkey_fucker69, damager ARROW Arrow and cancelled false.
[March 03, 2023 19:36:36.682PM GMT] EntityDamageByEntityEvent was triggered by damaged SKELETON Skeleton, damager PLAYER monkey_fucker69 and cancelled false.
[March 03, 2023 19:36:36.986PM GMT] EntityDamageByEntityEvent was triggered by damaged PLAYER monkey_fucker69, damager ARROW Arrow and cancelled false.
[March 03, 2023 19:36:37.180PM GMT] EntityDamageByEntityEvent was triggered by damaged SKELETON Skeleton, damager PLAYER monkey_fucker69 and cancelled false.
[March 03, 2023 19:36:38.282PM GMT] EntityDamageByEntityEvent was triggered by damaged SKELETON Skeleton, damager PLAYER monkey_fucker69 and cancelled false.
[March 03, 2023 19:36:38.287PM GMT] EntityDamageByEntityEvent was triggered by damaged PLAYER monkey_fucker69, damager ARROW Arrow and cancelled false.
[March 03, 2023 19:36:39.285PM GMT] EntityDamageByEntityEvent was triggered by damaged SKELETON Skeleton, damager PLAYER monkey_fucker69 and cancelled false.
[March 03, 2023 19:37:24.056PM GMT] EntityDamageByEntityEvent was triggered by damaged PLAYER monkey_fucker69, damager ARROW Arrow and cancelled false.
[March 03, 2023 19:37:25.254PM GMT] EntityDamageByEntityEvent was triggered by damaged PLAYER monkey_fucker69, damager ARROW Arrow and cancelled false.
[March 03, 2023 19:37:26.151PM GMT] EntityDamageByEntityEvent was triggered by damaged SKELETON Skeleton, damager PLAYER monkey_fucker69 and cancelled false.
[March 03, 2023 19:37:30.274PM GMT] EntityDamageByEntityEvent was triggered by damaged SKELETON Skeleton, damager PLAYER monkey_fucker69 and cancelled false.
[March 03, 2023 19:37:30.876PM GMT] EntityDamageByEntityEvent was triggered by damaged SKELETON Skeleton, damager PLAYER monkey_fucker69 and cancelled false.
[March 03, 2023 19:37:32.563PM GMT] EntityDamageByEntityEvent was triggered by damaged PLAYER monkey_fucker69, damager ARROW Arrow and cancelled false.
[March 03, 2023 19:37:32.580PM GMT] EntityDamageByEntityEvent was triggered by damaged SKELETON Skeleton, damager PLAYER monkey_fucker69 and cancelled false.
[March 03, 2023 19:37:32.582PM GMT] EntityDamageByEntityEvent was triggered by damaged SKELETON Skeleton, damager PLAYER monkey_fucker69 and cancelled false.
[March 03, 2023 19:37:32.822PM GMT] EntityDamageByEntityEvent was triggered by damaged PLAYER monkey_fucker69, damager ARROW Arrow and cancelled false.
[March 03, 2023 19:37:40.062PM GMT] EntityDamageByEntityEvent was triggered by damaged PLAYER monkey_fucker69, damager ARROW Arrow and cancelled false.
[March 03, 2023 19:37:41.141PM GMT] EntityDamageByEntityEvent was triggered by damaged SKELETON Skeleton, damager PLAYER monkey_fucker69 and cancelled false.
[March 03, 2023 19:37:41.436PM GMT] EntityDamageByEntityEvent was triggered by damaged SKELETON Skeleton, damager PLAYER monkey_fucker69 and cancelled false.
[March 03, 2023 19:37:41.637PM GMT] EntityDamageByEntityEvent was triggered by damaged SKELETON Skeleton, damager PLAYER monkey_fucker69 and cancelled false.
[March 03, 2023 19:37:43.016PM GMT] EntityDamageByEntityEvent was triggered by damaged PLAYER monkey_fucker69, damager ARROW Arrow and cancelled false.
[March 03, 2023 19:37:43.915PM GMT] EntityDamageByEntityEvent was triggered by damaged SKELETON Skeleton, damager PLAYER monkey_fucker69 and cancelled false.
[March 03, 2023 19:37:44.118PM GMT] EntityDamageByEntityEvent was triggered by damaged PLAYER monkey_fucker69, damager ARROW Arrow and cancelled false.
[March 03, 2023 19:37:45.520PM GMT] EntityDamageByEntityEvent was triggered by damaged PLAYER monkey_fucker69, damager ARROW Arrow and cancelled false.
[March 03, 2023 19:37:46.214PM GMT] EntityDamageByEntityEvent was triggered by damaged SKELETON Skeleton, damager PLAYER monkey_fucker69 and cancelled false.
[March 03, 2023 19:37:46.715PM GMT] EntityDamageByEntityEvent was triggered by damaged SKELETON Skeleton, damager PLAYER monkey_fucker69 and cancelled false.
[March 03, 2023 19:37:46.820PM GMT] EntityDamageByEntityEvent was triggered by damaged PLAYER monkey_fucker69, damager ARROW Arrow and cancelled false.
[March 03, 2023 19:37:48.009PM GMT] EntityDamageByEntityEvent was triggered by damaged PLAYER monkey_fucker69, damager ARROW Arrow and cancelled false.
[March 03, 2023 19:37:48.106PM GMT] EntityDamageByEntityEvent was triggered by damaged SKELETON Skeleton, damager PLAYER monkey_fucker69 and cancelled false.
[March 03, 2023 19:37:48.607PM GMT] EntityDamageByEntityEvent was triggered by damaged SKELETON Skeleton, damager PLAYER monkey_fucker69 and cancelled false.
[March 03, 2023 19:38:40.623PM GMT] EntityDamageByEntityEvent was triggered by damaged SHEEP Sheep, damager PLAYER IM_THE_GOAT1 and cancelled false.
[March 03, 2023 19:38:40.725PM GMT] EntityDamageByEntityEvent was triggered by damaged PLAYER monkey_fucker69, damager ARROW Arrow and cancelled false.
[March 03, 2023 19:38:42.524PM GMT] EntityDamageByEntityEvent was triggered by damaged SHEEP Sheep, damager PLAYER IM_THE_GOAT1 and cancelled false.
[March 03, 2023 19:38:45.123PM GMT] EntityDamageByEntityEvent was triggered by damaged SKELETON Skeleton, damager PLAYER monkey_fucker69 and cancelled false.
[March 03, 2023 19:38:45.424PM GMT] EntityDamageByEntityEvent was triggered by damaged SKELETON Skeleton, damager PLAYER monkey_fucker69 and cancelled false.
[March 03, 2023 19:38:46.025PM GMT] EntityDamageByEntityEvent was triggered by damaged SKELETON Skeleton, damager PLAYER monkey_fucker69 and cancelled false.
[March 03, 2023 19:39:22.042PM GMT] EntityDamageByEntityEvent was triggered by damaged CREEPER Creeper, damager PLAYER monkey_fucker69 and cancelled false.
[March 03, 2023 19:39:22.142PM GMT] EntityDamageByEntityEvent was triggered by damaged CREEPER Creeper, damager PLAYER monkey_fucker69 and cancelled false.
[March 03, 2023 19:41:02.796PM GMT] EntityDamageByEntityEvent was triggered by damaged CREEPER Creeper, damager PLAYER IM_THE_GOAT1 and cancelled false.
[March 03, 2023 19:41:04.301PM GMT] EntityDamageByEntityEvent was triggered by damaged PLAYER IM_THE_GOAT1, damager CREEPER Creeper and cancelled false.
[March 03, 2023 19:47:23.574PM GMT] EntityDamageByEntityEvent was triggered by damaged COW Cow, damager PLAYER IM_THE_GOAT1 and cancelled false.
[March 03, 2023 19:47:24.073PM GMT] EntityDamageByEntityEvent was triggered by damaged COW Cow, damager PLAYER IM_THE_GOAT1 and cancelled false.
[March 03, 2023 19:47:26.075PM GMT] EntityDamageByEntityEvent was triggered by damaged COW Cow, damager PLAYER IM_THE_GOAT1 and cancelled false.
[March 03, 2023 19:48:00.374PM GMT] PlayerPreTagEvent was triggered on {player_name} by {enemy_name} with type PLAYER, reason ATTACKER, and cancelled false.
[March 03, 2023 19:48:00.375PM GMT] PlayerTagEvent was triggered on {player_name} by {enemy_name} with type PLAYER and reason ATTACKER.
[March 03, 2023 19:48:00.376PM GMT] PlayerPreTagEvent was triggered on {player_name} by {enemy_name} with type PLAYER, reason ATTACKED, and cancelled false.
[March 03, 2023 19:48:00.376PM GMT] PlayerTagEvent was triggered on {player_name} by {enemy_name} with type PLAYER and reason ATTACKED.
[March 03, 2023 19:48:00.377PM GMT] EntityDamageByEntityEvent was triggered by damaged PLAYER matt____, damager PLAYER IM_THE_GOAT1 and cancelled false.
[March 03, 2023 19:48:00.388PM GMT] PlayerUntagEvent was triggered on {player_name} with reason {untag_reason} and expire set to {was_expire}.
[March 03, 2023 19:48:00.388PM GMT] PlayerUntagEvent was triggered on {player_name} with reason ENEMY_DEATH and expire set to true.
[March 03, 2023 19:48:00.392PM GMT] PlayerUntagEvent was triggered on {player_name} with reason {untag_reason} and expire set to {was_expire}.
[March 03, 2023 19:48:00.393PM GMT] PlayerUntagEvent was triggered on {player_name} with reason SELF_DEATH and expire set to true.
[March 03, 2023 19:49:54.313PM GMT] EntityDamageByEntityEvent was triggered by damaged ZOMBIE Zombie, damager PLAYER monkey_fucker69 and cancelled false.
