[March 11, 2023 14:36:18.146PM GMT] EntityDamageByEntityEvent was triggered by damaged PLAYER 808, damager ZOMBIE Zombie and cancelled false.
[March 11, 2023 14:36:18.441PM GMT] EntityDamageByEntityEvent was triggered by damaged ZOMBIE §4❤❤❤❤❤❤❤❤❤❤§7, damager PLAYER 808 and cancelled false.
[March 11, 2023 14:36:18.640PM GMT] EntityDamageByEntityEvent was triggered by damaged ZOMBIE §4❤❤❤❤❤❤❤❤❤❤§7, damager PLAYER 808 and cancelled false.
[March 11, 2023 14:36:18.736PM GMT] EntityDamageByEntityEvent was triggered by damaged ZOMBIE §4❤❤❤❤❤❤❤❤❤❤§7, damager PLAYER 808 and cancelled false.
[March 11, 2023 14:36:19.136PM GMT] EntityDamageByEntityEvent was triggered by damaged ZOMBIE §4❤❤❤❤❤❤❤❤❤§7❤, damager PLAYER 808 and cancelled false.
[March 11, 2023 14:36:19.238PM GMT] EntityDamageByEntityEvent was triggered by damaged PLAYER 808, damager ZOMBIE Zombie and cancelled false.
[March 11, 2023 14:36:19.436PM GMT] EntityDamageByEntityEvent was triggered by damaged ZOMBIE §4❤❤❤❤❤❤❤❤❤❤§7, damager PLAYER 808 and cancelled false.
[March 11, 2023 14:36:20.035PM GMT] EntityDamageByEntityEvent was triggered by damaged ZOMBIE §4❤❤❤❤❤❤❤❤❤❤§7, damager PLAYER 808 and cancelled false.
[March 11, 2023 14:36:20.136PM GMT] EntityDamageByEntityEvent was triggered by damaged ZOMBIE §4❤❤❤❤❤❤❤❤❤❤§7, damager PLAYER 808 and cancelled false.
[March 11, 2023 14:36:20.839PM GMT] EntityDamageByEntityEvent was triggered by damaged PLAYER 808, damager ZOMBIE §4❤❤❤❤❤❤❤❤❤❤§7 and cancelled false.
[March 11, 2023 14:36:24.943PM GMT] EntityDamageByEntityEvent was triggered by damaged PLAYER 808, damager CREEPER Creeper and cancelled false.
[March 11, 2023 14:36:24.944PM GMT] EntityDamageByEntityEvent was triggered by damaged ZOMBIE Zombie, damager CREEPER Creeper and cancelled false.
[March 11, 2023 14:36:24.945PM GMT] EntityDamageByEntityEvent was triggered by damaged ZOMBIE Zombie, damager CREEPER Creeper and cancelled false.
[March 11, 2023 14:36:24.946PM GMT] EntityDamageByEntityEvent was triggered by damaged ZOMBIE Zombie, damager CREEPER Creeper and cancelled false.
[March 11, 2023 14:36:24.950PM GMT] EntityDamageByEntityEvent was triggered by damaged ZOMBIE Zombie, damager CREEPER Creeper and cancelled false.
[March 11, 2023 14:36:27.840PM GMT] EntityDamageByEntityEvent was triggered by damaged ZOMBIE §4❤❤❤❤❤❤❤❤§7❤❤, damager PLAYER 808 and cancelled false.
[March 11, 2023 14:36:28.336PM GMT] EntityDamageByEntityEvent was triggered by damaged ZOMBIE §4❤❤❤❤❤§7❤❤❤❤❤, damager PLAYER 808 and cancelled false.
[March 11, 2023 14:36:28.835PM GMT] EntityDamageByEntityEvent was triggered by damaged ZOMBIE §4❤❤§7❤❤❤❤❤❤❤❤, damager PLAYER 808 and cancelled false.
[March 11, 2023 14:36:29.336PM GMT] EntityDamageByEntityEvent was triggered by damaged ZOMBIE §4§7❤❤❤❤❤❤❤❤❤❤, damager PLAYER 808 and cancelled false.
[March 11, 2023 14:36:29.737PM GMT] EntityDamageByEntityEvent was triggered by damaged PLAYER 808, damager ZOMBIE Zombie and cancelled false.
[March 11, 2023 14:36:29.935PM GMT] EntityDamageByEntityEvent was triggered by damaged ZOMBIE §4❤❤❤❤❤❤❤§7❤❤❤, damager PLAYER 808 and cancelled false.
[March 11, 2023 14:36:30.236PM GMT] EntityDamageByEntityEvent was triggered by damaged ZOMBIE §4❤❤❤❤❤❤❤§7❤❤❤, damager PLAYER 808 and cancelled false.
[March 11, 2023 14:36:30.535PM GMT] EntityDamageByEntityEvent was triggered by damaged ZOMBIE §4❤❤❤❤❤❤§7❤❤❤❤, damager PLAYER 808 and cancelled false.
[March 11, 2023 14:36:31.035PM GMT] EntityDamageByEntityEvent was triggered by damaged ZOMBIE §4❤❤§7❤❤❤❤❤❤❤❤, damager PLAYER 808 and cancelled false.
[March 11, 2023 14:36:31.137PM GMT] EntityDamageByEntityEvent was triggered by damaged PLAYER 808, damager ZOMBIE Zombie and cancelled false.
[March 11, 2023 14:36:31.235PM GMT] EntityDamageByEntityEvent was triggered by damaged ZOMBIE §4❤❤❤❤❤❤❤❤§7❤❤, damager PLAYER 808 and cancelled false.
[March 11, 2023 14:36:31.736PM GMT] EntityDamageByEntityEvent was triggered by damaged ZOMBIE §4❤❤❤❤❤§7❤❤❤❤❤, damager PLAYER 808 and cancelled false.
[March 11, 2023 14:36:31.936PM GMT] EntityDamageByEntityEvent was triggered by damaged CREEPER §4❤❤❤❤❤❤❤§7❤❤❤, damager PLAYER 808 and cancelled false.
[March 11, 2023 14:36:32.036PM GMT] EntityDamageByEntityEvent was triggered by damaged ZOMBIE §4§7❤❤❤❤❤❤❤❤❤❤, damager PLAYER 808 and cancelled false.
[March 11, 2023 14:36:32.236PM GMT] EntityDamageByEntityEvent was triggered by damaged ZOMBIE §4❤§7❤❤❤❤❤❤❤❤❤, damager PLAYER 808 and cancelled false.
[March 11, 2023 14:36:32.336PM GMT] EntityDamageByEntityEvent was triggered by damaged PLAYER 808, damager ZOMBIE Zombie and cancelled false.
[March 11, 2023 14:36:32.638PM GMT] EntityDamageByEntityEvent was triggered by damaged ZOMBIE §4❤❤❤❤§7❤❤❤❤❤❤, damager PLAYER 808 and cancelled false.
[March 11, 2023 14:36:32.741PM GMT] EntityDamageByEntityEvent was triggered by damaged ZOMBIE §4❤❤❤❤❤❤§7❤❤❤❤, damager CREEPER §4❤❤❤❤❤❤❤§7❤❤❤ and cancelled false.
[March 11, 2023 14:36:32.742PM GMT] EntityDamageByEntityEvent was triggered by damaged ZOMBIE §4❤§7❤❤❤❤❤❤❤❤❤, damager CREEPER §4❤❤❤❤❤❤❤§7❤❤❤ and cancelled false.
[March 11, 2023 14:36:32.744PM GMT] EntityDamageByEntityEvent was triggered by damaged ZOMBIE Zombie, damager CREEPER §4❤❤❤❤❤❤❤§7❤❤❤ and cancelled false.
[March 11, 2023 14:36:32.745PM GMT] EntityDamageByEntityEvent was triggered by damaged ZOMBIE §4❤❤❤❤§7❤❤❤❤❤❤, damager CREEPER §4❤❤❤❤❤❤❤§7❤❤❤ and cancelled false.
[March 11, 2023 14:36:32.746PM GMT] EntityDamageByEntityEvent was triggered by damaged DROPPED_ITEM item.item.rottenFlesh, damager CREEPER §4❤❤❤❤❤❤❤§7❤❤❤ and cancelled false.
[March 11, 2023 14:36:32.747PM GMT] EntityDamageByEntityEvent was triggered by damaged PLAYER 808, damager CREEPER §4❤❤❤❤❤❤❤§7❤❤❤ and cancelled false.
[March 11, 2023 14:36:35.138PM GMT] EntityDamageByEntityEvent was triggered by damaged PLAYER 808, damager ZOMBIE Zombie and cancelled false.
[March 11, 2023 14:36:36.137PM GMT] EntityDamageByEntityEvent was triggered by damaged PLAYER 808, damager ZOMBIE Zombie and cancelled false.
[March 11, 2023 14:36:36.336PM GMT] EntityDamageByEntityEvent was triggered by damaged ZOMBIE §4❤❤§7❤❤❤❤❤❤❤❤, damager PLAYER 808 and cancelled false.
[March 11, 2023 14:36:37.436PM GMT] EntityDamageByEntityEvent was triggered by damaged ZOMBIE §4❤§7❤❤❤❤❤❤❤❤❤, damager PLAYER 808 and cancelled false.
[March 11, 2023 14:36:37.937PM GMT] EntityDamageByEntityEvent was triggered by damaged ZOMBIE §4❤§7❤❤❤❤❤❤❤❤❤, damager PLAYER 808 and cancelled false.
[March 11, 2023 14:36:38.136PM GMT] EntityDamageByEntityEvent was triggered by damaged ZOMBIE §4❤❤§7❤❤❤❤❤❤❤❤, damager PLAYER 808 and cancelled false.
[March 11, 2023 14:36:38.736PM GMT] EntityDamageByEntityEvent was triggered by damaged ZOMBIE §4§7❤❤❤❤❤❤❤❤❤❤, damager PLAYER 808 and cancelled false.
[March 11, 2023 14:36:39.337PM GMT] EntityDamageByEntityEvent was triggered by damaged ZOMBIE §4❤❤§7❤❤❤❤❤❤❤❤, damager PLAYER 808 and cancelled false.
[March 11, 2023 14:36:39.836PM GMT] EntityDamageByEntityEvent was triggered by damaged ZOMBIE §4❤§7❤❤❤❤❤❤❤❤❤, damager PLAYER 808 and cancelled false.
[March 11, 2023 14:36:40.335PM GMT] EntityDamageByEntityEvent was triggered by damaged ZOMBIE §4❤§7❤❤❤❤❤❤❤❤❤, damager PLAYER 808 and cancelled false.
[March 11, 2023 14:36:42.736PM GMT] EntityDamageByEntityEvent was triggered by damaged ZOMBIE §4❤❤❤❤❤❤❤❤❤❤§7, damager PLAYER 808 and cancelled false.
[March 11, 2023 14:36:43.236PM GMT] EntityDamageByEntityEvent was triggered by damaged ZOMBIE §4❤❤❤❤❤❤❤❤❤❤§7, damager PLAYER 808 and cancelled false.
[March 11, 2023 14:36:43.636PM GMT] EntityDamageByEntityEvent was triggered by damaged ZOMBIE §4§7❤❤❤❤❤❤❤❤❤❤, damager PLAYER 808 and cancelled false.
[March 11, 2023 14:36:44.635PM GMT] EntityDamageByEntityEvent was triggered by damaged ZOMBIE §4❤❤❤❤❤❤❤❤❤§7❤, damager PLAYER 808 and cancelled false.
[March 11, 2023 14:36:45.435PM GMT] EntityDamageByEntityEvent was triggered by damaged ZOMBIE §4❤❤❤❤❤❤❤❤❤§7❤, damager PLAYER 808 and cancelled false.
[March 11, 2023 14:36:45.536PM GMT] EntityDamageByEntityEvent was triggered by damaged PLAYER 808, damager ZOMBIE §4❤❤❤❤❤❤❤❤❤§7❤ and cancelled false.
[March 11, 2023 14:36:46.135PM GMT] EntityDamageByEntityEvent was triggered by damaged ZOMBIE §4❤❤❤❤❤❤❤❤§7❤❤, damager PLAYER 808 and cancelled false.
[March 11, 2023 14:36:46.736PM GMT] EntityDamageByEntityEvent was triggered by damaged ZOMBIE §4❤❤❤❤❤❤❤❤§7❤❤, damager PLAYER 808 and cancelled false.
[March 11, 2023 14:36:47.336PM GMT] EntityDamageByEntityEvent was triggered by damaged ZOMBIE §4❤❤❤❤❤❤❤§7❤❤❤, damager PLAYER 808 and cancelled false.
[March 11, 2023 14:36:48.636PM GMT] EntityDamageByEntityEvent was triggered by damaged ZOMBIE §4❤❤❤❤❤❤❤§7❤❤❤, damager PLAYER 808 and cancelled false.
[March 11, 2023 14:36:49.336PM GMT] EntityDamageByEntityEvent was triggered by damaged ZOMBIE §4❤❤❤❤❤❤§7❤❤❤❤, damager PLAYER 808 and cancelled false.
[March 11, 2023 14:36:51.935PM GMT] EntityDamageByEntityEvent was triggered by damaged ZOMBIE §4❤❤❤❤❤❤§7❤❤❤❤, damager PLAYER 808 and cancelled false.
[March 11, 2023 14:36:52.535PM GMT] EntityDamageByEntityEvent was triggered by damaged ZOMBIE §4❤❤❤❤❤§7❤❤❤❤❤, damager PLAYER 808 and cancelled false.
[March 11, 2023 14:36:53.136PM GMT] EntityDamageByEntityEvent was triggered by damaged ZOMBIE §4❤❤❤❤❤§7❤❤❤❤❤, damager PLAYER 808 and cancelled false.
[March 11, 2023 14:36:55.537PM GMT] EntityDamageByEntityEvent was triggered by damaged PLAYER 808, damager ZOMBIE Zombie and cancelled false.
[March 11, 2023 14:36:58.141PM GMT] EntityDamageByEntityEvent was triggered by damaged ZOMBIE §4❤❤❤§7❤❤❤❤❤❤❤, damager PLAYER 808 and cancelled false.
[March 11, 2023 14:36:58.736PM GMT] EntityDamageByEntityEvent was triggered by damaged ZOMBIE §4❤§7❤❤❤❤❤❤❤❤❤, damager PLAYER 808 and cancelled false.
[March 11, 2023 14:36:59.735PM GMT] EntityDamageByEntityEvent was triggered by damaged ZOMBIE §4§7❤❤❤❤❤❤❤❤❤❤, damager PLAYER 808 and cancelled false.
[March 11, 2023 14:39:18.509PM GMT] EntityDamageByEntityEvent was triggered by damaged ZOMBIE §4❤❤❤❤❤❤❤❤§7❤❤, damager PLAYER 808 and cancelled false.
[March 11, 2023 14:39:19.713PM GMT] EntityDamageByEntityEvent was triggered by damaged PLAYER 808, damager ZOMBIE §4❤❤❤❤❤❤❤❤§7❤❤ and cancelled false.
[March 11, 2023 14:39:19.909PM GMT] EntityDamageByEntityEvent was triggered by damaged ZOMBIE §4❤❤❤❤❤❤❤§7❤❤❤, damager PLAYER 808 and cancelled false.
[March 11, 2023 14:39:20.209PM GMT] EntityDamageByEntityEvent was triggered by damaged ZOMBIE §4❤❤❤❤❤❤❤§7❤❤❤, damager PLAYER 808 and cancelled false.
[March 11, 2023 14:39:21.209PM GMT] EntityDamageByEntityEvent was triggered by damaged BAT §4❤❤❤§7, damager PLAYER 808 and cancelled false.
[March 11, 2023 14:39:21.310PM GMT] EntityDamageByEntityEvent was triggered by damaged PLAYER 808, damager ZOMBIE §4❤❤❤❤❤❤❤§7❤❤❤ and cancelled false.
[March 11, 2023 14:39:22.009PM GMT] EntityDamageByEntityEvent was triggered by damaged ZOMBIE §4❤❤❤❤❤❤§7❤❤❤❤, damager PLAYER 808 and cancelled false.
[March 11, 2023 14:39:24.211PM GMT] EntityDamageByEntityEvent was triggered by damaged PLAYER 808, damager ZOMBIE Zombie and cancelled false.
[March 11, 2023 14:39:24.309PM GMT] EntityDamageByEntityEvent was triggered by damaged ZOMBIE §4❤❤❤❤❤❤§7❤❤❤❤, damager PLAYER 808 and cancelled false.
[March 11, 2023 14:39:25.212PM GMT] EntityDamageByEntityEvent was triggered by damaged PLAYER 808, damager ZOMBIE Zombie and cancelled false.
[March 11, 2023 14:39:25.409PM GMT] EntityDamageByEntityEvent was triggered by damaged ZOMBIE §4❤❤❤❤❤§7❤❤❤❤❤, damager PLAYER 808 and cancelled false.
[March 11, 2023 14:39:26.108PM GMT] EntityDamageByEntityEvent was triggered by damaged ZOMBIE §4❤❤❤❤❤§7❤❤❤❤❤, damager PLAYER 808 and cancelled false.
[March 11, 2023 14:39:26.211PM GMT] EntityDamageByEntityEvent was triggered by damaged PLAYER 808, damager ZOMBIE §4❤❤❤❤❤§7❤❤❤❤❤ and cancelled false.
[March 11, 2023 14:39:26.609PM GMT] EntityDamageByEntityEvent was triggered by damaged ZOMBIE §4❤❤❤❤§7❤❤❤❤❤❤, damager PLAYER 808 and cancelled false.
[March 11, 2023 14:39:27.909PM GMT] EntityDamageByEntityEvent was triggered by damaged ZOMBIE §4❤❤❤❤§7❤❤❤❤❤❤, damager PLAYER 808 and cancelled false.
[March 11, 2023 14:39:28.110PM GMT] EntityDamageByEntityEvent was triggered by damaged ZOMBIE §4❤❤❤❤§7❤❤❤❤❤❤, damager PLAYER 808 and cancelled false.
[March 11, 2023 14:39:28.409PM GMT] EntityDamageByEntityEvent was triggered by damaged ZOMBIE §4❤❤❤§7❤❤❤❤❤❤❤, damager PLAYER 808 and cancelled false.
[March 11, 2023 14:39:28.909PM GMT] EntityDamageByEntityEvent was triggered by damaged ZOMBIE §4❤❤❤§7❤❤❤❤❤❤❤, damager PLAYER 808 and cancelled false.
[March 11, 2023 14:39:29.409PM GMT] EntityDamageByEntityEvent was triggered by damaged ZOMBIE §4❤❤§7❤❤❤❤❤❤❤❤, damager PLAYER 808 and cancelled false.
[March 11, 2023 14:39:29.412PM GMT] EntityDamageByEntityEvent was triggered by damaged PLAYER 808, damager ZOMBIE §4❤❤§7❤❤❤❤❤❤❤❤ and cancelled false.
[March 11, 2023 14:39:29.609PM GMT] EntityDamageByEntityEvent was triggered by damaged ZOMBIE Zombie, damager PLAYER 808 and cancelled false.
[March 11, 2023 14:39:30.210PM GMT] EntityDamageByEntityEvent was triggered by damaged ZOMBIE §4❤❤§7❤❤❤❤❤❤❤❤, damager PLAYER 808 and cancelled false.
[March 11, 2023 14:39:30.410PM GMT] EntityDamageByEntityEvent was triggered by damaged PLAYER 808, damager ZOMBIE §4❤❤§7❤❤❤❤❤❤❤❤ and cancelled false.
[March 11, 2023 14:39:30.809PM GMT] EntityDamageByEntityEvent was triggered by damaged ZOMBIE §4❤§7❤❤❤❤❤❤❤❤❤, damager PLAYER 808 and cancelled false.
[March 11, 2023 14:39:31.409PM GMT] EntityDamageByEntityEvent was triggered by damaged ZOMBIE §4§7❤❤❤❤❤❤❤❤❤❤, damager PLAYER 808 and cancelled false.
[March 11, 2023 14:41:02.409PM GMT] EntityDamageByEntityEvent was triggered by damaged SPIDER §4❤❤❤❤❤❤❤❤§7, damager PLAYER 808 and cancelled false.
[March 11, 2023 14:41:03.211PM GMT] EntityDamageByEntityEvent was triggered by damaged PLAYER 808, damager SPIDER §4❤❤❤❤❤❤❤❤§7 and cancelled false.
[March 11, 2023 14:41:03.410PM GMT] EntityDamageByEntityEvent was triggered by damaged SPIDER §4❤❤❤❤❤❤❤§7❤, damager PLAYER 808 and cancelled false.
[March 11, 2023 14:41:04.309PM GMT] EntityDamageByEntityEvent was triggered by damaged SPIDER §4❤❤❤❤❤❤❤§7❤, damager PLAYER 808 and cancelled false.
[March 11, 2023 14:41:05.110PM GMT] EntityDamageByEntityEvent was triggered by damaged PLAYER 808, damager SPIDER §4❤❤❤❤❤❤❤§7❤ and cancelled false.
[March 11, 2023 14:41:05.210PM GMT] EntityDamageByEntityEvent was triggered by damaged SPIDER §4❤❤❤❤❤❤§7❤❤, damager PLAYER 808 and cancelled false.
[March 11, 2023 14:41:06.209PM GMT] EntityDamageByEntityEvent was triggered by damaged SPIDER §4❤❤❤❤❤❤§7❤❤, damager PLAYER 808 and cancelled false.
[March 11, 2023 14:41:06.809PM GMT] EntityDamageByEntityEvent was triggered by damaged SPIDER §4❤❤❤❤❤§7❤❤❤, damager PLAYER 808 and cancelled false.
[March 11, 2023 14:41:07.608PM GMT] EntityDamageByEntityEvent was triggered by damaged SPIDER §4❤❤❤❤❤§7❤❤❤, damager PLAYER 808 and cancelled false.
[March 11, 2023 14:41:07.611PM GMT] EntityDamageByEntityEvent was triggered by damaged PLAYER 808, damager SPIDER §4❤❤❤❤❤§7❤❤❤ and cancelled false.
[March 11, 2023 14:41:08.209PM GMT] EntityDamageByEntityEvent was triggered by damaged SPIDER §4❤❤❤❤§7❤❤❤❤, damager PLAYER 808 and cancelled false.
[March 11, 2023 14:41:09.209PM GMT] EntityDamageByEntityEvent was triggered by damaged SPIDER §4❤❤❤❤§7❤❤❤❤, damager PLAYER 808 and cancelled false.
[March 11, 2023 14:41:10.009PM GMT] EntityDamageByEntityEvent was triggered by damaged SPIDER §4❤❤❤§7❤❤❤❤❤, damager PLAYER 808 and cancelled false.
[March 11, 2023 14:41:11.209PM GMT] EntityDamageByEntityEvent was triggered by damaged SPIDER §4❤❤❤§7❤❤❤❤❤, damager PLAYER 808 and cancelled false.
[March 11, 2023 14:41:11.810PM GMT] EntityDamageByEntityEvent was triggered by damaged SPIDER §4❤❤§7❤❤❤❤❤❤, damager PLAYER 808 and cancelled false.
[March 11, 2023 14:41:12.409PM GMT] EntityDamageByEntityEvent was triggered by damaged SPIDER §4❤❤§7❤❤❤❤❤❤, damager PLAYER 808 and cancelled false.
[March 11, 2023 14:41:12.810PM GMT] EntityDamageByEntityEvent was triggered by damaged PLAYER 808, damager SPIDER §4❤❤§7❤❤❤❤❤❤ and cancelled false.
[March 11, 2023 14:41:12.908PM GMT] EntityDamageByEntityEvent was triggered by damaged SPIDER §4❤§7❤❤❤❤❤❤❤, damager PLAYER 808 and cancelled false.
[March 11, 2023 14:41:13.509PM GMT] EntityDamageByEntityEvent was triggered by damaged SPIDER §4❤§7❤❤❤❤❤❤❤, damager PLAYER 808 and cancelled false.
[March 11, 2023 14:41:14.109PM GMT] EntityDamageByEntityEvent was triggered by damaged SPIDER §4§7❤❤❤❤❤❤❤❤, damager PLAYER 808 and cancelled false.
[March 11, 2023 18:57:58.809PM GMT] EntityDamageByEntityEvent was triggered by damaged SKELETON §4❤❤❤§7❤❤❤❤❤❤❤, damager PLAYER 808 and cancelled false.
[March 11, 2023 18:58:00.298PM GMT] EntityDamageByEntityEvent was triggered by damaged PLAYER 808, damager ARROW Arrow and cancelled false.
[March 11, 2023 18:58:03.496PM GMT] EntityDamageByEntityEvent was triggered by damaged CREEPER Creeper, damager ARROW Arrow and cancelled false.
[March 11, 2023 18:58:06.599PM GMT] EntityDamageByEntityEvent was triggered by damaged CREEPER §4❤❤§7❤❤❤❤❤❤❤❤, damager PLAYER 808 and cancelled false.
[March 11, 2023 18:58:06.706PM GMT] EntityDamageByEntityEvent was triggered by damaged PLAYER 808, damager CREEPER §4❤❤§7❤❤❤❤❤❤❤❤ and cancelled false.
[March 11, 2023 19:11:20.563PM GMT] EntityDamageByEntityEvent was triggered by damaged PLAYER 808, damager FIREBALL Fireball and cancelled false.
[March 11, 2023 19:11:26.226PM GMT] EntityDamageByEntityEvent was triggered by damaged PLAYER 808, damager FIREBALL Fireball and cancelled false.
[March 11, 2023 19:11:26.231PM GMT] EntityDamageByEntityEvent was triggered by damaged DROPPED_ITEM item.item.netherquartz, damager FIREBALL Fireball and cancelled false.
[March 11, 2023 19:11:29.413PM GMT] EntityDamageByEntityEvent was triggered by damaged FIREBALL Fireball, damager PLAYER 808 and cancelled false.
[March 11, 2023 19:11:29.524PM GMT] EntityDamageByEntityEvent was triggered by damaged GHAST §4§7❤❤❤❤❤, damager FIREBALL Fireball and cancelled false.
[March 11, 2023 19:16:23.995PM GMT] EntityDamageByEntityEvent was triggered by damaged FIREBALL Fireball, damager PLAYER 808 and cancelled false.
[March 11, 2023 19:16:32.597PM GMT] EntityDamageByEntityEvent was triggered by damaged PLAYER 808, damager FIREBALL Fireball and cancelled false.
[March 11, 2023 19:16:35.598PM GMT] EntityDamageByEntityEvent was triggered by damaged PLAYER 808, damager FIREBALL Fireball and cancelled false.
[March 11, 2023 19:16:41.697PM GMT] EntityDamageByEntityEvent was triggered by damaged PLAYER 808, damager FIREBALL Fireball and cancelled false.
[March 11, 2023 19:16:51.098PM GMT] EntityDamageByEntityEvent was triggered by damaged PLAYER 808, damager FIREBALL Fireball and cancelled false.
[March 11, 2023 19:21:35.299PM GMT] EntityDamageByEntityEvent was triggered by damaged SKELETON §4❤❤❤❤❤❤❤§7❤❤❤, damager PLAYER Michael and cancelled false.
[March 11, 2023 19:21:35.896PM GMT] EntityDamageByEntityEvent was triggered by damaged SKELETON §4❤❤❤❤§7❤❤❤❤❤❤, damager PLAYER Michael and cancelled false.
[March 11, 2023 19:21:36.497PM GMT] EntityDamageByEntityEvent was triggered by damaged SKELETON §4❤§7❤❤❤❤❤❤❤❤❤, damager PLAYER Michael and cancelled false.
[March 11, 2023 19:21:36.696PM GMT] EntityDamageByEntityEvent was triggered by damaged SKELETON §4❤§7❤❤❤❤❤❤❤❤❤, damager PLAYER Michael and cancelled false.
[March 11, 2023 19:21:41.996PM GMT] EntityDamageByEntityEvent was triggered by damaged PLAYER Michael, damager ZOMBIE Zombie and cancelled false.
[March 11, 2023 19:21:42.997PM GMT] EntityDamageByEntityEvent was triggered by damaged ZOMBIE §4❤❤❤❤❤❤❤❤§7❤❤, damager PLAYER Michael and cancelled false.
[March 11, 2023 19:21:43.497PM GMT] EntityDamageByEntityEvent was triggered by damaged ZOMBIE §4❤❤❤❤❤§7❤❤❤❤❤, damager PLAYER Michael and cancelled false.
[March 11, 2023 19:21:46.797PM GMT] EntityDamageByEntityEvent was triggered by damaged ZOMBIE §4❤§7❤❤❤❤❤❤❤❤❤, damager PLAYER Michael and cancelled false.
[March 11, 2023 19:21:47.796PM GMT] EntityDamageByEntityEvent was triggered by damaged ZOMBIE §4§7❤❤❤❤❤❤❤❤❤❤, damager PLAYER Michael and cancelled false.
[March 11, 2023 19:21:49.097PM GMT] EntityDamageByEntityEvent was triggered by damaged ZOMBIE §4❤❤❤❤❤❤❤❤§7❤❤, damager PLAYER Michael and cancelled false.
[March 11, 2023 19:21:49.297PM GMT] EntityDamageByEntityEvent was triggered by damaged ZOMBIE §4❤❤❤❤❤❤❤❤§7❤❤, damager PLAYER Michael and cancelled false.
[March 11, 2023 19:21:49.997PM GMT] EntityDamageByEntityEvent was triggered by damaged ZOMBIE §4❤❤❤❤§7❤❤❤❤❤❤, damager PLAYER Michael and cancelled false.
[March 11, 2023 19:21:50.197PM GMT] EntityDamageByEntityEvent was triggered by damaged ZOMBIE §4❤❤❤❤§7❤❤❤❤❤❤, damager PLAYER Michael and cancelled false.
[March 11, 2023 19:21:50.596PM GMT] EntityDamageByEntityEvent was triggered by damaged ZOMBIE §4§7❤❤❤❤❤❤❤❤❤❤, damager PLAYER Michael and cancelled false.
[March 11, 2023 19:22:01.796PM GMT] EntityDamageByEntityEvent was triggered by damaged SKELETON §4❤❤❤❤❤❤§7❤❤❤❤, damager PLAYER Michael and cancelled false.
[March 11, 2023 19:22:02.297PM GMT] EntityDamageByEntityEvent was triggered by damaged SKELETON §4❤§7❤❤❤❤❤❤❤❤❤, damager PLAYER Michael and cancelled false.
[March 11, 2023 19:22:03.614PM GMT] EntityDamageByEntityEvent was triggered by damaged SKELETON §4§7❤❤❤❤❤❤❤❤❤❤, damager PLAYER Michael and cancelled false.
[March 11, 2023 19:22:13.697PM GMT] EntityDamageByEntityEvent was triggered by damaged PLAYER Michael, damager ARROW Arrow and cancelled false.
[March 11, 2023 19:22:15.196PM GMT] EntityDamageByEntityEvent was triggered by damaged PLAYER Michael, damager ARROW Arrow and cancelled false.
[March 11, 2023 19:45:05.152PM GMT] EntityDamageByEntityEvent was triggered by damaged PLAYER 808, damager FIREBALL Fireball and cancelled false.
[March 11, 2023 19:45:16.750PM GMT] EntityDamageByEntityEvent was triggered by damaged FIREBALL Fireball, damager PLAYER 808 and cancelled false.
[March 11, 2023 19:45:20.550PM GMT] EntityDamageByEntityEvent was triggered by damaged FIREBALL Fireball, damager PLAYER 808 and cancelled false.
[March 11, 2023 19:45:26.151PM GMT] EntityDamageByEntityEvent was triggered by damaged PLAYER 808, damager FIREBALL Fireball and cancelled false.
[March 11, 2023 19:45:28.953PM GMT] EntityDamageByEntityEvent was triggered by damaged PLAYER 808, damager FIREBALL Fireball and cancelled false.
[March 11, 2023 19:45:32.052PM GMT] EntityDamageByEntityEvent was triggered by damaged PLAYER 808, damager FIREBALL Fireball and cancelled false.
[March 11, 2023 19:45:35.452PM GMT] EntityDamageByEntityEvent was triggered by damaged PLAYER 808, damager FIREBALL Fireball and cancelled false.
[March 11, 2023 19:45:38.452PM GMT] EntityDamageByEntityEvent was triggered by damaged PLAYER 808, damager FIREBALL Fireball and cancelled false.
[March 11, 2023 19:45:44.350PM GMT] EntityDamageByEntityEvent was triggered by damaged PLAYER 808, damager FIREBALL Fireball and cancelled false.
[March 11, 2023 19:46:00.752PM GMT] EntityDamageByEntityEvent was triggered by damaged PLAYER 808, damager FIREBALL Fireball and cancelled false.
[March 11, 2023 19:57:31.091PM GMT] EntityDamageByEntityEvent was triggered by damaged ZOMBIE §4❤❤❤❤§7❤❤❤❤❤❤, damager PLAYER azpen_trees and cancelled false.
[March 11, 2023 19:57:32.190PM GMT] EntityDamageByEntityEvent was triggered by damaged ZOMBIE §4§7❤❤❤❤❤❤❤❤❤❤, damager PLAYER azpen_trees and cancelled false.
[March 11, 2023 19:57:34.490PM GMT] EntityDamageByEntityEvent was triggered by damaged ENDERMAN §4❤❤❤❤❤❤❤§7❤❤❤, damager PLAYER azpen_trees and cancelled false.
[March 11, 2023 19:57:35.090PM GMT] EntityDamageByEntityEvent was triggered by damaged ENDERMAN §4❤❤❤§7❤❤❤❤❤❤❤, damager PLAYER azpen_trees and cancelled false.
[March 11, 2023 19:57:35.589PM GMT] EntityDamageByEntityEvent was triggered by damaged ENDERMAN §4§7❤❤❤❤❤❤❤❤❤❤, damager PLAYER azpen_trees and cancelled false.
[March 11, 2023 20:01:42.251PM GMT] EntityDamageByEntityEvent was triggered by damaged SKELETON §4❤❤❤❤❤❤❤§7❤❤❤, damager PLAYER Michael and cancelled false.
[March 11, 2023 20:01:42.451PM GMT] EntityDamageByEntityEvent was triggered by damaged SKELETON §4❤❤❤❤❤❤❤§7❤❤❤, damager PLAYER Michael and cancelled false.
[March 11, 2023 20:01:42.751PM GMT] EntityDamageByEntityEvent was triggered by damaged SKELETON §4❤❤❤§7❤❤❤❤❤❤❤, damager PLAYER Michael and cancelled false.
[March 11, 2023 20:01:43.651PM GMT] EntityDamageByEntityEvent was triggered by damaged SKELETON §4§7❤❤❤❤❤❤❤❤❤❤, damager PLAYER Michael and cancelled false.
[March 11, 2023 20:14:06.226PM GMT] EntityDamageByEntityEvent was triggered by damaged PLAYER 808, damager CREEPER Creeper and cancelled false.
[March 11, 2023 20:16:02.422PM GMT] EntityDamageByEntityEvent was triggered by damaged PLAYER azpen_trees, damager ZOMBIE Zombie and cancelled false.
[March 11, 2023 20:16:03.621PM GMT] EntityDamageByEntityEvent was triggered by damaged PLAYER azpen_trees, damager ZOMBIE Zombie and cancelled false.
[March 11, 2023 20:16:05.123PM GMT] EntityDamageByEntityEvent was triggered by damaged PLAYER azpen_trees, damager ZOMBIE Zombie and cancelled false.
[March 11, 2023 20:16:06.221PM GMT] EntityDamageByEntityEvent was triggered by damaged ZOMBIE §4❤❤❤❤§7❤❤❤❤❤❤, damager PLAYER azpen_trees and cancelled false.
[March 11, 2023 20:16:06.821PM GMT] EntityDamageByEntityEvent was triggered by damaged ZOMBIE §4§7❤❤❤❤❤❤❤❤❤❤, damager PLAYER azpen_trees and cancelled false.
[March 11, 2023 20:16:09.621PM GMT] EntityDamageByEntityEvent was triggered by damaged PLAYER Michael, damager ARROW Arrow and cancelled false.
[March 11, 2023 20:16:11.523PM GMT] EntityDamageByEntityEvent was triggered by damaged PLAYER Michael, damager ARROW Arrow and cancelled false.
[March 11, 2023 20:16:13.421PM GMT] EntityDamageByEntityEvent was triggered by damaged SKELETON §4❤§7❤❤❤❤❤❤❤❤❤, damager PLAYER azpen_trees and cancelled false.
[March 11, 2023 20:16:15.021PM GMT] EntityDamageByEntityEvent was triggered by damaged SKELETON §4§7❤❤❤❤❤❤❤❤❤❤, damager PLAYER azpen_trees and cancelled false.
[March 11, 2023 20:17:30.122PM GMT] EntityDamageByEntityEvent was triggered by damaged PLAYER 808, damager ZOMBIE Zombie and cancelled false.
[March 11, 2023 20:17:31.923PM GMT] EntityDamageByEntityEvent was triggered by damaged PLAYER Michael, damager ZOMBIE Zombie and cancelled false.
[March 11, 2023 20:17:32.624PM GMT] EntityDamageByEntityEvent was triggered by damaged PLAYER 808, damager ZOMBIE Zombie and cancelled false.
[March 11, 2023 20:17:33.425PM GMT] EntityDamageByEntityEvent was triggered by damaged PLAYER Michael, damager ZOMBIE Zombie and cancelled false.
[March 11, 2023 20:17:33.522PM GMT] EntityDamageByEntityEvent was triggered by damaged ZOMBIE §4❤❤❤❤❤❤❤❤§7❤❤, damager PLAYER Michael and cancelled false.
[March 11, 2023 20:17:34.625PM GMT] EntityDamageByEntityEvent was triggered by damaged PLAYER 808, damager ZOMBIE Zombie and cancelled false.
[March 11, 2023 20:17:34.822PM GMT] EntityDamageByEntityEvent was triggered by damaged ZOMBIE Zombie, damager PLAYER 808 and cancelled false.
[March 11, 2023 20:17:34.823PM GMT] EntityDamageByEntityEvent was triggered by damaged ZOMBIE §4❤❤❤❤§7❤❤❤❤❤❤, damager PLAYER 808 and cancelled false.
[March 11, 2023 20:17:35.125PM GMT] EntityDamageByEntityEvent was triggered by damaged PLAYER Michael, damager ZOMBIE §4❤❤❤❤❤❤❤❤§7❤❤ and cancelled false.
[March 11, 2023 20:17:35.222PM GMT] EntityDamageByEntityEvent was triggered by damaged ZOMBIE §4❤❤❤❤❤§7❤❤❤❤❤, damager PLAYER Michael and cancelled false.
[March 11, 2023 20:17:36.421PM GMT] EntityDamageByEntityEvent was triggered by damaged ZOMBIE §4❤❤§7❤❤❤❤❤❤❤❤, damager PLAYER Michael and cancelled false.
[March 11, 2023 20:17:36.721PM GMT] EntityDamageByEntityEvent was triggered by damaged ZOMBIE §4§7❤❤❤❤❤❤❤❤❤❤, damager PLAYER Michael and cancelled false.
[March 11, 2023 20:17:36.922PM GMT] EntityDamageByEntityEvent was triggered by damaged ZOMBIE §4❤❤❤❤§7❤❤❤❤❤❤, damager ARROW Arrow and cancelled false.
[March 11, 2023 20:17:38.122PM GMT] EntityDamageByEntityEvent was triggered by damaged PLAYER 808, damager ZOMBIE Zombie and cancelled false.
[March 11, 2023 20:17:39.721PM GMT] EntityDamageByEntityEvent was triggered by damaged PLAYER 808, damager ZOMBIE Zombie and cancelled false.
[March 11, 2023 20:17:41.022PM GMT] EntityDamageByEntityEvent was triggered by damaged PLAYER 808, damager ZOMBIE Zombie and cancelled false.
[March 11, 2023 20:17:42.323PM GMT] EntityDamageByEntityEvent was triggered by damaged PLAYER 808, damager ZOMBIE Zombie and cancelled false.
[March 11, 2023 20:17:43.523PM GMT] EntityDamageByEntityEvent was triggered by damaged PLAYER 808, damager ZOMBIE Zombie and cancelled false.
[March 11, 2023 20:17:44.886PM GMT] EntityDamageByEntityEvent was triggered by damaged PLAYER 808, damager ZOMBIE Zombie and cancelled false.
[March 11, 2023 20:17:45.885PM GMT] EntityDamageByEntityEvent was triggered by damaged ZOMBIE §4§7❤❤❤❤❤❤❤❤❤❤, damager PLAYER 808 and cancelled false.
[March 11, 2023 20:17:48.788PM GMT] EntityDamageByEntityEvent was triggered by damaged PLAYER 808, damager ARROW Arrow and cancelled false.
[March 11, 2023 20:17:50.085PM GMT] EntityDamageByEntityEvent was triggered by damaged SKELETON §4❤§7❤❤❤❤❤❤❤❤❤, damager PLAYER 808 and cancelled false.
[March 11, 2023 20:17:50.885PM GMT] EntityDamageByEntityEvent was triggered by damaged SKELETON §4§7❤❤❤❤❤❤❤❤❤❤, damager PLAYER 808 and cancelled false.
[March 11, 2023 20:18:18.087PM GMT] EntityDamageByEntityEvent was triggered by damaged ZOMBIE §4❤❤❤❤❤❤❤❤§7❤❤, damager PLAYER Michael and cancelled false.
[March 11, 2023 20:18:21.586PM GMT] EntityDamageByEntityEvent was triggered by damaged ZOMBIE §4❤❤❤❤❤❤§7❤❤❤❤, damager PLAYER Michael and cancelled false.
[March 11, 2023 20:18:25.987PM GMT] EntityDamageByEntityEvent was triggered by damaged ZOMBIE §4❤❤§7❤❤❤❤❤❤❤❤, damager PLAYER Michael and cancelled false.
[March 11, 2023 20:18:29.987PM GMT] EntityDamageByEntityEvent was triggered by damaged ZOMBIE §4§7❤❤❤❤❤❤❤❤❤❤, damager PLAYER Michael and cancelled false.
[March 11, 2023 20:18:30.887PM GMT] EntityDamageByEntityEvent was triggered by damaged ZOMBIE §4❤❤❤❤§7❤❤❤❤❤❤, damager PLAYER Michael and cancelled false.
[March 11, 2023 20:18:32.387PM GMT] EntityDamageByEntityEvent was triggered by damaged ZOMBIE §4§7❤❤❤❤❤❤❤❤❤❤, damager PLAYER Michael and cancelled false.
[March 11, 2023 20:18:38.787PM GMT] EntityDamageByEntityEvent was triggered by damaged PLAYER Michael, damager ZOMBIE Zombie and cancelled false.
[March 11, 2023 20:18:39.886PM GMT] EntityDamageByEntityEvent was triggered by damaged PLAYER Michael, damager ZOMBIE Zombie and cancelled false.
[March 11, 2023 20:18:39.986PM GMT] EntityDamageByEntityEvent was triggered by damaged ZOMBIE §4❤❤❤❤❤❤❤❤§7❤❤, damager PLAYER Michael and cancelled false.
[March 11, 2023 20:18:42.087PM GMT] EntityDamageByEntityEvent was triggered by damaged ZOMBIE §4❤❤❤❤§7❤❤❤❤❤❤, damager PLAYER Michael and cancelled false.
[March 11, 2023 20:18:42.686PM GMT] EntityDamageByEntityEvent was triggered by damaged ZOMBIE §4§7❤❤❤❤❤❤❤❤❤❤, damager PLAYER Michael and cancelled false.
[March 11, 2023 20:19:05.786PM GMT] EntityDamageByEntityEvent was triggered by damaged CREEPER §4❤❤❤❤❤❤❤§7❤❤❤, damager PLAYER Michael and cancelled false.
[March 11, 2023 20:19:06.286PM GMT] EntityDamageByEntityEvent was triggered by damaged CREEPER §4❤❤❤❤§7❤❤❤❤❤❤, damager PLAYER Michael and cancelled false.
[March 11, 2023 20:19:06.388PM GMT] EntityDamageByEntityEvent was triggered by damaged PLAYER Michael, damager ARROW Arrow and cancelled false.
[March 11, 2023 20:19:06.992PM GMT] EntityDamageByEntityEvent was triggered by damaged CREEPER Creeper, damager CREEPER §4❤❤❤❤§7❤❤❤❤❤❤ and cancelled false.
[March 11, 2023 20:19:07.286PM GMT] EntityDamageByEntityEvent was triggered by damaged PLAYER 808, damager ARROW Arrow and cancelled false.
[March 11, 2023 20:19:09.386PM GMT] EntityDamageByEntityEvent was triggered by damaged PLAYER 808, damager ARROW Arrow and cancelled false.
[March 11, 2023 20:19:13.985PM GMT] EntityDamageByEntityEvent was triggered by damaged SKELETON §4❤❤❤§7❤❤❤❤❤❤❤, damager PLAYER 808 and cancelled false.
[March 11, 2023 20:19:13.988PM GMT] EntityDamageByEntityEvent was triggered by damaged PLAYER 808, damager ARROW Arrow and cancelled false.
[March 11, 2023 20:19:15.384PM GMT] EntityDamageByEntityEvent was triggered by damaged SKELETON §4§7❤❤❤❤❤❤❤❤❤❤, damager PLAYER 808 and cancelled false.
[March 11, 2023 20:19:17.985PM GMT] EntityDamageByEntityEvent was triggered by damaged CREEPER §4❤❤❤§7❤❤❤❤❤❤❤, damager PLAYER 808 and cancelled false.
[March 11, 2023 20:19:18.484PM GMT] EntityDamageByEntityEvent was triggered by damaged CREEPER §4§7❤❤❤❤❤❤❤❤❤❤, damager PLAYER 808 and cancelled false.
[March 11, 2023 20:19:19.389PM GMT] EntityDamageByEntityEvent was triggered by damaged PLAYER Michael, damager ARROW Arrow and cancelled false.
[March 11, 2023 20:19:47.189PM GMT] EntityDamageByEntityEvent was triggered by damaged PLAYER azpen_trees, damager ARROW Arrow and cancelled false.
[March 11, 2023 20:19:53.385PM GMT] EntityDamageByEntityEvent was triggered by damaged SKELETON §4❤❤❤§7❤❤❤❤❤❤❤, damager PLAYER azpen_trees and cancelled false.
[March 11, 2023 20:19:53.392PM GMT] EntityDamageByEntityEvent was triggered by damaged PLAYER azpen_trees, damager ARROW Arrow and cancelled false.
[March 11, 2023 20:19:53.989PM GMT] EntityDamageByEntityEvent was triggered by damaged PLAYER azpen_trees, damager ARROW Arrow and cancelled false.
[March 11, 2023 20:19:55.488PM GMT] EntityDamageByEntityEvent was triggered by damaged PLAYER azpen_trees, damager ARROW Arrow and cancelled false.
[March 11, 2023 20:19:56.801PM GMT] EntityDamageByEntityEvent was triggered by damaged PLAYER azpen_trees, damager ARROW Arrow and cancelled false.
[March 11, 2023 20:19:57.798PM GMT] EntityDamageByEntityEvent was triggered by damaged SKELETON §4❤❤❤§7❤❤❤❤❤❤❤, damager PLAYER azpen_trees and cancelled false.
[March 11, 2023 20:19:57.801PM GMT] EntityDamageByEntityEvent was triggered by damaged PLAYER azpen_trees, damager ARROW Arrow and cancelled false.
[March 11, 2023 20:19:59.296PM GMT] EntityDamageByEntityEvent was triggered by damaged SKELETON §4§7❤❤❤❤❤❤❤❤❤❤, damager PLAYER azpen_trees and cancelled false.
[March 11, 2023 20:19:59.517PM GMT] EntityDamageByEntityEvent was triggered by damaged PLAYER azpen_trees, damager ARROW Arrow and cancelled false.
[March 11, 2023 20:20:00.915PM GMT] EntityDamageByEntityEvent was triggered by damaged SKELETON §4❤§7❤❤❤❤❤❤❤❤❤, damager PLAYER azpen_trees and cancelled false.
[March 11, 2023 20:20:01.022PM GMT] EntityDamageByEntityEvent was triggered by damaged PLAYER azpen_trees, damager ARROW Arrow and cancelled false.
[March 11, 2023 20:20:01.315PM GMT] EntityDamageByEntityEvent was triggered by damaged SKELETON §4❤❤❤§7❤❤❤❤❤❤❤, damager PLAYER azpen_trees and cancelled false.
[March 11, 2023 20:20:02.693PM GMT] EntityDamageByEntityEvent was triggered by damaged SKELETON §4§7❤❤❤❤❤❤❤❤❤❤, damager PLAYER azpen_trees and cancelled false.
[March 11, 2023 20:20:02.708PM GMT] EntityDamageByEntityEvent was triggered by damaged PLAYER azpen_trees, damager ARROW Arrow and cancelled false.
[March 11, 2023 20:20:04.407PM GMT] EntityDamageByEntityEvent was triggered by damaged SKELETON §4§7❤❤❤❤❤❤❤❤❤❤, damager PLAYER azpen_trees and cancelled false.
[March 11, 2023 20:20:04.411PM GMT] EntityDamageByEntityEvent was triggered by damaged PLAYER azpen_trees, damager ARROW Arrow and cancelled false.
[March 11, 2023 20:20:05.111PM GMT] EntityDamageByEntityEvent was triggered by damaged PLAYER azpen_trees, damager ZOMBIE Zombie and cancelled false.
[March 11, 2023 20:20:05.208PM GMT] EntityDamageByEntityEvent was triggered by damaged ZOMBIE §4❤❤❤❤§7❤❤❤❤❤❤, damager PLAYER azpen_trees and cancelled false.
[March 11, 2023 20:20:06.528PM GMT] EntityDamageByEntityEvent was triggered by damaged ZOMBIE §4§7❤❤❤❤❤❤❤❤❤❤, damager PLAYER azpen_trees and cancelled false.
[March 11, 2023 20:20:08.447PM GMT] EntityDamageByEntityEvent was triggered by damaged PLAYER azpen_trees, damager ARROW Arrow and cancelled false.
[March 11, 2023 20:20:08.645PM GMT] EntityDamageByEntityEvent was triggered by damaged SKELETON §4§7❤❤❤❤❤❤❤❤❤❤, damager PLAYER azpen_trees and cancelled false.
[March 11, 2023 20:20:10.224PM GMT] EntityDamageByEntityEvent was triggered by damaged ZOMBIE §4❤❤❤❤§7❤❤❤❤❤❤, damager PLAYER azpen_trees and cancelled false.
[March 11, 2023 20:20:10.227PM GMT] EntityDamageByEntityEvent was triggered by damaged PLAYER azpen_trees, damager ZOMBIE §4❤❤❤❤§7❤❤❤❤❤❤ and cancelled false.
[March 11, 2023 20:20:10.438PM GMT] EntityDamageByEntityEvent was triggered by damaged ZOMBIE §4§7❤❤❤❤❤❤❤❤❤❤, damager PLAYER azpen_trees and cancelled false.
[March 11, 2023 20:20:11.538PM GMT] EntityDamageByEntityEvent was triggered by damaged ZOMBIE §4❤❤❤❤§7❤❤❤❤❤❤, damager PLAYER azpen_trees and cancelled false.
[March 11, 2023 20:20:12.138PM GMT] EntityDamageByEntityEvent was triggered by damaged ZOMBIE §4§7❤❤❤❤❤❤❤❤❤❤, damager PLAYER azpen_trees and cancelled false.
[March 11, 2023 20:20:26.095PM GMT] EntityDamageByEntityEvent was triggered by damaged PLAYER Michael, damager ZOMBIE Zombie and cancelled false.
[March 11, 2023 20:20:26.795PM GMT] EntityDamageByEntityEvent was triggered by damaged PLAYER Michael, damager ZOMBIE Zombie and cancelled false.
[March 11, 2023 20:20:26.895PM GMT] EntityDamageByEntityEvent was triggered by damaged ZOMBIE §4❤❤❤❤❤❤❤❤❤❤§7, damager PLAYER Michael and cancelled false.
[March 11, 2023 20:20:27.095PM GMT] EntityDamageByEntityEvent was triggered by damaged ZOMBIE §4❤❤❤❤❤❤❤❤§7❤❤, damager PLAYER Michael and cancelled false.
[March 11, 2023 20:20:27.925PM GMT] EntityDamageByEntityEvent was triggered by damaged ZOMBIE §4❤❤❤❤❤❤§7❤❤❤❤, damager PLAYER Michael and cancelled false.
[March 11, 2023 20:20:29.540PM GMT] EntityDamageByEntityEvent was triggered by damaged ZOMBIE §4❤❤❤❤❤§7❤❤❤❤❤, damager PLAYER Michael and cancelled false.
[March 11, 2023 20:20:30.413PM GMT] EntityDamageByEntityEvent was triggered by damaged ZOMBIE §4❤❤§7❤❤❤❤❤❤❤❤, damager PLAYER Michael and cancelled false.
[March 11, 2023 20:20:30.516PM GMT] EntityDamageByEntityEvent was triggered by damaged PLAYER 808, damager ZOMBIE Zombie and cancelled false.
[March 11, 2023 20:20:30.613PM GMT] EntityDamageByEntityEvent was triggered by damaged ZOMBIE §4❤❤§7❤❤❤❤❤❤❤❤, damager PLAYER Michael and cancelled false.
[March 11, 2023 20:20:30.913PM GMT] EntityDamageByEntityEvent was triggered by damaged ZOMBIE §4§7❤❤❤❤❤❤❤❤❤❤, damager PLAYER Michael and cancelled false.
[March 11, 2023 20:20:31.715PM GMT] EntityDamageByEntityEvent was triggered by damaged PLAYER 808, damager ZOMBIE Zombie and cancelled false.
[March 11, 2023 20:20:31.913PM GMT] EntityDamageByEntityEvent was triggered by damaged ZOMBIE §4❤❤❤❤§7❤❤❤❤❤❤, damager PLAYER Michael and cancelled false.
[March 11, 2023 20:20:32.640PM GMT] EntityDamageByEntityEvent was triggered by damaged ZOMBIE §4❤§7❤❤❤❤❤❤❤❤❤, damager PLAYER Michael and cancelled false.
[March 11, 2023 20:20:33.140PM GMT] EntityDamageByEntityEvent was triggered by damaged ZOMBIE §4§7❤❤❤❤❤❤❤❤❤❤, damager PLAYER Michael and cancelled false.
[March 11, 2023 20:20:33.244PM GMT] PlayerPreTagEvent was triggered on {player_name} by {enemy_name} with type PLAYER, reason ATTACKER, and cancelled false.
[March 11, 2023 20:20:33.248PM GMT] PlayerTagEvent was triggered on {player_name} by {enemy_name} with type PLAYER and reason ATTACKER.
[March 11, 2023 20:20:33.257PM GMT] PlayerPreTagEvent was triggered on {player_name} by {enemy_name} with type PLAYER, reason ATTACKED, and cancelled false.
[March 11, 2023 20:20:33.257PM GMT] PlayerTagEvent was triggered on {player_name} by {enemy_name} with type PLAYER and reason ATTACKED.
[March 11, 2023 20:20:33.259PM GMT] EntityDamageByEntityEvent was triggered by damaged PLAYER 808, damager PLAYER Michael and cancelled false.
[March 11, 2023 20:20:33.444PM GMT] EntityDamageByEntityEvent was triggered by damaged PLAYER azpen_trees, damager ARROW Arrow and cancelled false.
[March 11, 2023 20:20:36.234PM GMT] EntityDamageByEntityEvent was triggered by damaged PLAYER azpen_trees, damager ARROW Arrow and cancelled false.
[March 11, 2023 20:20:39.383PM GMT] EntityDamageByEntityEvent was triggered by damaged SKELETON §4❤❤❤§7❤❤❤❤❤❤❤, damager PLAYER azpen_trees and cancelled false.
[March 11, 2023 20:20:39.883PM GMT] EntityDamageByEntityEvent was triggered by damaged SKELETON §4§7❤❤❤❤❤❤❤❤❤❤, damager PLAYER azpen_trees and cancelled false.
[March 11, 2023 20:20:41.450PM GMT] EntityDamageByEntityEvent was triggered by damaged PLAYER azpen_trees, damager SPIDER Spider and cancelled false.
[March 11, 2023 20:20:41.647PM GMT] EntityDamageByEntityEvent was triggered by damaged SPIDER §4❤§7❤❤❤❤❤❤❤, damager PLAYER azpen_trees and cancelled false.
[March 11, 2023 20:20:41.948PM GMT] EntityDamageByEntityEvent was triggered by damaged SPIDER §4❤§7❤❤❤❤❤❤❤, damager PLAYER azpen_trees and cancelled false.
[March 11, 2023 20:20:43.666PM GMT] PlayerUntagEvent was triggered on {player_name} with reason {untag_reason} and expire set to {was_expire}.
[March 11, 2023 20:20:43.668PM GMT] PlayerUntagEvent was triggered on {player_name} with reason EXPIRE and expire set to true.
[March 11, 2023 20:20:43.669PM GMT] PlayerUntagEvent was triggered on {player_name} with reason {untag_reason} and expire set to {was_expire}.
[March 11, 2023 20:20:43.669PM GMT] PlayerUntagEvent was triggered on {player_name} with reason EXPIRE and expire set to true.
[March 11, 2023 20:21:10.004PM GMT] EntityDamageByEntityEvent was triggered by damaged PLAYER azpen_trees, damager ARROW Arrow and cancelled false.
[March 11, 2023 20:21:11.644PM GMT] EntityDamageByEntityEvent was triggered by damaged SKELETON §4❤❤❤§7❤❤❤❤❤❤❤, damager PLAYER azpen_trees and cancelled false.
[March 11, 2023 20:21:13.155PM GMT] EntityDamageByEntityEvent was triggered by damaged SKELETON §4§7❤❤❤❤❤❤❤❤❤❤, damager PLAYER azpen_trees and cancelled false.
[March 11, 2023 20:21:41.761PM GMT] EntityDamageByEntityEvent was triggered by damaged PLAYER Michael, damager ENDER_PEARL entity.ThrownEnderpearl.name and cancelled false.
[March 11, 2023 20:22:09.378PM GMT] EntityDamageByEntityEvent was triggered by damaged PLAYER Michael, damager ENDER_PEARL entity.ThrownEnderpearl.name and cancelled false.
[March 11, 2023 20:22:11.066PM GMT] EntityDamageByEntityEvent was triggered by damaged PLAYER Michael, damager ENDER_PEARL entity.ThrownEnderpearl.name and cancelled false.
[March 11, 2023 20:22:58.930PM GMT] PlayerPreTagEvent was triggered on {player_name} by {enemy_name} with type PLAYER, reason ATTACKER, and cancelled false.
[March 11, 2023 20:22:58.931PM GMT] PlayerTagEvent was triggered on {player_name} by {enemy_name} with type PLAYER and reason ATTACKER.
[March 11, 2023 20:22:58.932PM GMT] PlayerPreTagEvent was triggered on {player_name} by {enemy_name} with type PLAYER, reason ATTACKED, and cancelled false.
[March 11, 2023 20:22:58.932PM GMT] PlayerTagEvent was triggered on {player_name} by {enemy_name} with type PLAYER and reason ATTACKED.
[March 11, 2023 20:22:58.932PM GMT] EntityDamageByEntityEvent was triggered by damaged PLAYER Michael, damager PLAYER 808 and cancelled false.
[March 11, 2023 20:23:08.731PM GMT] PlayerPreTagEvent was triggered on {player_name} by {enemy_name} with type PLAYER, reason ATTACKER, and cancelled false.
[March 11, 2023 20:23:08.731PM GMT] PlayerReTagEvent was triggered on {player_name} by {enemy_name} with type PLAYER and reason ATTACKER.
[March 11, 2023 20:23:08.731PM GMT] PlayerPreTagEvent was triggered on {player_name} by {enemy_name} with type PLAYER, reason ATTACKED, and cancelled false.
[March 11, 2023 20:23:08.731PM GMT] PlayerReTagEvent was triggered on {player_name} by {enemy_name} with type PLAYER and reason ATTACKED.
[March 11, 2023 20:23:08.731PM GMT] EntityDamageByEntityEvent was triggered by damaged PLAYER Michael, damager PLAYER 808 and cancelled false.
[March 11, 2023 20:23:10.429PM GMT] PlayerPreTagEvent was triggered on {player_name} by {enemy_name} with type PLAYER, reason ATTACKER, and cancelled false.
[March 11, 2023 20:23:10.429PM GMT] PlayerReTagEvent was triggered on {player_name} by {enemy_name} with type PLAYER and reason ATTACKER.
[March 11, 2023 20:23:10.430PM GMT] PlayerPreTagEvent was triggered on {player_name} by {enemy_name} with type PLAYER, reason ATTACKED, and cancelled false.
[March 11, 2023 20:23:10.430PM GMT] PlayerReTagEvent was triggered on {player_name} by {enemy_name} with type PLAYER and reason ATTACKED.
[March 11, 2023 20:23:10.430PM GMT] EntityDamageByEntityEvent was triggered by damaged PLAYER Michael, damager PLAYER 808 and cancelled false.
[March 11, 2023 20:23:10.434PM GMT] PlayerUntagEvent was triggered on {player_name} with reason {untag_reason} and expire set to {was_expire}.
[March 11, 2023 20:23:10.434PM GMT] PlayerUntagEvent was triggered on {player_name} with reason SELF_DEATH and expire set to true.
[March 11, 2023 20:23:10.436PM GMT] PlayerUntagEvent was triggered on {player_name} with reason {untag_reason} and expire set to {was_expire}.
[March 11, 2023 20:23:10.436PM GMT] PlayerUntagEvent was triggered on {player_name} with reason ENEMY_DEATH and expire set to true.
[March 11, 2023 20:23:59.931PM GMT] EntityDamageByEntityEvent was triggered by damaged PLAYER Michael, damager ENDER_PEARL entity.ThrownEnderpearl.name and cancelled false.
[March 11, 2023 20:24:03.029PM GMT] EntityDamageByEntityEvent was triggered by damaged PLAYER 808, damager ENDERMITE Endermite and cancelled false.
[March 11, 2023 20:24:04.227PM GMT] EntityDamageByEntityEvent was triggered by damaged ENDERMITE §4§7❤❤❤❤, damager PLAYER 808 and cancelled false.
[March 11, 2023 20:24:33.029PM GMT] EntityDamageByEntityEvent was triggered by damaged COW §4❤❤❤❤❤§7, damager PLAYER Michael and cancelled false.
[March 11, 2023 20:25:16.331PM GMT] EntityDamageByEntityEvent was triggered by damaged PLAYER azpen_trees, damager ARROW Arrow and cancelled false.
[March 11, 2023 20:25:17.727PM GMT] EntityDamageByEntityEvent was triggered by damaged SKELETON §4§7❤❤❤❤❤❤❤❤❤❤, damager PLAYER azpen_trees and cancelled false.
[March 11, 2023 20:25:17.731PM GMT] EntityDamageByEntityEvent was triggered by damaged PLAYER azpen_trees, damager ARROW Arrow and cancelled false.
[March 11, 2023 20:25:27.131PM GMT] EntityDamageByEntityEvent was triggered by damaged PLAYER azpen_trees, damager CREEPER Creeper and cancelled false.
[March 11, 2023 20:26:12.327PM GMT] EntityDamageByEntityEvent was triggered by damaged SQUID §4§7❤❤❤❤❤, damager PLAYER 808 and cancelled false.
[March 11, 2023 20:26:25.128PM GMT] EntityDamageByEntityEvent was triggered by damaged SQUID §4§7❤❤❤❤❤, damager PLAYER 808 and cancelled false.
[March 11, 2023 20:39:11.926PM GMT] EntityDamageByEntityEvent was triggered by damaged SHEEP Sheep, damager CREEPER Creeper and cancelled false.
[March 11, 2023 20:39:11.928PM GMT] EntityDamageByEntityEvent was triggered by damaged ZOMBIE Zombie, damager CREEPER Creeper and cancelled false.
[March 11, 2023 20:39:11.929PM GMT] EntityDamageByEntityEvent was triggered by damaged ZOMBIE Zombie, damager CREEPER Creeper and cancelled false.
[March 11, 2023 20:39:11.931PM GMT] EntityDamageByEntityEvent was triggered by damaged PLAYER Michael, damager CREEPER Creeper and cancelled false.
[March 11, 2023 20:39:17.727PM GMT] EntityDamageByEntityEvent was triggered by damaged PLAYER Michael, damager ZOMBIE Zombie and cancelled false.
[March 11, 2023 20:39:17.827PM GMT] EntityDamageByEntityEvent was triggered by damaged ZOMBIE §4❤§7❤❤❤❤❤❤❤❤❤, damager PLAYER Michael and cancelled false.
[March 11, 2023 20:39:22.132PM GMT] EntityDamageByEntityEvent was triggered by damaged PLAYER Michael, damager ZOMBIE Zombie and cancelled false.
[March 11, 2023 20:39:23.827PM GMT] EntityDamageByEntityEvent was triggered by damaged ZOMBIE §4❤❤❤❤❤❤❤❤§7❤❤, damager PLAYER Michael and cancelled false.
[March 11, 2023 20:39:24.526PM GMT] EntityDamageByEntityEvent was triggered by damaged ZOMBIE §4❤❤❤❤❤§7❤❤❤❤❤, damager PLAYER Michael and cancelled false.
[March 11, 2023 20:39:25.726PM GMT] EntityDamageByEntityEvent was triggered by damaged ZOMBIE §4❤❤§7❤❤❤❤❤❤❤❤, damager PLAYER Michael and cancelled false.
[March 11, 2023 20:39:27.726PM GMT] EntityDamageByEntityEvent was triggered by damaged ZOMBIE §4§7❤❤❤❤❤❤❤❤❤❤, damager PLAYER Michael and cancelled false.
[March 11, 2023 22:43:04.993PM GMT] EntityDamageByEntityEvent was triggered by damaged DROPPED_ITEM item.tile.stonebrick, damager PRIMED_TNT Block of TNT and cancelled false.
[March 11, 2023 22:43:28.985PM GMT] EntityDamageByEntityEvent was triggered by damaged DROPPED_ITEM item.tile.stonebrick, damager PRIMED_TNT Block of TNT and cancelled false.
[March 11, 2023 22:44:31.792PM GMT] EntityDamageByEntityEvent was triggered by damaged PLAYER azpen_trees, damager CREEPER Creeper and cancelled false.
[March 11, 2023 22:44:37.687PM GMT] EntityDamageByEntityEvent was triggered by damaged PLAYER azpen_trees, damager CREEPER Creeper and cancelled false.
[March 11, 2023 22:46:11.813PM GMT] EntityDamageByEntityEvent was triggered by damaged DROPPED_ITEM item.tile.stone.granite, damager PRIMED_TNT Block of TNT and cancelled false.
[March 11, 2023 22:46:11.813PM GMT] EntityDamageByEntityEvent was triggered by damaged DROPPED_ITEM item.tile.stonebrick, damager PRIMED_TNT Block of TNT and cancelled false.
[March 11, 2023 22:46:11.814PM GMT] EntityDamageByEntityEvent was triggered by damaged DROPPED_ITEM item.tile.stonebrick, damager PRIMED_TNT Block of TNT and cancelled false.
[March 11, 2023 22:46:52.265PM GMT] EntityDamageByEntityEvent was triggered by damaged DROPPED_ITEM item.tile.stonebrick, damager PRIMED_TNT Block of TNT and cancelled false.
[March 11, 2023 22:48:40.797PM GMT] EntityDamageByEntityEvent was triggered by damaged DROPPED_ITEM item.tile.stone.andesite, damager PRIMED_TNT Block of TNT and cancelled false.
[March 11, 2023 22:48:40.800PM GMT] PlayerPreTagEvent was triggered on {player_name} by {enemy_name} with type PLAYER, reason ATTACKER, and cancelled true.
[March 11, 2023 22:48:40.800PM GMT] PlayerPreTagEvent was triggered on {player_name} by {enemy_name} with type PLAYER, reason ATTACKED, and cancelled true.
[March 11, 2023 22:48:40.801PM GMT] EntityDamageByEntityEvent was triggered by damaged PLAYER 808, damager PRIMED_TNT Block of TNT and cancelled false.
[March 11, 2023 22:48:40.802PM GMT] EntityDamageByEntityEvent was triggered by damaged DROPPED_ITEM item.tile.stonebrick, damager PRIMED_TNT Block of TNT and cancelled false.
[March 11, 2023 22:48:56.496PM GMT] EntityDamageByEntityEvent was triggered by damaged DROPPED_ITEM item.tile.stone.andesite, damager PRIMED_TNT Block of TNT and cancelled false.
[March 11, 2023 22:48:56.497PM GMT] PlayerPreTagEvent was triggered on {player_name} by {enemy_name} with type PLAYER, reason ATTACKER, and cancelled true.
[March 11, 2023 22:48:56.498PM GMT] PlayerPreTagEvent was triggered on {player_name} by {enemy_name} with type PLAYER, reason ATTACKED, and cancelled true.
[March 11, 2023 22:48:56.498PM GMT] EntityDamageByEntityEvent was triggered by damaged PLAYER 808, damager PRIMED_TNT Block of TNT and cancelled false.
[March 11, 2023 22:48:56.498PM GMT] EntityDamageByEntityEvent was triggered by damaged DROPPED_ITEM item.tile.stonebrick, damager PRIMED_TNT Block of TNT and cancelled false.
