[February 05, 2023 16:08:07.329PM GMT] EntityDamageByEntityEvent was triggered by damaged CREEPER Creeper, damager PLAYER Opfire and cancelled false.
[February 05, 2023 16:08:08.104PM GMT] EntityDamageByEntityEvent was triggered by damaged CREEPER Creeper, damager PLAYER Opfire and cancelled false.
[February 05, 2023 16:08:08.608PM GMT] EntityDamageByEntityEvent was triggered by damaged CREEPER Creeper, damager PLAYER Opfire and cancelled false.
[February 05, 2023 16:08:09.405PM GMT] EntityDamageByEntityEvent was triggered by damaged CREEPER Creeper, damager PLAYER Opfire and cancelled false.
[February 05, 2023 16:08:10.805PM GMT] EntityDamageByEntityEvent was triggered by damaged CREEPER Creeper, damager PLAYER Opfire and cancelled false.
[February 05, 2023 16:08:11.524PM GMT] EntityDamageByEntityEvent was triggered by damaged ZOMBIE Zombie, damager CREEPER Creeper and cancelled false.
[February 05, 2023 16:08:11.532PM GMT] EntityDamageByEntityEvent was triggered by damaged PLAYER Opfire, damager CREEPER Creeper and cancelled false.
[February 05, 2023 16:09:58.916PM GMT] EntityDamageByEntityEvent was triggered by damaged CREEPER Creeper, damager PLAYER Opfire and cancelled false.
[February 05, 2023 16:09:59.511PM GMT] EntityDamageByEntityEvent was triggered by damaged CREEPER Creeper, damager PLAYER Opfire and cancelled false.
[February 05, 2023 16:10:00.963PM GMT] EntityDamageByEntityEvent was triggered by damaged PLAYER Opfire, damager SPIDER Spider and cancelled false.
[February 05, 2023 16:10:02.562PM GMT] EntityDamageByEntityEvent was triggered by damaged PLAYER Opfire, damager SPIDER Spider and cancelled false.
[February 05, 2023 16:10:02.962PM GMT] EntityDamageByEntityEvent was triggered by damaged PLAYER Opfire, damager ARROW Arrow and cancelled false.
[February 05, 2023 16:10:03.968PM GMT] EntityDamageByEntityEvent was triggered by damaged SPIDER Spider, damager PLAYER Opfire and cancelled false.
[February 05, 2023 16:10:05.371PM GMT] EntityDamageByEntityEvent was triggered by damaged PLAYER Opfire, damager ARROW Arrow and cancelled false.
[February 05, 2023 16:10:06.769PM GMT] EntityDamageByEntityEvent was triggered by damaged PLAYER Opfire, damager ARROW Arrow and cancelled false.
[February 05, 2023 16:10:08.156PM GMT] EntityDamageByEntityEvent was triggered by damaged PLAYER Opfire, damager ARROW Arrow and cancelled false.
[February 05, 2023 16:10:08.772PM GMT] EntityDamageByEntityEvent was triggered by damaged PLAYER Opfire, damager ARROW Arrow and cancelled false.
[February 05, 2023 16:10:09.474PM GMT] EntityDamageByEntityEvent was triggered by damaged PLAYER Opfire, damager ARROW Arrow and cancelled false.
[February 05, 2023 16:10:10.376PM GMT] EntityDamageByEntityEvent was triggered by damaged PLAYER Opfire, damager ARROW Arrow and cancelled false.
[February 05, 2023 16:10:10.973PM GMT] EntityDamageByEntityEvent was triggered by damaged PLAYER Opfire, damager ARROW Arrow and cancelled false.
[February 05, 2023 16:10:12.073PM GMT] EntityDamageByEntityEvent was triggered by damaged PLAYER Opfire, damager ARROW Arrow and cancelled false.
[February 05, 2023 16:10:12.377PM GMT] EntityDamageByEntityEvent was triggered by damaged PLAYER Opfire, damager ARROW Arrow and cancelled false.
[February 05, 2023 16:10:13.672PM GMT] EntityDamageByEntityEvent was triggered by damaged PLAYER Opfire, damager ARROW Arrow and cancelled false.
[February 05, 2023 16:10:15.274PM GMT] EntityDamageByEntityEvent was triggered by damaged PLAYER Opfire, damager ARROW Arrow and cancelled false.
[February 05, 2023 16:10:15.372PM GMT] EntityDamageByEntityEvent was triggered by damaged PLAYER Opfire, damager ARROW Arrow and cancelled false.
[February 05, 2023 16:10:16.679PM GMT] EntityDamageByEntityEvent was triggered by damaged PLAYER Opfire, damager ARROW Arrow and cancelled false.
[February 05, 2023 16:10:16.905PM GMT] EntityDamageByEntityEvent was triggered by damaged SKELETON Skeleton, damager PLAYER Opfire and cancelled false.
[February 05, 2023 16:10:17.631PM GMT] EntityDamageByEntityEvent was triggered by damaged SKELETON Skeleton, damager PLAYER Opfire and cancelled false.
[February 05, 2023 16:10:18.231PM GMT] EntityDamageByEntityEvent was triggered by damaged SKELETON Skeleton, damager PLAYER Opfire and cancelled false.
[February 05, 2023 16:10:18.532PM GMT] EntityDamageByEntityEvent was triggered by damaged SKELETON Skeleton, damager PLAYER Opfire and cancelled false.
[February 05, 2023 17:52:07.766PM GMT] EntityDamageByEntityEvent was triggered by damaged PLAYER Opfire, damager SILVERFISH Silverfish and cancelled false.
[February 05, 2023 17:52:09.156PM GMT] EntityDamageByEntityEvent was triggered by damaged PLAYER Opfire, damager SILVERFISH Silverfish and cancelled false.
[February 05, 2023 17:52:10.255PM GMT] EntityDamageByEntityEvent was triggered by damaged PLAYER Opfire, damager SILVERFISH Silverfish and cancelled false.
[February 05, 2023 17:52:11.256PM GMT] EntityDamageByEntityEvent was triggered by damaged PLAYER Opfire, damager SILVERFISH Silverfish and cancelled false.
[February 05, 2023 17:52:12.258PM GMT] EntityDamageByEntityEvent was triggered by damaged PLAYER Opfire, damager SILVERFISH Silverfish and cancelled false.
[February 05, 2023 17:52:13.155PM GMT] EntityDamageByEntityEvent was triggered by damaged SILVERFISH Silverfish, damager PLAYER Opfire and cancelled false.
[February 05, 2023 17:54:06.655PM GMT] EntityDamageByEntityEvent was triggered by damaged PLAYER Opfire, damager ZOMBIE Zombie and cancelled true.
[February 05, 2023 17:54:09.326PM GMT] EntityDamageByEntityEvent was triggered by damaged PLAYER Opfire, damager ZOMBIE Zombie and cancelled true.
[February 05, 2023 17:54:09.425PM GMT] EntityDamageByEntityEvent was triggered by damaged ZOMBIE Zombie, damager PLAYER Opfire and cancelled false.
[February 05, 2023 17:54:11.225PM GMT] EntityDamageByEntityEvent was triggered by damaged PLAYER Opfire, damager ZOMBIE Zombie and cancelled true.
[February 05, 2023 17:54:13.126PM GMT] EntityDamageByEntityEvent was triggered by damaged ZOMBIE Zombie, damager PLAYER Opfire and cancelled false.
[February 05, 2023 18:19:57.598PM GMT] EntityDamageByEntityEvent was triggered by damaged PLAYER Michael, damager CREEPER Creeper and cancelled false.
[February 05, 2023 18:20:02.982PM GMT] EntityDamageByEntityEvent was triggered by damaged ZOMBIE Zombie, damager ARROW Arrow and cancelled false.
[February 05, 2023 18:20:03.282PM GMT] EntityDamageByEntityEvent was triggered by damaged PLAYER Michael, damager ZOMBIE Zombie and cancelled true.
[February 05, 2023 18:20:04.188PM GMT] EntityDamageByEntityEvent was triggered by damaged ZOMBIE Zombie, damager CREEPER Creeper and cancelled false.
[February 05, 2023 18:20:04.192PM GMT] EntityDamageByEntityEvent was triggered by damaged CREEPER Creeper, damager CREEPER Creeper and cancelled false.
[February 05, 2023 18:20:04.194PM GMT] EntityDamageByEntityEvent was triggered by damaged CREEPER Creeper, damager CREEPER Creeper and cancelled false.
[February 05, 2023 18:20:04.196PM GMT] EntityDamageByEntityEvent was triggered by damaged CREEPER Creeper, damager CREEPER Creeper and cancelled false.
[February 05, 2023 18:20:04.196PM GMT] EntityDamageByEntityEvent was triggered by damaged CREEPER Creeper, damager CREEPER Creeper and cancelled false.
[February 05, 2023 18:20:04.199PM GMT] EntityDamageByEntityEvent was triggered by damaged CREEPER Creeper, damager CREEPER Creeper and cancelled false.
[February 05, 2023 18:20:04.200PM GMT] EntityDamageByEntityEvent was triggered by damaged CREEPER Creeper, damager CREEPER Creeper and cancelled false.
[February 05, 2023 18:20:04.201PM GMT] EntityDamageByEntityEvent was triggered by damaged CREEPER Creeper, damager CREEPER Creeper and cancelled false.
[February 05, 2023 18:20:04.202PM GMT] EntityDamageByEntityEvent was triggered by damaged ZOMBIE Zombie, damager CREEPER Creeper and cancelled false.
[February 05, 2023 18:20:04.203PM GMT] EntityDamageByEntityEvent was triggered by damaged CREEPER Creeper, damager CREEPER Creeper and cancelled false.
[February 05, 2023 18:20:04.204PM GMT] EntityDamageByEntityEvent was triggered by damaged CREEPER Creeper, damager CREEPER Creeper and cancelled false.
[February 05, 2023 18:20:04.784PM GMT] EntityDamageByEntityEvent was triggered by damaged ZOMBIE Zombie, damager ARROW Arrow and cancelled false.
[February 05, 2023 18:20:07.982PM GMT] EntityDamageByEntityEvent was triggered by damaged PLAYER Michael, damager ZOMBIE Zombie and cancelled true.
[February 05, 2023 18:20:08.082PM GMT] EntityDamageByEntityEvent was triggered by damaged ZOMBIE Zombie, damager PLAYER Michael and cancelled false.
[February 05, 2023 18:20:10.494PM GMT] EntityDamageByEntityEvent was triggered by damaged CREEPER Creeper, damager CREEPER Creeper and cancelled false.
[February 05, 2023 18:20:10.496PM GMT] EntityDamageByEntityEvent was triggered by damaged PLAYER Michael, damager CREEPER Creeper and cancelled true.
[February 05, 2023 18:20:27.894PM GMT] EntityDamageByEntityEvent was triggered by damaged CREEPER Creeper, damager CREEPER Creeper and cancelled false.
[February 05, 2023 18:20:27.896PM GMT] EntityDamageByEntityEvent was triggered by damaged SKELETON Skeleton, damager CREEPER Creeper and cancelled false.
[February 05, 2023 18:20:27.898PM GMT] EntityDamageByEntityEvent was triggered by damaged PLAYER Michael, damager CREEPER Creeper and cancelled false.
[February 05, 2023 18:20:27.899PM GMT] EntityDamageByEntityEvent was triggered by damaged SKELETON Skeleton, damager CREEPER Creeper and cancelled false.
[February 05, 2023 18:20:31.786PM GMT] EntityDamageByEntityEvent was triggered by damaged CREEPER Creeper, damager ARROW Arrow and cancelled false.
[February 05, 2023 18:20:32.286PM GMT] EntityDamageByEntityEvent was triggered by damaged PLAYER Michael, damager CREEPER Creeper and cancelled false.
[February 05, 2023 18:20:43.288PM GMT] EntityDamageByEntityEvent was triggered by damaged PLAYER Michael, damager ARROW Arrow and cancelled false.
[February 05, 2023 18:21:05.784PM GMT] EntityDamageByEntityEvent was triggered by damaged PLAYER Michael, damager ARROW Arrow and cancelled false.
[February 05, 2023 18:21:49.084PM GMT] EntityDamageByEntityEvent was triggered by damaged PLAYER Michael, damager ARROW Arrow and cancelled false.
[February 05, 2023 18:21:50.983PM GMT] EntityDamageByEntityEvent was triggered by damaged PLAYER Michael, damager ARROW Arrow and cancelled false.
