[February 07, 2023 03:50:48.722AM GMT] EntityDamageByEntityEvent was triggered by damaged PLAYER joopy123, damager ARROW Arrow and cancelled false.
[February 07, 2023 03:50:48.771AM GMT] EntityDamageByEntityEvent was triggered by damaged SKELETON Skeleton, damager PLAYER joopy123 and cancelled false.
[February 07, 2023 03:50:49.071AM GMT] EntityDamageByEntityEvent was triggered by damaged SKELETON Skeleton, damager ARROW Arrow and cancelled false.
[February 07, 2023 03:50:50.602AM GMT] EntityDamageByEntityEvent was triggered by damaged SKELETON Skeleton, damager ARROW Arrow and cancelled false.
[February 07, 2023 03:50:51.752AM GMT] EntityDamageByEntityEvent was triggered by damaged SKELETON Skeleton, damager ARROW Arrow and cancelled false.
[February 07, 2023 03:50:53.022AM GMT] EntityDamageByEntityEvent was triggered by damaged SKELETON Skeleton, damager ARROW Arrow and cancelled false.
[February 07, 2023 03:50:53.415AM GMT] EntityDamageByEntityEvent was triggered by damaged SKELETON Skeleton, damager ARROW Arrow and cancelled false.
[February 07, 2023 03:50:54.517AM GMT] EntityDamageByEntityEvent was triggered by damaged SKELETON Skeleton, damager ARROW Arrow and cancelled false.
[February 07, 2023 03:50:56.770AM GMT] EntityDamageByEntityEvent was triggered by damaged SKELETON Skeleton, damager ARROW Arrow and cancelled false.
[February 07, 2023 03:50:56.801AM GMT] EntityDamageByEntityEvent was triggered by damaged SKELETON Skeleton, damager ARROW Arrow and cancelled false.
[February 07, 2023 03:50:59.199AM GMT] EntityDamageByEntityEvent was triggered by damaged ZOMBIE Zombie, damager ARROW Arrow and cancelled false.
[February 07, 2023 03:51:05.928AM GMT] EntityDamageByEntityEvent was triggered by damaged SKELETON Skeleton, damager ARROW Arrow and cancelled false.
[February 07, 2023 03:51:07.530AM GMT] EntityDamageByEntityEvent was triggered by damaged PLAYER joopy123, damager ZOMBIE Zombie and cancelled true.
[February 07, 2023 03:51:08.530AM GMT] EntityDamageByEntityEvent was triggered by damaged PLAYER joopy123, damager ZOMBIE Zombie and cancelled true.
[February 07, 2023 03:51:09.229AM GMT] EntityDamageByEntityEvent was triggered by damaged ZOMBIE Zombie, damager ARROW Arrow and cancelled false.
[February 07, 2023 03:51:09.659AM GMT] EntityDamageByEntityEvent was triggered by damaged PLAYER joopy123, damager ZOMBIE Zombie and cancelled true.
[February 07, 2023 03:51:10.627AM GMT] EntityDamageByEntityEvent was triggered by damaged PLAYER joopy123, damager ZOMBIE Zombie and cancelled true.
[February 07, 2023 03:51:10.628AM GMT] EntityDamageByEntityEvent was triggered by damaged PLAYER joopy123, damager ZOMBIE Zombie and cancelled true.
[February 07, 2023 03:51:11.645AM GMT] EntityDamageByEntityEvent was triggered by damaged PLAYER joopy123, damager ZOMBIE Zombie and cancelled true.
[February 07, 2023 03:51:12.028AM GMT] EntityDamageByEntityEvent was triggered by damaged PLAYER joopy123, damager ZOMBIE Zombie and cancelled true.
[February 07, 2023 03:51:12.628AM GMT] EntityDamageByEntityEvent was triggered by damaged PLAYER joopy123, damager ZOMBIE Zombie and cancelled true.
[February 07, 2023 03:51:12.930AM GMT] EntityDamageByEntityEvent was triggered by damaged SKELETON Skeleton, damager ARROW Arrow and cancelled false.
[February 07, 2023 03:51:13.037AM GMT] EntityDamageByEntityEvent was triggered by damaged PLAYER joopy123, damager ZOMBIE Zombie and cancelled true.
[February 07, 2023 03:51:13.628AM GMT] EntityDamageByEntityEvent was triggered by damaged PLAYER joopy123, damager ZOMBIE Zombie and cancelled true.
[February 07, 2023 03:51:13.837AM GMT] EntityDamageByEntityEvent was triggered by damaged SKELETON Skeleton, damager ARROW Arrow and cancelled false.
[February 07, 2023 03:51:14.038AM GMT] EntityDamageByEntityEvent was triggered by damaged PLAYER joopy123, damager ZOMBIE Zombie and cancelled true.
[February 07, 2023 03:51:14.630AM GMT] EntityDamageByEntityEvent was triggered by damaged PLAYER joopy123, damager ZOMBIE Zombie and cancelled true.
[February 07, 2023 03:51:15.031AM GMT] EntityDamageByEntityEvent was triggered by damaged PLAYER joopy123, damager ZOMBIE Zombie and cancelled true.
[February 07, 2023 03:51:15.630AM GMT] EntityDamageByEntityEvent was triggered by damaged PLAYER joopy123, damager ZOMBIE Zombie and cancelled true.
[February 07, 2023 03:51:15.792AM GMT] EntityDamageByEntityEvent was triggered by damaged ZOMBIE Zombie, damager PLAYER joopy123 and cancelled false.
[February 07, 2023 03:51:15.816AM GMT] EntityDamageByEntityEvent was triggered by damaged SKELETON Skeleton, damager ARROW Arrow and cancelled false.
[February 07, 2023 03:51:15.839AM GMT] EntityDamageByEntityEvent was triggered by damaged SKELETON Skeleton, damager ARROW Arrow and cancelled false.
[February 07, 2023 03:51:16.153AM GMT] EntityDamageByEntityEvent was triggered by damaged PLAYER joopy123, damager ZOMBIE Zombie and cancelled true.
[February 07, 2023 03:51:17.156AM GMT] EntityDamageByEntityEvent was triggered by damaged PLAYER joopy123, damager ZOMBIE Zombie and cancelled true.
[February 07, 2023 03:51:17.854AM GMT] EntityDamageByEntityEvent was triggered by damaged SKELETON Skeleton, damager ARROW Arrow and cancelled false.
[February 07, 2023 03:51:17.856AM GMT] EntityDamageByEntityEvent was triggered by damaged SKELETON Skeleton, damager ARROW Arrow and cancelled false.
[February 07, 2023 03:51:18.157AM GMT] EntityDamageByEntityEvent was triggered by damaged PLAYER joopy123, damager ZOMBIE Zombie and cancelled true.
[February 07, 2023 03:51:18.556AM GMT] EntityDamageByEntityEvent was triggered by damaged PLAYER joopy123, damager ZOMBIE Zombie and cancelled true.
[February 07, 2023 03:51:19.162AM GMT] EntityDamageByEntityEvent was triggered by damaged PLAYER joopy123, damager ZOMBIE Zombie and cancelled true.
[February 07, 2023 03:51:19.571AM GMT] EntityDamageByEntityEvent was triggered by damaged PLAYER joopy123, damager ZOMBIE Zombie and cancelled true.
[February 07, 2023 03:51:20.054AM GMT] EntityDamageByEntityEvent was triggered by damaged SKELETON Skeleton, damager ARROW Arrow and cancelled false.
[February 07, 2023 03:51:20.154AM GMT] EntityDamageByEntityEvent was triggered by damaged PLAYER joopy123, damager ZOMBIE Zombie and cancelled true.
[February 07, 2023 03:51:20.663AM GMT] EntityDamageByEntityEvent was triggered by damaged PLAYER joopy123, damager ZOMBIE Zombie and cancelled true.
[February 07, 2023 03:51:21.254AM GMT] EntityDamageByEntityEvent was triggered by damaged PLAYER joopy123, damager ZOMBIE Zombie and cancelled true.
[February 07, 2023 03:51:21.656AM GMT] EntityDamageByEntityEvent was triggered by damaged PLAYER joopy123, damager ZOMBIE Zombie and cancelled true.
[February 07, 2023 03:51:22.361AM GMT] EntityDamageByEntityEvent was triggered by damaged PLAYER joopy123, damager ZOMBIE Zombie and cancelled true.
[February 07, 2023 03:51:23.606AM GMT] EntityDamageByEntityEvent was triggered by damaged PLAYER joopy123, damager ZOMBIE Zombie and cancelled true.
[February 07, 2023 03:51:24.604AM GMT] EntityDamageByEntityEvent was triggered by damaged PLAYER joopy123, damager ZOMBIE Zombie and cancelled true.
[February 07, 2023 03:51:25.104AM GMT] EntityDamageByEntityEvent was triggered by damaged SKELETON Skeleton, damager ARROW Arrow and cancelled false.
[February 07, 2023 03:51:25.803AM GMT] EntityDamageByEntityEvent was triggered by damaged PLAYER joopy123, damager ZOMBIE Zombie and cancelled true.
[February 07, 2023 03:51:26.506AM GMT] EntityDamageByEntityEvent was triggered by damaged ZOMBIE Zombie, damager PLAYER joopy123 and cancelled false.
[February 07, 2023 03:51:27.105AM GMT] EntityDamageByEntityEvent was triggered by damaged SKELETON Skeleton, damager ARROW Arrow and cancelled false.
[February 07, 2023 03:51:27.205AM GMT] EntityDamageByEntityEvent was triggered by damaged ZOMBIE Zombie, damager PLAYER joopy123 and cancelled false.
[February 07, 2023 03:51:32.804AM GMT] EntityDamageByEntityEvent was triggered by damaged PLAYER joopy123, damager ZOMBIE Zombie and cancelled true.
[February 07, 2023 03:51:33.804AM GMT] EntityDamageByEntityEvent was triggered by damaged PLAYER joopy123, damager ZOMBIE Zombie and cancelled true.
[February 07, 2023 03:51:34.803AM GMT] EntityDamageByEntityEvent was triggered by damaged PLAYER joopy123, damager ZOMBIE Zombie and cancelled true.
[February 07, 2023 03:51:35.807AM GMT] EntityDamageByEntityEvent was triggered by damaged PLAYER joopy123, damager ZOMBIE Zombie and cancelled true.
[February 07, 2023 03:51:36.804AM GMT] EntityDamageByEntityEvent was triggered by damaged PLAYER joopy123, damager ZOMBIE Zombie and cancelled true.
[February 07, 2023 03:51:37.804AM GMT] EntityDamageByEntityEvent was triggered by damaged PLAYER joopy123, damager ZOMBIE Zombie and cancelled true.
[February 07, 2023 03:51:38.804AM GMT] EntityDamageByEntityEvent was triggered by damaged PLAYER joopy123, damager ZOMBIE Zombie and cancelled true.
[February 07, 2023 03:51:39.804AM GMT] EntityDamageByEntityEvent was triggered by damaged PLAYER joopy123, damager ZOMBIE Zombie and cancelled true.
[February 07, 2023 03:51:40.912AM GMT] EntityDamageByEntityEvent was triggered by damaged PLAYER joopy123, damager ZOMBIE Zombie and cancelled true.
[February 07, 2023 03:51:41.903AM GMT] EntityDamageByEntityEvent was triggered by damaged PLAYER joopy123, damager ZOMBIE Zombie and cancelled true.
[February 07, 2023 03:51:42.860AM GMT] EntityDamageByEntityEvent was triggered by damaged PLAYER joopy123, damager ZOMBIE Zombie and cancelled true.
[February 07, 2023 03:51:43.861AM GMT] EntityDamageByEntityEvent was triggered by damaged PLAYER joopy123, damager ZOMBIE Zombie and cancelled true.
[February 07, 2023 03:51:44.861AM GMT] EntityDamageByEntityEvent was triggered by damaged PLAYER joopy123, damager ZOMBIE Zombie and cancelled true.
[February 07, 2023 03:51:45.862AM GMT] EntityDamageByEntityEvent was triggered by damaged PLAYER joopy123, damager ZOMBIE Zombie and cancelled true.
[February 07, 2023 03:51:46.999AM GMT] EntityDamageByEntityEvent was triggered by damaged PLAYER joopy123, damager ZOMBIE Zombie and cancelled true.
[February 07, 2023 03:51:47.962AM GMT] EntityDamageByEntityEvent was triggered by damaged PLAYER joopy123, damager ZOMBIE Zombie and cancelled true.
[February 07, 2023 03:51:48.961AM GMT] EntityDamageByEntityEvent was triggered by damaged PLAYER joopy123, damager ZOMBIE Zombie and cancelled true.
[February 07, 2023 03:51:49.963AM GMT] EntityDamageByEntityEvent was triggered by damaged PLAYER joopy123, damager ZOMBIE Zombie and cancelled true.
[February 07, 2023 03:51:50.960AM GMT] EntityDamageByEntityEvent was triggered by damaged PLAYER joopy123, damager ZOMBIE Zombie and cancelled true.
[February 07, 2023 03:51:51.560AM GMT] EntityDamageByEntityEvent was triggered by damaged PLAYER joopy123, damager ZOMBIE Zombie and cancelled true.
[February 07, 2023 03:51:51.993AM GMT] EntityDamageByEntityEvent was triggered by damaged PLAYER joopy123, damager ZOMBIE Zombie and cancelled true.
[February 07, 2023 03:51:52.560AM GMT] EntityDamageByEntityEvent was triggered by damaged PLAYER joopy123, damager ZOMBIE Zombie and cancelled true.
[February 07, 2023 03:51:52.980AM GMT] EntityDamageByEntityEvent was triggered by damaged PLAYER joopy123, damager ZOMBIE Zombie and cancelled true.
[February 07, 2023 03:51:53.565AM GMT] EntityDamageByEntityEvent was triggered by damaged PLAYER joopy123, damager ZOMBIE Zombie and cancelled true.
[February 07, 2023 03:51:53.964AM GMT] EntityDamageByEntityEvent was triggered by damaged PLAYER joopy123, damager ZOMBIE Zombie and cancelled true.
[February 07, 2023 03:51:54.560AM GMT] EntityDamageByEntityEvent was triggered by damaged PLAYER joopy123, damager ZOMBIE Zombie and cancelled true.
[February 07, 2023 03:51:54.961AM GMT] EntityDamageByEntityEvent was triggered by damaged PLAYER joopy123, damager ZOMBIE Zombie and cancelled true.
[February 07, 2023 03:51:55.560AM GMT] EntityDamageByEntityEvent was triggered by damaged PLAYER joopy123, damager ZOMBIE Zombie and cancelled true.
[February 07, 2023 03:51:55.961AM GMT] EntityDamageByEntityEvent was triggered by damaged PLAYER joopy123, damager ZOMBIE Zombie and cancelled true.
[February 07, 2023 03:51:56.560AM GMT] EntityDamageByEntityEvent was triggered by damaged PLAYER joopy123, damager ZOMBIE Zombie and cancelled true.
[February 07, 2023 03:51:56.962AM GMT] EntityDamageByEntityEvent was triggered by damaged PLAYER joopy123, damager ZOMBIE Zombie and cancelled true.
[February 07, 2023 03:51:57.562AM GMT] EntityDamageByEntityEvent was triggered by damaged PLAYER joopy123, damager ZOMBIE Zombie and cancelled true.
[February 07, 2023 03:51:57.962AM GMT] EntityDamageByEntityEvent was triggered by damaged PLAYER joopy123, damager ZOMBIE Zombie and cancelled true.
[February 07, 2023 03:51:58.560AM GMT] EntityDamageByEntityEvent was triggered by damaged PLAYER joopy123, damager ZOMBIE Zombie and cancelled true.
[February 07, 2023 03:51:59.062AM GMT] EntityDamageByEntityEvent was triggered by damaged PLAYER joopy123, damager ZOMBIE Zombie and cancelled true.
[February 07, 2023 03:51:59.560AM GMT] EntityDamageByEntityEvent was triggered by damaged PLAYER joopy123, damager ZOMBIE Zombie and cancelled true.
[February 07, 2023 03:52:00.161AM GMT] EntityDamageByEntityEvent was triggered by damaged PLAYER joopy123, damager ZOMBIE Zombie and cancelled true.
[February 07, 2023 03:52:00.560AM GMT] EntityDamageByEntityEvent was triggered by damaged PLAYER joopy123, damager ZOMBIE Zombie and cancelled true.
[February 07, 2023 03:52:01.262AM GMT] EntityDamageByEntityEvent was triggered by damaged PLAYER joopy123, damager ZOMBIE Zombie and cancelled true.
[February 07, 2023 03:52:01.562AM GMT] EntityDamageByEntityEvent was triggered by damaged PLAYER joopy123, damager ZOMBIE Zombie and cancelled true.
[February 07, 2023 03:52:02.259AM GMT] EntityDamageByEntityEvent was triggered by damaged PLAYER joopy123, damager ZOMBIE Zombie and cancelled true.
[February 07, 2023 03:52:02.570AM GMT] EntityDamageByEntityEvent was triggered by damaged PLAYER joopy123, damager ZOMBIE Zombie and cancelled true.
[February 07, 2023 03:52:03.361AM GMT] EntityDamageByEntityEvent was triggered by damaged PLAYER joopy123, damager ZOMBIE Zombie and cancelled true.
[February 07, 2023 03:52:03.562AM GMT] EntityDamageByEntityEvent was triggered by damaged PLAYER joopy123, damager ZOMBIE Zombie and cancelled true.
[February 07, 2023 03:52:04.462AM GMT] EntityDamageByEntityEvent was triggered by damaged PLAYER joopy123, damager ZOMBIE Zombie and cancelled true.
[February 07, 2023 03:52:04.560AM GMT] EntityDamageByEntityEvent was triggered by damaged PLAYER joopy123, damager ZOMBIE Zombie and cancelled true.
[February 07, 2023 03:52:05.469AM GMT] EntityDamageByEntityEvent was triggered by damaged PLAYER joopy123, damager ZOMBIE Zombie and cancelled true.
[February 07, 2023 03:52:05.563AM GMT] EntityDamageByEntityEvent was triggered by damaged PLAYER joopy123, damager ZOMBIE Zombie and cancelled true.
[February 07, 2023 03:52:06.462AM GMT] EntityDamageByEntityEvent was triggered by damaged PLAYER joopy123, damager ZOMBIE Zombie and cancelled true.
[February 07, 2023 03:52:06.563AM GMT] EntityDamageByEntityEvent was triggered by damaged PLAYER joopy123, damager ZOMBIE Zombie and cancelled true.
[February 07, 2023 03:52:07.560AM GMT] EntityDamageByEntityEvent was triggered by damaged PLAYER joopy123, damager ZOMBIE Zombie and cancelled true.
[February 07, 2023 03:52:07.661AM GMT] EntityDamageByEntityEvent was triggered by damaged PLAYER joopy123, damager ZOMBIE Zombie and cancelled true.
[February 07, 2023 03:52:08.560AM GMT] EntityDamageByEntityEvent was triggered by damaged PLAYER joopy123, damager ZOMBIE Zombie and cancelled true.
[February 07, 2023 03:52:08.867AM GMT] EntityDamageByEntityEvent was triggered by damaged PLAYER joopy123, damager ZOMBIE Zombie and cancelled true.
[February 07, 2023 03:52:09.560AM GMT] EntityDamageByEntityEvent was triggered by damaged PLAYER joopy123, damager ZOMBIE Zombie and cancelled true.
[February 07, 2023 03:52:09.962AM GMT] EntityDamageByEntityEvent was triggered by damaged PLAYER joopy123, damager ZOMBIE Zombie and cancelled true.
[February 07, 2023 03:52:10.560AM GMT] EntityDamageByEntityEvent was triggered by damaged PLAYER joopy123, damager ZOMBIE Zombie and cancelled true.
[February 07, 2023 03:52:11.060AM GMT] EntityDamageByEntityEvent was triggered by damaged PLAYER joopy123, damager ZOMBIE Zombie and cancelled true.
[February 07, 2023 03:52:11.560AM GMT] EntityDamageByEntityEvent was triggered by damaged PLAYER joopy123, damager ZOMBIE Zombie and cancelled true.
[February 07, 2023 03:52:12.161AM GMT] EntityDamageByEntityEvent was triggered by damaged PLAYER joopy123, damager ZOMBIE Zombie and cancelled true.
[February 07, 2023 03:52:12.560AM GMT] EntityDamageByEntityEvent was triggered by damaged PLAYER joopy123, damager ZOMBIE Zombie and cancelled true.
[February 07, 2023 03:52:13.260AM GMT] EntityDamageByEntityEvent was triggered by damaged PLAYER joopy123, damager ZOMBIE Zombie and cancelled true.
[February 07, 2023 03:52:13.559AM GMT] EntityDamageByEntityEvent was triggered by damaged PLAYER joopy123, damager ZOMBIE Zombie and cancelled true.
[February 07, 2023 03:52:14.361AM GMT] EntityDamageByEntityEvent was triggered by damaged PLAYER joopy123, damager ZOMBIE Zombie and cancelled true.
[February 07, 2023 03:52:14.560AM GMT] EntityDamageByEntityEvent was triggered by damaged PLAYER joopy123, damager ZOMBIE Zombie and cancelled true.
[February 07, 2023 03:52:15.466AM GMT] EntityDamageByEntityEvent was triggered by damaged PLAYER joopy123, damager ZOMBIE Zombie and cancelled true.
[February 07, 2023 03:52:15.567AM GMT] EntityDamageByEntityEvent was triggered by damaged PLAYER joopy123, damager ZOMBIE Zombie and cancelled true.
[February 07, 2023 03:52:16.561AM GMT] EntityDamageByEntityEvent was triggered by damaged PLAYER joopy123, damager ZOMBIE Zombie and cancelled true.
[February 07, 2023 03:52:16.668AM GMT] EntityDamageByEntityEvent was triggered by damaged PLAYER joopy123, damager ZOMBIE Zombie and cancelled true.
[February 07, 2023 03:52:17.565AM GMT] EntityDamageByEntityEvent was triggered by damaged PLAYER joopy123, damager ZOMBIE Zombie and cancelled true.
[February 07, 2023 03:52:17.762AM GMT] EntityDamageByEntityEvent was triggered by damaged PLAYER joopy123, damager ZOMBIE Zombie and cancelled true.
[February 07, 2023 03:52:18.560AM GMT] EntityDamageByEntityEvent was triggered by damaged PLAYER joopy123, damager ZOMBIE Zombie and cancelled true.
[February 07, 2023 03:52:18.860AM GMT] EntityDamageByEntityEvent was triggered by damaged PLAYER joopy123, damager ZOMBIE Zombie and cancelled true.
[February 07, 2023 03:52:19.560AM GMT] EntityDamageByEntityEvent was triggered by damaged PLAYER joopy123, damager ZOMBIE Zombie and cancelled true.
[February 07, 2023 03:52:19.961AM GMT] EntityDamageByEntityEvent was triggered by damaged PLAYER joopy123, damager ZOMBIE Zombie and cancelled true.
[February 07, 2023 03:52:20.560AM GMT] EntityDamageByEntityEvent was triggered by damaged PLAYER joopy123, damager ZOMBIE Zombie and cancelled true.
[February 07, 2023 03:52:21.062AM GMT] EntityDamageByEntityEvent was triggered by damaged PLAYER joopy123, damager ZOMBIE Zombie and cancelled true.
[February 07, 2023 03:52:21.564AM GMT] EntityDamageByEntityEvent was triggered by damaged PLAYER joopy123, damager ZOMBIE Zombie and cancelled true.
[February 07, 2023 03:52:22.060AM GMT] EntityDamageByEntityEvent was triggered by damaged PLAYER joopy123, damager ZOMBIE Zombie and cancelled true.
[February 07, 2023 03:52:22.561AM GMT] EntityDamageByEntityEvent was triggered by damaged PLAYER joopy123, damager ZOMBIE Zombie and cancelled true.
[February 07, 2023 03:52:23.161AM GMT] EntityDamageByEntityEvent was triggered by damaged PLAYER joopy123, damager ZOMBIE Zombie and cancelled true.
[February 07, 2023 03:52:23.562AM GMT] EntityDamageByEntityEvent was triggered by damaged PLAYER joopy123, damager ZOMBIE Zombie and cancelled true.
[February 07, 2023 03:52:24.363AM GMT] EntityDamageByEntityEvent was triggered by damaged PLAYER joopy123, damager ZOMBIE Zombie and cancelled true.
[February 07, 2023 03:52:24.566AM GMT] EntityDamageByEntityEvent was triggered by damaged PLAYER joopy123, damager ZOMBIE Zombie and cancelled true.
[February 07, 2023 03:52:25.463AM GMT] EntityDamageByEntityEvent was triggered by damaged PLAYER joopy123, damager ZOMBIE Zombie and cancelled true.
[February 07, 2023 03:52:25.560AM GMT] EntityDamageByEntityEvent was triggered by damaged PLAYER joopy123, damager ZOMBIE Zombie and cancelled true.
[February 07, 2023 03:52:26.562AM GMT] EntityDamageByEntityEvent was triggered by damaged ZOMBIE Zombie, damager PLAYER joopy123 and cancelled false.
[February 07, 2023 03:52:26.567AM GMT] EntityDamageByEntityEvent was triggered by damaged PLAYER joopy123, damager ZOMBIE Zombie and cancelled true.
[February 07, 2023 03:52:27.579AM GMT] EntityDamageByEntityEvent was triggered by damaged PLAYER joopy123, damager ZOMBIE Zombie and cancelled true.
[February 07, 2023 03:52:27.870AM GMT] EntityDamageByEntityEvent was triggered by damaged PLAYER joopy123, damager ZOMBIE Zombie and cancelled true.
[February 07, 2023 03:52:28.570AM GMT] EntityDamageByEntityEvent was triggered by damaged PLAYER joopy123, damager ZOMBIE Zombie and cancelled true.
[February 07, 2023 03:52:28.880AM GMT] EntityDamageByEntityEvent was triggered by damaged PLAYER joopy123, damager ZOMBIE Zombie and cancelled true.
[February 07, 2023 03:52:29.569AM GMT] EntityDamageByEntityEvent was triggered by damaged PLAYER joopy123, damager ZOMBIE Zombie and cancelled true.
[February 07, 2023 03:52:29.869AM GMT] EntityDamageByEntityEvent was triggered by damaged PLAYER joopy123, damager ZOMBIE Zombie and cancelled true.
[February 07, 2023 03:52:30.470AM GMT] EntityDamageByEntityEvent was triggered by damaged ZOMBIE Zombie, damager PLAYER joopy123 and cancelled false.
[February 07, 2023 03:52:30.772AM GMT] EntityDamageByEntityEvent was triggered by damaged PLAYER joopy123, damager ZOMBIE Zombie and cancelled true.
[February 07, 2023 03:52:30.869AM GMT] EntityDamageByEntityEvent was triggered by damaged PLAYER joopy123, damager ZOMBIE Zombie and cancelled true.
[February 07, 2023 03:52:31.771AM GMT] EntityDamageByEntityEvent was triggered by damaged PLAYER joopy123, damager ZOMBIE Zombie and cancelled true.
[February 07, 2023 03:52:31.774AM GMT] EntityDamageByEntityEvent was triggered by damaged PLAYER joopy123, damager ZOMBIE Zombie and cancelled true.
[February 07, 2023 03:52:31.869AM GMT] EntityDamageByEntityEvent was triggered by damaged PLAYER joopy123, damager ZOMBIE Zombie and cancelled true.
[February 07, 2023 03:52:32.773AM GMT] EntityDamageByEntityEvent was triggered by damaged PLAYER joopy123, damager ZOMBIE Zombie and cancelled true.
[February 07, 2023 03:52:32.872AM GMT] EntityDamageByEntityEvent was triggered by damaged PLAYER joopy123, damager ZOMBIE Zombie and cancelled true.
[February 07, 2023 03:52:33.873AM GMT] EntityDamageByEntityEvent was triggered by damaged PLAYER joopy123, damager ZOMBIE Zombie and cancelled true.
[February 07, 2023 03:52:34.073AM GMT] EntityDamageByEntityEvent was triggered by damaged PLAYER joopy123, damager ZOMBIE Zombie and cancelled true.
[February 07, 2023 03:52:34.571AM GMT] EntityDamageByEntityEvent was triggered by damaged ZOMBIE Zombie, damager PLAYER joopy123 and cancelled false.
[February 07, 2023 03:52:34.870AM GMT] EntityDamageByEntityEvent was triggered by damaged PLAYER joopy123, damager ZOMBIE Zombie and cancelled true.
[February 07, 2023 03:52:35.874AM GMT] EntityDamageByEntityEvent was triggered by damaged PLAYER joopy123, damager ZOMBIE Zombie and cancelled true.
[February 07, 2023 03:52:36.870AM GMT] EntityDamageByEntityEvent was triggered by damaged PLAYER joopy123, damager ZOMBIE Zombie and cancelled true.
[February 07, 2023 03:52:37.770AM GMT] EntityDamageByEntityEvent was triggered by damaged ZOMBIE Zombie, damager PLAYER joopy123 and cancelled false.
[February 07, 2023 03:52:38.373AM GMT] EntityDamageByEntityEvent was triggered by damaged ZOMBIE Zombie, damager PLAYER joopy123 and cancelled false.
[February 07, 2023 04:00:25.385AM GMT] EntityDamageByEntityEvent was triggered by damaged PLAYER joopy123, damager ENDER_PEARL entity.ThrownEnderpearl.name and cancelled false.
[February 07, 2023 14:21:59.178PM GMT] EntityDamageByEntityEvent was triggered by damaged PLAYER 01000100_0100010, damager ZOMBIE Zombie and cancelled true.
[February 07, 2023 14:22:04.817PM GMT] EntityDamageByEntityEvent was triggered by damaged ZOMBIE Zombie, damager PLAYER 01000100_0100010 and cancelled false.
[February 07, 2023 14:22:07.907PM GMT] EntityDamageByEntityEvent was triggered by damaged ZOMBIE Zombie, damager PLAYER 01000100_0100010 and cancelled false.
[February 07, 2023 14:22:10.107PM GMT] EntityDamageByEntityEvent was triggered by damaged PLAYER 01000100_0100010, damager ZOMBIE Zombie and cancelled true.
[February 07, 2023 14:22:14.808PM GMT] EntityDamageByEntityEvent was triggered by damaged PLAYER 01000100_0100010, damager ZOMBIE Zombie and cancelled true.
[February 07, 2023 14:22:17.009PM GMT] EntityDamageByEntityEvent was triggered by damaged PLAYER 01000100_0100010, damager ZOMBIE Zombie and cancelled true.
[February 07, 2023 14:22:24.878PM GMT] EntityDamageByEntityEvent was triggered by damaged PLAYER 01000100_0100010, damager ZOMBIE Zombie and cancelled true.
[February 07, 2023 14:22:26.090PM GMT] EntityDamageByEntityEvent was triggered by damaged PLAYER 01000100_0100010, damager ZOMBIE Zombie and cancelled true.
[February 07, 2023 14:22:26.092PM GMT] EntityDamageByEntityEvent was triggered by damaged PLAYER 01000100_0100010, damager ZOMBIE Zombie and cancelled true.
[February 07, 2023 14:22:27.241PM GMT] EntityDamageByEntityEvent was triggered by damaged PLAYER 01000100_0100010, damager ZOMBIE Zombie and cancelled true.
[February 07, 2023 14:22:27.440PM GMT] EntityDamageByEntityEvent was triggered by damaged PLAYER 01000100_0100010, damager ZOMBIE Zombie and cancelled true.
[February 07, 2023 14:22:28.442PM GMT] EntityDamageByEntityEvent was triggered by damaged PLAYER 01000100_0100010, damager ZOMBIE Zombie and cancelled true.
[February 07, 2023 14:22:29.142PM GMT] EntityDamageByEntityEvent was triggered by damaged PLAYER 01000100_0100010, damager ZOMBIE Zombie and cancelled true.
[February 07, 2023 14:22:29.441PM GMT] EntityDamageByEntityEvent was triggered by damaged PLAYER 01000100_0100010, damager ZOMBIE Zombie and cancelled true.
[February 07, 2023 14:22:29.741PM GMT] EntityDamageByEntityEvent was triggered by damaged PLAYER 01000100_0100010, damager ZOMBIE Zombie and cancelled true.
[February 07, 2023 14:22:30.446PM GMT] EntityDamageByEntityEvent was triggered by damaged PLAYER 01000100_0100010, damager ZOMBIE Zombie and cancelled true.
[February 07, 2023 14:22:30.642PM GMT] EntityDamageByEntityEvent was triggered by damaged PLAYER 01000100_0100010, damager ZOMBIE Zombie and cancelled true.
[February 07, 2023 14:22:30.841PM GMT] EntityDamageByEntityEvent was triggered by damaged PLAYER 01000100_0100010, damager ZOMBIE Zombie and cancelled true.
[February 07, 2023 14:22:31.441PM GMT] EntityDamageByEntityEvent was triggered by damaged PLAYER 01000100_0100010, damager ZOMBIE Zombie and cancelled true.
[February 07, 2023 14:22:32.041PM GMT] EntityDamageByEntityEvent was triggered by damaged PLAYER 01000100_0100010, damager ZOMBIE Zombie and cancelled true.
[February 07, 2023 14:22:32.042PM GMT] EntityDamageByEntityEvent was triggered by damaged PLAYER 01000100_0100010, damager ZOMBIE Zombie and cancelled true.
[February 07, 2023 14:22:32.544PM GMT] EntityDamageByEntityEvent was triggered by damaged PLAYER 01000100_0100010, damager ZOMBIE Zombie and cancelled true.
[February 07, 2023 14:22:33.140PM GMT] EntityDamageByEntityEvent was triggered by damaged PLAYER 01000100_0100010, damager ZOMBIE Zombie and cancelled true.
[February 07, 2023 14:22:33.342PM GMT] EntityDamageByEntityEvent was triggered by damaged PLAYER 01000100_0100010, damager ZOMBIE Zombie and cancelled true.
[February 07, 2023 14:22:33.641PM GMT] EntityDamageByEntityEvent was triggered by damaged PLAYER 01000100_0100010, damager ZOMBIE Zombie and cancelled true.
[February 07, 2023 14:22:34.140PM GMT] EntityDamageByEntityEvent was triggered by damaged PLAYER 01000100_0100010, damager ZOMBIE Zombie and cancelled true.
[February 07, 2023 14:22:34.450PM GMT] EntityDamageByEntityEvent was triggered by damaged PLAYER 01000100_0100010, damager ZOMBIE Zombie and cancelled true.
[February 07, 2023 14:22:34.641PM GMT] EntityDamageByEntityEvent was triggered by damaged PLAYER 01000100_0100010, damager ZOMBIE Zombie and cancelled true.
[February 07, 2023 14:22:35.443PM GMT] EntityDamageByEntityEvent was triggered by damaged PLAYER 01000100_0100010, damager ZOMBIE Zombie and cancelled true.
[February 07, 2023 14:22:35.641PM GMT] EntityDamageByEntityEvent was triggered by damaged PLAYER 01000100_0100010, damager ZOMBIE Zombie and cancelled true.
[February 07, 2023 14:22:35.744PM GMT] EntityDamageByEntityEvent was triggered by damaged PLAYER 01000100_0100010, damager ZOMBIE Zombie and cancelled true.
[February 07, 2023 14:22:37.843PM GMT] EntityDamageByEntityEvent was triggered by damaged ZOMBIE Zombie, damager PLAYER 01000100_0100010 and cancelled false.
[February 07, 2023 14:22:38.741PM GMT] EntityDamageByEntityEvent was triggered by damaged ZOMBIE Zombie, damager PLAYER 01000100_0100010 and cancelled false.
[February 07, 2023 14:22:40.540PM GMT] EntityDamageByEntityEvent was triggered by damaged PLAYER 01000100_0100010, damager ZOMBIE Zombie and cancelled true.
[February 07, 2023 14:22:41.340PM GMT] EntityDamageByEntityEvent was triggered by damaged PLAYER 01000100_0100010, damager ZOMBIE Zombie and cancelled true.
[February 07, 2023 14:22:41.742PM GMT] EntityDamageByEntityEvent was triggered by damaged PLAYER 01000100_0100010, damager ZOMBIE Zombie and cancelled true.
[February 07, 2023 14:22:43.745PM GMT] EntityDamageByEntityEvent was triggered by damaged PLAYER 01000100_0100010, damager ZOMBIE Zombie and cancelled true.
[February 07, 2023 14:22:44.342PM GMT] EntityDamageByEntityEvent was triggered by damaged PLAYER 01000100_0100010, damager ZOMBIE Zombie and cancelled true.
[February 07, 2023 14:22:44.741PM GMT] EntityDamageByEntityEvent was triggered by damaged PLAYER 01000100_0100010, damager ZOMBIE Zombie and cancelled true.
[February 07, 2023 14:22:45.541PM GMT] EntityDamageByEntityEvent was triggered by damaged PLAYER 01000100_0100010, damager ZOMBIE Zombie and cancelled true.
[February 07, 2023 14:22:45.841PM GMT] EntityDamageByEntityEvent was triggered by damaged PLAYER 01000100_0100010, damager ZOMBIE Zombie and cancelled true.
[February 07, 2023 14:22:46.544PM GMT] EntityDamageByEntityEvent was triggered by damaged PLAYER 01000100_0100010, damager ZOMBIE Zombie and cancelled true.
[February 07, 2023 14:22:46.940PM GMT] EntityDamageByEntityEvent was triggered by damaged PLAYER 01000100_0100010, damager ZOMBIE Zombie and cancelled true.
[February 07, 2023 14:22:48.646PM GMT] EntityDamageByEntityEvent was triggered by damaged PLAYER 01000100_0100010, damager ZOMBIE Zombie and cancelled true.
[February 07, 2023 14:22:49.141PM GMT] EntityDamageByEntityEvent was triggered by damaged PLAYER 01000100_0100010, damager ZOMBIE Zombie and cancelled true.
[February 07, 2023 14:22:50.141PM GMT] EntityDamageByEntityEvent was triggered by damaged PLAYER 01000100_0100010, damager ZOMBIE Zombie and cancelled true.
[February 07, 2023 14:22:50.940PM GMT] EntityDamageByEntityEvent was triggered by damaged PLAYER 01000100_0100010, damager ZOMBIE Zombie and cancelled true.
[February 07, 2023 14:22:51.240PM GMT] EntityDamageByEntityEvent was triggered by damaged PLAYER 01000100_0100010, damager ZOMBIE Zombie and cancelled true.
[February 07, 2023 14:22:57.642PM GMT] EntityDamageByEntityEvent was triggered by damaged PLAYER 01000100_0100010, damager ZOMBIE Zombie and cancelled false.
[February 07, 2023 14:22:58.743PM GMT] EntityDamageByEntityEvent was triggered by damaged PLAYER 01000100_0100010, damager ZOMBIE Zombie and cancelled false.
[February 07, 2023 14:23:05.141PM GMT] EntityDamageByEntityEvent was triggered by damaged ZOMBIE Zombie, damager PLAYER 01000100_0100010 and cancelled false.
[February 07, 2023 14:23:05.146PM GMT] EntityDamageByEntityEvent was triggered by damaged PLAYER 01000100_0100010, damager ZOMBIE Zombie and cancelled true.
[February 07, 2023 14:23:05.649PM GMT] EntityDamageByEntityEvent was triggered by damaged ZOMBIE Zombie, damager PLAYER 01000100_0100010 and cancelled false.
[February 07, 2023 14:23:06.144PM GMT] EntityDamageByEntityEvent was triggered by damaged ZOMBIE Zombie, damager PLAYER 01000100_0100010 and cancelled false.
[February 07, 2023 14:23:06.540PM GMT] EntityDamageByEntityEvent was triggered by damaged ZOMBIE Zombie, damager PLAYER 01000100_0100010 and cancelled false.
[February 07, 2023 14:23:28.691PM GMT] EntityDamageByEntityEvent was triggered by damaged ZOMBIE Zombie, damager PLAYER 01000100_0100010 and cancelled false.
[February 07, 2023 14:23:29.391PM GMT] EntityDamageByEntityEvent was triggered by damaged ZOMBIE Zombie, damager PLAYER 01000100_0100010 and cancelled false.
[February 07, 2023 14:23:30.791PM GMT] EntityDamageByEntityEvent was triggered by damaged PLAYER 01000100_0100010, damager ZOMBIE Zombie and cancelled false.
[February 07, 2023 14:23:31.791PM GMT] EntityDamageByEntityEvent was triggered by damaged ZOMBIE Zombie, damager PLAYER 01000100_0100010 and cancelled false.
[February 07, 2023 14:23:31.793PM GMT] EntityDamageByEntityEvent was triggered by damaged PLAYER 01000100_0100010, damager ZOMBIE Zombie and cancelled false.
[February 07, 2023 14:23:32.392PM GMT] EntityDamageByEntityEvent was triggered by damaged ZOMBIE Zombie, damager PLAYER 01000100_0100010 and cancelled false.
[February 07, 2023 14:23:38.896PM GMT] EntityDamageByEntityEvent was triggered by damaged PLAYER 01000100_0100010, damager ARROW Arrow and cancelled false.
[February 07, 2023 14:23:40.194PM GMT] EntityDamageByEntityEvent was triggered by damaged PLAYER 01000100_0100010, damager ARROW Arrow and cancelled false.
[February 07, 2023 14:23:41.491PM GMT] EntityDamageByEntityEvent was triggered by damaged PLAYER 01000100_0100010, damager ARROW Arrow and cancelled false.
[February 07, 2023 14:23:41.590PM GMT] EntityDamageByEntityEvent was triggered by damaged SKELETON Skeleton, damager PLAYER 01000100_0100010 and cancelled false.
[February 07, 2023 14:23:46.396PM GMT] EntityDamageByEntityEvent was triggered by damaged SKELETON Skeleton, damager ARROW Arrow and cancelled false.
[February 07, 2023 18:32:52.986PM GMT] EntityDamageByEntityEvent was triggered by damaged PLAYER 01000100_0100010, damager ZOMBIE Zombie and cancelled false.
[February 07, 2023 18:32:53.086PM GMT] EntityDamageByEntityEvent was triggered by damaged ZOMBIE Zombie, damager PLAYER 01000100_0100010 and cancelled false.
[February 07, 2023 18:33:05.786PM GMT] EntityDamageByEntityEvent was triggered by damaged PLAYER 01000100_0100010, damager ZOMBIE Zombie and cancelled false.
[February 07, 2023 18:33:07.085PM GMT] EntityDamageByEntityEvent was triggered by damaged ZOMBIE Zombie, damager PLAYER 01000100_0100010 and cancelled false.
[February 07, 2023 18:33:09.285PM GMT] EntityDamageByEntityEvent was triggered by damaged ZOMBIE Zombie, damager PLAYER 01000100_0100010 and cancelled false.
[February 07, 2023 18:33:38.460PM GMT] EntityDamageByEntityEvent was triggered by damaged PLAYER 01000100_0100010, damager CREEPER Creeper and cancelled false.
[February 07, 2023 18:35:30.435PM GMT] EntityDamageByEntityEvent was triggered by damaged CREEPER Creeper, damager PLAYER 01000100_0100010 and cancelled false.
[February 07, 2023 18:35:36.736PM GMT] EntityDamageByEntityEvent was triggered by damaged CREEPER Creeper, damager PLAYER 01000100_0100010 and cancelled false.
[February 07, 2023 18:35:59.036PM GMT] EntityDamageByEntityEvent was triggered by damaged ZOMBIE Zombie, damager PLAYER 01000100_0100010 and cancelled false.
[February 07, 2023 18:36:35.741PM GMT] EntityDamageByEntityEvent was triggered by damaged PLAYER 01000100_0100010, damager SPIDER Spider and cancelled false.
[February 07, 2023 18:36:36.138PM GMT] EntityDamageByEntityEvent was triggered by damaged SPIDER Spider, damager ARROW Arrow and cancelled false.
[February 07, 2023 18:36:36.635PM GMT] EntityDamageByEntityEvent was triggered by damaged SPIDER Spider, damager PLAYER 01000100_0100010 and cancelled false.
[February 07, 2023 18:36:37.136PM GMT] EntityDamageByEntityEvent was triggered by damaged SPIDER Spider, damager PLAYER 01000100_0100010 and cancelled false.
[February 07, 2023 18:36:38.037PM GMT] EntityDamageByEntityEvent was triggered by damaged SKELETON Skeleton, damager ARROW Arrow and cancelled false.
[February 07, 2023 18:36:38.138PM GMT] EntityDamageByEntityEvent was triggered by damaged CREEPER Creeper, damager PLAYER 01000100_0100010 and cancelled false.
[February 07, 2023 18:36:38.839PM GMT] EntityDamageByEntityEvent was triggered by damaged PLAYER 01000100_0100010, damager ARROW Arrow and cancelled false.
[February 07, 2023 18:37:19.175PM GMT] EntityDamageByEntityEvent was triggered by damaged PIG Pig, damager PLAYER 01000100_0100010 and cancelled false.
