[February 26, 2023 04:00:43.034AM GMT] EntityDamageByEntityEvent was triggered by damaged SKELETON Skeleton, damager PLAYER azpen_trees and cancelled false.
[February 26, 2023 04:00:43.608AM GMT] EntityDamageByEntityEvent was triggered by damaged SKELETON Skeleton, damager PLAYER azpen_trees and cancelled false.
[February 26, 2023 04:00:45.259AM GMT] EntityDamageByEntityEvent was triggered by damaged PLAYER azpen_trees, damager ARROW Arrow and cancelled true.
[February 26, 2023 04:00:46.527AM GMT] EntityDamageByEntityEvent was triggered by damaged SKELETON Skeleton, damager PLAYER azpen_trees and cancelled false.
[February 26, 2023 04:00:46.841AM GMT] EntityDamageByEntityEvent was triggered by damaged PLAYER azpen_trees, damager ARROW Arrow and cancelled true.
[February 26, 2023 04:00:47.149AM GMT] EntityDamageByEntityEvent was triggered by damaged SKELETON Skeleton, damager PLAYER azpen_trees and cancelled false.
[February 26, 2023 04:00:47.334AM GMT] EntityDamageByEntityEvent was triggered by damaged PLAYER azpen_trees, damager ARROW Arrow and cancelled false.
[February 26, 2023 04:00:48.130AM GMT] EntityDamageByEntityEvent was triggered by damaged PLAYER azpen_trees, damager ARROW Arrow and cancelled true.
[February 26, 2023 04:00:49.030AM GMT] EntityDamageByEntityEvent was triggered by damaged SKELETON Skeleton, damager PLAYER azpen_trees and cancelled false.
[February 26, 2023 04:00:49.229AM GMT] EntityDamageByEntityEvent was triggered by damaged SKELETON Skeleton, damager PLAYER azpen_trees and cancelled false.
[February 26, 2023 04:00:49.528AM GMT] EntityDamageByEntityEvent was triggered by damaged SKELETON Skeleton, damager PLAYER azpen_trees and cancelled false.
[February 26, 2023 04:00:49.730AM GMT] EntityDamageByEntityEvent was triggered by damaged SKELETON Skeleton, damager PLAYER azpen_trees and cancelled false.
[February 26, 2023 04:00:49.846AM GMT] EntityDamageByEntityEvent was triggered by damaged PLAYER azpen_trees, damager ARROW Arrow and cancelled false.
[February 26, 2023 04:00:50.730AM GMT] EntityDamageByEntityEvent was triggered by damaged SKELETON Skeleton, damager PLAYER azpen_trees and cancelled false.
[February 26, 2023 04:00:51.193AM GMT] EntityDamageByEntityEvent was triggered by damaged PLAYER azpen_trees, damager ARROW Arrow and cancelled false.
[February 26, 2023 04:00:51.293AM GMT] EntityDamageByEntityEvent was triggered by damaged SKELETON Skeleton, damager PLAYER azpen_trees and cancelled false.
[February 26, 2023 04:00:52.296AM GMT] EntityDamageByEntityEvent was triggered by damaged SKELETON Skeleton, damager PLAYER azpen_trees and cancelled false.
[February 26, 2023 04:00:52.488AM GMT] EntityDamageByEntityEvent was triggered by damaged PLAYER azpen_trees, damager ARROW Arrow and cancelled false.
[February 26, 2023 04:00:53.790AM GMT] EntityDamageByEntityEvent was triggered by damaged SKELETON Skeleton, damager PLAYER azpen_trees and cancelled false.
[February 26, 2023 04:00:53.801AM GMT] EntityDamageByEntityEvent was triggered by damaged PLAYER azpen_trees, damager ARROW Arrow and cancelled false.
[February 26, 2023 04:00:54.791AM GMT] EntityDamageByEntityEvent was triggered by damaged SKELETON Skeleton, damager PLAYER azpen_trees and cancelled false.
[February 26, 2023 04:00:55.190AM GMT] EntityDamageByEntityEvent was triggered by damaged PLAYER azpen_trees, damager ARROW Arrow and cancelled false.
[February 26, 2023 04:00:55.292AM GMT] EntityDamageByEntityEvent was triggered by damaged SKELETON Skeleton, damager PLAYER azpen_trees and cancelled false.
[February 26, 2023 04:00:56.551AM GMT] EntityDamageByEntityEvent was triggered by damaged PLAYER azpen_trees, damager ARROW Arrow and cancelled false.
[February 26, 2023 04:00:58.040AM GMT] EntityDamageByEntityEvent was triggered by damaged SKELETON Skeleton, damager PLAYER azpen_trees and cancelled false.
[February 26, 2023 04:00:58.248AM GMT] EntityDamageByEntityEvent was triggered by damaged PLAYER azpen_trees, damager ARROW Arrow and cancelled false.
[February 26, 2023 04:00:58.555AM GMT] EntityDamageByEntityEvent was triggered by damaged SKELETON Skeleton, damager PLAYER azpen_trees and cancelled false.
[February 26, 2023 04:00:59.745AM GMT] EntityDamageByEntityEvent was triggered by damaged PLAYER azpen_trees, damager ARROW Arrow and cancelled false.
[February 26, 2023 04:00:59.950AM GMT] EntityDamageByEntityEvent was triggered by damaged SKELETON Skeleton, damager PLAYER azpen_trees and cancelled false.
[February 26, 2023 04:02:35.196AM GMT] EntityDamageByEntityEvent was triggered by damaged CHICKEN Chicken, damager PLAYER azpen_trees and cancelled false.
[February 26, 2023 04:02:36.296AM GMT] EntityDamageByEntityEvent was triggered by damaged CHICKEN Chicken, damager PLAYER azpen_trees and cancelled false.
[February 26, 2023 04:02:39.396AM GMT] EntityDamageByEntityEvent was triggered by damaged CHICKEN Chicken, damager PLAYER azpen_trees and cancelled false.
[February 26, 2023 04:02:40.097AM GMT] EntityDamageByEntityEvent was triggered by damaged CHICKEN Chicken, damager PLAYER azpen_trees and cancelled false.
[February 26, 2023 04:02:46.995AM GMT] EntityDamageByEntityEvent was triggered by damaged CHICKEN Chicken, damager PLAYER azpen_trees and cancelled false.
[February 26, 2023 04:02:48.096AM GMT] EntityDamageByEntityEvent was triggered by damaged CHICKEN Chicken, damager PLAYER azpen_trees and cancelled false.
[February 26, 2023 04:02:50.596AM GMT] EntityDamageByEntityEvent was triggered by damaged CHICKEN Chicken, damager PLAYER azpen_trees and cancelled false.
[February 26, 2023 04:02:51.098AM GMT] EntityDamageByEntityEvent was triggered by damaged PLAYER azpen_trees, damager ZOMBIE Zombie and cancelled false.
[February 26, 2023 04:02:51.397AM GMT] EntityDamageByEntityEvent was triggered by damaged ZOMBIE Zombie, damager PLAYER azpen_trees and cancelled false.
[February 26, 2023 04:02:51.896AM GMT] EntityDamageByEntityEvent was triggered by damaged ZOMBIE Zombie, damager PLAYER azpen_trees and cancelled false.
[February 26, 2023 04:02:52.496AM GMT] EntityDamageByEntityEvent was triggered by damaged ZOMBIE Zombie, damager PLAYER azpen_trees and cancelled false.
[February 26, 2023 04:02:53.303AM GMT] EntityDamageByEntityEvent was triggered by damaged ZOMBIE Zombie, damager PLAYER azpen_trees and cancelled false.
[February 26, 2023 04:02:54.502AM GMT] EntityDamageByEntityEvent was triggered by damaged PLAYER azpen_trees, damager ZOMBIE Zombie and cancelled false.
[February 26, 2023 04:02:54.613AM GMT] EntityDamageByEntityEvent was triggered by damaged ZOMBIE Zombie, damager PLAYER azpen_trees and cancelled false.
[February 26, 2023 04:02:54.998AM GMT] EntityDamageByEntityEvent was triggered by damaged ZOMBIE Zombie, damager PLAYER azpen_trees and cancelled false.
[February 26, 2023 04:02:55.596AM GMT] EntityDamageByEntityEvent was triggered by damaged ZOMBIE Zombie, damager PLAYER azpen_trees and cancelled false.
[February 26, 2023 04:02:55.600AM GMT] EntityDamageByEntityEvent was triggered by damaged PLAYER azpen_trees, damager ZOMBIE Zombie and cancelled false.
[February 26, 2023 04:02:56.097AM GMT] EntityDamageByEntityEvent was triggered by damaged ZOMBIE Zombie, damager PLAYER azpen_trees and cancelled false.
[February 26, 2023 04:02:57.297AM GMT] EntityDamageByEntityEvent was triggered by damaged ZOMBIE Zombie, damager PLAYER azpen_trees and cancelled false.
[February 26, 2023 04:02:57.600AM GMT] EntityDamageByEntityEvent was triggered by damaged PLAYER azpen_trees, damager ZOMBIE Zombie and cancelled false.
[February 26, 2023 15:42:22.872PM GMT] EntityDamageByEntityEvent was triggered by damaged PLAYER IM_THE_GOAT1, damager ARROW Arrow and cancelled false.
[February 26, 2023 15:45:16.796PM GMT] EntityDamageByEntityEvent was triggered by damaged PLAYER IM_THE_GOAT1, damager ARROW Arrow and cancelled false.
[February 26, 2023 15:45:18.393PM GMT] EntityDamageByEntityEvent was triggered by damaged PLAYER IM_THE_GOAT1, damager ARROW Arrow and cancelled false.
[February 26, 2023 15:45:21.596PM GMT] EntityDamageByEntityEvent was triggered by damaged PLAYER IM_THE_GOAT1, damager ARROW Arrow and cancelled true.
[February 26, 2023 15:45:24.898PM GMT] EntityDamageByEntityEvent was triggered by damaged PLAYER IM_THE_GOAT1, damager ARROW Arrow and cancelled false.
[February 26, 2023 15:45:29.197PM GMT] EntityDamageByEntityEvent was triggered by damaged VILLAGER §aEdward, damager ARROW Arrow and cancelled true.
[February 26, 2023 15:46:16.398PM GMT] EntityDamageByEntityEvent was triggered by damaged PLAYER IM_THE_GOAT1, damager ARROW Arrow and cancelled true.
[February 26, 2023 15:46:57.149PM GMT] EntityDamageByEntityEvent was triggered by damaged PLAYER IM_THE_GOAT1, damager ZOMBIE Zombie and cancelled false.
[February 26, 2023 15:47:46.061PM GMT] EntityDamageByEntityEvent was triggered by damaged PLAYER IM_THE_GOAT1, damager ARROW Arrow and cancelled false.
[February 26, 2023 15:57:16.353PM GMT] EntityDamageByEntityEvent was triggered by damaged COW Cow, damager PLAYER IM_THE_GOAT1 and cancelled false.
[February 26, 2023 15:57:16.949PM GMT] EntityDamageByEntityEvent was triggered by damaged COW Cow, damager PLAYER IM_THE_GOAT1 and cancelled false.
[February 26, 2023 15:57:17.449PM GMT] EntityDamageByEntityEvent was triggered by damaged COW Cow, damager PLAYER IM_THE_GOAT1 and cancelled false.
[February 26, 2023 15:57:18.849PM GMT] EntityDamageByEntityEvent was triggered by damaged COW Cow, damager PLAYER IM_THE_GOAT1 and cancelled false.
[February 26, 2023 15:57:21.549PM GMT] EntityDamageByEntityEvent was triggered by damaged COW Cow, damager PLAYER IM_THE_GOAT1 and cancelled false.
[February 26, 2023 15:57:26.849PM GMT] EntityDamageByEntityEvent was triggered by damaged COW Cow, damager PLAYER IM_THE_GOAT1 and cancelled false.
[February 26, 2023 15:57:34.175PM GMT] EntityDamageByEntityEvent was triggered by damaged COW Cow, damager PLAYER IM_THE_GOAT1 and cancelled false.
[February 26, 2023 15:57:41.449PM GMT] EntityDamageByEntityEvent was triggered by damaged COW Cow, damager PLAYER IM_THE_GOAT1 and cancelled false.
[February 26, 2023 15:57:42.049PM GMT] EntityDamageByEntityEvent was triggered by damaged COW Cow, damager PLAYER IM_THE_GOAT1 and cancelled false.
[February 26, 2023 16:04:24.265PM GMT] EntityDamageByEntityEvent was triggered by damaged PLAYER IM_THE_GOAT1, damager CREEPER Creeper and cancelled false.
[February 26, 2023 16:04:24.268PM GMT] EntityDamageByEntityEvent was triggered by damaged SKELETON Skeleton, damager CREEPER Creeper and cancelled false.
[February 26, 2023 16:04:31.127PM GMT] EntityDamageByEntityEvent was triggered by damaged PLAYER IM_THE_GOAT1, damager ARROW Arrow and cancelled false.
[February 26, 2023 16:04:33.405PM GMT] EntityDamageByEntityEvent was triggered by damaged PLAYER IM_THE_GOAT1, damager ARROW Arrow and cancelled false.
[February 26, 2023 16:26:50.914PM GMT] EntityDamageByEntityEvent was triggered by damaged HORSE Horse, damager LIGHTNING unknown and cancelled false.
