[February 14, 2023 01:12:05.461AM GMT] EntityDamageByEntityEvent was triggered by damaged PLAYER EPIKSONIC10, damager CREEPER Creeper and cancelled false.
[February 14, 2023 01:12:06.762AM GMT] EntityDamageByEntityEvent was triggered by damaged PLAYER EPIKSONIC10, damager ZOMBIE Zombie and cancelled false.
[February 14, 2023 01:12:09.843AM GMT] EntityDamageByEntityEvent was triggered by damaged PLAYER EPIKSONIC10, damager ZOMBIE Zombie and cancelled false.
[February 14, 2023 01:12:15.629AM GMT] EntityDamageByEntityEvent was triggered by damaged CREEPER Creeper, damager PLAYER EPIKSONIC10 and cancelled false.
[February 14, 2023 01:12:16.205AM GMT] EntityDamageByEntityEvent was triggered by damaged CREEPER Creeper, damager PLAYER EPIKSONIC10 and cancelled false.
[February 14, 2023 01:12:16.819AM GMT] EntityDamageByEntityEvent was triggered by damaged CREEPER Creeper, damager PLAYER EPIKSONIC10 and cancelled false.
[February 14, 2023 01:12:17.033AM GMT] EntityDamageByEntityEvent was triggered by damaged PLAYER EPIKSONIC10, damager CREEPER Creeper and cancelled false.
[February 14, 2023 01:12:25.468AM GMT] EntityDamageByEntityEvent was triggered by damaged PLAYER EPIKSONIC10, damager ZOMBIE Zombie and cancelled true.
[February 14, 2023 01:12:36.454AM GMT] EntityDamageByEntityEvent was triggered by damaged ZOMBIE Zombie, damager PLAYER EPIKSONIC10 and cancelled false.
[February 14, 2023 01:12:36.761AM GMT] EntityDamageByEntityEvent was triggered by damaged PLAYER EPIKSONIC10, damager ZOMBIE Zombie and cancelled false.
[February 14, 2023 01:12:37.754AM GMT] EntityDamageByEntityEvent was triggered by damaged PLAYER EPIKSONIC10, damager ZOMBIE Zombie and cancelled false.
[February 14, 2023 01:12:38.252AM GMT] EntityDamageByEntityEvent was triggered by damaged ZOMBIE Zombie, damager PLAYER EPIKSONIC10 and cancelled false.
[February 14, 2023 01:54:08.713AM GMT] EntityDamageByEntityEvent was triggered by damaged CREEPER Creeper, damager PLAYER 01000100_0100010 and cancelled false.
[February 14, 2023 01:54:08.966AM GMT] EntityDamageByEntityEvent was triggered by damaged PLAYER 01000100_0100010, damager CREEPER Creeper and cancelled false.
[February 14, 2023 01:54:55.952AM GMT] EntityDamageByEntityEvent was triggered by damaged CREEPER Creeper, damager PLAYER 01000100_0100010 and cancelled false.
[February 14, 2023 01:55:16.357AM GMT] EntityDamageByEntityEvent was triggered by damaged SPIDER Spider, damager PLAYER 01000100_0100010 and cancelled false.
[February 14, 2023 01:55:18.952AM GMT] EntityDamageByEntityEvent was triggered by damaged SPIDER Spider, damager PLAYER 01000100_0100010 and cancelled false.
[February 14, 2023 01:55:31.909AM GMT] EntityDamageByEntityEvent was triggered by damaged CREEPER Creeper, damager PLAYER 01000100_0100010 and cancelled false.
[February 14, 2023 01:55:32.612AM GMT] EntityDamageByEntityEvent was triggered by damaged CREEPER Creeper, damager PLAYER 01000100_0100010 and cancelled false.
[February 14, 2023 01:55:43.360AM GMT] EntityDamageByEntityEvent was triggered by damaged PLAYER 01000100_0100010, damager SPIDER Spider and cancelled false.
[February 14, 2023 01:55:43.364AM GMT] EntityDamageByEntityEvent was triggered by damaged SPIDER Spider, damager PLAYER 01000100_0100010 and cancelled false.
[February 14, 2023 01:55:44.165AM GMT] EntityDamageByEntityEvent was triggered by damaged PLAYER 01000100_0100010, damager ARROW Arrow and cancelled false.
[February 14, 2023 01:55:44.166AM GMT] EntityDamageByEntityEvent was triggered by damaged SKELETON Skeleton, damager PLAYER 01000100_0100010 and cancelled false.
[February 14, 2023 01:57:15.122AM GMT] EntityDamageByEntityEvent was triggered by damaged PLAYER 01000100_0100010, damager ZOMBIE Zombie and cancelled true.
[February 14, 2023 01:57:16.117AM GMT] EntityDamageByEntityEvent was triggered by damaged PLAYER 01000100_0100010, damager ZOMBIE Zombie and cancelled true.
[February 14, 2023 01:57:17.613AM GMT] EntityDamageByEntityEvent was triggered by damaged PLAYER 01000100_0100010, damager ZOMBIE Zombie and cancelled true.
[February 14, 2023 01:57:17.915AM GMT] EntityDamageByEntityEvent was triggered by damaged ZOMBIE Zombie, damager PLAYER 01000100_0100010 and cancelled false.
[February 14, 2023 01:57:18.518AM GMT] EntityDamageByEntityEvent was triggered by damaged ZOMBIE Zombie, damager PLAYER 01000100_0100010 and cancelled false.
[February 14, 2023 01:57:18.713AM GMT] EntityDamageByEntityEvent was triggered by damaged PLAYER 01000100_0100010, damager ZOMBIE Zombie and cancelled true.
[February 14, 2023 01:57:19.013AM GMT] EntityDamageByEntityEvent was triggered by damaged ZOMBIE Zombie, damager PLAYER 01000100_0100010 and cancelled false.
[February 14, 2023 01:57:20.513AM GMT] EntityDamageByEntityEvent was triggered by damaged ZOMBIE Zombie, damager PLAYER 01000100_0100010 and cancelled false.
[February 14, 2023 01:57:21.813AM GMT] EntityDamageByEntityEvent was triggered by damaged PLAYER 01000100_0100010, damager ZOMBIE Zombie and cancelled true.
[February 14, 2023 01:57:22.016AM GMT] EntityDamageByEntityEvent was triggered by damaged ZOMBIE Zombie, damager PLAYER 01000100_0100010 and cancelled false.
[February 14, 2023 01:57:22.814AM GMT] EntityDamageByEntityEvent was triggered by damaged ZOMBIE Zombie, damager PLAYER 01000100_0100010 and cancelled false.
[February 14, 2023 01:57:24.819AM GMT] EntityDamageByEntityEvent was triggered by damaged PLAYER 01000100_0100010, damager ZOMBIE Zombie and cancelled true.
[February 14, 2023 02:02:10.437AM GMT] EntityDamageByEntityEvent was triggered by damaged ZOMBIE Zombie, damager PLAYER 01000100_0100010 and cancelled false.
[February 14, 2023 02:02:11.237AM GMT] EntityDamageByEntityEvent was triggered by damaged ZOMBIE Zombie, damager PLAYER 01000100_0100010 and cancelled false.
[February 14, 2023 02:02:15.737AM GMT] EntityDamageByEntityEvent was triggered by damaged ZOMBIE Zombie, damager PLAYER 01000100_0100010 and cancelled false.
[February 14, 2023 02:02:17.137AM GMT] EntityDamageByEntityEvent was triggered by damaged ZOMBIE Zombie, damager PLAYER 01000100_0100010 and cancelled false.
[February 14, 2023 02:02:18.337AM GMT] EntityDamageByEntityEvent was triggered by damaged ENDERMAN Enderman, damager PLAYER 01000100_0100010 and cancelled false.
[February 14, 2023 02:02:19.136AM GMT] EntityDamageByEntityEvent was triggered by damaged ENDERMAN Enderman, damager PLAYER 01000100_0100010 and cancelled false.
[February 14, 2023 02:02:19.636AM GMT] EntityDamageByEntityEvent was triggered by damaged ENDERMAN Enderman, damager PLAYER 01000100_0100010 and cancelled false.
[February 14, 2023 02:02:20.136AM GMT] EntityDamageByEntityEvent was triggered by damaged ENDERMAN Enderman, damager PLAYER 01000100_0100010 and cancelled false.
[February 14, 2023 02:04:33.637AM GMT] EntityDamageByEntityEvent was triggered by damaged CREEPER Creeper, damager PLAYER 01000100_0100010 and cancelled false.
[February 14, 2023 02:04:35.142AM GMT] EntityDamageByEntityEvent was triggered by damaged SKELETON Skeleton, damager CREEPER Creeper and cancelled false.
[February 14, 2023 02:04:35.162AM GMT] EntityDamageByEntityEvent was triggered by damaged SKELETON Skeleton, damager CREEPER Creeper and cancelled false.
[February 14, 2023 02:04:35.168AM GMT] EntityDamageByEntityEvent was triggered by damaged ZOMBIE Zombie, damager CREEPER Creeper and cancelled false.
[February 14, 2023 02:04:35.178AM GMT] EntityDamageByEntityEvent was triggered by damaged CREEPER Creeper, damager CREEPER Creeper and cancelled false.
[February 14, 2023 02:04:38.167AM GMT] EntityDamageByEntityEvent was triggered by damaged PLAYER 01000100_0100010, damager ARROW Arrow and cancelled false.
[February 14, 2023 02:04:38.169AM GMT] EntityDamageByEntityEvent was triggered by damaged SKELETON Skeleton, damager PLAYER 01000100_0100010 and cancelled false.
[February 14, 2023 02:04:38.172AM GMT] EntityDamageByEntityEvent was triggered by damaged SKELETON Skeleton, damager PLAYER 01000100_0100010 and cancelled false.
[February 14, 2023 02:04:39.664AM GMT] EntityDamageByEntityEvent was triggered by damaged SKELETON Skeleton, damager PLAYER 01000100_0100010 and cancelled false.
[February 14, 2023 02:06:58.746AM GMT] EntityDamageByEntityEvent was triggered by damaged SKELETON Skeleton, damager PLAYER 01000100_0100010 and cancelled false.
[February 14, 2023 02:06:59.440AM GMT] EntityDamageByEntityEvent was triggered by damaged SKELETON Skeleton, damager PLAYER 01000100_0100010 and cancelled false.
[February 14, 2023 11:26:16.465AM GMT] EntityDamageByEntityEvent was triggered by damaged PLAYER joopy123, damager ENDER_PEARL entity.ThrownEnderpearl.name and cancelled true.
[February 14, 2023 11:26:16.589AM GMT] EntityDamageByEntityEvent was triggered by damaged PLAYER joopy123, damager ENDER_PEARL entity.ThrownEnderpearl.name and cancelled true.
[February 14, 2023 11:26:16.991AM GMT] EntityDamageByEntityEvent was triggered by damaged PLAYER joopy123, damager ENDER_PEARL entity.ThrownEnderpearl.name and cancelled true.
[February 14, 2023 11:26:17.588AM GMT] EntityDamageByEntityEvent was triggered by damaged PLAYER joopy123, damager ENDER_PEARL entity.ThrownEnderpearl.name and cancelled true.
[February 14, 2023 11:26:17.774AM GMT] EntityDamageByEntityEvent was triggered by damaged PLAYER joopy123, damager ENDER_PEARL entity.ThrownEnderpearl.name and cancelled true.
[February 14, 2023 11:26:21.123AM GMT] EntityDamageByEntityEvent was triggered by damaged PLAYER joopy123, damager ENDER_PEARL entity.ThrownEnderpearl.name and cancelled true.
[February 14, 2023 11:26:36.436AM GMT] EntityDamageByEntityEvent was triggered by damaged PLAYER joopy123, damager ENDER_PEARL entity.ThrownEnderpearl.name and cancelled false.
[February 14, 2023 11:26:40.024AM GMT] EntityDamageByEntityEvent was triggered by damaged PLAYER joopy123, damager SPIDER Spider and cancelled false.
[February 14, 2023 11:26:40.104AM GMT] EntityDamageByEntityEvent was triggered by damaged SPIDER Spider, damager PLAYER joopy123 and cancelled false.
[February 14, 2023 11:26:41.711AM GMT] EntityDamageByEntityEvent was triggered by damaged PLAYER joopy123, damager ZOMBIE Zombie and cancelled false.
[February 14, 2023 11:26:42.531AM GMT] EntityDamageByEntityEvent was triggered by damaged PLAYER joopy123, damager CREEPER Creeper and cancelled false.
[February 14, 2023 11:26:42.533AM GMT] EntityDamageByEntityEvent was triggered by damaged ZOMBIE Zombie, damager CREEPER Creeper and cancelled false.
[February 14, 2023 11:26:43.668AM GMT] EntityDamageByEntityEvent was triggered by damaged PLAYER joopy123, damager ARROW Arrow and cancelled false.
[February 14, 2023 11:26:44.269AM GMT] EntityDamageByEntityEvent was triggered by damaged PLAYER joopy123, damager ARROW Arrow and cancelled false.
[February 14, 2023 11:26:45.274AM GMT] EntityDamageByEntityEvent was triggered by damaged SKELETON Skeleton, damager ARROW Arrow and cancelled false.
[February 14, 2023 11:26:47.279AM GMT] EntityDamageByEntityEvent was triggered by damaged PLAYER joopy123, damager ARROW Arrow and cancelled false.
[February 14, 2023 11:26:49.168AM GMT] EntityDamageByEntityEvent was triggered by damaged PLAYER joopy123, damager ARROW Arrow and cancelled false.
[February 14, 2023 11:26:50.269AM GMT] EntityDamageByEntityEvent was triggered by damaged PLAYER joopy123, damager ARROW Arrow and cancelled false.
[February 14, 2023 11:26:50.271AM GMT] EntityDamageByEntityEvent was triggered by damaged SKELETON Skeleton, damager PLAYER joopy123 and cancelled false.
[February 14, 2023 11:26:51.770AM GMT] EntityDamageByEntityEvent was triggered by damaged SKELETON Skeleton, damager PLAYER joopy123 and cancelled false.
[February 14, 2023 11:26:53.037AM GMT] EntityDamageByEntityEvent was triggered by damaged PLAYER joopy123, damager ARROW Arrow and cancelled false.
[February 14, 2023 11:26:54.700AM GMT] EntityDamageByEntityEvent was triggered by damaged PLAYER joopy123, damager ARROW Arrow and cancelled false.
[February 14, 2023 11:26:54.988AM GMT] EntityDamageByEntityEvent was triggered by damaged SKELETON Skeleton, damager PLAYER joopy123 and cancelled false.
[February 14, 2023 11:26:56.237AM GMT] EntityDamageByEntityEvent was triggered by damaged SKELETON Skeleton, damager PLAYER joopy123 and cancelled false.
[February 14, 2023 11:27:24.338AM GMT] EntityDamageByEntityEvent was triggered by damaged PLAYER joopy123, damager ENDER_PEARL entity.ThrownEnderpearl.name and cancelled false.
[February 14, 2023 11:27:46.311AM GMT] EntityDamageByEntityEvent was triggered by damaged PLAYER joopy123, damager ENDER_PEARL entity.ThrownEnderpearl.name and cancelled true.
[February 14, 2023 11:27:49.644AM GMT] EntityDamageByEntityEvent was triggered by damaged PLAYER joopy123, damager ENDER_PEARL entity.ThrownEnderpearl.name and cancelled false.
[February 14, 2023 11:28:24.499AM GMT] EntityDamageByEntityEvent was triggered by damaged PLAYER joopy123, damager ENDER_PEARL entity.ThrownEnderpearl.name and cancelled false.
[February 14, 2023 11:29:22.561AM GMT] EntityDamageByEntityEvent was triggered by damaged PLAYER joopy123, damager ENDER_PEARL entity.ThrownEnderpearl.name and cancelled false.
[February 14, 2023 19:45:53.138PM GMT] EntityDamageByEntityEvent was triggered by damaged PLAYER mosh, damager ENDER_PEARL entity.ThrownEnderpearl.name and cancelled false.
[February 14, 2023 19:45:59.331PM GMT] EntityDamageByEntityEvent was triggered by damaged PLAYER mosh, damager ENDER_PEARL entity.ThrownEnderpearl.name and cancelled false.
[February 14, 2023 19:46:12.847PM GMT] EntityDamageByEntityEvent was triggered by damaged PLAYER mosh, damager ENDER_PEARL entity.ThrownEnderpearl.name and cancelled false.
[February 14, 2023 19:46:16.185PM GMT] EntityDamageByEntityEvent was triggered by damaged PLAYER mosh, damager ENDER_PEARL entity.ThrownEnderpearl.name and cancelled true.
[February 14, 2023 19:46:24.474PM GMT] EntityDamageByEntityEvent was triggered by damaged PLAYER mosh, damager ENDER_PEARL entity.ThrownEnderpearl.name and cancelled false.
[February 14, 2023 19:46:28.395PM GMT] EntityDamageByEntityEvent was triggered by damaged PLAYER mosh, damager ENDER_PEARL entity.ThrownEnderpearl.name and cancelled false.
[February 14, 2023 19:46:31.390PM GMT] EntityDamageByEntityEvent was triggered by damaged PLAYER mosh, damager ARROW Arrow and cancelled false.
[February 14, 2023 19:46:32.593PM GMT] EntityDamageByEntityEvent was triggered by damaged PLAYER mosh, damager ARROW Arrow and cancelled false.
[February 14, 2023 19:46:34.190PM GMT] EntityDamageByEntityEvent was triggered by damaged ZOMBIE Zombie, damager ARROW Arrow and cancelled false.
[February 14, 2023 19:46:36.400PM GMT] EntityDamageByEntityEvent was triggered by damaged ZOMBIE Zombie, damager ARROW Arrow and cancelled false.
[February 14, 2023 19:46:38.390PM GMT] EntityDamageByEntityEvent was triggered by damaged ZOMBIE Zombie, damager PLAYER mosh and cancelled false.
[February 14, 2023 19:46:42.898PM GMT] EntityDamageByEntityEvent was triggered by damaged PLAYER mosh, damager ARROW Arrow and cancelled false.
[February 14, 2023 19:46:44.194PM GMT] EntityDamageByEntityEvent was triggered by damaged PLAYER mosh, damager ARROW Arrow and cancelled false.
[February 14, 2023 19:46:45.864PM GMT] EntityDamageByEntityEvent was triggered by damaged PLAYER mosh, damager ARROW Arrow and cancelled false.
[February 14, 2023 19:46:47.263PM GMT] EntityDamageByEntityEvent was triggered by damaged SKELETON Skeleton, damager PLAYER mosh and cancelled false.
[February 14, 2023 19:46:47.279PM GMT] EntityDamageByEntityEvent was triggered by damaged PLAYER mosh, damager ARROW Arrow and cancelled false.
[February 14, 2023 19:46:47.560PM GMT] EntityDamageByEntityEvent was triggered by damaged SKELETON Skeleton, damager PLAYER mosh and cancelled false.
[February 14, 2023 19:46:47.862PM GMT] EntityDamageByEntityEvent was triggered by damaged PLAYER mosh, damager ARROW Arrow and cancelled false.
[February 14, 2023 19:46:49.260PM GMT] EntityDamageByEntityEvent was triggered by damaged PLAYER mosh, damager ARROW Arrow and cancelled false.
[February 14, 2023 19:46:50.772PM GMT] EntityDamageByEntityEvent was triggered by damaged PLAYER mosh, damager ARROW Arrow and cancelled false.
[February 14, 2023 19:46:50.871PM GMT] EntityDamageByEntityEvent was triggered by damaged ZOMBIE Zombie, damager CREEPER Creeper and cancelled false.
[February 14, 2023 19:46:50.873PM GMT] EntityDamageByEntityEvent was triggered by damaged PLAYER mosh, damager CREEPER Creeper and cancelled false.
[February 14, 2023 19:46:50.874PM GMT] EntityDamageByEntityEvent was triggered by damaged SKELETON Skeleton, damager CREEPER Creeper and cancelled false.
[February 14, 2023 19:46:50.880PM GMT] EntityDamageByEntityEvent was triggered by damaged DROPPED_ITEM item.item.bone, damager CREEPER Creeper and cancelled false.
[February 14, 2023 20:17:28.308PM GMT] EntityDamageByEntityEvent was triggered by damaged PLAYER Opfire, damager ZOMBIE Zombie and cancelled true.
[February 14, 2023 20:17:29.807PM GMT] EntityDamageByEntityEvent was triggered by damaged PLAYER Opfire, damager ZOMBIE Zombie and cancelled true.
[February 14, 2023 20:17:32.679PM GMT] EntityDamageByEntityEvent was triggered by damaged PLAYER Opfire, damager ZOMBIE Zombie and cancelled true.
[February 14, 2023 20:17:35.678PM GMT] EntityDamageByEntityEvent was triggered by damaged PLAYER Opfire, damager ZOMBIE Zombie and cancelled true.
[February 14, 2023 20:17:38.079PM GMT] EntityDamageByEntityEvent was triggered by damaged PLAYER Opfire, damager ZOMBIE Zombie and cancelled true.
[February 14, 2023 20:17:38.480PM GMT] EntityDamageByEntityEvent was triggered by damaged ZOMBIE Zombie, damager PLAYER Opfire and cancelled false.
[February 14, 2023 20:17:38.678PM GMT] EntityDamageByEntityEvent was triggered by damaged ZOMBIE Zombie, damager PLAYER Opfire and cancelled false.
[February 14, 2023 20:17:42.379PM GMT] EntityDamageByEntityEvent was triggered by damaged PLAYER Opfire, damager ZOMBIE Zombie and cancelled true.
[February 14, 2023 20:17:43.682PM GMT] EntityDamageByEntityEvent was triggered by damaged PLAYER Opfire, damager ZOMBIE Zombie and cancelled true.
[February 14, 2023 20:20:50.420PM GMT] EntityDamageByEntityEvent was triggered by damaged PLAYER Opfire, damager ARROW Arrow and cancelled false.
[February 14, 2023 20:20:51.522PM GMT] EntityDamageByEntityEvent was triggered by damaged PLAYER Opfire, damager ARROW Arrow and cancelled false.
[February 14, 2023 20:20:53.020PM GMT] EntityDamageByEntityEvent was triggered by damaged PLAYER Opfire, damager ARROW Arrow and cancelled true.
[February 14, 2023 20:20:54.618PM GMT] EntityDamageByEntityEvent was triggered by damaged PLAYER Opfire, damager ARROW Arrow and cancelled true.
[February 14, 2023 20:20:56.119PM GMT] EntityDamageByEntityEvent was triggered by damaged PLAYER Opfire, damager ARROW Arrow and cancelled true.
[February 14, 2023 20:20:57.726PM GMT] EntityDamageByEntityEvent was triggered by damaged SKELETON Skeleton, damager PLAYER Opfire and cancelled false.
[February 14, 2023 20:20:57.734PM GMT] EntityDamageByEntityEvent was triggered by damaged PLAYER Opfire, damager ARROW Arrow and cancelled false.
[February 14, 2023 20:20:58.819PM GMT] EntityDamageByEntityEvent was triggered by damaged SKELETON Skeleton, damager PLAYER Opfire and cancelled false.
[February 14, 2023 20:49:40.510PM GMT] EntityDamageByEntityEvent was triggered by damaged PLAYER moo, damager ZOMBIE Zombie and cancelled true.
[February 14, 2023 20:49:44.257PM GMT] EntityDamageByEntityEvent was triggered by damaged PLAYER moo, damager ZOMBIE Zombie and cancelled true.
[February 14, 2023 20:49:46.964PM GMT] EntityDamageByEntityEvent was triggered by damaged PLAYER moo, damager ZOMBIE Zombie and cancelled true.
[February 14, 2023 20:49:48.191PM GMT] EntityDamageByEntityEvent was triggered by damaged PLAYER moo, damager ZOMBIE Zombie and cancelled true.
[February 14, 2023 20:49:49.669PM GMT] EntityDamageByEntityEvent was triggered by damaged PLAYER moo, damager ZOMBIE Zombie and cancelled true.
[February 14, 2023 20:49:49.673PM GMT] EntityDamageByEntityEvent was triggered by damaged PLAYER moo, damager ZOMBIE Zombie and cancelled true.
[February 14, 2023 20:49:51.844PM GMT] EntityDamageByEntityEvent was triggered by damaged PLAYER moo, damager ZOMBIE Zombie and cancelled true.
[February 14, 2023 20:49:51.847PM GMT] EntityDamageByEntityEvent was triggered by damaged PLAYER moo, damager ZOMBIE Zombie and cancelled true.
[February 14, 2023 20:49:54.551PM GMT] EntityDamageByEntityEvent was triggered by damaged PLAYER moo, damager ZOMBIE Zombie and cancelled true.
[February 14, 2023 20:49:54.651PM GMT] EntityDamageByEntityEvent was triggered by damaged PLAYER moo, damager ZOMBIE Zombie and cancelled true.
[February 14, 2023 20:49:57.551PM GMT] EntityDamageByEntityEvent was triggered by damaged PLAYER moo, damager ZOMBIE Zombie and cancelled true.
[February 14, 2023 20:49:57.650PM GMT] EntityDamageByEntityEvent was triggered by damaged PLAYER moo, damager ZOMBIE Zombie and cancelled true.
[February 14, 2023 20:49:58.555PM GMT] EntityDamageByEntityEvent was triggered by damaged PLAYER moo, damager ZOMBIE Zombie and cancelled true.
[February 14, 2023 20:50:00.266PM GMT] EntityDamageByEntityEvent was triggered by damaged PLAYER moo, damager ZOMBIE Zombie and cancelled true.
[February 14, 2023 20:50:00.351PM GMT] EntityDamageByEntityEvent was triggered by damaged PLAYER moo, damager ZOMBIE Zombie and cancelled true.
[February 14, 2023 20:50:01.051PM GMT] EntityDamageByEntityEvent was triggered by damaged PLAYER moo, damager ZOMBIE Zombie and cancelled true.
[February 14, 2023 20:50:03.251PM GMT] EntityDamageByEntityEvent was triggered by damaged PLAYER moo, damager ZOMBIE Zombie and cancelled true.
[February 14, 2023 20:50:03.350PM GMT] EntityDamageByEntityEvent was triggered by damaged PLAYER moo, damager ZOMBIE Zombie and cancelled true.
[February 14, 2023 20:50:04.052PM GMT] EntityDamageByEntityEvent was triggered by damaged PLAYER moo, damager ZOMBIE Zombie and cancelled true.
[February 14, 2023 20:50:06.251PM GMT] EntityDamageByEntityEvent was triggered by damaged PLAYER moo, damager ZOMBIE Zombie and cancelled true.
[February 14, 2023 20:50:06.351PM GMT] EntityDamageByEntityEvent was triggered by damaged PLAYER moo, damager ZOMBIE Zombie and cancelled true.
[February 14, 2023 20:50:07.052PM GMT] EntityDamageByEntityEvent was triggered by damaged PLAYER moo, damager ZOMBIE Zombie and cancelled true.
[February 14, 2023 20:50:08.651PM GMT] EntityDamageByEntityEvent was triggered by damaged PLAYER moo, damager ZOMBIE Zombie and cancelled true.
[February 14, 2023 20:50:08.750PM GMT] EntityDamageByEntityEvent was triggered by damaged PLAYER moo, damager ZOMBIE Zombie and cancelled true.
[February 14, 2023 20:50:09.051PM GMT] EntityDamageByEntityEvent was triggered by damaged PLAYER moo, damager ZOMBIE Zombie and cancelled true.
[February 14, 2023 20:50:09.751PM GMT] EntityDamageByEntityEvent was triggered by damaged PLAYER moo, damager ZOMBIE Zombie and cancelled true.
[February 14, 2023 20:50:09.952PM GMT] EntityDamageByEntityEvent was triggered by damaged PLAYER moo, damager ZOMBIE Zombie and cancelled true.
[February 14, 2023 20:50:10.050PM GMT] EntityDamageByEntityEvent was triggered by damaged PLAYER moo, damager ZOMBIE Zombie and cancelled true.
[February 14, 2023 20:52:09.409PM GMT] EntityDamageByEntityEvent was triggered by damaged PLAYER moo, damager ARROW Arrow and cancelled false.
[February 14, 2023 20:52:10.424PM GMT] EntityDamageByEntityEvent was triggered by damaged CREEPER Creeper, damager CREEPER Creeper and cancelled false.
[February 14, 2023 20:52:10.430PM GMT] EntityDamageByEntityEvent was triggered by damaged PLAYER moo, damager CREEPER Creeper and cancelled false.
[February 14, 2023 20:52:13.458PM GMT] EntityDamageByEntityEvent was triggered by damaged PLAYER moo, damager ARROW Arrow and cancelled false.
[February 14, 2023 20:52:13.460PM GMT] EntityDamageByEntityEvent was triggered by damaged SKELETON Skeleton, damager PLAYER moo and cancelled false.
[February 14, 2023 20:52:15.157PM GMT] EntityDamageByEntityEvent was triggered by damaged SKELETON Skeleton, damager PLAYER moo and cancelled false.
[February 14, 2023 20:52:18.999PM GMT] EntityDamageByEntityEvent was triggered by damaged ZOMBIE Zombie, damager PLAYER moo and cancelled false.
[February 14, 2023 20:52:19.699PM GMT] EntityDamageByEntityEvent was triggered by damaged ZOMBIE Zombie, damager PLAYER moo and cancelled false.
[February 14, 2023 20:52:21.101PM GMT] EntityDamageByEntityEvent was triggered by damaged CREEPER Creeper, damager PLAYER moo and cancelled false.
[February 14, 2023 20:52:21.899PM GMT] EntityDamageByEntityEvent was triggered by damaged CREEPER Creeper, damager PLAYER moo and cancelled false.
[February 14, 2023 20:52:24.525PM GMT] EntityDamageByEntityEvent was triggered by damaged SPIDER Spider, damager PLAYER moo and cancelled false.
[February 14, 2023 20:52:24.530PM GMT] EntityDamageByEntityEvent was triggered by damaged PLAYER moo, damager SPIDER Spider and cancelled false.
[February 14, 2023 20:52:25.725PM GMT] EntityDamageByEntityEvent was triggered by damaged CREEPER Creeper, damager PLAYER moo and cancelled false.
[February 14, 2023 20:52:27.027PM GMT] EntityDamageByEntityEvent was triggered by damaged CREEPER Creeper, damager PLAYER moo and cancelled false.
[February 14, 2023 20:52:27.625PM GMT] EntityDamageByEntityEvent was triggered by damaged PLAYER moo, damager SPIDER Spider and cancelled false.
[February 14, 2023 20:52:27.629PM GMT] EntityDamageByEntityEvent was triggered by damaged SPIDER Spider, damager PLAYER moo and cancelled false.
[February 14, 2023 20:52:27.725PM GMT] EntityDamageByEntityEvent was triggered by damaged SPIDER Spider, damager PLAYER moo and cancelled false.
[February 14, 2023 20:52:28.124PM GMT] EntityDamageByEntityEvent was triggered by damaged SPIDER Spider, damager PLAYER moo and cancelled false.
[February 14, 2023 20:52:28.925PM GMT] EntityDamageByEntityEvent was triggered by damaged SPIDER Spider, damager PLAYER moo and cancelled false.
[February 14, 2023 20:52:29.528PM GMT] EntityDamageByEntityEvent was triggered by damaged PLAYER moo, damager SPIDER Spider and cancelled false.
[February 14, 2023 20:52:29.535PM GMT] EntityDamageByEntityEvent was triggered by damaged SPIDER Spider, damager PLAYER moo and cancelled false.
[February 14, 2023 20:52:30.826PM GMT] EntityDamageByEntityEvent was triggered by damaged FIREBALL HolyBalls, damager ARROW Arrow and cancelled false.
[February 14, 2023 20:52:32.725PM GMT] EntityDamageByEntityEvent was triggered by damaged CREEPER Creeper, damager PLAYER moo and cancelled false.
[February 14, 2023 20:52:33.526PM GMT] EntityDamageByEntityEvent was triggered by damaged PLAYER moo, damager ARROW Arrow and cancelled false.
[February 14, 2023 20:52:33.527PM GMT] EntityDamageByEntityEvent was triggered by damaged SKELETON Skeleton, damager PLAYER moo and cancelled false.
[February 14, 2023 20:52:34.034PM GMT] EntityDamageByEntityEvent was triggered by damaged DROPPED_ITEM item.item.string, damager CREEPER Creeper and cancelled false.
[February 14, 2023 20:52:34.035PM GMT] EntityDamageByEntityEvent was triggered by damaged DROPPED_ITEM item.item.string, damager CREEPER Creeper and cancelled false.
[February 14, 2023 20:52:34.036PM GMT] EntityDamageByEntityEvent was triggered by damaged DROPPED_ITEM item.item.sulphur, damager CREEPER Creeper and cancelled false.
[February 14, 2023 20:52:34.036PM GMT] EntityDamageByEntityEvent was triggered by damaged DROPPED_ITEM item.item.spiderEye, damager CREEPER Creeper and cancelled false.
[February 14, 2023 20:52:34.527PM GMT] EntityDamageByEntityEvent was triggered by damaged PLAYER moo, damager ZOMBIE Zombie and cancelled false.
[February 14, 2023 20:52:34.531PM GMT] EntityDamageByEntityEvent was triggered by damaged ZOMBIE Zombie, damager PLAYER moo and cancelled false.
[February 14, 2023 20:52:36.425PM GMT] EntityDamageByEntityEvent was triggered by damaged ZOMBIE Zombie, damager FIREBALL HolyBalls and cancelled false.
[February 14, 2023 20:53:02.044PM GMT] EntityDamageByEntityEvent was triggered by damaged PLAYER moo, damager SPIDER Spider and cancelled false.
[February 14, 2023 20:53:02.048PM GMT] EntityDamageByEntityEvent was triggered by damaged SPIDER Spider, damager PLAYER moo and cancelled false.
[February 14, 2023 20:53:05.227PM GMT] EntityDamageByEntityEvent was triggered by damaged PLAYER moo, damager SPIDER Spider and cancelled false.
[February 14, 2023 20:53:05.229PM GMT] EntityDamageByEntityEvent was triggered by damaged SPIDER Spider, damager PLAYER moo and cancelled false.
[February 14, 2023 20:53:05.231PM GMT] EntityDamageByEntityEvent was triggered by damaged SPIDER Spider, damager PLAYER moo and cancelled false.
[February 14, 2023 20:53:10.130PM GMT] EntityDamageByEntityEvent was triggered by damaged PLAYER moo, damager SPIDER Spider and cancelled false.
[February 14, 2023 20:53:10.132PM GMT] EntityDamageByEntityEvent was triggered by damaged SPIDER Spider, damager PLAYER moo and cancelled false.
[February 14, 2023 20:53:32.327PM GMT] EntityDamageByEntityEvent was triggered by damaged PLAYER moo, damager SPIDER Spider and cancelled false.
[February 14, 2023 20:53:32.332PM GMT] EntityDamageByEntityEvent was triggered by damaged SPIDER Spider, damager PLAYER moo and cancelled false.
[February 14, 2023 20:53:36.325PM GMT] EntityDamageByEntityEvent was triggered by damaged SPIDER Spider, damager FIREBALL HolyBalls and cancelled false.
[February 14, 2023 23:12:56.409PM GMT] EntityDamageByEntityEvent was triggered by damaged PIG Pig, damager PLAYER Weather_I_Guess and cancelled false.
[February 14, 2023 23:21:32.729PM GMT] EntityDamageByEntityEvent was triggered by damaged ZOMBIE Zombie, damager ARROW Arrow and cancelled false.
[February 14, 2023 23:21:37.027PM GMT] EntityDamageByEntityEvent was triggered by damaged COW Cow, damager ARROW Arrow and cancelled false.
[February 14, 2023 23:23:41.426PM GMT] EntityDamageByEntityEvent was triggered by damaged CREEPER Creeper, damager PLAYER Weather_I_Guess and cancelled false.
[February 14, 2023 23:23:42.026PM GMT] EntityDamageByEntityEvent was triggered by damaged CREEPER Creeper, damager PLAYER Weather_I_Guess and cancelled false.
[February 14, 2023 23:23:42.240PM GMT] EntityDamageByEntityEvent was triggered by damaged PLAYER Weather_I_Guess, damager CREEPER Creeper and cancelled false.
[February 14, 2023 23:23:42.242PM GMT] EntityDamageByEntityEvent was triggered by damaged DROPPED_ITEM item.item.rottenFlesh, damager CREEPER Creeper and cancelled false.
[February 14, 2023 23:33:25.678PM GMT] EntityDamageByEntityEvent was triggered by damaged HORSE Horse, damager PLAYER Weather_I_Guess and cancelled false.
