[February 22, 2023 14:41:07.301PM GMT] EntityDamageByEntityEvent was triggered by damaged SKELETON Skeleton, damager PLAYER joopy123 and cancelled false.
[February 22, 2023 14:41:07.427PM GMT] EntityDamageByEntityEvent was triggered by damaged SKELETON Skeleton, damager PLAYER joopy123 and cancelled false.
[February 22, 2023 14:42:32.074PM GMT] EntityDamageByEntityEvent was triggered by damaged COW Cow, damager PLAYER joopy123 and cancelled false.
[February 22, 2023 14:50:06.205PM GMT] EntityDamageByEntityEvent was triggered by damaged SPIDER Spider, damager PLAYER 01000100_0100010 and cancelled false.
[February 22, 2023 14:50:07.141PM GMT] EntityDamageByEntityEvent was triggered by damaged SPIDER Spider, damager PLAYER 01000100_0100010 and cancelled false.
[February 22, 2023 14:50:07.914PM GMT] EntityDamageByEntityEvent was triggered by damaged SPIDER Spider, damager PLAYER 01000100_0100010 and cancelled false.
[February 22, 2023 15:01:47.802PM GMT] EntityDamageByEntityEvent was triggered by damaged ENDERMAN Enderman, damager PLAYER joopy123 and cancelled false.
[February 22, 2023 15:01:48.201PM GMT] EntityDamageByEntityEvent was triggered by damaged ENDERMAN Enderman, damager PLAYER joopy123 and cancelled false.
[February 22, 2023 15:01:48.501PM GMT] EntityDamageByEntityEvent was triggered by damaged ENDERMAN Enderman, damager PLAYER joopy123 and cancelled false.
[February 22, 2023 15:01:48.701PM GMT] EntityDamageByEntityEvent was triggered by damaged ENDERMAN Enderman, damager PLAYER joopy123 and cancelled false.
[February 22, 2023 15:01:49.309PM GMT] EntityDamageByEntityEvent was triggered by damaged PLAYER joopy123, damager ENDERMAN Enderman and cancelled false.
[February 22, 2023 15:01:49.503PM GMT] EntityDamageByEntityEvent was triggered by damaged ENDERMAN Enderman, damager PLAYER joopy123 and cancelled false.
[February 22, 2023 15:01:50.603PM GMT] EntityDamageByEntityEvent was triggered by damaged PLAYER joopy123, damager ENDERMAN Enderman and cancelled false.
[February 22, 2023 15:01:50.902PM GMT] EntityDamageByEntityEvent was triggered by damaged ENDERMAN Enderman, damager PLAYER joopy123 and cancelled false.
[February 22, 2023 15:01:51.101PM GMT] EntityDamageByEntityEvent was triggered by damaged ENDERMAN Enderman, damager PLAYER joopy123 and cancelled false.
[February 22, 2023 15:01:52.117PM GMT] EntityDamageByEntityEvent was triggered by damaged ENDERMAN Enderman, damager PLAYER joopy123 and cancelled false.
[February 22, 2023 15:03:20.813PM GMT] EntityDamageByEntityEvent was triggered by damaged PLAYER joopy123, damager ARROW Arrow and cancelled false.
[February 22, 2023 15:03:22.511PM GMT] EntityDamageByEntityEvent was triggered by damaged PLAYER joopy123, damager ARROW Arrow and cancelled false.
[February 22, 2023 15:07:31.776PM GMT] EntityDamageByEntityEvent was triggered by damaged COW Cow, damager PLAYER Funky and cancelled false.
[February 22, 2023 15:07:32.282PM GMT] EntityDamageByEntityEvent was triggered by damaged COW Cow, damager PLAYER Funky and cancelled false.
[February 22, 2023 15:15:07.870PM GMT] EntityDamageByEntityEvent was triggered by damaged PLAYER Funky, damager ZOMBIE Zombie and cancelled false.
[February 22, 2023 15:15:08.872PM GMT] EntityDamageByEntityEvent was triggered by damaged PLAYER Funky, damager ZOMBIE Zombie and cancelled false.
[February 22, 2023 15:15:15.800PM GMT] EntityDamageByEntityEvent was triggered by damaged PLAYER Funky, damager ARROW Arrow and cancelled false.
[February 22, 2023 15:15:15.834PM GMT] EntityDamageByEntityEvent was triggered by damaged PLAYER Funky, damager ARROW Arrow and cancelled false.
[February 22, 2023 15:15:16.940PM GMT] EntityDamageByEntityEvent was triggered by damaged PLAYER Funky, damager ZOMBIE Zombie and cancelled false.
[February 22, 2023 15:15:17.739PM GMT] EntityDamageByEntityEvent was triggered by damaged PLAYER Funky, damager ZOMBIE Zombie and cancelled false.
[February 22, 2023 15:15:18.240PM GMT] EntityDamageByEntityEvent was triggered by damaged PLAYER Funky, damager ARROW Arrow and cancelled false.
[February 22, 2023 15:15:18.345PM GMT] EntityDamageByEntityEvent was triggered by damaged PLAYER Funky, damager ZOMBIE Zombie and cancelled false.
[February 22, 2023 15:15:20.170PM GMT] EntityDamageByEntityEvent was triggered by damaged PLAYER Funky, damager ZOMBIE Zombie and cancelled false.
[February 22, 2023 15:15:20.192PM GMT] EntityDamageByEntityEvent was triggered by damaged ZOMBIE Zombie, damager ARROW Arrow and cancelled false.
[February 22, 2023 15:15:20.214PM GMT] EntityDamageByEntityEvent was triggered by damaged PLAYER Funky, damager ZOMBIE Zombie and cancelled false.
[February 22, 2023 15:15:38.218PM GMT] EntityDamageByEntityEvent was triggered by damaged PLAYER Funky, damager ZOMBIE Zombie and cancelled false.
[February 22, 2023 15:15:38.722PM GMT] EntityDamageByEntityEvent was triggered by damaged PLAYER Funky, damager ZOMBIE Zombie and cancelled false.
[February 22, 2023 15:15:39.536PM GMT] EntityDamageByEntityEvent was triggered by damaged PLAYER Funky, damager ZOMBIE Zombie and cancelled false.
[February 22, 2023 15:15:39.740PM GMT] EntityDamageByEntityEvent was triggered by damaged ZOMBIE Zombie, damager ARROW Arrow and cancelled false.
[February 22, 2023 15:15:40.948PM GMT] EntityDamageByEntityEvent was triggered by damaged ZOMBIE Zombie, damager ARROW Arrow and cancelled false.
[February 22, 2023 15:15:41.638PM GMT] EntityDamageByEntityEvent was triggered by damaged PLAYER Funky, damager ZOMBIE Zombie and cancelled false.
[February 22, 2023 15:15:42.903PM GMT] EntityDamageByEntityEvent was triggered by damaged ZOMBIE Zombie, damager ARROW Arrow and cancelled false.
[February 22, 2023 16:05:33.774PM GMT] EntityDamageByEntityEvent was triggered by damaged SKELETON Skeleton, damager PLAYER joopy123 and cancelled false.
[February 22, 2023 16:05:34.258PM GMT] EntityDamageByEntityEvent was triggered by damaged SKELETON Skeleton, damager PLAYER joopy123 and cancelled false.
[February 22, 2023 16:05:36.759PM GMT] EntityDamageByEntityEvent was triggered by damaged SKELETON Skeleton, damager PLAYER joopy123 and cancelled false.
[February 22, 2023 16:05:37.264PM GMT] EntityDamageByEntityEvent was triggered by damaged SKELETON Skeleton, damager PLAYER joopy123 and cancelled false.
[February 22, 2023 16:05:40.563PM GMT] EntityDamageByEntityEvent was triggered by damaged PLAYER joopy123, damager ZOMBIE Zombie and cancelled false.
[February 22, 2023 16:05:40.659PM GMT] EntityDamageByEntityEvent was triggered by damaged ZOMBIE Zombie, damager PLAYER joopy123 and cancelled false.
[February 22, 2023 16:05:43.270PM GMT] EntityDamageByEntityEvent was triggered by damaged PLAYER joopy123, damager ZOMBIE Zombie and cancelled false.
[February 22, 2023 16:05:46.041PM GMT] EntityDamageByEntityEvent was triggered by damaged PLAYER joopy123, damager ZOMBIE Zombie and cancelled false.
[February 22, 2023 16:05:47.341PM GMT] EntityDamageByEntityEvent was triggered by damaged ZOMBIE Zombie, damager PLAYER joopy123 and cancelled false.
[February 22, 2023 16:06:08.637PM GMT] EntityDamageByEntityEvent was triggered by damaged SPIDER Spider, damager PLAYER joopy123 and cancelled false.
[February 22, 2023 16:06:08.642PM GMT] EntityDamageByEntityEvent was triggered by damaged PLAYER joopy123, damager SPIDER Spider and cancelled false.
[February 22, 2023 16:06:10.336PM GMT] EntityDamageByEntityEvent was triggered by damaged SPIDER Spider, damager PLAYER joopy123 and cancelled false.
[February 22, 2023 16:06:10.537PM GMT] EntityDamageByEntityEvent was triggered by damaged SPIDER Spider, damager PLAYER joopy123 and cancelled false.
[February 22, 2023 16:06:16.787PM GMT] EntityDamageByEntityEvent was triggered by damaged SPIDER Spider, damager PLAYER joopy123 and cancelled false.
[February 22, 2023 16:06:54.180PM GMT] EntityDamageByEntityEvent was triggered by damaged PLAYER PowderDealer, damager PLAYER joopy123 and cancelled true.
[February 22, 2023 16:06:54.807PM GMT] EntityDamageByEntityEvent was triggered by damaged PLAYER PowderDealer, damager PLAYER joopy123 and cancelled true.
[February 22, 2023 16:06:59.036PM GMT] EntityDamageByEntityEvent was triggered by damaged PLAYER PowderDealer, damager PLAYER joopy123 and cancelled true.
[February 22, 2023 16:06:59.737PM GMT] EntityDamageByEntityEvent was triggered by damaged PLAYER PowderDealer, damager PLAYER joopy123 and cancelled true.
[February 22, 2023 16:07:00.236PM GMT] EntityDamageByEntityEvent was triggered by damaged PLAYER PowderDealer, damager PLAYER joopy123 and cancelled true.
[February 22, 2023 16:07:00.837PM GMT] EntityDamageByEntityEvent was triggered by damaged PLAYER PowderDealer, damager PLAYER joopy123 and cancelled true.
[February 22, 2023 16:07:27.887PM GMT] PlayerPreTagEvent was triggered on {player_name} by {enemy_name} with type PLAYER, reason ATTACKER, and cancelled false.
[February 22, 2023 16:07:27.915PM GMT] PlayerTagEvent was triggered on {player_name} by {enemy_name} with type PLAYER and reason ATTACKER.
[February 22, 2023 16:07:27.929PM GMT] PlayerPreTagEvent was triggered on {player_name} by {enemy_name} with type PLAYER, reason ATTACKED, and cancelled false.
[February 22, 2023 16:07:27.931PM GMT] PlayerTagEvent was triggered on {player_name} by {enemy_name} with type PLAYER and reason ATTACKED.
[February 22, 2023 16:07:27.936PM GMT] EntityDamageByEntityEvent was triggered by damaged PLAYER matt____, damager PLAYER joopy123 and cancelled false.
[February 22, 2023 16:07:27.990PM GMT] PlayerPreTagEvent was triggered on {player_name} by {enemy_name} with type PLAYER, reason ATTACKER, and cancelled false.
[February 22, 2023 16:07:27.991PM GMT] PlayerReTagEvent was triggered on {player_name} by {enemy_name} with type PLAYER and reason ATTACKER.
[February 22, 2023 16:07:27.991PM GMT] PlayerPreTagEvent was triggered on {player_name} by {enemy_name} with type PLAYER, reason ATTACKED, and cancelled false.
[February 22, 2023 16:07:27.992PM GMT] PlayerReTagEvent was triggered on {player_name} by {enemy_name} with type PLAYER and reason ATTACKED.
[February 22, 2023 16:07:27.992PM GMT] EntityDamageByEntityEvent was triggered by damaged PLAYER matt____, damager PLAYER joopy123 and cancelled false.
[February 22, 2023 16:07:34.537PM GMT] PlayerPreTagEvent was triggered on {player_name} by {enemy_name} with type PLAYER, reason ATTACKER, and cancelled false.
[February 22, 2023 16:07:34.551PM GMT] PlayerReTagEvent was triggered on {player_name} by {enemy_name} with type PLAYER and reason ATTACKER.
[February 22, 2023 16:07:34.553PM GMT] PlayerPreTagEvent was triggered on {player_name} by {enemy_name} with type PLAYER, reason ATTACKED, and cancelled false.
[February 22, 2023 16:07:34.554PM GMT] PlayerReTagEvent was triggered on {player_name} by {enemy_name} with type PLAYER and reason ATTACKED.
[February 22, 2023 16:07:34.555PM GMT] EntityDamageByEntityEvent was triggered by damaged PLAYER matt____, damager PLAYER joopy123 and cancelled false.
[February 22, 2023 16:07:44.550PM GMT] PlayerUntagEvent was triggered on {player_name} with reason {untag_reason} and expire set to {was_expire}.
[February 22, 2023 16:07:44.552PM GMT] PlayerUntagEvent was triggered on {player_name} with reason EXPIRE and expire set to true.
[February 22, 2023 16:07:45.054PM GMT] PlayerUntagEvent was triggered on {player_name} with reason {untag_reason} and expire set to {was_expire}.
[February 22, 2023 16:07:45.055PM GMT] PlayerUntagEvent was triggered on {player_name} with reason EXPIRE and expire set to true.
[February 22, 2023 16:07:45.543PM GMT] PlayerPreTagEvent was triggered on {player_name} by {enemy_name} with type PLAYER, reason ATTACKER, and cancelled false.
[February 22, 2023 16:07:45.544PM GMT] PlayerTagEvent was triggered on {player_name} by {enemy_name} with type PLAYER and reason ATTACKER.
[February 22, 2023 16:07:45.545PM GMT] PlayerPreTagEvent was triggered on {player_name} by {enemy_name} with type PLAYER, reason ATTACKED, and cancelled false.
[February 22, 2023 16:07:45.545PM GMT] PlayerTagEvent was triggered on {player_name} by {enemy_name} with type PLAYER and reason ATTACKED.
[February 22, 2023 16:07:45.546PM GMT] EntityDamageByEntityEvent was triggered by damaged PLAYER matt____, damager PLAYER joopy123 and cancelled false.
[February 22, 2023 16:07:45.635PM GMT] PlayerUntagEvent was triggered on {player_name} with reason {untag_reason} and expire set to {was_expire}.
[February 22, 2023 16:07:45.636PM GMT] PlayerUntagEvent was triggered on {player_name} with reason ENEMY_DEATH and expire set to true.
[February 22, 2023 16:07:45.638PM GMT] PlayerUntagEvent was triggered on {player_name} with reason {untag_reason} and expire set to {was_expire}.
[February 22, 2023 16:07:45.638PM GMT] PlayerUntagEvent was triggered on {player_name} with reason SELF_DEATH and expire set to true.
[February 22, 2023 16:07:53.235PM GMT] EntityDamageByEntityEvent was triggered by damaged VILLAGER §a§6§lMr. Fisher, damager PLAYER matt____ and cancelled true.
[February 22, 2023 16:08:05.257PM GMT] EntityDamageByEntityEvent was triggered by damaged SKELETON Skeleton, damager PLAYER joopy123 and cancelled false.
[February 22, 2023 16:08:05.757PM GMT] EntityDamageByEntityEvent was triggered by damaged SKELETON Skeleton, damager PLAYER joopy123 and cancelled false.
[February 22, 2023 16:08:05.957PM GMT] EntityDamageByEntityEvent was triggered by damaged SKELETON Skeleton, damager PLAYER joopy123 and cancelled false.
[February 22, 2023 16:08:06.256PM GMT] EntityDamageByEntityEvent was triggered by damaged ZOMBIE Zombie, damager PLAYER joopy123 and cancelled false.
[February 22, 2023 16:08:07.157PM GMT] EntityDamageByEntityEvent was triggered by damaged ZOMBIE Zombie, damager PLAYER joopy123 and cancelled false.
[February 22, 2023 16:08:08.059PM GMT] EntityDamageByEntityEvent was triggered by damaged ZOMBIE Zombie, damager ARROW Arrow and cancelled false.
[February 22, 2023 16:08:08.459PM GMT] EntityDamageByEntityEvent was triggered by damaged ZOMBIE Zombie, damager PLAYER joopy123 and cancelled false.
[February 22, 2023 16:08:09.858PM GMT] EntityDamageByEntityEvent was triggered by damaged PLAYER joopy123, damager ARROW Arrow and cancelled false.
[February 22, 2023 16:08:11.067PM GMT] EntityDamageByEntityEvent was triggered by damaged SKELETON Skeleton, damager CREEPER Creeper and cancelled false.
[February 22, 2023 16:08:11.513PM GMT] EntityDamageByEntityEvent was triggered by damaged PLAYER joopy123, damager ARROW Arrow and cancelled false.
[February 22, 2023 16:08:14.606PM GMT] EntityDamageByEntityEvent was triggered by damaged SKELETON Skeleton, damager PLAYER joopy123 and cancelled false.
[February 22, 2023 16:08:15.006PM GMT] EntityDamageByEntityEvent was triggered by damaged SKELETON Skeleton, damager PLAYER joopy123 and cancelled false.
[February 22, 2023 16:08:20.959PM GMT] EntityDamageByEntityEvent was triggered by damaged PLAYER joopy123, damager ZOMBIE Zombie and cancelled false.
[February 22, 2023 16:08:22.976PM GMT] EntityDamageByEntityEvent was triggered by damaged PLAYER joopy123, damager ZOMBIE Zombie and cancelled false.
[February 22, 2023 16:08:23.156PM GMT] EntityDamageByEntityEvent was triggered by damaged ZOMBIE Zombie, damager PLAYER joopy123 and cancelled false.
[February 22, 2023 16:08:24.659PM GMT] EntityDamageByEntityEvent was triggered by damaged PLAYER joopy123, damager ZOMBIE Zombie and cancelled false.
[February 22, 2023 16:08:25.757PM GMT] EntityDamageByEntityEvent was triggered by damaged ZOMBIE Zombie, damager PLAYER joopy123 and cancelled false.
[February 22, 2023 16:08:57.166PM GMT] EntityDamageByEntityEvent was triggered by damaged SKELETON Skeleton, damager PLAYER joopy123 and cancelled false.
[February 22, 2023 16:08:58.767PM GMT] EntityDamageByEntityEvent was triggered by damaged SKELETON Skeleton, damager PLAYER joopy123 and cancelled false.
[February 22, 2023 16:09:00.969PM GMT] EntityDamageByEntityEvent was triggered by damaged SKELETON Skeleton, damager PLAYER joopy123 and cancelled false.
[February 22, 2023 16:11:52.170PM GMT] EntityDamageByEntityEvent was triggered by damaged HORSE Horse, damager PLAYER joopy123 and cancelled false.
[February 22, 2023 16:11:52.672PM GMT] EntityDamageByEntityEvent was triggered by damaged HORSE Horse, damager PLAYER joopy123 and cancelled false.
[February 22, 2023 16:11:54.275PM GMT] EntityDamageByEntityEvent was triggered by damaged HORSE Horse, damager PLAYER joopy123 and cancelled false.
[February 22, 2023 16:11:56.882PM GMT] EntityDamageByEntityEvent was triggered by damaged CREEPER Creeper, damager CREEPER Creeper and cancelled false.
[February 22, 2023 16:11:56.884PM GMT] EntityDamageByEntityEvent was triggered by damaged CREEPER Creeper, damager CREEPER Creeper and cancelled false.
[February 22, 2023 16:11:56.887PM GMT] EntityDamageByEntityEvent was triggered by damaged PLAYER matt____, damager CREEPER Creeper and cancelled false.
[February 22, 2023 16:11:57.135PM GMT] EntityDamageByEntityEvent was triggered by damaged DROPPED_ITEM item.tile.dirt.default, damager CREEPER Creeper and cancelled false.
[February 22, 2023 16:11:57.136PM GMT] EntityDamageByEntityEvent was triggered by damaged DROPPED_ITEM item.tile.dirt.default, damager CREEPER Creeper and cancelled false.
[February 22, 2023 16:11:57.137PM GMT] EntityDamageByEntityEvent was triggered by damaged DROPPED_ITEM item.tile.dirt.default, damager CREEPER Creeper and cancelled false.
[February 22, 2023 16:11:57.140PM GMT] EntityDamageByEntityEvent was triggered by damaged DROPPED_ITEM item.tile.dirt.default, damager CREEPER Creeper and cancelled false.
[February 22, 2023 16:11:57.140PM GMT] EntityDamageByEntityEvent was triggered by damaged DROPPED_ITEM item.tile.dirt.default, damager CREEPER Creeper and cancelled false.
[February 22, 2023 16:11:57.141PM GMT] EntityDamageByEntityEvent was triggered by damaged DROPPED_ITEM item.tile.dirt.default, damager CREEPER Creeper and cancelled false.
[February 22, 2023 16:11:57.142PM GMT] EntityDamageByEntityEvent was triggered by damaged DROPPED_ITEM item.tile.dirt.default, damager CREEPER Creeper and cancelled false.
[February 22, 2023 16:11:57.142PM GMT] EntityDamageByEntityEvent was triggered by damaged DROPPED_ITEM item.tile.dirt.default, damager CREEPER Creeper and cancelled false.
[February 22, 2023 16:11:57.143PM GMT] EntityDamageByEntityEvent was triggered by damaged DROPPED_ITEM item.tile.dirt.default, damager CREEPER Creeper and cancelled false.
[February 22, 2023 16:11:57.144PM GMT] EntityDamageByEntityEvent was triggered by damaged DROPPED_ITEM item.tile.dirt.default, damager CREEPER Creeper and cancelled false.
[February 22, 2023 16:11:57.145PM GMT] EntityDamageByEntityEvent was triggered by damaged DROPPED_ITEM item.tile.dirt.default, damager CREEPER Creeper and cancelled false.
[February 22, 2023 16:11:57.146PM GMT] EntityDamageByEntityEvent was triggered by damaged DROPPED_ITEM item.tile.dirt.default, damager CREEPER Creeper and cancelled false.
[February 22, 2023 16:11:57.792PM GMT] EntityDamageByEntityEvent was triggered by damaged PLAYER matt____, damager CREEPER Creeper and cancelled false.
[February 22, 2023 16:12:01.278PM GMT] EntityDamageByEntityEvent was triggered by damaged HORSE Horse, damager PLAYER joopy123 and cancelled false.
[February 22, 2023 16:12:02.778PM GMT] EntityDamageByEntityEvent was triggered by damaged HORSE Horse, damager PLAYER joopy123 and cancelled false.
[February 22, 2023 16:12:03.077PM GMT] EntityDamageByEntityEvent was triggered by damaged SQUID Squid, damager PLAYER joopy123 and cancelled false.
[February 22, 2023 16:12:31.552PM GMT] EntityDamageByEntityEvent was triggered by damaged COW Cow, damager PLAYER joopy123 and cancelled false.
[February 22, 2023 16:12:31.851PM GMT] EntityDamageByEntityEvent was triggered by damaged COW Cow, damager PLAYER joopy123 and cancelled false.
[February 22, 2023 16:15:51.635PM GMT] EntityDamageByEntityEvent was triggered by damaged COW Cow, damager PLAYER joopy123 and cancelled false.
[February 22, 2023 16:15:52.235PM GMT] EntityDamageByEntityEvent was triggered by damaged HORSE Horse, damager PLAYER joopy123 and cancelled false.
[February 22, 2023 16:38:21.552PM GMT] EntityDamageByEntityEvent was triggered by damaged PIG Pig, damager PLAYER joopy123 and cancelled false.
[February 22, 2023 16:38:48.901PM GMT] EntityDamageByEntityEvent was triggered by damaged PIG Pig, damager PLAYER joopy123 and cancelled false.
[February 22, 2023 16:49:50.948PM GMT] EntityDamageByEntityEvent was triggered by damaged SKELETON Skeleton, damager PLAYER joopy123 and cancelled false.
[February 22, 2023 16:49:58.054PM GMT] EntityDamageByEntityEvent was triggered by damaged PLAYER joopy123, damager ARROW Arrow and cancelled false.
[February 22, 2023 16:49:59.348PM GMT] EntityDamageByEntityEvent was triggered by damaged SKELETON Skeleton, damager PLAYER joopy123 and cancelled false.
[February 22, 2023 16:50:00.550PM GMT] EntityDamageByEntityEvent was triggered by damaged PLAYER joopy123, damager ARROW Arrow and cancelled false.
[February 22, 2023 16:50:06.098PM GMT] EntityDamageByEntityEvent was triggered by damaged SKELETON Skeleton, damager PLAYER joopy123 and cancelled false.
