[February 23, 2023 13:03:09.345PM GMT] EntityDamageByEntityEvent was triggered by damaged PLAYER PowderDealer, damager CREEPER Creeper and cancelled false.
[February 23, 2023 13:22:31.962PM GMT] EntityDamageByEntityEvent was triggered by damaged COW Cow, damager PLAYER Dripz_ and cancelled false.
[February 23, 2023 13:22:33.058PM GMT] EntityDamageByEntityEvent was triggered by damaged COW Cow, damager PLAYER Dripz_ and cancelled false.
[February 23, 2023 13:22:34.858PM GMT] EntityDamageByEntityEvent was triggered by damaged COW Cow, damager PLAYER Dripz_ and cancelled false.
[February 23, 2023 13:22:37.558PM GMT] EntityDamageByEntityEvent was triggered by damaged COW Cow, damager PLAYER Dripz_ and cancelled false.
[February 23, 2023 13:22:38.159PM GMT] EntityDamageByEntityEvent was triggered by damaged COW Cow, damager PLAYER Dripz_ and cancelled false.
[February 23, 2023 13:22:42.658PM GMT] EntityDamageByEntityEvent was triggered by damaged COW Cow, damager PLAYER Dripz_ and cancelled false.
[February 23, 2023 13:22:46.359PM GMT] EntityDamageByEntityEvent was triggered by damaged COW Cow, damager PLAYER Dripz_ and cancelled false.
[February 23, 2023 13:22:47.258PM GMT] EntityDamageByEntityEvent was triggered by damaged COW Cow, damager PLAYER Dripz_ and cancelled false.
[February 23, 2023 13:23:04.121PM GMT] EntityDamageByEntityEvent was triggered by damaged CHICKEN Chicken, damager PLAYER Dripz_ and cancelled false.
[February 23, 2023 13:23:07.126PM GMT] EntityDamageByEntityEvent was triggered by damaged CHICKEN Chicken, damager PLAYER Dripz_ and cancelled false.
[February 23, 2023 13:23:14.309PM GMT] EntityDamageByEntityEvent was triggered by damaged CHICKEN Chicken, damager PLAYER Dripz_ and cancelled false.
[February 23, 2023 13:24:04.821PM GMT] EntityDamageByEntityEvent was triggered by damaged PLAYER Dripz_, damager ZOMBIE Zombie and cancelled false.
[February 23, 2023 13:24:49.147PM GMT] EntityDamageByEntityEvent was triggered by damaged PLAYER Dripz_, damager ZOMBIE Zombie and cancelled false.
[February 23, 2023 13:24:52.246PM GMT] EntityDamageByEntityEvent was triggered by damaged PLAYER Dripz_, damager ZOMBIE Zombie and cancelled false.
[February 23, 2023 13:24:54.952PM GMT] EntityDamageByEntityEvent was triggered by damaged PLAYER Dripz_, damager ZOMBIE Zombie and cancelled false.
[February 23, 2023 13:24:56.347PM GMT] EntityDamageByEntityEvent was triggered by damaged PLAYER Dripz_, damager ZOMBIE Zombie and cancelled false.
[February 23, 2023 13:25:17.962PM GMT] EntityDamageByEntityEvent was triggered by damaged ZOMBIE Zombie, damager ARROW Arrow and cancelled false.
[February 23, 2023 14:07:57.245PM GMT] EntityDamageByEntityEvent was triggered by damaged PLAYER IM_THE_GOAT, damager SPIDER Spider and cancelled false.
[February 23, 2023 14:07:58.639PM GMT] EntityDamageByEntityEvent was triggered by damaged PLAYER IM_THE_GOAT, damager SPIDER Spider and cancelled false.
[February 23, 2023 14:08:02.540PM GMT] EntityDamageByEntityEvent was triggered by damaged PLAYER IM_THE_GOAT, damager SPIDER Spider and cancelled false.
[February 23, 2023 15:28:08.265PM GMT] EntityDamageByEntityEvent was triggered by damaged PLAYER matt____, damager ARROW Arrow and cancelled false.
[February 23, 2023 15:28:08.445PM GMT] EntityDamageByEntityEvent was triggered by damaged SKELETON Skeleton, damager ARROW Arrow and cancelled false.
[February 23, 2023 15:28:09.147PM GMT] EntityDamageByEntityEvent was triggered by damaged PLAYER matt____, damager ZOMBIE Zombie and cancelled false.
[February 23, 2023 15:28:10.046PM GMT] EntityDamageByEntityEvent was triggered by damaged PLAYER matt____, damager ARROW Arrow and cancelled false.
[February 23, 2023 15:28:51.101PM GMT] EntityDamageByEntityEvent was triggered by damaged PLAYER matt____, damager CREEPER Creeper and cancelled false.
[February 23, 2023 15:29:54.897PM GMT] EntityDamageByEntityEvent was triggered by damaged PLAYER matt____, damager ARROW Arrow and cancelled false.
[February 23, 2023 15:30:20.181PM GMT] EntityDamageByEntityEvent was triggered by damaged PLAYER matt____, damager ZOMBIE Zombie and cancelled false.
[February 23, 2023 15:30:20.382PM GMT] EntityDamageByEntityEvent was triggered by damaged ZOMBIE Zombie, damager PLAYER matt____ and cancelled false.
[February 23, 2023 15:30:22.483PM GMT] EntityDamageByEntityEvent was triggered by damaged PLAYER matt____, damager ZOMBIE Zombie and cancelled false.
[February 23, 2023 15:30:22.580PM GMT] EntityDamageByEntityEvent was triggered by damaged ZOMBIE Zombie, damager PLAYER matt____ and cancelled false.
[February 23, 2023 15:30:26.098PM GMT] EntityDamageByEntityEvent was triggered by damaged ZOMBIE Zombie, damager CREEPER Creeper and cancelled false.
[February 23, 2023 15:30:26.101PM GMT] EntityDamageByEntityEvent was triggered by damaged PLAYER matt____, damager CREEPER Creeper and cancelled false.
[February 23, 2023 15:30:48.087PM GMT] EntityDamageByEntityEvent was triggered by damaged PLAYER matt____, damager CREEPER Creeper and cancelled false.
[February 23, 2023 18:33:33.210PM GMT] EntityDamageByEntityEvent was triggered by damaged SHEEP Sheep, damager PLAYER matt____ and cancelled false.
[February 23, 2023 18:33:33.711PM GMT] EntityDamageByEntityEvent was triggered by damaged SHEEP Sheep, damager PLAYER matt____ and cancelled false.
[February 23, 2023 18:33:48.906PM GMT] EntityDamageByEntityEvent was triggered by damaged SHEEP Sheep, damager PLAYER matt____ and cancelled false.
[February 23, 2023 18:33:49.403PM GMT] EntityDamageByEntityEvent was triggered by damaged SHEEP Sheep, damager PLAYER matt____ and cancelled false.
[February 23, 2023 18:45:53.201PM GMT] EntityDamageByEntityEvent was triggered by damaged SKELETON Skeleton, damager PLAYER monkey_fucker69 and cancelled false.
[February 23, 2023 18:45:53.282PM GMT] EntityDamageByEntityEvent was triggered by damaged SKELETON Skeleton, damager PLAYER monkey_fucker69 and cancelled false.
[February 23, 2023 18:45:54.282PM GMT] EntityDamageByEntityEvent was triggered by damaged SKELETON Skeleton, damager PLAYER monkey_fucker69 and cancelled false.
[February 23, 2023 18:45:58.082PM GMT] EntityDamageByEntityEvent was triggered by damaged SKELETON Skeleton, damager PLAYER monkey_fucker69 and cancelled false.
[February 23, 2023 18:45:59.085PM GMT] EntityDamageByEntityEvent was triggered by damaged PLAYER monkey_fucker69, damager ARROW Arrow and cancelled false.
[February 23, 2023 18:46:00.484PM GMT] EntityDamageByEntityEvent was triggered by damaged PLAYER monkey_fucker69, damager ARROW Arrow and cancelled false.
[February 23, 2023 18:46:00.582PM GMT] EntityDamageByEntityEvent was triggered by damaged SKELETON Skeleton, damager PLAYER monkey_fucker69 and cancelled false.
[February 23, 2023 18:46:01.585PM GMT] EntityDamageByEntityEvent was triggered by damaged PLAYER monkey_fucker69, damager ARROW Arrow and cancelled false.
[February 23, 2023 18:46:01.682PM GMT] EntityDamageByEntityEvent was triggered by damaged SKELETON Skeleton, damager PLAYER monkey_fucker69 and cancelled false.
[February 23, 2023 18:46:02.183PM GMT] EntityDamageByEntityEvent was triggered by damaged SKELETON Skeleton, damager PLAYER monkey_fucker69 and cancelled false.
[February 23, 2023 18:46:02.885PM GMT] EntityDamageByEntityEvent was triggered by damaged PLAYER monkey_fucker69, damager ARROW Arrow and cancelled false.
[February 23, 2023 18:46:03.082PM GMT] EntityDamageByEntityEvent was triggered by damaged SKELETON Skeleton, damager PLAYER monkey_fucker69 and cancelled false.
[February 23, 2023 18:46:03.982PM GMT] EntityDamageByEntityEvent was triggered by damaged SKELETON Skeleton, damager PLAYER monkey_fucker69 and cancelled false.
[February 23, 2023 18:46:04.184PM GMT] EntityDamageByEntityEvent was triggered by damaged PLAYER monkey_fucker69, damager ARROW Arrow and cancelled false.
[February 23, 2023 18:46:04.482PM GMT] EntityDamageByEntityEvent was triggered by damaged SKELETON Skeleton, damager PLAYER monkey_fucker69 and cancelled false.
[February 23, 2023 18:46:04.685PM GMT] EntityDamageByEntityEvent was triggered by damaged SKELETON Skeleton, damager PLAYER monkey_fucker69 and cancelled false.
[February 23, 2023 18:46:04.982PM GMT] EntityDamageByEntityEvent was triggered by damaged SKELETON Skeleton, damager PLAYER monkey_fucker69 and cancelled false.
[February 23, 2023 18:46:05.483PM GMT] EntityDamageByEntityEvent was triggered by damaged PLAYER monkey_fucker69, damager ARROW Arrow and cancelled false.
[February 23, 2023 18:46:05.582PM GMT] EntityDamageByEntityEvent was triggered by damaged SKELETON Skeleton, damager PLAYER monkey_fucker69 and cancelled false.
[February 23, 2023 18:46:05.982PM GMT] EntityDamageByEntityEvent was triggered by damaged SKELETON Skeleton, damager PLAYER monkey_fucker69 and cancelled false.
[February 23, 2023 18:46:06.182PM GMT] EntityDamageByEntityEvent was triggered by damaged SKELETON Skeleton, damager PLAYER monkey_fucker69 and cancelled false.
[February 23, 2023 18:46:06.585PM GMT] EntityDamageByEntityEvent was triggered by damaged PLAYER monkey_fucker69, damager ARROW Arrow and cancelled false.
[February 23, 2023 18:46:06.782PM GMT] EntityDamageByEntityEvent was triggered by damaged SKELETON Skeleton, damager PLAYER monkey_fucker69 and cancelled false.
[February 23, 2023 18:46:07.082PM GMT] EntityDamageByEntityEvent was triggered by damaged SKELETON Skeleton, damager PLAYER monkey_fucker69 and cancelled false.
[February 23, 2023 18:46:07.282PM GMT] EntityDamageByEntityEvent was triggered by damaged SKELETON Skeleton, damager PLAYER monkey_fucker69 and cancelled false.
[February 23, 2023 18:46:07.685PM GMT] EntityDamageByEntityEvent was triggered by damaged PLAYER monkey_fucker69, damager ARROW Arrow and cancelled false.
[February 23, 2023 18:46:07.782PM GMT] EntityDamageByEntityEvent was triggered by damaged SKELETON Skeleton, damager PLAYER monkey_fucker69 and cancelled false.
[February 23, 2023 18:46:08.682PM GMT] EntityDamageByEntityEvent was triggered by damaged SKELETON Skeleton, damager PLAYER monkey_fucker69 and cancelled false.
[February 23, 2023 18:46:09.083PM GMT] EntityDamageByEntityEvent was triggered by damaged PLAYER monkey_fucker69, damager ARROW Arrow and cancelled false.
[February 23, 2023 18:46:09.282PM GMT] EntityDamageByEntityEvent was triggered by damaged SKELETON Skeleton, damager PLAYER monkey_fucker69 and cancelled false.
[February 23, 2023 18:47:13.833PM GMT] EntityDamageByEntityEvent was triggered by damaged WITCH Witch, damager PLAYER monkey_fucker69 and cancelled false.
[February 23, 2023 18:47:14.332PM GMT] EntityDamageByEntityEvent was triggered by damaged WITCH Witch, damager PLAYER monkey_fucker69 and cancelled false.
[February 23, 2023 18:48:25.733PM GMT] EntityDamageByEntityEvent was triggered by damaged ZOMBIE Zombie, damager PLAYER matt____ and cancelled false.
[February 23, 2023 18:48:27.632PM GMT] EntityDamageByEntityEvent was triggered by damaged ZOMBIE Zombie, damager PLAYER matt____ and cancelled false.
[February 23, 2023 18:48:31.432PM GMT] EntityDamageByEntityEvent was triggered by damaged ZOMBIE Zombie, damager PLAYER matt____ and cancelled false.
[February 23, 2023 18:48:34.332PM GMT] EntityDamageByEntityEvent was triggered by damaged ZOMBIE Zombie, damager PLAYER matt____ and cancelled false.
[February 23, 2023 18:48:40.633PM GMT] EntityDamageByEntityEvent was triggered by damaged PLAYER matt____, damager ZOMBIE Zombie and cancelled false.
[February 23, 2023 18:48:41.933PM GMT] EntityDamageByEntityEvent was triggered by damaged PLAYER matt____, damager ZOMBIE Zombie and cancelled false.
[February 23, 2023 19:26:04.062PM GMT] EntityDamageByEntityEvent was triggered by damaged COW Cow, damager PLAYER nicker and cancelled false.
[February 23, 2023 19:26:04.217PM GMT] EntityDamageByEntityEvent was triggered by damaged COW Cow, damager PLAYER nicker and cancelled false.
[February 23, 2023 19:26:04.566PM GMT] EntityDamageByEntityEvent was triggered by damaged COW Cow, damager PLAYER nicker and cancelled false.
[February 23, 2023 19:26:04.717PM GMT] EntityDamageByEntityEvent was triggered by damaged COW Cow, damager PLAYER nicker and cancelled false.
[February 23, 2023 19:26:10.796PM GMT] EntityDamageByEntityEvent was triggered by damaged COW Cow, damager PLAYER nicker and cancelled false.
[February 23, 2023 19:26:11.381PM GMT] EntityDamageByEntityEvent was triggered by damaged COW Cow, damager PLAYER nicker and cancelled false.
[February 23, 2023 19:26:11.780PM GMT] EntityDamageByEntityEvent was triggered by damaged COW Cow, damager PLAYER nicker and cancelled false.
[February 23, 2023 19:26:11.879PM GMT] EntityDamageByEntityEvent was triggered by damaged COW Cow, damager PLAYER nicker and cancelled false.
[February 23, 2023 19:26:12.380PM GMT] EntityDamageByEntityEvent was triggered by damaged COW Cow, damager PLAYER nicker and cancelled false.
[February 23, 2023 19:26:12.580PM GMT] EntityDamageByEntityEvent was triggered by damaged COW Cow, damager PLAYER nicker and cancelled false.
[February 23, 2023 19:26:13.080PM GMT] EntityDamageByEntityEvent was triggered by damaged COW Cow, damager PLAYER nicker and cancelled false.
[February 23, 2023 19:26:15.930PM GMT] EntityDamageByEntityEvent was triggered by damaged COW Cow, damager PLAYER nicker and cancelled false.
[February 23, 2023 21:04:00.086PM GMT] PlayerPreTagEvent was triggered on {player_name} by {enemy_name} with type PLAYER, reason ATTACKER, and cancelled false.
[February 23, 2023 21:04:00.093PM GMT] PlayerTagEvent was triggered on {player_name} by {enemy_name} with type PLAYER and reason ATTACKER.
[February 23, 2023 21:04:00.099PM GMT] PlayerPreTagEvent was triggered on {player_name} by {enemy_name} with type PLAYER, reason ATTACKED, and cancelled false.
[February 23, 2023 21:04:00.100PM GMT] PlayerTagEvent was triggered on {player_name} by {enemy_name} with type PLAYER and reason ATTACKED.
[February 23, 2023 21:04:00.101PM GMT] EntityDamageByEntityEvent was triggered by damaged PLAYER IM_THE_GOAT1, damager PLAYER DarkKnight and cancelled false.
[February 23, 2023 21:04:01.929PM GMT] PlayerUntagEvent was triggered on {player_name} with reason {untag_reason} and expire set to {was_expire}.
[February 23, 2023 21:04:01.931PM GMT] PlayerUntagEvent was triggered on {player_name} with reason SELF_DEATH and expire set to true.
[February 23, 2023 21:04:01.933PM GMT] PlayerUntagEvent was triggered on {player_name} with reason {untag_reason} and expire set to {was_expire}.
[February 23, 2023 21:04:01.933PM GMT] PlayerUntagEvent was triggered on {player_name} with reason ENEMY_DEATH and expire set to true.
[February 23, 2023 21:04:55.306PM GMT] EntityDamageByEntityEvent was triggered by damaged PLAYER IM_THE_GOAT1, damager ARROW Arrow and cancelled false.
[February 23, 2023 21:04:56.805PM GMT] EntityDamageByEntityEvent was triggered by damaged PLAYER IM_THE_GOAT1, damager ARROW Arrow and cancelled false.
[February 23, 2023 21:04:58.404PM GMT] EntityDamageByEntityEvent was triggered by damaged PLAYER IM_THE_GOAT1, damager ARROW Arrow and cancelled false.
[February 23, 2023 21:05:00.305PM GMT] EntityDamageByEntityEvent was triggered by damaged PLAYER IM_THE_GOAT1, damager ARROW Arrow and cancelled false.
[February 23, 2023 21:05:02.005PM GMT] EntityDamageByEntityEvent was triggered by damaged PLAYER IM_THE_GOAT1, damager ARROW Arrow and cancelled false.
[February 23, 2023 21:07:47.760PM GMT] EntityDamageByEntityEvent was triggered by damaged PLAYER IM_THE_GOAT1, damager ARROW Arrow and cancelled false.
[February 23, 2023 21:07:56.366PM GMT] EntityDamageByEntityEvent was triggered by damaged CHICKEN Chicken, damager CREEPER Creeper and cancelled false.
[February 23, 2023 21:07:56.367PM GMT] EntityDamageByEntityEvent was triggered by damaged PLAYER IM_THE_GOAT1, damager CREEPER Creeper and cancelled false.
[February 23, 2023 21:08:16.378PM GMT] EntityDamageByEntityEvent was triggered by damaged PLAYER IM_THE_GOAT1, damager ARROW Arrow and cancelled false.
[February 23, 2023 21:08:19.577PM GMT] EntityDamageByEntityEvent was triggered by damaged PLAYER IM_THE_GOAT1, damager ARROW Arrow and cancelled false.
[February 23, 2023 21:08:21.077PM GMT] EntityDamageByEntityEvent was triggered by damaged PLAYER IM_THE_GOAT1, damager ARROW Arrow and cancelled false.
[February 23, 2023 21:08:21.878PM GMT] EntityDamageByEntityEvent was triggered by damaged PLAYER IM_THE_GOAT1, damager SPIDER Spider and cancelled false.
[February 23, 2023 21:08:23.077PM GMT] EntityDamageByEntityEvent was triggered by damaged PLAYER DarkKnight, damager SPIDER Spider and cancelled false.
[February 23, 2023 21:08:24.076PM GMT] EntityDamageByEntityEvent was triggered by damaged PLAYER DarkKnight, damager SPIDER Spider and cancelled false.
[February 23, 2023 21:09:18.480PM GMT] EntityDamageByEntityEvent was triggered by damaged PLAYER IM_THE_GOAT1, damager PLAYER DarkKnight and cancelled true.
[February 23, 2023 21:55:47.359PM GMT] EntityDamageByEntityEvent was triggered by damaged SHEEP Sheep, damager PLAYER joopy123 and cancelled false.
[February 23, 2023 22:07:16.957PM GMT] EntityDamageByEntityEvent was triggered by damaged PLAYER IM_THE_GOAT1, damager ARROW Arrow and cancelled false.
[February 23, 2023 22:07:18.257PM GMT] EntityDamageByEntityEvent was triggered by damaged PLAYER IM_THE_GOAT1, damager ARROW Arrow and cancelled false.
[February 23, 2023 22:07:20.058PM GMT] EntityDamageByEntityEvent was triggered by damaged PLAYER IM_THE_GOAT1, damager ARROW Arrow and cancelled false.
[February 23, 2023 22:07:24.257PM GMT] EntityDamageByEntityEvent was triggered by damaged PLAYER IM_THE_GOAT1, damager ARROW Arrow and cancelled false.
[February 23, 2023 22:07:26.660PM GMT] EntityDamageByEntityEvent was triggered by damaged PLAYER IM_THE_GOAT1, damager ARROW Arrow and cancelled false.
[February 23, 2023 22:08:08.664PM GMT] EntityDamageByEntityEvent was triggered by damaged PLAYER IM_THE_GOAT1, damager CREEPER Creeper and cancelled false.
[February 23, 2023 22:09:22.758PM GMT] EntityDamageByEntityEvent was triggered by damaged PLAYER IM_THE_GOAT1, damager ZOMBIE Zombie and cancelled false.
[February 23, 2023 22:09:25.158PM GMT] EntityDamageByEntityEvent was triggered by damaged PLAYER IM_THE_GOAT1, damager ZOMBIE Zombie and cancelled false.
[February 23, 2023 22:09:26.858PM GMT] EntityDamageByEntityEvent was triggered by damaged PLAYER IM_THE_GOAT1, damager ZOMBIE Zombie and cancelled false.
[February 23, 2023 22:10:00.657PM GMT] EntityDamageByEntityEvent was triggered by damaged PLAYER IM_THE_GOAT1, damager ZOMBIE Zombie and cancelled true.
[February 23, 2023 22:10:06.957PM GMT] EntityDamageByEntityEvent was triggered by damaged PLAYER IM_THE_GOAT1, damager ZOMBIE Zombie and cancelled false.
[February 23, 2023 22:10:17.157PM GMT] EntityDamageByEntityEvent was triggered by damaged PLAYER IM_THE_GOAT1, damager ZOMBIE Zombie and cancelled false.
[February 23, 2023 22:10:45.454PM GMT] EntityDamageByEntityEvent was triggered by damaged PLAYER IM_THE_GOAT1, damager ZOMBIE Zombie and cancelled false.
[February 23, 2023 22:13:56.458PM GMT] EntityDamageByEntityEvent was triggered by damaged PLAYER IM_THE_GOAT1, damager CREEPER Creeper and cancelled false.
[February 23, 2023 22:17:27.135PM GMT] EntityDamageByEntityEvent was triggered by damaged PLAYER IM_THE_GOAT1, damager CREEPER Creeper and cancelled false.
[February 23, 2023 22:23:52.032PM GMT] EntityDamageByEntityEvent was triggered by damaged PLAYER IM_THE_GOAT1, damager CREEPER Creeper and cancelled false.
[February 23, 2023 22:39:30.703PM GMT] EntityDamageByEntityEvent was triggered by damaged PLAYER IM_THE_GOAT1, damager CREEPER Creeper and cancelled false.
[February 23, 2023 22:40:16.802PM GMT] EntityDamageByEntityEvent was triggered by damaged SKELETON Skeleton, damager ARROW Arrow and cancelled false.
[February 23, 2023 22:40:49.601PM GMT] EntityDamageByEntityEvent was triggered by damaged PLAYER IM_THE_GOAT1, damager ARROW Arrow and cancelled false.
[February 23, 2023 22:40:51.201PM GMT] EntityDamageByEntityEvent was triggered by damaged PLAYER IM_THE_GOAT1, damager ARROW Arrow and cancelled false.
[February 23, 2023 22:40:52.402PM GMT] EntityDamageByEntityEvent was triggered by damaged SKELETON Skeleton, damager ARROW Arrow and cancelled false.
[February 23, 2023 22:40:52.601PM GMT] EntityDamageByEntityEvent was triggered by damaged PLAYER IM_THE_GOAT1, damager ARROW Arrow and cancelled false.
[February 23, 2023 22:40:54.301PM GMT] EntityDamageByEntityEvent was triggered by damaged PLAYER IM_THE_GOAT1, damager ARROW Arrow and cancelled false.
