[02:16:24] [ITEM_LISTED]: Michael listed 1x Shulker Box for $1,000.00 on world
[02:16:49] [ITEM_RETURNED]: Returned 1x Shulker Box to Michael on world
[02:16:49] [ITEM_CANCELLED]: Michael cancelled an auction for 1x Shulker Box for $1,000.00 on world
[02:21:11] [ITEM_LISTED]: 808 listed 6x Stick for $0.01 on world
[02:21:33] [ITEM_SOLD]: 808 sold 6x Stick to Michael for $0.01 on world
[02:42:05] [ITEM_LISTED]: 808 listed 23x Lapis Lazuli for $12.33 on world
[02:42:35] [ITEM_LISTED]: 808 listed 64x Redstone for $11.41 on world
[02:42:42] [ITEM_LISTED]: 808 listed 64x Redstone for $11.41 on world
[02:42:50] [ITEM_LISTED]: 808 listed 60x Redstone for $10.85 on world
[02:43:07] [ITEM_LISTED]: 808 listed 21x Coal for $6.55 on world
[02:43:58] [ITEM_CANCELLED]: 808 cancelled an auction for 60x Redstone for $10.85 on world
[02:43:58] [ITEM_RETURNED]: Returned 60x Redstone to 808 on world
[02:43:59] [ITEM_RETURNED]: Returned 64x Redstone to 808 on world
[02:43:59] [ITEM_CANCELLED]: 808 cancelled an auction for 64x Redstone for $11.41 on world
[02:44:01] [ITEM_CANCELLED]: 808 cancelled an auction for 64x Redstone for $11.41 on world
[02:44:01] [ITEM_RETURNED]: Returned 64x Redstone to 808 on world
[02:45:49] [ITEM_LISTED]: 808 listed 20x Redstone Block for $41.12 on world
[02:48:21] [ITEM_LISTED]: Michael listed 1x Stick for $0.00 on world
[02:48:29] [ITEM_CANCELLED]: Michael cancelled an auction for 1x Stick for $0.00 on world
[02:48:29] [ITEM_RETURNED]: Returned 1x Stick to Michael on world
